[2023-08-23T07:26:04.812+0000] {processor.py:153} INFO - Started process (PID=75) to work on /opt/airflow/dags/sample_dag_1.py
[2023-08-23T07:26:04.813+0000] {processor.py:743} INFO - Processing file /opt/airflow/dags/sample_dag_1.py for tasks to queue
[2023-08-23T07:26:04.813+0000] {logging_mixin.py:137} INFO - [2023-08-23T07:26:04.813+0000] {dagbag.py:532} INFO - Filling up the DagBag from /opt/airflow/dags/sample_dag_1.py
[2023-08-23T07:26:04.815+0000] {processor.py:755} WARNING - No viable dags retrieved from /opt/airflow/dags/sample_dag_1.py
[2023-08-23T07:26:04.833+0000] {processor.py:175} INFO - Processing /opt/airflow/dags/sample_dag_1.py took 0.025 seconds
[2023-08-23T07:26:35.052+0000] {processor.py:153} INFO - Started process (PID=116) to work on /opt/airflow/dags/sample_dag_1.py
[2023-08-23T07:26:35.054+0000] {processor.py:743} INFO - Processing file /opt/airflow/dags/sample_dag_1.py for tasks to queue
[2023-08-23T07:26:35.054+0000] {logging_mixin.py:137} INFO - [2023-08-23T07:26:35.054+0000] {dagbag.py:532} INFO - Filling up the DagBag from /opt/airflow/dags/sample_dag_1.py
[2023-08-23T07:26:35.055+0000] {processor.py:755} WARNING - No viable dags retrieved from /opt/airflow/dags/sample_dag_1.py
[2023-08-23T07:26:35.072+0000] {processor.py:175} INFO - Processing /opt/airflow/dags/sample_dag_1.py took 0.023 seconds
[2023-08-23T07:27:05.301+0000] {processor.py:153} INFO - Started process (PID=157) to work on /opt/airflow/dags/sample_dag_1.py
[2023-08-23T07:27:05.303+0000] {processor.py:743} INFO - Processing file /opt/airflow/dags/sample_dag_1.py for tasks to queue
[2023-08-23T07:27:05.303+0000] {logging_mixin.py:137} INFO - [2023-08-23T07:27:05.303+0000] {dagbag.py:532} INFO - Filling up the DagBag from /opt/airflow/dags/sample_dag_1.py
[2023-08-23T07:27:05.305+0000] {processor.py:755} WARNING - No viable dags retrieved from /opt/airflow/dags/sample_dag_1.py
[2023-08-23T07:27:05.318+0000] {processor.py:175} INFO - Processing /opt/airflow/dags/sample_dag_1.py took 0.021 seconds
[2023-08-23T07:27:35.524+0000] {processor.py:153} INFO - Started process (PID=216) to work on /opt/airflow/dags/sample_dag_1.py
[2023-08-23T07:27:35.525+0000] {processor.py:743} INFO - Processing file /opt/airflow/dags/sample_dag_1.py for tasks to queue
[2023-08-23T07:27:35.525+0000] {logging_mixin.py:137} INFO - [2023-08-23T07:27:35.525+0000] {dagbag.py:532} INFO - Filling up the DagBag from /opt/airflow/dags/sample_dag_1.py
[2023-08-23T07:27:35.526+0000] {processor.py:755} WARNING - No viable dags retrieved from /opt/airflow/dags/sample_dag_1.py
[2023-08-23T07:27:35.548+0000] {processor.py:175} INFO - Processing /opt/airflow/dags/sample_dag_1.py took 0.027 seconds
[2023-08-23T07:28:05.734+0000] {processor.py:153} INFO - Started process (PID=257) to work on /opt/airflow/dags/sample_dag_1.py
[2023-08-23T07:28:05.736+0000] {processor.py:743} INFO - Processing file /opt/airflow/dags/sample_dag_1.py for tasks to queue
[2023-08-23T07:28:05.737+0000] {logging_mixin.py:137} INFO - [2023-08-23T07:28:05.736+0000] {dagbag.py:532} INFO - Filling up the DagBag from /opt/airflow/dags/sample_dag_1.py
[2023-08-23T07:28:05.738+0000] {processor.py:755} WARNING - No viable dags retrieved from /opt/airflow/dags/sample_dag_1.py
[2023-08-23T07:28:05.752+0000] {processor.py:175} INFO - Processing /opt/airflow/dags/sample_dag_1.py took 0.021 seconds
[2023-08-23T07:28:35.983+0000] {processor.py:153} INFO - Started process (PID=316) to work on /opt/airflow/dags/sample_dag_1.py
[2023-08-23T07:28:35.984+0000] {processor.py:743} INFO - Processing file /opt/airflow/dags/sample_dag_1.py for tasks to queue
[2023-08-23T07:28:35.985+0000] {logging_mixin.py:137} INFO - [2023-08-23T07:28:35.985+0000] {dagbag.py:532} INFO - Filling up the DagBag from /opt/airflow/dags/sample_dag_1.py
[2023-08-23T07:28:35.986+0000] {processor.py:755} WARNING - No viable dags retrieved from /opt/airflow/dags/sample_dag_1.py
[2023-08-23T07:28:36.006+0000] {processor.py:175} INFO - Processing /opt/airflow/dags/sample_dag_1.py took 0.027 seconds
[2023-08-23T07:29:06.265+0000] {processor.py:153} INFO - Started process (PID=357) to work on /opt/airflow/dags/sample_dag_1.py
[2023-08-23T07:29:06.266+0000] {processor.py:743} INFO - Processing file /opt/airflow/dags/sample_dag_1.py for tasks to queue
[2023-08-23T07:29:06.267+0000] {logging_mixin.py:137} INFO - [2023-08-23T07:29:06.266+0000] {dagbag.py:532} INFO - Filling up the DagBag from /opt/airflow/dags/sample_dag_1.py
[2023-08-23T07:29:06.268+0000] {processor.py:755} WARNING - No viable dags retrieved from /opt/airflow/dags/sample_dag_1.py
[2023-08-23T07:29:06.284+0000] {processor.py:175} INFO - Processing /opt/airflow/dags/sample_dag_1.py took 0.023 seconds
[2023-08-23T07:29:36.477+0000] {processor.py:153} INFO - Started process (PID=398) to work on /opt/airflow/dags/sample_dag_1.py
[2023-08-23T07:29:36.478+0000] {processor.py:743} INFO - Processing file /opt/airflow/dags/sample_dag_1.py for tasks to queue
[2023-08-23T07:29:36.478+0000] {logging_mixin.py:137} INFO - [2023-08-23T07:29:36.478+0000] {dagbag.py:532} INFO - Filling up the DagBag from /opt/airflow/dags/sample_dag_1.py
[2023-08-23T07:29:36.479+0000] {processor.py:755} WARNING - No viable dags retrieved from /opt/airflow/dags/sample_dag_1.py
[2023-08-23T07:29:36.494+0000] {processor.py:175} INFO - Processing /opt/airflow/dags/sample_dag_1.py took 0.020 seconds
[2023-08-23T07:30:06.700+0000] {processor.py:153} INFO - Started process (PID=457) to work on /opt/airflow/dags/sample_dag_1.py
[2023-08-23T07:30:06.701+0000] {processor.py:743} INFO - Processing file /opt/airflow/dags/sample_dag_1.py for tasks to queue
[2023-08-23T07:30:06.701+0000] {logging_mixin.py:137} INFO - [2023-08-23T07:30:06.701+0000] {dagbag.py:532} INFO - Filling up the DagBag from /opt/airflow/dags/sample_dag_1.py
[2023-08-23T07:30:06.702+0000] {processor.py:755} WARNING - No viable dags retrieved from /opt/airflow/dags/sample_dag_1.py
[2023-08-23T07:30:06.716+0000] {processor.py:175} INFO - Processing /opt/airflow/dags/sample_dag_1.py took 0.019 seconds
[2023-08-23T07:30:36.915+0000] {processor.py:153} INFO - Started process (PID=498) to work on /opt/airflow/dags/sample_dag_1.py
[2023-08-23T07:30:36.915+0000] {processor.py:743} INFO - Processing file /opt/airflow/dags/sample_dag_1.py for tasks to queue
[2023-08-23T07:30:36.916+0000] {logging_mixin.py:137} INFO - [2023-08-23T07:30:36.916+0000] {dagbag.py:532} INFO - Filling up the DagBag from /opt/airflow/dags/sample_dag_1.py
[2023-08-23T07:30:36.917+0000] {processor.py:755} WARNING - No viable dags retrieved from /opt/airflow/dags/sample_dag_1.py
[2023-08-23T07:30:36.931+0000] {processor.py:175} INFO - Processing /opt/airflow/dags/sample_dag_1.py took 0.019 seconds
[2023-08-23T07:31:07.136+0000] {processor.py:153} INFO - Started process (PID=557) to work on /opt/airflow/dags/sample_dag_1.py
[2023-08-23T07:31:07.137+0000] {processor.py:743} INFO - Processing file /opt/airflow/dags/sample_dag_1.py for tasks to queue
[2023-08-23T07:31:07.138+0000] {logging_mixin.py:137} INFO - [2023-08-23T07:31:07.137+0000] {dagbag.py:532} INFO - Filling up the DagBag from /opt/airflow/dags/sample_dag_1.py
[2023-08-23T07:31:07.139+0000] {processor.py:755} WARNING - No viable dags retrieved from /opt/airflow/dags/sample_dag_1.py
[2023-08-23T07:31:07.154+0000] {processor.py:175} INFO - Processing /opt/airflow/dags/sample_dag_1.py took 0.021 seconds
[2023-08-23T07:31:37.336+0000] {processor.py:153} INFO - Started process (PID=598) to work on /opt/airflow/dags/sample_dag_1.py
[2023-08-23T07:31:37.336+0000] {processor.py:743} INFO - Processing file /opt/airflow/dags/sample_dag_1.py for tasks to queue
[2023-08-23T07:31:37.337+0000] {logging_mixin.py:137} INFO - [2023-08-23T07:31:37.336+0000] {dagbag.py:532} INFO - Filling up the DagBag from /opt/airflow/dags/sample_dag_1.py
[2023-08-23T07:31:37.337+0000] {processor.py:755} WARNING - No viable dags retrieved from /opt/airflow/dags/sample_dag_1.py
[2023-08-23T07:31:37.351+0000] {processor.py:175} INFO - Processing /opt/airflow/dags/sample_dag_1.py took 0.018 seconds
[2023-08-23T07:32:07.555+0000] {processor.py:153} INFO - Started process (PID=657) to work on /opt/airflow/dags/sample_dag_1.py
[2023-08-23T07:32:07.556+0000] {processor.py:743} INFO - Processing file /opt/airflow/dags/sample_dag_1.py for tasks to queue
[2023-08-23T07:32:07.557+0000] {logging_mixin.py:137} INFO - [2023-08-23T07:32:07.557+0000] {dagbag.py:532} INFO - Filling up the DagBag from /opt/airflow/dags/sample_dag_1.py
[2023-08-23T07:32:07.558+0000] {processor.py:755} WARNING - No viable dags retrieved from /opt/airflow/dags/sample_dag_1.py
[2023-08-23T07:32:07.571+0000] {processor.py:175} INFO - Processing /opt/airflow/dags/sample_dag_1.py took 0.019 seconds
[2023-08-23T07:32:37.780+0000] {processor.py:153} INFO - Started process (PID=698) to work on /opt/airflow/dags/sample_dag_1.py
[2023-08-23T07:32:37.781+0000] {processor.py:743} INFO - Processing file /opt/airflow/dags/sample_dag_1.py for tasks to queue
[2023-08-23T07:32:37.781+0000] {logging_mixin.py:137} INFO - [2023-08-23T07:32:37.781+0000] {dagbag.py:532} INFO - Filling up the DagBag from /opt/airflow/dags/sample_dag_1.py
[2023-08-23T07:32:37.782+0000] {processor.py:755} WARNING - No viable dags retrieved from /opt/airflow/dags/sample_dag_1.py
[2023-08-23T07:32:37.797+0000] {processor.py:175} INFO - Processing /opt/airflow/dags/sample_dag_1.py took 0.019 seconds
[2023-08-23T07:33:08.003+0000] {processor.py:153} INFO - Started process (PID=756) to work on /opt/airflow/dags/sample_dag_1.py
[2023-08-23T07:33:08.006+0000] {processor.py:743} INFO - Processing file /opt/airflow/dags/sample_dag_1.py for tasks to queue
[2023-08-23T07:33:08.006+0000] {logging_mixin.py:137} INFO - [2023-08-23T07:33:08.006+0000] {dagbag.py:532} INFO - Filling up the DagBag from /opt/airflow/dags/sample_dag_1.py
[2023-08-23T07:33:08.007+0000] {processor.py:755} WARNING - No viable dags retrieved from /opt/airflow/dags/sample_dag_1.py
[2023-08-23T07:33:08.021+0000] {processor.py:175} INFO - Processing /opt/airflow/dags/sample_dag_1.py took 0.021 seconds
[2023-08-23T07:33:38.278+0000] {processor.py:153} INFO - Started process (PID=804) to work on /opt/airflow/dags/sample_dag_1.py
[2023-08-23T07:33:38.279+0000] {processor.py:743} INFO - Processing file /opt/airflow/dags/sample_dag_1.py for tasks to queue
[2023-08-23T07:33:38.280+0000] {logging_mixin.py:137} INFO - [2023-08-23T07:33:38.280+0000] {dagbag.py:532} INFO - Filling up the DagBag from /opt/airflow/dags/sample_dag_1.py
[2023-08-23T07:33:38.281+0000] {processor.py:755} WARNING - No viable dags retrieved from /opt/airflow/dags/sample_dag_1.py
[2023-08-23T07:33:38.297+0000] {processor.py:175} INFO - Processing /opt/airflow/dags/sample_dag_1.py took 0.022 seconds
[2023-08-23T07:34:08.506+0000] {processor.py:153} INFO - Started process (PID=856) to work on /opt/airflow/dags/sample_dag_1.py
[2023-08-23T07:34:08.507+0000] {processor.py:743} INFO - Processing file /opt/airflow/dags/sample_dag_1.py for tasks to queue
[2023-08-23T07:34:08.508+0000] {logging_mixin.py:137} INFO - [2023-08-23T07:34:08.508+0000] {dagbag.py:532} INFO - Filling up the DagBag from /opt/airflow/dags/sample_dag_1.py
[2023-08-23T07:34:08.509+0000] {processor.py:755} WARNING - No viable dags retrieved from /opt/airflow/dags/sample_dag_1.py
[2023-08-23T07:34:08.524+0000] {processor.py:175} INFO - Processing /opt/airflow/dags/sample_dag_1.py took 0.022 seconds
[2023-08-23T07:34:38.733+0000] {processor.py:153} INFO - Started process (PID=905) to work on /opt/airflow/dags/sample_dag_1.py
[2023-08-23T07:34:38.734+0000] {processor.py:743} INFO - Processing file /opt/airflow/dags/sample_dag_1.py for tasks to queue
[2023-08-23T07:34:38.734+0000] {logging_mixin.py:137} INFO - [2023-08-23T07:34:38.734+0000] {dagbag.py:532} INFO - Filling up the DagBag from /opt/airflow/dags/sample_dag_1.py
[2023-08-23T07:34:38.735+0000] {processor.py:755} WARNING - No viable dags retrieved from /opt/airflow/dags/sample_dag_1.py
[2023-08-23T07:34:38.749+0000] {processor.py:175} INFO - Processing /opt/airflow/dags/sample_dag_1.py took 0.019 seconds
[2023-08-23T07:35:08.993+0000] {processor.py:153} INFO - Started process (PID=957) to work on /opt/airflow/dags/sample_dag_1.py
[2023-08-23T07:35:08.994+0000] {processor.py:743} INFO - Processing file /opt/airflow/dags/sample_dag_1.py for tasks to queue
[2023-08-23T07:35:08.995+0000] {logging_mixin.py:137} INFO - [2023-08-23T07:35:08.995+0000] {dagbag.py:532} INFO - Filling up the DagBag from /opt/airflow/dags/sample_dag_1.py
[2023-08-23T07:35:08.996+0000] {processor.py:755} WARNING - No viable dags retrieved from /opt/airflow/dags/sample_dag_1.py
[2023-08-23T07:35:09.012+0000] {processor.py:175} INFO - Processing /opt/airflow/dags/sample_dag_1.py took 0.024 seconds
[2023-08-23T07:35:39.224+0000] {processor.py:153} INFO - Started process (PID=998) to work on /opt/airflow/dags/sample_dag_1.py
[2023-08-23T07:35:39.226+0000] {processor.py:743} INFO - Processing file /opt/airflow/dags/sample_dag_1.py for tasks to queue
[2023-08-23T07:35:39.226+0000] {logging_mixin.py:137} INFO - [2023-08-23T07:35:39.226+0000] {dagbag.py:532} INFO - Filling up the DagBag from /opt/airflow/dags/sample_dag_1.py
[2023-08-23T07:35:39.227+0000] {processor.py:755} WARNING - No viable dags retrieved from /opt/airflow/dags/sample_dag_1.py
[2023-08-23T07:35:39.243+0000] {processor.py:175} INFO - Processing /opt/airflow/dags/sample_dag_1.py took 0.022 seconds
[2023-08-23T07:36:09.473+0000] {processor.py:153} INFO - Started process (PID=1057) to work on /opt/airflow/dags/sample_dag_1.py
[2023-08-23T07:36:09.474+0000] {processor.py:743} INFO - Processing file /opt/airflow/dags/sample_dag_1.py for tasks to queue
[2023-08-23T07:36:09.474+0000] {logging_mixin.py:137} INFO - [2023-08-23T07:36:09.474+0000] {dagbag.py:532} INFO - Filling up the DagBag from /opt/airflow/dags/sample_dag_1.py
[2023-08-23T07:36:09.475+0000] {processor.py:755} WARNING - No viable dags retrieved from /opt/airflow/dags/sample_dag_1.py
[2023-08-23T07:36:09.491+0000] {processor.py:175} INFO - Processing /opt/airflow/dags/sample_dag_1.py took 0.021 seconds
[2023-08-23T07:36:39.710+0000] {processor.py:153} INFO - Started process (PID=1098) to work on /opt/airflow/dags/sample_dag_1.py
[2023-08-23T07:36:39.712+0000] {processor.py:743} INFO - Processing file /opt/airflow/dags/sample_dag_1.py for tasks to queue
[2023-08-23T07:36:39.713+0000] {logging_mixin.py:137} INFO - [2023-08-23T07:36:39.713+0000] {dagbag.py:532} INFO - Filling up the DagBag from /opt/airflow/dags/sample_dag_1.py
[2023-08-23T07:36:39.715+0000] {processor.py:755} WARNING - No viable dags retrieved from /opt/airflow/dags/sample_dag_1.py
[2023-08-23T07:36:39.729+0000] {processor.py:175} INFO - Processing /opt/airflow/dags/sample_dag_1.py took 0.023 seconds
[2023-08-23T07:37:09.939+0000] {processor.py:153} INFO - Started process (PID=1157) to work on /opt/airflow/dags/sample_dag_1.py
[2023-08-23T07:37:09.939+0000] {processor.py:743} INFO - Processing file /opt/airflow/dags/sample_dag_1.py for tasks to queue
[2023-08-23T07:37:09.940+0000] {logging_mixin.py:137} INFO - [2023-08-23T07:37:09.940+0000] {dagbag.py:532} INFO - Filling up the DagBag from /opt/airflow/dags/sample_dag_1.py
[2023-08-23T07:37:09.941+0000] {processor.py:755} WARNING - No viable dags retrieved from /opt/airflow/dags/sample_dag_1.py
[2023-08-23T07:37:09.955+0000] {processor.py:175} INFO - Processing /opt/airflow/dags/sample_dag_1.py took 0.019 seconds
[2023-08-23T07:37:40.147+0000] {processor.py:153} INFO - Started process (PID=1198) to work on /opt/airflow/dags/sample_dag_1.py
[2023-08-23T07:37:40.149+0000] {processor.py:743} INFO - Processing file /opt/airflow/dags/sample_dag_1.py for tasks to queue
[2023-08-23T07:37:40.149+0000] {logging_mixin.py:137} INFO - [2023-08-23T07:37:40.149+0000] {dagbag.py:532} INFO - Filling up the DagBag from /opt/airflow/dags/sample_dag_1.py
[2023-08-23T07:37:40.150+0000] {processor.py:755} WARNING - No viable dags retrieved from /opt/airflow/dags/sample_dag_1.py
[2023-08-23T07:37:40.166+0000] {processor.py:175} INFO - Processing /opt/airflow/dags/sample_dag_1.py took 0.021 seconds
[2023-08-23T07:38:10.358+0000] {processor.py:153} INFO - Started process (PID=1257) to work on /opt/airflow/dags/sample_dag_1.py
[2023-08-23T07:38:10.358+0000] {processor.py:743} INFO - Processing file /opt/airflow/dags/sample_dag_1.py for tasks to queue
[2023-08-23T07:38:10.359+0000] {logging_mixin.py:137} INFO - [2023-08-23T07:38:10.359+0000] {dagbag.py:532} INFO - Filling up the DagBag from /opt/airflow/dags/sample_dag_1.py
[2023-08-23T07:38:10.360+0000] {processor.py:755} WARNING - No viable dags retrieved from /opt/airflow/dags/sample_dag_1.py
[2023-08-23T07:38:10.375+0000] {processor.py:175} INFO - Processing /opt/airflow/dags/sample_dag_1.py took 0.020 seconds
[2023-08-23T07:38:40.569+0000] {processor.py:153} INFO - Started process (PID=1298) to work on /opt/airflow/dags/sample_dag_1.py
[2023-08-23T07:38:40.570+0000] {processor.py:743} INFO - Processing file /opt/airflow/dags/sample_dag_1.py for tasks to queue
[2023-08-23T07:38:40.571+0000] {logging_mixin.py:137} INFO - [2023-08-23T07:38:40.571+0000] {dagbag.py:532} INFO - Filling up the DagBag from /opt/airflow/dags/sample_dag_1.py
[2023-08-23T07:38:40.572+0000] {processor.py:755} WARNING - No viable dags retrieved from /opt/airflow/dags/sample_dag_1.py
[2023-08-23T07:38:40.585+0000] {processor.py:175} INFO - Processing /opt/airflow/dags/sample_dag_1.py took 0.018 seconds
[2023-08-23T07:39:10.786+0000] {processor.py:153} INFO - Started process (PID=1357) to work on /opt/airflow/dags/sample_dag_1.py
[2023-08-23T07:39:10.786+0000] {processor.py:743} INFO - Processing file /opt/airflow/dags/sample_dag_1.py for tasks to queue
[2023-08-23T07:39:10.787+0000] {logging_mixin.py:137} INFO - [2023-08-23T07:39:10.787+0000] {dagbag.py:532} INFO - Filling up the DagBag from /opt/airflow/dags/sample_dag_1.py
[2023-08-23T07:39:10.788+0000] {processor.py:755} WARNING - No viable dags retrieved from /opt/airflow/dags/sample_dag_1.py
[2023-08-23T07:39:10.802+0000] {processor.py:175} INFO - Processing /opt/airflow/dags/sample_dag_1.py took 0.020 seconds
[2023-08-23T07:39:40.998+0000] {processor.py:153} INFO - Started process (PID=1398) to work on /opt/airflow/dags/sample_dag_1.py
[2023-08-23T07:39:40.999+0000] {processor.py:743} INFO - Processing file /opt/airflow/dags/sample_dag_1.py for tasks to queue
[2023-08-23T07:39:41.000+0000] {logging_mixin.py:137} INFO - [2023-08-23T07:39:41.000+0000] {dagbag.py:532} INFO - Filling up the DagBag from /opt/airflow/dags/sample_dag_1.py
[2023-08-23T07:39:41.000+0000] {processor.py:755} WARNING - No viable dags retrieved from /opt/airflow/dags/sample_dag_1.py
[2023-08-23T07:39:41.014+0000] {processor.py:175} INFO - Processing /opt/airflow/dags/sample_dag_1.py took 0.019 seconds
[2023-08-23T07:40:11.226+0000] {processor.py:153} INFO - Started process (PID=1457) to work on /opt/airflow/dags/sample_dag_1.py
[2023-08-23T07:40:11.227+0000] {processor.py:743} INFO - Processing file /opt/airflow/dags/sample_dag_1.py for tasks to queue
[2023-08-23T07:40:11.227+0000] {logging_mixin.py:137} INFO - [2023-08-23T07:40:11.227+0000] {dagbag.py:532} INFO - Filling up the DagBag from /opt/airflow/dags/sample_dag_1.py
[2023-08-23T07:40:11.228+0000] {processor.py:755} WARNING - No viable dags retrieved from /opt/airflow/dags/sample_dag_1.py
[2023-08-23T07:40:11.243+0000] {processor.py:175} INFO - Processing /opt/airflow/dags/sample_dag_1.py took 0.020 seconds
[2023-08-23T07:40:41.439+0000] {processor.py:153} INFO - Started process (PID=1505) to work on /opt/airflow/dags/sample_dag_1.py
[2023-08-23T07:40:41.440+0000] {processor.py:743} INFO - Processing file /opt/airflow/dags/sample_dag_1.py for tasks to queue
[2023-08-23T07:40:41.440+0000] {logging_mixin.py:137} INFO - [2023-08-23T07:40:41.440+0000] {dagbag.py:532} INFO - Filling up the DagBag from /opt/airflow/dags/sample_dag_1.py
[2023-08-23T07:40:41.441+0000] {processor.py:755} WARNING - No viable dags retrieved from /opt/airflow/dags/sample_dag_1.py
[2023-08-23T07:40:41.458+0000] {processor.py:175} INFO - Processing /opt/airflow/dags/sample_dag_1.py took 0.023 seconds
[2023-08-23T07:41:11.667+0000] {processor.py:153} INFO - Started process (PID=1557) to work on /opt/airflow/dags/sample_dag_1.py
[2023-08-23T07:41:11.668+0000] {processor.py:743} INFO - Processing file /opt/airflow/dags/sample_dag_1.py for tasks to queue
[2023-08-23T07:41:11.668+0000] {logging_mixin.py:137} INFO - [2023-08-23T07:41:11.668+0000] {dagbag.py:532} INFO - Filling up the DagBag from /opt/airflow/dags/sample_dag_1.py
[2023-08-23T07:41:11.669+0000] {processor.py:755} WARNING - No viable dags retrieved from /opt/airflow/dags/sample_dag_1.py
[2023-08-23T07:41:11.683+0000] {processor.py:175} INFO - Processing /opt/airflow/dags/sample_dag_1.py took 0.018 seconds
[2023-08-23T07:41:41.915+0000] {processor.py:153} INFO - Started process (PID=1606) to work on /opt/airflow/dags/sample_dag_1.py
[2023-08-23T07:41:41.917+0000] {processor.py:743} INFO - Processing file /opt/airflow/dags/sample_dag_1.py for tasks to queue
[2023-08-23T07:41:41.917+0000] {logging_mixin.py:137} INFO - [2023-08-23T07:41:41.917+0000] {dagbag.py:532} INFO - Filling up the DagBag from /opt/airflow/dags/sample_dag_1.py
[2023-08-23T07:41:41.918+0000] {processor.py:755} WARNING - No viable dags retrieved from /opt/airflow/dags/sample_dag_1.py
[2023-08-23T07:41:41.938+0000] {processor.py:175} INFO - Processing /opt/airflow/dags/sample_dag_1.py took 0.026 seconds
[2023-08-23T07:42:12.135+0000] {processor.py:153} INFO - Started process (PID=1659) to work on /opt/airflow/dags/sample_dag_1.py
[2023-08-23T07:42:12.136+0000] {processor.py:743} INFO - Processing file /opt/airflow/dags/sample_dag_1.py for tasks to queue
[2023-08-23T07:42:12.136+0000] {logging_mixin.py:137} INFO - [2023-08-23T07:42:12.136+0000] {dagbag.py:532} INFO - Filling up the DagBag from /opt/airflow/dags/sample_dag_1.py
[2023-08-23T07:42:12.137+0000] {processor.py:755} WARNING - No viable dags retrieved from /opt/airflow/dags/sample_dag_1.py
[2023-08-23T07:42:12.152+0000] {processor.py:175} INFO - Processing /opt/airflow/dags/sample_dag_1.py took 0.019 seconds
[2023-08-23T07:42:42.341+0000] {processor.py:153} INFO - Started process (PID=1700) to work on /opt/airflow/dags/sample_dag_1.py
[2023-08-23T07:42:42.342+0000] {processor.py:743} INFO - Processing file /opt/airflow/dags/sample_dag_1.py for tasks to queue
[2023-08-23T07:42:42.342+0000] {logging_mixin.py:137} INFO - [2023-08-23T07:42:42.342+0000] {dagbag.py:532} INFO - Filling up the DagBag from /opt/airflow/dags/sample_dag_1.py
[2023-08-23T07:42:42.343+0000] {processor.py:755} WARNING - No viable dags retrieved from /opt/airflow/dags/sample_dag_1.py
[2023-08-23T07:42:42.357+0000] {processor.py:175} INFO - Processing /opt/airflow/dags/sample_dag_1.py took 0.019 seconds
[2023-08-23T07:43:12.561+0000] {processor.py:153} INFO - Started process (PID=1759) to work on /opt/airflow/dags/sample_dag_1.py
[2023-08-23T07:43:12.562+0000] {processor.py:743} INFO - Processing file /opt/airflow/dags/sample_dag_1.py for tasks to queue
[2023-08-23T07:43:12.562+0000] {logging_mixin.py:137} INFO - [2023-08-23T07:43:12.562+0000] {dagbag.py:532} INFO - Filling up the DagBag from /opt/airflow/dags/sample_dag_1.py
[2023-08-23T07:43:12.563+0000] {processor.py:755} WARNING - No viable dags retrieved from /opt/airflow/dags/sample_dag_1.py
[2023-08-23T07:43:12.577+0000] {processor.py:175} INFO - Processing /opt/airflow/dags/sample_dag_1.py took 0.019 seconds
[2023-08-23T07:43:42.769+0000] {processor.py:153} INFO - Started process (PID=1800) to work on /opt/airflow/dags/sample_dag_1.py
[2023-08-23T07:43:42.770+0000] {processor.py:743} INFO - Processing file /opt/airflow/dags/sample_dag_1.py for tasks to queue
[2023-08-23T07:43:42.770+0000] {logging_mixin.py:137} INFO - [2023-08-23T07:43:42.770+0000] {dagbag.py:532} INFO - Filling up the DagBag from /opt/airflow/dags/sample_dag_1.py
[2023-08-23T07:43:42.771+0000] {processor.py:755} WARNING - No viable dags retrieved from /opt/airflow/dags/sample_dag_1.py
[2023-08-23T07:43:42.785+0000] {processor.py:175} INFO - Processing /opt/airflow/dags/sample_dag_1.py took 0.020 seconds
[2023-08-23T07:44:12.990+0000] {processor.py:153} INFO - Started process (PID=1859) to work on /opt/airflow/dags/sample_dag_1.py
[2023-08-23T07:44:12.990+0000] {processor.py:743} INFO - Processing file /opt/airflow/dags/sample_dag_1.py for tasks to queue
[2023-08-23T07:44:12.991+0000] {logging_mixin.py:137} INFO - [2023-08-23T07:44:12.990+0000] {dagbag.py:532} INFO - Filling up the DagBag from /opt/airflow/dags/sample_dag_1.py
[2023-08-23T07:44:12.992+0000] {processor.py:755} WARNING - No viable dags retrieved from /opt/airflow/dags/sample_dag_1.py
[2023-08-23T07:44:13.006+0000] {processor.py:175} INFO - Processing /opt/airflow/dags/sample_dag_1.py took 0.019 seconds
[2023-08-23T07:44:43.221+0000] {processor.py:153} INFO - Started process (PID=1900) to work on /opt/airflow/dags/sample_dag_1.py
[2023-08-23T07:44:43.222+0000] {processor.py:743} INFO - Processing file /opt/airflow/dags/sample_dag_1.py for tasks to queue
[2023-08-23T07:44:43.222+0000] {logging_mixin.py:137} INFO - [2023-08-23T07:44:43.222+0000] {dagbag.py:532} INFO - Filling up the DagBag from /opt/airflow/dags/sample_dag_1.py
[2023-08-23T07:44:43.223+0000] {processor.py:755} WARNING - No viable dags retrieved from /opt/airflow/dags/sample_dag_1.py
[2023-08-23T07:44:43.237+0000] {processor.py:175} INFO - Processing /opt/airflow/dags/sample_dag_1.py took 0.019 seconds
[2023-08-23T07:45:13.440+0000] {processor.py:153} INFO - Started process (PID=1948) to work on /opt/airflow/dags/sample_dag_1.py
[2023-08-23T07:45:13.441+0000] {processor.py:743} INFO - Processing file /opt/airflow/dags/sample_dag_1.py for tasks to queue
[2023-08-23T07:45:13.441+0000] {logging_mixin.py:137} INFO - [2023-08-23T07:45:13.441+0000] {dagbag.py:532} INFO - Filling up the DagBag from /opt/airflow/dags/sample_dag_1.py
[2023-08-23T07:45:13.442+0000] {processor.py:755} WARNING - No viable dags retrieved from /opt/airflow/dags/sample_dag_1.py
[2023-08-23T07:45:13.457+0000] {processor.py:175} INFO - Processing /opt/airflow/dags/sample_dag_1.py took 0.020 seconds
[2023-08-23T07:45:43.633+0000] {processor.py:153} INFO - Started process (PID=2001) to work on /opt/airflow/dags/sample_dag_1.py
[2023-08-23T07:45:43.634+0000] {processor.py:743} INFO - Processing file /opt/airflow/dags/sample_dag_1.py for tasks to queue
[2023-08-23T07:45:43.635+0000] {logging_mixin.py:137} INFO - [2023-08-23T07:45:43.635+0000] {dagbag.py:532} INFO - Filling up the DagBag from /opt/airflow/dags/sample_dag_1.py
[2023-08-23T07:45:43.636+0000] {processor.py:755} WARNING - No viable dags retrieved from /opt/airflow/dags/sample_dag_1.py
[2023-08-23T07:45:43.650+0000] {processor.py:175} INFO - Processing /opt/airflow/dags/sample_dag_1.py took 0.020 seconds
[2023-08-23T07:46:13.858+0000] {processor.py:153} INFO - Started process (PID=2042) to work on /opt/airflow/dags/sample_dag_1.py
[2023-08-23T07:46:13.859+0000] {processor.py:743} INFO - Processing file /opt/airflow/dags/sample_dag_1.py for tasks to queue
[2023-08-23T07:46:13.859+0000] {logging_mixin.py:137} INFO - [2023-08-23T07:46:13.859+0000] {dagbag.py:532} INFO - Filling up the DagBag from /opt/airflow/dags/sample_dag_1.py
[2023-08-23T07:46:13.860+0000] {processor.py:755} WARNING - No viable dags retrieved from /opt/airflow/dags/sample_dag_1.py
[2023-08-23T07:46:13.876+0000] {processor.py:175} INFO - Processing /opt/airflow/dags/sample_dag_1.py took 0.021 seconds
[2023-08-23T07:46:44.121+0000] {processor.py:153} INFO - Started process (PID=2101) to work on /opt/airflow/dags/sample_dag_1.py
[2023-08-23T07:46:44.123+0000] {processor.py:743} INFO - Processing file /opt/airflow/dags/sample_dag_1.py for tasks to queue
[2023-08-23T07:46:44.124+0000] {logging_mixin.py:137} INFO - [2023-08-23T07:46:44.124+0000] {dagbag.py:532} INFO - Filling up the DagBag from /opt/airflow/dags/sample_dag_1.py
[2023-08-23T07:46:44.126+0000] {processor.py:755} WARNING - No viable dags retrieved from /opt/airflow/dags/sample_dag_1.py
[2023-08-23T07:46:44.147+0000] {processor.py:175} INFO - Processing /opt/airflow/dags/sample_dag_1.py took 0.031 seconds
[2023-08-23T07:47:14.342+0000] {processor.py:153} INFO - Started process (PID=2142) to work on /opt/airflow/dags/sample_dag_1.py
[2023-08-23T07:47:14.342+0000] {processor.py:743} INFO - Processing file /opt/airflow/dags/sample_dag_1.py for tasks to queue
[2023-08-23T07:47:14.343+0000] {logging_mixin.py:137} INFO - [2023-08-23T07:47:14.343+0000] {dagbag.py:532} INFO - Filling up the DagBag from /opt/airflow/dags/sample_dag_1.py
[2023-08-23T07:47:14.344+0000] {processor.py:755} WARNING - No viable dags retrieved from /opt/airflow/dags/sample_dag_1.py
[2023-08-23T07:47:14.360+0000] {processor.py:175} INFO - Processing /opt/airflow/dags/sample_dag_1.py took 0.022 seconds
[2023-08-23T07:47:44.553+0000] {processor.py:153} INFO - Started process (PID=2190) to work on /opt/airflow/dags/sample_dag_1.py
[2023-08-23T07:47:44.554+0000] {processor.py:743} INFO - Processing file /opt/airflow/dags/sample_dag_1.py for tasks to queue
[2023-08-23T07:47:44.555+0000] {logging_mixin.py:137} INFO - [2023-08-23T07:47:44.555+0000] {dagbag.py:532} INFO - Filling up the DagBag from /opt/airflow/dags/sample_dag_1.py
[2023-08-23T07:47:44.556+0000] {processor.py:755} WARNING - No viable dags retrieved from /opt/airflow/dags/sample_dag_1.py
[2023-08-23T07:47:44.571+0000] {processor.py:175} INFO - Processing /opt/airflow/dags/sample_dag_1.py took 0.021 seconds
[2023-08-23T07:48:14.771+0000] {processor.py:153} INFO - Started process (PID=2242) to work on /opt/airflow/dags/sample_dag_1.py
[2023-08-23T07:48:14.772+0000] {processor.py:743} INFO - Processing file /opt/airflow/dags/sample_dag_1.py for tasks to queue
[2023-08-23T07:48:14.772+0000] {logging_mixin.py:137} INFO - [2023-08-23T07:48:14.772+0000] {dagbag.py:532} INFO - Filling up the DagBag from /opt/airflow/dags/sample_dag_1.py
[2023-08-23T07:48:14.773+0000] {processor.py:755} WARNING - No viable dags retrieved from /opt/airflow/dags/sample_dag_1.py
[2023-08-23T07:48:14.787+0000] {processor.py:175} INFO - Processing /opt/airflow/dags/sample_dag_1.py took 0.019 seconds
[2023-08-23T07:48:45.001+0000] {processor.py:153} INFO - Started process (PID=2283) to work on /opt/airflow/dags/sample_dag_1.py
[2023-08-23T07:48:45.003+0000] {processor.py:743} INFO - Processing file /opt/airflow/dags/sample_dag_1.py for tasks to queue
[2023-08-23T07:48:45.003+0000] {logging_mixin.py:137} INFO - [2023-08-23T07:48:45.003+0000] {dagbag.py:532} INFO - Filling up the DagBag from /opt/airflow/dags/sample_dag_1.py
[2023-08-23T07:48:45.004+0000] {processor.py:755} WARNING - No viable dags retrieved from /opt/airflow/dags/sample_dag_1.py
[2023-08-23T07:48:45.020+0000] {processor.py:175} INFO - Processing /opt/airflow/dags/sample_dag_1.py took 0.022 seconds
[2023-08-23T07:49:15.235+0000] {processor.py:153} INFO - Started process (PID=2342) to work on /opt/airflow/dags/sample_dag_1.py
[2023-08-23T07:49:15.236+0000] {processor.py:743} INFO - Processing file /opt/airflow/dags/sample_dag_1.py for tasks to queue
[2023-08-23T07:49:15.237+0000] {logging_mixin.py:137} INFO - [2023-08-23T07:49:15.237+0000] {dagbag.py:532} INFO - Filling up the DagBag from /opt/airflow/dags/sample_dag_1.py
[2023-08-23T07:49:15.238+0000] {processor.py:755} WARNING - No viable dags retrieved from /opt/airflow/dags/sample_dag_1.py
[2023-08-23T07:49:15.253+0000] {processor.py:175} INFO - Processing /opt/airflow/dags/sample_dag_1.py took 0.022 seconds
[2023-08-23T07:49:45.570+0000] {processor.py:153} INFO - Started process (PID=2383) to work on /opt/airflow/dags/sample_dag_1.py
[2023-08-23T07:49:45.573+0000] {processor.py:743} INFO - Processing file /opt/airflow/dags/sample_dag_1.py for tasks to queue
[2023-08-23T07:49:45.574+0000] {logging_mixin.py:137} INFO - [2023-08-23T07:49:45.574+0000] {dagbag.py:532} INFO - Filling up the DagBag from /opt/airflow/dags/sample_dag_1.py
[2023-08-23T07:49:45.577+0000] {processor.py:755} WARNING - No viable dags retrieved from /opt/airflow/dags/sample_dag_1.py
[2023-08-23T07:49:45.614+0000] {processor.py:175} INFO - Processing /opt/airflow/dags/sample_dag_1.py took 0.052 seconds
[2023-08-23T07:50:15.823+0000] {processor.py:153} INFO - Started process (PID=2424) to work on /opt/airflow/dags/sample_dag_1.py
[2023-08-23T07:50:15.824+0000] {processor.py:743} INFO - Processing file /opt/airflow/dags/sample_dag_1.py for tasks to queue
[2023-08-23T07:50:15.825+0000] {logging_mixin.py:137} INFO - [2023-08-23T07:50:15.824+0000] {dagbag.py:532} INFO - Filling up the DagBag from /opt/airflow/dags/sample_dag_1.py
[2023-08-23T07:50:15.825+0000] {processor.py:755} WARNING - No viable dags retrieved from /opt/airflow/dags/sample_dag_1.py
[2023-08-23T07:50:15.839+0000] {processor.py:175} INFO - Processing /opt/airflow/dags/sample_dag_1.py took 0.019 seconds
[2023-08-23T07:50:46.033+0000] {processor.py:153} INFO - Started process (PID=2483) to work on /opt/airflow/dags/sample_dag_1.py
[2023-08-23T07:50:46.034+0000] {processor.py:743} INFO - Processing file /opt/airflow/dags/sample_dag_1.py for tasks to queue
[2023-08-23T07:50:46.035+0000] {logging_mixin.py:137} INFO - [2023-08-23T07:50:46.035+0000] {dagbag.py:532} INFO - Filling up the DagBag from /opt/airflow/dags/sample_dag_1.py
[2023-08-23T07:50:46.036+0000] {processor.py:755} WARNING - No viable dags retrieved from /opt/airflow/dags/sample_dag_1.py
[2023-08-23T07:50:46.050+0000] {processor.py:175} INFO - Processing /opt/airflow/dags/sample_dag_1.py took 0.019 seconds
[2023-08-23T07:51:16.271+0000] {processor.py:153} INFO - Started process (PID=2524) to work on /opt/airflow/dags/sample_dag_1.py
[2023-08-23T07:51:16.273+0000] {processor.py:743} INFO - Processing file /opt/airflow/dags/sample_dag_1.py for tasks to queue
[2023-08-23T07:51:16.273+0000] {logging_mixin.py:137} INFO - [2023-08-23T07:51:16.273+0000] {dagbag.py:532} INFO - Filling up the DagBag from /opt/airflow/dags/sample_dag_1.py
[2023-08-23T07:51:16.274+0000] {processor.py:755} WARNING - No viable dags retrieved from /opt/airflow/dags/sample_dag_1.py
[2023-08-23T07:51:16.288+0000] {processor.py:175} INFO - Processing /opt/airflow/dags/sample_dag_1.py took 0.019 seconds
[2023-08-23T07:51:46.476+0000] {processor.py:153} INFO - Started process (PID=2583) to work on /opt/airflow/dags/sample_dag_1.py
[2023-08-23T07:51:46.478+0000] {processor.py:743} INFO - Processing file /opt/airflow/dags/sample_dag_1.py for tasks to queue
[2023-08-23T07:51:46.479+0000] {logging_mixin.py:137} INFO - [2023-08-23T07:51:46.479+0000] {dagbag.py:532} INFO - Filling up the DagBag from /opt/airflow/dags/sample_dag_1.py
[2023-08-23T07:51:46.480+0000] {processor.py:755} WARNING - No viable dags retrieved from /opt/airflow/dags/sample_dag_1.py
[2023-08-23T07:51:46.496+0000] {processor.py:175} INFO - Processing /opt/airflow/dags/sample_dag_1.py took 0.022 seconds
[2023-08-23T07:52:16.711+0000] {processor.py:153} INFO - Started process (PID=2624) to work on /opt/airflow/dags/sample_dag_1.py
[2023-08-23T07:52:16.713+0000] {processor.py:743} INFO - Processing file /opt/airflow/dags/sample_dag_1.py for tasks to queue
[2023-08-23T07:52:16.713+0000] {logging_mixin.py:137} INFO - [2023-08-23T07:52:16.713+0000] {dagbag.py:532} INFO - Filling up the DagBag from /opt/airflow/dags/sample_dag_1.py
[2023-08-23T07:52:16.714+0000] {processor.py:755} WARNING - No viable dags retrieved from /opt/airflow/dags/sample_dag_1.py
[2023-08-23T07:52:16.729+0000] {processor.py:175} INFO - Processing /opt/airflow/dags/sample_dag_1.py took 0.020 seconds
[2023-08-23T07:52:46.928+0000] {processor.py:153} INFO - Started process (PID=2683) to work on /opt/airflow/dags/sample_dag_1.py
[2023-08-23T07:52:46.929+0000] {processor.py:743} INFO - Processing file /opt/airflow/dags/sample_dag_1.py for tasks to queue
[2023-08-23T07:52:46.929+0000] {logging_mixin.py:137} INFO - [2023-08-23T07:52:46.929+0000] {dagbag.py:532} INFO - Filling up the DagBag from /opt/airflow/dags/sample_dag_1.py
[2023-08-23T07:52:46.930+0000] {processor.py:755} WARNING - No viable dags retrieved from /opt/airflow/dags/sample_dag_1.py
[2023-08-23T07:52:46.945+0000] {processor.py:175} INFO - Processing /opt/airflow/dags/sample_dag_1.py took 0.020 seconds
[2023-08-23T07:53:17.157+0000] {processor.py:153} INFO - Started process (PID=2731) to work on /opt/airflow/dags/sample_dag_1.py
[2023-08-23T07:53:17.158+0000] {processor.py:743} INFO - Processing file /opt/airflow/dags/sample_dag_1.py for tasks to queue
[2023-08-23T07:53:17.159+0000] {logging_mixin.py:137} INFO - [2023-08-23T07:53:17.159+0000] {dagbag.py:532} INFO - Filling up the DagBag from /opt/airflow/dags/sample_dag_1.py
[2023-08-23T07:53:17.160+0000] {processor.py:755} WARNING - No viable dags retrieved from /opt/airflow/dags/sample_dag_1.py
[2023-08-23T07:53:17.175+0000] {processor.py:175} INFO - Processing /opt/airflow/dags/sample_dag_1.py took 0.021 seconds
[2023-08-23T07:53:47.391+0000] {processor.py:153} INFO - Started process (PID=2783) to work on /opt/airflow/dags/sample_dag_1.py
[2023-08-23T07:53:47.391+0000] {processor.py:743} INFO - Processing file /opt/airflow/dags/sample_dag_1.py for tasks to queue
[2023-08-23T07:53:47.392+0000] {logging_mixin.py:137} INFO - [2023-08-23T07:53:47.392+0000] {dagbag.py:532} INFO - Filling up the DagBag from /opt/airflow/dags/sample_dag_1.py
[2023-08-23T07:53:47.393+0000] {processor.py:755} WARNING - No viable dags retrieved from /opt/airflow/dags/sample_dag_1.py
[2023-08-23T07:53:47.407+0000] {processor.py:175} INFO - Processing /opt/airflow/dags/sample_dag_1.py took 0.019 seconds
[2023-08-23T07:54:17.612+0000] {processor.py:153} INFO - Started process (PID=2831) to work on /opt/airflow/dags/sample_dag_1.py
[2023-08-23T07:54:17.614+0000] {processor.py:743} INFO - Processing file /opt/airflow/dags/sample_dag_1.py for tasks to queue
[2023-08-23T07:54:17.614+0000] {logging_mixin.py:137} INFO - [2023-08-23T07:54:17.614+0000] {dagbag.py:532} INFO - Filling up the DagBag from /opt/airflow/dags/sample_dag_1.py
[2023-08-23T07:54:17.615+0000] {processor.py:755} WARNING - No viable dags retrieved from /opt/airflow/dags/sample_dag_1.py
[2023-08-23T07:54:17.631+0000] {processor.py:175} INFO - Processing /opt/airflow/dags/sample_dag_1.py took 0.021 seconds
[2023-08-23T07:54:47.823+0000] {processor.py:153} INFO - Started process (PID=2883) to work on /opt/airflow/dags/sample_dag_1.py
[2023-08-23T07:54:47.823+0000] {processor.py:743} INFO - Processing file /opt/airflow/dags/sample_dag_1.py for tasks to queue
[2023-08-23T07:54:47.824+0000] {logging_mixin.py:137} INFO - [2023-08-23T07:54:47.824+0000] {dagbag.py:532} INFO - Filling up the DagBag from /opt/airflow/dags/sample_dag_1.py
[2023-08-23T07:54:47.825+0000] {processor.py:755} WARNING - No viable dags retrieved from /opt/airflow/dags/sample_dag_1.py
[2023-08-23T07:54:47.839+0000] {processor.py:175} INFO - Processing /opt/airflow/dags/sample_dag_1.py took 0.019 seconds
[2023-08-23T07:55:18.060+0000] {processor.py:153} INFO - Started process (PID=2931) to work on /opt/airflow/dags/sample_dag_1.py
[2023-08-23T07:55:18.061+0000] {processor.py:743} INFO - Processing file /opt/airflow/dags/sample_dag_1.py for tasks to queue
[2023-08-23T07:55:18.062+0000] {logging_mixin.py:137} INFO - [2023-08-23T07:55:18.062+0000] {dagbag.py:532} INFO - Filling up the DagBag from /opt/airflow/dags/sample_dag_1.py
[2023-08-23T07:55:18.063+0000] {processor.py:755} WARNING - No viable dags retrieved from /opt/airflow/dags/sample_dag_1.py
[2023-08-23T07:55:18.077+0000] {processor.py:175} INFO - Processing /opt/airflow/dags/sample_dag_1.py took 0.022 seconds
[2023-08-23T07:55:48.289+0000] {processor.py:153} INFO - Started process (PID=2983) to work on /opt/airflow/dags/sample_dag_1.py
[2023-08-23T07:55:48.289+0000] {processor.py:743} INFO - Processing file /opt/airflow/dags/sample_dag_1.py for tasks to queue
[2023-08-23T07:55:48.290+0000] {logging_mixin.py:137} INFO - [2023-08-23T07:55:48.290+0000] {dagbag.py:532} INFO - Filling up the DagBag from /opt/airflow/dags/sample_dag_1.py
[2023-08-23T07:55:48.291+0000] {processor.py:755} WARNING - No viable dags retrieved from /opt/airflow/dags/sample_dag_1.py
[2023-08-23T07:55:48.307+0000] {processor.py:175} INFO - Processing /opt/airflow/dags/sample_dag_1.py took 0.021 seconds
[2023-08-23T07:56:18.528+0000] {processor.py:153} INFO - Started process (PID=3031) to work on /opt/airflow/dags/sample_dag_1.py
[2023-08-23T07:56:18.530+0000] {processor.py:743} INFO - Processing file /opt/airflow/dags/sample_dag_1.py for tasks to queue
[2023-08-23T07:56:18.531+0000] {logging_mixin.py:137} INFO - [2023-08-23T07:56:18.531+0000] {dagbag.py:532} INFO - Filling up the DagBag from /opt/airflow/dags/sample_dag_1.py
[2023-08-23T07:56:18.532+0000] {processor.py:755} WARNING - No viable dags retrieved from /opt/airflow/dags/sample_dag_1.py
[2023-08-23T07:56:18.552+0000] {processor.py:175} INFO - Processing /opt/airflow/dags/sample_dag_1.py took 0.027 seconds
[2023-08-23T07:56:48.761+0000] {processor.py:153} INFO - Started process (PID=3083) to work on /opt/airflow/dags/sample_dag_1.py
[2023-08-23T07:56:48.761+0000] {processor.py:743} INFO - Processing file /opt/airflow/dags/sample_dag_1.py for tasks to queue
[2023-08-23T07:56:48.762+0000] {logging_mixin.py:137} INFO - [2023-08-23T07:56:48.762+0000] {dagbag.py:532} INFO - Filling up the DagBag from /opt/airflow/dags/sample_dag_1.py
[2023-08-23T07:56:48.763+0000] {processor.py:755} WARNING - No viable dags retrieved from /opt/airflow/dags/sample_dag_1.py
[2023-08-23T07:56:48.777+0000] {processor.py:175} INFO - Processing /opt/airflow/dags/sample_dag_1.py took 0.019 seconds
[2023-08-23T07:57:19.486+0000] {processor.py:153} INFO - Started process (PID=3124) to work on /opt/airflow/dags/sample_dag_1.py
[2023-08-23T07:57:19.490+0000] {processor.py:743} INFO - Processing file /opt/airflow/dags/sample_dag_1.py for tasks to queue
[2023-08-23T07:57:19.499+0000] {logging_mixin.py:137} INFO - [2023-08-23T07:57:19.497+0000] {dagbag.py:532} INFO - Filling up the DagBag from /opt/airflow/dags/sample_dag_1.py
[2023-08-23T07:57:19.504+0000] {processor.py:755} WARNING - No viable dags retrieved from /opt/airflow/dags/sample_dag_1.py
[2023-08-23T07:57:19.570+0000] {processor.py:175} INFO - Processing /opt/airflow/dags/sample_dag_1.py took 0.107 seconds
[2023-08-23T07:57:49.825+0000] {processor.py:153} INFO - Started process (PID=3165) to work on /opt/airflow/dags/sample_dag_1.py
[2023-08-23T07:57:49.827+0000] {processor.py:743} INFO - Processing file /opt/airflow/dags/sample_dag_1.py for tasks to queue
[2023-08-23T07:57:49.827+0000] {logging_mixin.py:137} INFO - [2023-08-23T07:57:49.827+0000] {dagbag.py:532} INFO - Filling up the DagBag from /opt/airflow/dags/sample_dag_1.py
[2023-08-23T07:57:49.829+0000] {processor.py:755} WARNING - No viable dags retrieved from /opt/airflow/dags/sample_dag_1.py
[2023-08-23T07:57:49.853+0000] {processor.py:175} INFO - Processing /opt/airflow/dags/sample_dag_1.py took 0.033 seconds
[2023-08-23T07:58:20.125+0000] {processor.py:153} INFO - Started process (PID=3207) to work on /opt/airflow/dags/sample_dag_1.py
[2023-08-23T07:58:20.127+0000] {processor.py:743} INFO - Processing file /opt/airflow/dags/sample_dag_1.py for tasks to queue
[2023-08-23T07:58:20.129+0000] {logging_mixin.py:137} INFO - [2023-08-23T07:58:20.128+0000] {dagbag.py:532} INFO - Filling up the DagBag from /opt/airflow/dags/sample_dag_1.py
[2023-08-23T07:58:20.131+0000] {processor.py:755} WARNING - No viable dags retrieved from /opt/airflow/dags/sample_dag_1.py
[2023-08-23T07:58:20.158+0000] {processor.py:175} INFO - Processing /opt/airflow/dags/sample_dag_1.py took 0.039 seconds
[2023-08-23T07:58:50.478+0000] {processor.py:153} INFO - Started process (PID=3248) to work on /opt/airflow/dags/sample_dag_1.py
[2023-08-23T07:58:50.480+0000] {processor.py:743} INFO - Processing file /opt/airflow/dags/sample_dag_1.py for tasks to queue
[2023-08-23T07:58:50.481+0000] {logging_mixin.py:137} INFO - [2023-08-23T07:58:50.481+0000] {dagbag.py:532} INFO - Filling up the DagBag from /opt/airflow/dags/sample_dag_1.py
[2023-08-23T07:58:50.483+0000] {processor.py:755} WARNING - No viable dags retrieved from /opt/airflow/dags/sample_dag_1.py
[2023-08-23T07:58:50.510+0000] {processor.py:175} INFO - Processing /opt/airflow/dags/sample_dag_1.py took 0.038 seconds
[2023-08-23T07:59:20.775+0000] {processor.py:153} INFO - Started process (PID=3289) to work on /opt/airflow/dags/sample_dag_1.py
[2023-08-23T07:59:20.777+0000] {processor.py:743} INFO - Processing file /opt/airflow/dags/sample_dag_1.py for tasks to queue
[2023-08-23T07:59:20.778+0000] {logging_mixin.py:137} INFO - [2023-08-23T07:59:20.778+0000] {dagbag.py:532} INFO - Filling up the DagBag from /opt/airflow/dags/sample_dag_1.py
[2023-08-23T07:59:20.780+0000] {processor.py:755} WARNING - No viable dags retrieved from /opt/airflow/dags/sample_dag_1.py
[2023-08-23T07:59:20.803+0000] {processor.py:175} INFO - Processing /opt/airflow/dags/sample_dag_1.py took 0.032 seconds
[2023-08-23T07:59:51.103+0000] {processor.py:153} INFO - Started process (PID=3330) to work on /opt/airflow/dags/sample_dag_1.py
[2023-08-23T07:59:51.104+0000] {processor.py:743} INFO - Processing file /opt/airflow/dags/sample_dag_1.py for tasks to queue
[2023-08-23T07:59:51.105+0000] {logging_mixin.py:137} INFO - [2023-08-23T07:59:51.105+0000] {dagbag.py:532} INFO - Filling up the DagBag from /opt/airflow/dags/sample_dag_1.py
[2023-08-23T07:59:51.107+0000] {processor.py:755} WARNING - No viable dags retrieved from /opt/airflow/dags/sample_dag_1.py
[2023-08-23T07:59:51.132+0000] {processor.py:175} INFO - Processing /opt/airflow/dags/sample_dag_1.py took 0.034 seconds
[2023-08-23T08:00:21.449+0000] {processor.py:153} INFO - Started process (PID=3371) to work on /opt/airflow/dags/sample_dag_1.py
[2023-08-23T08:00:21.450+0000] {processor.py:743} INFO - Processing file /opt/airflow/dags/sample_dag_1.py for tasks to queue
[2023-08-23T08:00:21.452+0000] {logging_mixin.py:137} INFO - [2023-08-23T08:00:21.451+0000] {dagbag.py:532} INFO - Filling up the DagBag from /opt/airflow/dags/sample_dag_1.py
[2023-08-23T08:00:21.453+0000] {processor.py:755} WARNING - No viable dags retrieved from /opt/airflow/dags/sample_dag_1.py
[2023-08-23T08:00:21.481+0000] {processor.py:175} INFO - Processing /opt/airflow/dags/sample_dag_1.py took 0.040 seconds
[2023-08-23T08:00:51.722+0000] {processor.py:153} INFO - Started process (PID=3413) to work on /opt/airflow/dags/sample_dag_1.py
[2023-08-23T08:00:51.723+0000] {processor.py:743} INFO - Processing file /opt/airflow/dags/sample_dag_1.py for tasks to queue
[2023-08-23T08:00:51.723+0000] {logging_mixin.py:137} INFO - [2023-08-23T08:00:51.723+0000] {dagbag.py:532} INFO - Filling up the DagBag from /opt/airflow/dags/sample_dag_1.py
[2023-08-23T08:00:51.725+0000] {processor.py:755} WARNING - No viable dags retrieved from /opt/airflow/dags/sample_dag_1.py
[2023-08-23T08:00:51.748+0000] {processor.py:175} INFO - Processing /opt/airflow/dags/sample_dag_1.py took 0.031 seconds
[2023-08-23T08:01:21.986+0000] {processor.py:153} INFO - Started process (PID=3454) to work on /opt/airflow/dags/sample_dag_1.py
[2023-08-23T08:01:21.990+0000] {processor.py:743} INFO - Processing file /opt/airflow/dags/sample_dag_1.py for tasks to queue
[2023-08-23T08:01:21.991+0000] {logging_mixin.py:137} INFO - [2023-08-23T08:01:21.991+0000] {dagbag.py:532} INFO - Filling up the DagBag from /opt/airflow/dags/sample_dag_1.py
[2023-08-23T08:01:21.992+0000] {processor.py:755} WARNING - No viable dags retrieved from /opt/airflow/dags/sample_dag_1.py
[2023-08-23T08:01:22.013+0000] {processor.py:175} INFO - Processing /opt/airflow/dags/sample_dag_1.py took 0.031 seconds
[2023-08-23T08:01:52.280+0000] {processor.py:153} INFO - Started process (PID=3495) to work on /opt/airflow/dags/sample_dag_1.py
[2023-08-23T08:01:52.282+0000] {processor.py:743} INFO - Processing file /opt/airflow/dags/sample_dag_1.py for tasks to queue
[2023-08-23T08:01:52.283+0000] {logging_mixin.py:137} INFO - [2023-08-23T08:01:52.283+0000] {dagbag.py:532} INFO - Filling up the DagBag from /opt/airflow/dags/sample_dag_1.py
[2023-08-23T08:01:52.286+0000] {processor.py:755} WARNING - No viable dags retrieved from /opt/airflow/dags/sample_dag_1.py
[2023-08-23T08:01:52.316+0000] {processor.py:175} INFO - Processing /opt/airflow/dags/sample_dag_1.py took 0.042 seconds
[2023-08-23T08:02:22.578+0000] {processor.py:153} INFO - Started process (PID=3543) to work on /opt/airflow/dags/sample_dag_1.py
[2023-08-23T08:02:22.581+0000] {processor.py:743} INFO - Processing file /opt/airflow/dags/sample_dag_1.py for tasks to queue
[2023-08-23T08:02:22.582+0000] {logging_mixin.py:137} INFO - [2023-08-23T08:02:22.581+0000] {dagbag.py:532} INFO - Filling up the DagBag from /opt/airflow/dags/sample_dag_1.py
[2023-08-23T08:02:22.584+0000] {processor.py:755} WARNING - No viable dags retrieved from /opt/airflow/dags/sample_dag_1.py
[2023-08-23T08:02:22.612+0000] {processor.py:175} INFO - Processing /opt/airflow/dags/sample_dag_1.py took 0.041 seconds
[2023-08-23T08:02:53.329+0000] {processor.py:153} INFO - Started process (PID=3584) to work on /opt/airflow/dags/sample_dag_1.py
[2023-08-23T08:02:53.332+0000] {processor.py:743} INFO - Processing file /opt/airflow/dags/sample_dag_1.py for tasks to queue
[2023-08-23T08:02:53.335+0000] {logging_mixin.py:137} INFO - [2023-08-23T08:02:53.334+0000] {dagbag.py:532} INFO - Filling up the DagBag from /opt/airflow/dags/sample_dag_1.py
[2023-08-23T08:02:53.348+0000] {processor.py:755} WARNING - No viable dags retrieved from /opt/airflow/dags/sample_dag_1.py
[2023-08-23T08:02:53.441+0000] {processor.py:175} INFO - Processing /opt/airflow/dags/sample_dag_1.py took 0.128 seconds
[2023-08-23T08:03:23.658+0000] {processor.py:153} INFO - Started process (PID=3618) to work on /opt/airflow/dags/sample_dag_1.py
[2023-08-23T08:03:23.662+0000] {processor.py:743} INFO - Processing file /opt/airflow/dags/sample_dag_1.py for tasks to queue
[2023-08-23T08:03:23.664+0000] {logging_mixin.py:137} INFO - [2023-08-23T08:03:23.663+0000] {dagbag.py:532} INFO - Filling up the DagBag from /opt/airflow/dags/sample_dag_1.py
[2023-08-23T08:03:23.665+0000] {processor.py:755} WARNING - No viable dags retrieved from /opt/airflow/dags/sample_dag_1.py
[2023-08-23T08:03:23.690+0000] {processor.py:175} INFO - Processing /opt/airflow/dags/sample_dag_1.py took 0.036 seconds
[2023-08-23T08:03:53.954+0000] {processor.py:153} INFO - Started process (PID=3659) to work on /opt/airflow/dags/sample_dag_1.py
[2023-08-23T08:03:53.955+0000] {processor.py:743} INFO - Processing file /opt/airflow/dags/sample_dag_1.py for tasks to queue
[2023-08-23T08:03:53.956+0000] {logging_mixin.py:137} INFO - [2023-08-23T08:03:53.956+0000] {dagbag.py:532} INFO - Filling up the DagBag from /opt/airflow/dags/sample_dag_1.py
[2023-08-23T08:03:53.957+0000] {processor.py:755} WARNING - No viable dags retrieved from /opt/airflow/dags/sample_dag_1.py
[2023-08-23T08:03:53.981+0000] {processor.py:175} INFO - Processing /opt/airflow/dags/sample_dag_1.py took 0.031 seconds
[2023-08-23T08:04:24.314+0000] {processor.py:153} INFO - Started process (PID=3700) to work on /opt/airflow/dags/sample_dag_1.py
[2023-08-23T08:04:24.316+0000] {processor.py:743} INFO - Processing file /opt/airflow/dags/sample_dag_1.py for tasks to queue
[2023-08-23T08:04:24.318+0000] {logging_mixin.py:137} INFO - [2023-08-23T08:04:24.317+0000] {dagbag.py:532} INFO - Filling up the DagBag from /opt/airflow/dags/sample_dag_1.py
[2023-08-23T08:04:24.320+0000] {processor.py:755} WARNING - No viable dags retrieved from /opt/airflow/dags/sample_dag_1.py
[2023-08-23T08:04:24.347+0000] {processor.py:175} INFO - Processing /opt/airflow/dags/sample_dag_1.py took 0.038 seconds
[2023-08-23T08:04:54.659+0000] {processor.py:153} INFO - Started process (PID=3741) to work on /opt/airflow/dags/sample_dag_1.py
[2023-08-23T08:04:54.662+0000] {processor.py:743} INFO - Processing file /opt/airflow/dags/sample_dag_1.py for tasks to queue
[2023-08-23T08:04:54.664+0000] {logging_mixin.py:137} INFO - [2023-08-23T08:04:54.664+0000] {dagbag.py:532} INFO - Filling up the DagBag from /opt/airflow/dags/sample_dag_1.py
[2023-08-23T08:04:54.669+0000] {processor.py:755} WARNING - No viable dags retrieved from /opt/airflow/dags/sample_dag_1.py
[2023-08-23T08:04:54.705+0000] {processor.py:175} INFO - Processing /opt/airflow/dags/sample_dag_1.py took 0.055 seconds
[2023-08-23T08:05:24.978+0000] {processor.py:153} INFO - Started process (PID=3782) to work on /opt/airflow/dags/sample_dag_1.py
[2023-08-23T08:05:24.979+0000] {processor.py:743} INFO - Processing file /opt/airflow/dags/sample_dag_1.py for tasks to queue
[2023-08-23T08:05:24.980+0000] {logging_mixin.py:137} INFO - [2023-08-23T08:05:24.980+0000] {dagbag.py:532} INFO - Filling up the DagBag from /opt/airflow/dags/sample_dag_1.py
[2023-08-23T08:05:24.981+0000] {processor.py:755} WARNING - No viable dags retrieved from /opt/airflow/dags/sample_dag_1.py
[2023-08-23T08:05:25.002+0000] {processor.py:175} INFO - Processing /opt/airflow/dags/sample_dag_1.py took 0.028 seconds
[2023-08-23T08:05:55.305+0000] {processor.py:153} INFO - Started process (PID=3823) to work on /opt/airflow/dags/sample_dag_1.py
[2023-08-23T08:05:55.307+0000] {processor.py:743} INFO - Processing file /opt/airflow/dags/sample_dag_1.py for tasks to queue
[2023-08-23T08:05:55.309+0000] {logging_mixin.py:137} INFO - [2023-08-23T08:05:55.308+0000] {dagbag.py:532} INFO - Filling up the DagBag from /opt/airflow/dags/sample_dag_1.py
[2023-08-23T08:05:55.310+0000] {processor.py:755} WARNING - No viable dags retrieved from /opt/airflow/dags/sample_dag_1.py
[2023-08-23T08:05:55.338+0000] {processor.py:175} INFO - Processing /opt/airflow/dags/sample_dag_1.py took 0.038 seconds
[2023-08-23T08:06:25.690+0000] {processor.py:153} INFO - Started process (PID=3864) to work on /opt/airflow/dags/sample_dag_1.py
[2023-08-23T08:06:25.691+0000] {processor.py:743} INFO - Processing file /opt/airflow/dags/sample_dag_1.py for tasks to queue
[2023-08-23T08:06:25.692+0000] {logging_mixin.py:137} INFO - [2023-08-23T08:06:25.692+0000] {dagbag.py:532} INFO - Filling up the DagBag from /opt/airflow/dags/sample_dag_1.py
[2023-08-23T08:06:25.694+0000] {processor.py:755} WARNING - No viable dags retrieved from /opt/airflow/dags/sample_dag_1.py
[2023-08-23T08:06:25.729+0000] {processor.py:175} INFO - Processing /opt/airflow/dags/sample_dag_1.py took 0.046 seconds
[2023-08-23T08:06:56.411+0000] {processor.py:153} INFO - Started process (PID=3894) to work on /opt/airflow/dags/sample_dag_1.py
[2023-08-23T08:06:56.418+0000] {processor.py:743} INFO - Processing file /opt/airflow/dags/sample_dag_1.py for tasks to queue
[2023-08-23T08:06:56.422+0000] {logging_mixin.py:137} INFO - [2023-08-23T08:06:56.421+0000] {dagbag.py:532} INFO - Filling up the DagBag from /opt/airflow/dags/sample_dag_1.py
[2023-08-23T08:06:56.426+0000] {processor.py:755} WARNING - No viable dags retrieved from /opt/airflow/dags/sample_dag_1.py
[2023-08-23T08:06:56.487+0000] {processor.py:175} INFO - Processing /opt/airflow/dags/sample_dag_1.py took 0.095 seconds
[2023-08-23T08:07:26.821+0000] {processor.py:153} INFO - Started process (PID=3929) to work on /opt/airflow/dags/sample_dag_1.py
[2023-08-23T08:07:26.822+0000] {processor.py:743} INFO - Processing file /opt/airflow/dags/sample_dag_1.py for tasks to queue
[2023-08-23T08:07:26.823+0000] {logging_mixin.py:137} INFO - [2023-08-23T08:07:26.823+0000] {dagbag.py:532} INFO - Filling up the DagBag from /opt/airflow/dags/sample_dag_1.py
[2023-08-23T08:07:26.825+0000] {processor.py:755} WARNING - No viable dags retrieved from /opt/airflow/dags/sample_dag_1.py
[2023-08-23T08:07:26.856+0000] {processor.py:175} INFO - Processing /opt/airflow/dags/sample_dag_1.py took 0.040 seconds
[2023-08-23T08:07:57.127+0000] {processor.py:153} INFO - Started process (PID=3970) to work on /opt/airflow/dags/sample_dag_1.py
[2023-08-23T08:07:57.129+0000] {processor.py:743} INFO - Processing file /opt/airflow/dags/sample_dag_1.py for tasks to queue
[2023-08-23T08:07:57.130+0000] {logging_mixin.py:137} INFO - [2023-08-23T08:07:57.130+0000] {dagbag.py:532} INFO - Filling up the DagBag from /opt/airflow/dags/sample_dag_1.py
[2023-08-23T08:07:57.132+0000] {processor.py:755} WARNING - No viable dags retrieved from /opt/airflow/dags/sample_dag_1.py
[2023-08-23T08:07:57.155+0000] {processor.py:175} INFO - Processing /opt/airflow/dags/sample_dag_1.py took 0.034 seconds
[2023-08-23T08:08:27.456+0000] {processor.py:153} INFO - Started process (PID=4011) to work on /opt/airflow/dags/sample_dag_1.py
[2023-08-23T08:08:27.458+0000] {processor.py:743} INFO - Processing file /opt/airflow/dags/sample_dag_1.py for tasks to queue
[2023-08-23T08:08:27.459+0000] {logging_mixin.py:137} INFO - [2023-08-23T08:08:27.459+0000] {dagbag.py:532} INFO - Filling up the DagBag from /opt/airflow/dags/sample_dag_1.py
[2023-08-23T08:08:27.462+0000] {processor.py:755} WARNING - No viable dags retrieved from /opt/airflow/dags/sample_dag_1.py
[2023-08-23T08:08:27.492+0000] {processor.py:175} INFO - Processing /opt/airflow/dags/sample_dag_1.py took 0.042 seconds
[2023-08-23T08:08:57.926+0000] {processor.py:153} INFO - Started process (PID=4053) to work on /opt/airflow/dags/sample_dag_1.py
[2023-08-23T08:08:57.936+0000] {processor.py:743} INFO - Processing file /opt/airflow/dags/sample_dag_1.py for tasks to queue
[2023-08-23T08:08:57.944+0000] {logging_mixin.py:137} INFO - [2023-08-23T08:08:57.943+0000] {dagbag.py:532} INFO - Filling up the DagBag from /opt/airflow/dags/sample_dag_1.py
[2023-08-23T08:08:57.955+0000] {processor.py:755} WARNING - No viable dags retrieved from /opt/airflow/dags/sample_dag_1.py
[2023-08-23T08:08:58.050+0000] {processor.py:175} INFO - Processing /opt/airflow/dags/sample_dag_1.py took 0.149 seconds
[2023-08-23T08:09:28.245+0000] {processor.py:153} INFO - Started process (PID=4095) to work on /opt/airflow/dags/sample_dag_1.py
[2023-08-23T08:09:28.246+0000] {processor.py:743} INFO - Processing file /opt/airflow/dags/sample_dag_1.py for tasks to queue
[2023-08-23T08:09:28.247+0000] {logging_mixin.py:137} INFO - [2023-08-23T08:09:28.247+0000] {dagbag.py:532} INFO - Filling up the DagBag from /opt/airflow/dags/sample_dag_1.py
[2023-08-23T08:09:28.250+0000] {processor.py:755} WARNING - No viable dags retrieved from /opt/airflow/dags/sample_dag_1.py
[2023-08-23T08:09:28.278+0000] {processor.py:175} INFO - Processing /opt/airflow/dags/sample_dag_1.py took 0.038 seconds
[2023-08-23T08:09:58.582+0000] {processor.py:153} INFO - Started process (PID=4136) to work on /opt/airflow/dags/sample_dag_1.py
[2023-08-23T08:09:58.585+0000] {processor.py:743} INFO - Processing file /opt/airflow/dags/sample_dag_1.py for tasks to queue
[2023-08-23T08:09:58.586+0000] {logging_mixin.py:137} INFO - [2023-08-23T08:09:58.586+0000] {dagbag.py:532} INFO - Filling up the DagBag from /opt/airflow/dags/sample_dag_1.py
[2023-08-23T08:09:58.588+0000] {processor.py:755} WARNING - No viable dags retrieved from /opt/airflow/dags/sample_dag_1.py
[2023-08-23T08:09:58.611+0000] {processor.py:175} INFO - Processing /opt/airflow/dags/sample_dag_1.py took 0.035 seconds
[2023-08-23T08:10:28.898+0000] {processor.py:153} INFO - Started process (PID=4177) to work on /opt/airflow/dags/sample_dag_1.py
[2023-08-23T08:10:28.899+0000] {processor.py:743} INFO - Processing file /opt/airflow/dags/sample_dag_1.py for tasks to queue
[2023-08-23T08:10:28.900+0000] {logging_mixin.py:137} INFO - [2023-08-23T08:10:28.900+0000] {dagbag.py:532} INFO - Filling up the DagBag from /opt/airflow/dags/sample_dag_1.py
[2023-08-23T08:10:28.902+0000] {processor.py:755} WARNING - No viable dags retrieved from /opt/airflow/dags/sample_dag_1.py
[2023-08-23T08:10:28.928+0000] {processor.py:175} INFO - Processing /opt/airflow/dags/sample_dag_1.py took 0.036 seconds
[2023-08-23T08:10:59.271+0000] {processor.py:153} INFO - Started process (PID=4219) to work on /opt/airflow/dags/sample_dag_1.py
[2023-08-23T08:10:59.273+0000] {processor.py:743} INFO - Processing file /opt/airflow/dags/sample_dag_1.py for tasks to queue
[2023-08-23T08:10:59.274+0000] {logging_mixin.py:137} INFO - [2023-08-23T08:10:59.274+0000] {dagbag.py:532} INFO - Filling up the DagBag from /opt/airflow/dags/sample_dag_1.py
[2023-08-23T08:10:59.276+0000] {processor.py:755} WARNING - No viable dags retrieved from /opt/airflow/dags/sample_dag_1.py
[2023-08-23T08:10:59.302+0000] {processor.py:175} INFO - Processing /opt/airflow/dags/sample_dag_1.py took 0.035 seconds
[2023-08-23T08:11:30.248+0000] {processor.py:153} INFO - Started process (PID=4260) to work on /opt/airflow/dags/sample_dag_1.py
[2023-08-23T08:11:30.250+0000] {processor.py:743} INFO - Processing file /opt/airflow/dags/sample_dag_1.py for tasks to queue
[2023-08-23T08:11:30.251+0000] {logging_mixin.py:137} INFO - [2023-08-23T08:11:30.251+0000] {dagbag.py:532} INFO - Filling up the DagBag from /opt/airflow/dags/sample_dag_1.py
[2023-08-23T08:11:30.253+0000] {processor.py:755} WARNING - No viable dags retrieved from /opt/airflow/dags/sample_dag_1.py
[2023-08-23T08:11:30.275+0000] {processor.py:175} INFO - Processing /opt/airflow/dags/sample_dag_1.py took 0.031 seconds
[2023-08-23T08:12:00.573+0000] {processor.py:153} INFO - Started process (PID=4302) to work on /opt/airflow/dags/sample_dag_1.py
[2023-08-23T08:12:00.575+0000] {processor.py:743} INFO - Processing file /opt/airflow/dags/sample_dag_1.py for tasks to queue
[2023-08-23T08:12:00.576+0000] {logging_mixin.py:137} INFO - [2023-08-23T08:12:00.575+0000] {dagbag.py:532} INFO - Filling up the DagBag from /opt/airflow/dags/sample_dag_1.py
[2023-08-23T08:12:00.578+0000] {processor.py:755} WARNING - No viable dags retrieved from /opt/airflow/dags/sample_dag_1.py
[2023-08-23T08:12:00.609+0000] {processor.py:175} INFO - Processing /opt/airflow/dags/sample_dag_1.py took 0.045 seconds
[2023-08-23T08:14:19.443+0000] {processor.py:153} INFO - Started process (PID=81) to work on /opt/airflow/dags/sample_dag_1.py
[2023-08-23T08:14:19.447+0000] {processor.py:743} INFO - Processing file /opt/airflow/dags/sample_dag_1.py for tasks to queue
[2023-08-23T08:14:19.450+0000] {logging_mixin.py:137} INFO - [2023-08-23T08:14:19.449+0000] {dagbag.py:532} INFO - Filling up the DagBag from /opt/airflow/dags/sample_dag_1.py
[2023-08-23T08:14:19.462+0000] {processor.py:755} WARNING - No viable dags retrieved from /opt/airflow/dags/sample_dag_1.py
[2023-08-23T08:14:19.560+0000] {processor.py:175} INFO - Processing /opt/airflow/dags/sample_dag_1.py took 0.138 seconds
[2023-08-23T08:14:49.882+0000] {processor.py:153} INFO - Started process (PID=115) to work on /opt/airflow/dags/sample_dag_1.py
[2023-08-23T08:14:49.885+0000] {processor.py:743} INFO - Processing file /opt/airflow/dags/sample_dag_1.py for tasks to queue
[2023-08-23T08:14:49.887+0000] {logging_mixin.py:137} INFO - [2023-08-23T08:14:49.886+0000] {dagbag.py:532} INFO - Filling up the DagBag from /opt/airflow/dags/sample_dag_1.py
[2023-08-23T08:14:49.891+0000] {processor.py:755} WARNING - No viable dags retrieved from /opt/airflow/dags/sample_dag_1.py
[2023-08-23T08:14:49.935+0000] {processor.py:175} INFO - Processing /opt/airflow/dags/sample_dag_1.py took 0.060 seconds
[2023-08-23T08:15:20.224+0000] {processor.py:153} INFO - Started process (PID=156) to work on /opt/airflow/dags/sample_dag_1.py
[2023-08-23T08:15:20.226+0000] {processor.py:743} INFO - Processing file /opt/airflow/dags/sample_dag_1.py for tasks to queue
[2023-08-23T08:15:20.227+0000] {logging_mixin.py:137} INFO - [2023-08-23T08:15:20.227+0000] {dagbag.py:532} INFO - Filling up the DagBag from /opt/airflow/dags/sample_dag_1.py
[2023-08-23T08:15:20.228+0000] {processor.py:755} WARNING - No viable dags retrieved from /opt/airflow/dags/sample_dag_1.py
[2023-08-23T08:15:20.251+0000] {processor.py:175} INFO - Processing /opt/airflow/dags/sample_dag_1.py took 0.030 seconds
[2023-08-23T08:15:50.526+0000] {processor.py:153} INFO - Started process (PID=197) to work on /opt/airflow/dags/sample_dag_1.py
[2023-08-23T08:15:50.528+0000] {processor.py:743} INFO - Processing file /opt/airflow/dags/sample_dag_1.py for tasks to queue
[2023-08-23T08:15:50.531+0000] {logging_mixin.py:137} INFO - [2023-08-23T08:15:50.530+0000] {dagbag.py:532} INFO - Filling up the DagBag from /opt/airflow/dags/sample_dag_1.py
[2023-08-23T08:15:50.534+0000] {processor.py:755} WARNING - No viable dags retrieved from /opt/airflow/dags/sample_dag_1.py
[2023-08-23T08:15:50.563+0000] {processor.py:175} INFO - Processing /opt/airflow/dags/sample_dag_1.py took 0.043 seconds
[2023-08-23T08:16:20.984+0000] {processor.py:153} INFO - Started process (PID=238) to work on /opt/airflow/dags/sample_dag_1.py
[2023-08-23T08:16:20.985+0000] {processor.py:743} INFO - Processing file /opt/airflow/dags/sample_dag_1.py for tasks to queue
[2023-08-23T08:16:20.986+0000] {logging_mixin.py:137} INFO - [2023-08-23T08:16:20.986+0000] {dagbag.py:532} INFO - Filling up the DagBag from /opt/airflow/dags/sample_dag_1.py
[2023-08-23T08:16:20.988+0000] {processor.py:755} WARNING - No viable dags retrieved from /opt/airflow/dags/sample_dag_1.py
[2023-08-23T08:16:21.036+0000] {processor.py:175} INFO - Processing /opt/airflow/dags/sample_dag_1.py took 0.060 seconds
[2023-08-23T08:16:51.502+0000] {processor.py:153} INFO - Started process (PID=268) to work on /opt/airflow/dags/sample_dag_1.py
[2023-08-23T08:16:51.504+0000] {processor.py:743} INFO - Processing file /opt/airflow/dags/sample_dag_1.py for tasks to queue
[2023-08-23T08:16:51.506+0000] {logging_mixin.py:137} INFO - [2023-08-23T08:16:51.506+0000] {dagbag.py:532} INFO - Filling up the DagBag from /opt/airflow/dags/sample_dag_1.py
[2023-08-23T08:16:51.510+0000] {processor.py:755} WARNING - No viable dags retrieved from /opt/airflow/dags/sample_dag_1.py
[2023-08-23T08:16:51.542+0000] {processor.py:175} INFO - Processing /opt/airflow/dags/sample_dag_1.py took 0.048 seconds
[2023-08-23T08:17:21.842+0000] {processor.py:153} INFO - Started process (PID=302) to work on /opt/airflow/dags/sample_dag_1.py
[2023-08-23T08:17:21.843+0000] {processor.py:743} INFO - Processing file /opt/airflow/dags/sample_dag_1.py for tasks to queue
[2023-08-23T08:17:21.843+0000] {logging_mixin.py:137} INFO - [2023-08-23T08:17:21.843+0000] {dagbag.py:532} INFO - Filling up the DagBag from /opt/airflow/dags/sample_dag_1.py
[2023-08-23T08:17:21.845+0000] {processor.py:755} WARNING - No viable dags retrieved from /opt/airflow/dags/sample_dag_1.py
[2023-08-23T08:17:21.867+0000] {processor.py:175} INFO - Processing /opt/airflow/dags/sample_dag_1.py took 0.029 seconds
[2023-08-23T08:17:52.202+0000] {processor.py:153} INFO - Started process (PID=343) to work on /opt/airflow/dags/sample_dag_1.py
[2023-08-23T08:17:52.204+0000] {processor.py:743} INFO - Processing file /opt/airflow/dags/sample_dag_1.py for tasks to queue
[2023-08-23T08:17:52.205+0000] {logging_mixin.py:137} INFO - [2023-08-23T08:17:52.205+0000] {dagbag.py:532} INFO - Filling up the DagBag from /opt/airflow/dags/sample_dag_1.py
[2023-08-23T08:17:52.207+0000] {processor.py:755} WARNING - No viable dags retrieved from /opt/airflow/dags/sample_dag_1.py
[2023-08-23T08:17:52.235+0000] {processor.py:175} INFO - Processing /opt/airflow/dags/sample_dag_1.py took 0.038 seconds
[2023-08-23T08:18:22.792+0000] {processor.py:153} INFO - Started process (PID=384) to work on /opt/airflow/dags/sample_dag_1.py
[2023-08-23T08:18:22.794+0000] {processor.py:743} INFO - Processing file /opt/airflow/dags/sample_dag_1.py for tasks to queue
[2023-08-23T08:18:22.796+0000] {logging_mixin.py:137} INFO - [2023-08-23T08:18:22.795+0000] {dagbag.py:532} INFO - Filling up the DagBag from /opt/airflow/dags/sample_dag_1.py
[2023-08-23T08:18:22.799+0000] {processor.py:755} WARNING - No viable dags retrieved from /opt/airflow/dags/sample_dag_1.py
[2023-08-23T08:18:22.832+0000] {processor.py:175} INFO - Processing /opt/airflow/dags/sample_dag_1.py took 0.047 seconds
[2023-08-23T08:18:53.195+0000] {processor.py:153} INFO - Started process (PID=425) to work on /opt/airflow/dags/sample_dag_1.py
[2023-08-23T08:18:53.197+0000] {processor.py:743} INFO - Processing file /opt/airflow/dags/sample_dag_1.py for tasks to queue
[2023-08-23T08:18:53.199+0000] {logging_mixin.py:137} INFO - [2023-08-23T08:18:53.198+0000] {dagbag.py:532} INFO - Filling up the DagBag from /opt/airflow/dags/sample_dag_1.py
[2023-08-23T08:18:53.201+0000] {processor.py:755} WARNING - No viable dags retrieved from /opt/airflow/dags/sample_dag_1.py
[2023-08-23T08:18:53.242+0000] {processor.py:175} INFO - Processing /opt/airflow/dags/sample_dag_1.py took 0.053 seconds
[2023-08-23T08:19:23.713+0000] {processor.py:153} INFO - Started process (PID=467) to work on /opt/airflow/dags/sample_dag_1.py
[2023-08-23T08:19:23.714+0000] {processor.py:743} INFO - Processing file /opt/airflow/dags/sample_dag_1.py for tasks to queue
[2023-08-23T08:19:23.715+0000] {logging_mixin.py:137} INFO - [2023-08-23T08:19:23.715+0000] {dagbag.py:532} INFO - Filling up the DagBag from /opt/airflow/dags/sample_dag_1.py
[2023-08-23T08:19:23.717+0000] {processor.py:755} WARNING - No viable dags retrieved from /opt/airflow/dags/sample_dag_1.py
[2023-08-23T08:19:23.744+0000] {processor.py:175} INFO - Processing /opt/airflow/dags/sample_dag_1.py took 0.036 seconds
[2023-08-23T08:27:33.111+0000] {processor.py:153} INFO - Started process (PID=92) to work on /opt/airflow/dags/sample_dag_1.py
[2023-08-23T08:27:33.122+0000] {processor.py:743} INFO - Processing file /opt/airflow/dags/sample_dag_1.py for tasks to queue
[2023-08-23T08:27:33.128+0000] {logging_mixin.py:137} INFO - [2023-08-23T08:27:33.126+0000] {dagbag.py:532} INFO - Filling up the DagBag from /opt/airflow/dags/sample_dag_1.py
[2023-08-23T08:27:33.133+0000] {processor.py:755} WARNING - No viable dags retrieved from /opt/airflow/dags/sample_dag_1.py
[2023-08-23T08:27:33.208+0000] {processor.py:175} INFO - Processing /opt/airflow/dags/sample_dag_1.py took 0.120 seconds
[2023-08-23T08:28:03.943+0000] {processor.py:153} INFO - Started process (PID=133) to work on /opt/airflow/dags/sample_dag_1.py
[2023-08-23T08:28:03.956+0000] {processor.py:743} INFO - Processing file /opt/airflow/dags/sample_dag_1.py for tasks to queue
[2023-08-23T08:28:03.959+0000] {logging_mixin.py:137} INFO - [2023-08-23T08:28:03.958+0000] {dagbag.py:532} INFO - Filling up the DagBag from /opt/airflow/dags/sample_dag_1.py
[2023-08-23T08:28:03.973+0000] {processor.py:755} WARNING - No viable dags retrieved from /opt/airflow/dags/sample_dag_1.py
[2023-08-23T08:28:04.073+0000] {processor.py:175} INFO - Processing /opt/airflow/dags/sample_dag_1.py took 0.162 seconds
[2023-08-23T08:28:34.638+0000] {processor.py:153} INFO - Started process (PID=163) to work on /opt/airflow/dags/sample_dag_1.py
[2023-08-23T08:28:34.641+0000] {processor.py:743} INFO - Processing file /opt/airflow/dags/sample_dag_1.py for tasks to queue
[2023-08-23T08:28:34.643+0000] {logging_mixin.py:137} INFO - [2023-08-23T08:28:34.642+0000] {dagbag.py:532} INFO - Filling up the DagBag from /opt/airflow/dags/sample_dag_1.py
[2023-08-23T08:28:34.647+0000] {processor.py:755} WARNING - No viable dags retrieved from /opt/airflow/dags/sample_dag_1.py
[2023-08-23T08:28:34.704+0000] {processor.py:175} INFO - Processing /opt/airflow/dags/sample_dag_1.py took 0.077 seconds
[2023-08-23T08:29:05.446+0000] {processor.py:153} INFO - Started process (PID=197) to work on /opt/airflow/dags/sample_dag_1.py
[2023-08-23T08:29:05.449+0000] {processor.py:743} INFO - Processing file /opt/airflow/dags/sample_dag_1.py for tasks to queue
[2023-08-23T08:29:05.452+0000] {logging_mixin.py:137} INFO - [2023-08-23T08:29:05.451+0000] {dagbag.py:532} INFO - Filling up the DagBag from /opt/airflow/dags/sample_dag_1.py
[2023-08-23T08:29:05.456+0000] {processor.py:755} WARNING - No viable dags retrieved from /opt/airflow/dags/sample_dag_1.py
[2023-08-23T08:29:05.523+0000] {processor.py:175} INFO - Processing /opt/airflow/dags/sample_dag_1.py took 0.091 seconds
[2023-08-23T08:29:36.673+0000] {processor.py:153} INFO - Started process (PID=238) to work on /opt/airflow/dags/sample_dag_1.py
[2023-08-23T08:29:36.682+0000] {processor.py:743} INFO - Processing file /opt/airflow/dags/sample_dag_1.py for tasks to queue
[2023-08-23T08:29:36.685+0000] {logging_mixin.py:137} INFO - [2023-08-23T08:29:36.684+0000] {dagbag.py:532} INFO - Filling up the DagBag from /opt/airflow/dags/sample_dag_1.py
[2023-08-23T08:29:36.728+0000] {processor.py:755} WARNING - No viable dags retrieved from /opt/airflow/dags/sample_dag_1.py
[2023-08-23T08:29:36.820+0000] {processor.py:175} INFO - Processing /opt/airflow/dags/sample_dag_1.py took 0.175 seconds
[2023-08-23T08:30:07.189+0000] {processor.py:153} INFO - Started process (PID=279) to work on /opt/airflow/dags/sample_dag_1.py
[2023-08-23T08:30:07.192+0000] {processor.py:743} INFO - Processing file /opt/airflow/dags/sample_dag_1.py for tasks to queue
[2023-08-23T08:30:07.193+0000] {logging_mixin.py:137} INFO - [2023-08-23T08:30:07.192+0000] {dagbag.py:532} INFO - Filling up the DagBag from /opt/airflow/dags/sample_dag_1.py
[2023-08-23T08:30:07.194+0000] {processor.py:755} WARNING - No viable dags retrieved from /opt/airflow/dags/sample_dag_1.py
[2023-08-23T08:30:07.217+0000] {processor.py:175} INFO - Processing /opt/airflow/dags/sample_dag_1.py took 0.038 seconds
[2023-08-23T08:30:37.586+0000] {processor.py:153} INFO - Started process (PID=320) to work on /opt/airflow/dags/sample_dag_1.py
[2023-08-23T08:30:37.588+0000] {processor.py:743} INFO - Processing file /opt/airflow/dags/sample_dag_1.py for tasks to queue
[2023-08-23T08:30:37.589+0000] {logging_mixin.py:137} INFO - [2023-08-23T08:30:37.589+0000] {dagbag.py:532} INFO - Filling up the DagBag from /opt/airflow/dags/sample_dag_1.py
[2023-08-23T08:30:37.591+0000] {processor.py:755} WARNING - No viable dags retrieved from /opt/airflow/dags/sample_dag_1.py
[2023-08-23T08:30:37.620+0000] {processor.py:175} INFO - Processing /opt/airflow/dags/sample_dag_1.py took 0.039 seconds
[2023-08-23T08:31:08.275+0000] {processor.py:153} INFO - Started process (PID=362) to work on /opt/airflow/dags/sample_dag_1.py
[2023-08-23T08:31:08.277+0000] {processor.py:743} INFO - Processing file /opt/airflow/dags/sample_dag_1.py for tasks to queue
[2023-08-23T08:31:08.279+0000] {logging_mixin.py:137} INFO - [2023-08-23T08:31:08.278+0000] {dagbag.py:532} INFO - Filling up the DagBag from /opt/airflow/dags/sample_dag_1.py
[2023-08-23T08:31:08.283+0000] {processor.py:755} WARNING - No viable dags retrieved from /opt/airflow/dags/sample_dag_1.py
[2023-08-23T08:31:08.353+0000] {processor.py:175} INFO - Processing /opt/airflow/dags/sample_dag_1.py took 0.089 seconds
[2023-08-23T08:31:38.819+0000] {processor.py:153} INFO - Started process (PID=392) to work on /opt/airflow/dags/sample_dag_1.py
[2023-08-23T08:31:38.823+0000] {processor.py:743} INFO - Processing file /opt/airflow/dags/sample_dag_1.py for tasks to queue
[2023-08-23T08:31:38.824+0000] {logging_mixin.py:137} INFO - [2023-08-23T08:31:38.824+0000] {dagbag.py:532} INFO - Filling up the DagBag from /opt/airflow/dags/sample_dag_1.py
[2023-08-23T08:31:38.829+0000] {processor.py:755} WARNING - No viable dags retrieved from /opt/airflow/dags/sample_dag_1.py
[2023-08-23T08:31:38.878+0000] {processor.py:175} INFO - Processing /opt/airflow/dags/sample_dag_1.py took 0.068 seconds
[2023-08-23T08:32:09.322+0000] {processor.py:153} INFO - Started process (PID=426) to work on /opt/airflow/dags/sample_dag_1.py
[2023-08-23T08:32:09.324+0000] {processor.py:743} INFO - Processing file /opt/airflow/dags/sample_dag_1.py for tasks to queue
[2023-08-23T08:32:09.325+0000] {logging_mixin.py:137} INFO - [2023-08-23T08:32:09.325+0000] {dagbag.py:532} INFO - Filling up the DagBag from /opt/airflow/dags/sample_dag_1.py
[2023-08-23T08:32:09.329+0000] {processor.py:755} WARNING - No viable dags retrieved from /opt/airflow/dags/sample_dag_1.py
[2023-08-23T08:32:09.356+0000] {processor.py:175} INFO - Processing /opt/airflow/dags/sample_dag_1.py took 0.040 seconds
[2023-08-23T08:32:40.253+0000] {processor.py:153} INFO - Started process (PID=467) to work on /opt/airflow/dags/sample_dag_1.py
[2023-08-23T08:32:40.263+0000] {processor.py:743} INFO - Processing file /opt/airflow/dags/sample_dag_1.py for tasks to queue
[2023-08-23T08:32:40.268+0000] {logging_mixin.py:137} INFO - [2023-08-23T08:32:40.266+0000] {dagbag.py:532} INFO - Filling up the DagBag from /opt/airflow/dags/sample_dag_1.py
[2023-08-23T08:32:40.288+0000] {processor.py:755} WARNING - No viable dags retrieved from /opt/airflow/dags/sample_dag_1.py
[2023-08-23T08:32:40.388+0000] {processor.py:175} INFO - Processing /opt/airflow/dags/sample_dag_1.py took 0.163 seconds
[2023-08-23T08:33:10.813+0000] {processor.py:153} INFO - Started process (PID=508) to work on /opt/airflow/dags/sample_dag_1.py
[2023-08-23T08:33:10.819+0000] {processor.py:743} INFO - Processing file /opt/airflow/dags/sample_dag_1.py for tasks to queue
[2023-08-23T08:33:10.821+0000] {logging_mixin.py:137} INFO - [2023-08-23T08:33:10.820+0000] {dagbag.py:532} INFO - Filling up the DagBag from /opt/airflow/dags/sample_dag_1.py
[2023-08-23T08:33:10.823+0000] {processor.py:755} WARNING - No viable dags retrieved from /opt/airflow/dags/sample_dag_1.py
[2023-08-23T08:33:10.863+0000] {processor.py:175} INFO - Processing /opt/airflow/dags/sample_dag_1.py took 0.056 seconds
[2023-08-23T08:33:41.351+0000] {processor.py:153} INFO - Started process (PID=550) to work on /opt/airflow/dags/sample_dag_1.py
[2023-08-23T08:33:41.352+0000] {processor.py:743} INFO - Processing file /opt/airflow/dags/sample_dag_1.py for tasks to queue
[2023-08-23T08:33:41.353+0000] {logging_mixin.py:137} INFO - [2023-08-23T08:33:41.353+0000] {dagbag.py:532} INFO - Filling up the DagBag from /opt/airflow/dags/sample_dag_1.py
[2023-08-23T08:33:41.356+0000] {processor.py:755} WARNING - No viable dags retrieved from /opt/airflow/dags/sample_dag_1.py
[2023-08-23T08:33:41.394+0000] {processor.py:175} INFO - Processing /opt/airflow/dags/sample_dag_1.py took 0.051 seconds
[2023-08-23T08:34:12.092+0000] {processor.py:153} INFO - Started process (PID=580) to work on /opt/airflow/dags/sample_dag_1.py
[2023-08-23T08:34:12.097+0000] {processor.py:743} INFO - Processing file /opt/airflow/dags/sample_dag_1.py for tasks to queue
[2023-08-23T08:34:12.100+0000] {logging_mixin.py:137} INFO - [2023-08-23T08:34:12.100+0000] {dagbag.py:532} INFO - Filling up the DagBag from /opt/airflow/dags/sample_dag_1.py
[2023-08-23T08:34:12.103+0000] {processor.py:755} WARNING - No viable dags retrieved from /opt/airflow/dags/sample_dag_1.py
[2023-08-23T08:34:12.164+0000] {processor.py:175} INFO - Processing /opt/airflow/dags/sample_dag_1.py took 0.093 seconds
[2023-08-23T08:34:42.581+0000] {processor.py:153} INFO - Started process (PID=614) to work on /opt/airflow/dags/sample_dag_1.py
[2023-08-23T08:34:42.583+0000] {processor.py:743} INFO - Processing file /opt/airflow/dags/sample_dag_1.py for tasks to queue
[2023-08-23T08:34:42.584+0000] {logging_mixin.py:137} INFO - [2023-08-23T08:34:42.584+0000] {dagbag.py:532} INFO - Filling up the DagBag from /opt/airflow/dags/sample_dag_1.py
[2023-08-23T08:34:42.587+0000] {processor.py:755} WARNING - No viable dags retrieved from /opt/airflow/dags/sample_dag_1.py
[2023-08-23T08:34:42.625+0000] {processor.py:175} INFO - Processing /opt/airflow/dags/sample_dag_1.py took 0.052 seconds
[2023-08-23T08:35:13.254+0000] {processor.py:153} INFO - Started process (PID=655) to work on /opt/airflow/dags/sample_dag_1.py
[2023-08-23T08:35:13.259+0000] {processor.py:743} INFO - Processing file /opt/airflow/dags/sample_dag_1.py for tasks to queue
[2023-08-23T08:35:13.262+0000] {logging_mixin.py:137} INFO - [2023-08-23T08:35:13.261+0000] {dagbag.py:532} INFO - Filling up the DagBag from /opt/airflow/dags/sample_dag_1.py
[2023-08-23T08:35:13.269+0000] {processor.py:755} WARNING - No viable dags retrieved from /opt/airflow/dags/sample_dag_1.py
[2023-08-23T08:35:13.327+0000] {processor.py:175} INFO - Processing /opt/airflow/dags/sample_dag_1.py took 0.089 seconds
[2023-08-23T08:35:44.262+0000] {processor.py:153} INFO - Started process (PID=679) to work on /opt/airflow/dags/sample_dag_1.py
[2023-08-23T08:35:44.266+0000] {processor.py:743} INFO - Processing file /opt/airflow/dags/sample_dag_1.py for tasks to queue
[2023-08-23T08:35:44.268+0000] {logging_mixin.py:137} INFO - [2023-08-23T08:35:44.268+0000] {dagbag.py:532} INFO - Filling up the DagBag from /opt/airflow/dags/sample_dag_1.py
[2023-08-23T08:35:44.271+0000] {processor.py:755} WARNING - No viable dags retrieved from /opt/airflow/dags/sample_dag_1.py
[2023-08-23T08:35:44.333+0000] {processor.py:175} INFO - Processing /opt/airflow/dags/sample_dag_1.py took 0.085 seconds
[2023-08-23T08:36:15.316+0000] {processor.py:153} INFO - Started process (PID=709) to work on /opt/airflow/dags/sample_dag_1.py
[2023-08-23T08:36:15.321+0000] {processor.py:743} INFO - Processing file /opt/airflow/dags/sample_dag_1.py for tasks to queue
[2023-08-23T08:36:15.331+0000] {logging_mixin.py:137} INFO - [2023-08-23T08:36:15.330+0000] {dagbag.py:532} INFO - Filling up the DagBag from /opt/airflow/dags/sample_dag_1.py
[2023-08-23T08:36:15.344+0000] {processor.py:755} WARNING - No viable dags retrieved from /opt/airflow/dags/sample_dag_1.py
[2023-08-23T08:36:15.446+0000] {processor.py:175} INFO - Processing /opt/airflow/dags/sample_dag_1.py took 0.144 seconds
[2023-08-23T08:36:46.539+0000] {processor.py:153} INFO - Started process (PID=743) to work on /opt/airflow/dags/sample_dag_1.py
[2023-08-23T08:36:46.549+0000] {processor.py:743} INFO - Processing file /opt/airflow/dags/sample_dag_1.py for tasks to queue
[2023-08-23T08:36:46.553+0000] {logging_mixin.py:137} INFO - [2023-08-23T08:36:46.552+0000] {dagbag.py:532} INFO - Filling up the DagBag from /opt/airflow/dags/sample_dag_1.py
[2023-08-23T08:36:46.559+0000] {processor.py:755} WARNING - No viable dags retrieved from /opt/airflow/dags/sample_dag_1.py
[2023-08-23T08:36:46.638+0000] {processor.py:175} INFO - Processing /opt/airflow/dags/sample_dag_1.py took 0.126 seconds
[2023-08-23T08:37:17.005+0000] {processor.py:153} INFO - Started process (PID=784) to work on /opt/airflow/dags/sample_dag_1.py
[2023-08-23T08:37:17.007+0000] {processor.py:743} INFO - Processing file /opt/airflow/dags/sample_dag_1.py for tasks to queue
[2023-08-23T08:37:17.009+0000] {logging_mixin.py:137} INFO - [2023-08-23T08:37:17.009+0000] {dagbag.py:532} INFO - Filling up the DagBag from /opt/airflow/dags/sample_dag_1.py
[2023-08-23T08:37:17.013+0000] {processor.py:755} WARNING - No viable dags retrieved from /opt/airflow/dags/sample_dag_1.py
[2023-08-23T08:37:17.046+0000] {processor.py:175} INFO - Processing /opt/airflow/dags/sample_dag_1.py took 0.050 seconds
