[2023-08-23T07:26:03.761+0000] {processor.py:153} INFO - Started process (PID=71) to work on /opt/airflow/dags/sample_dag_5.py
[2023-08-23T07:26:03.763+0000] {processor.py:743} INFO - Processing file /opt/airflow/dags/sample_dag_5.py for tasks to queue
[2023-08-23T07:26:03.766+0000] {logging_mixin.py:137} INFO - [2023-08-23T07:26:03.765+0000] {dagbag.py:532} INFO - Filling up the DagBag from /opt/airflow/dags/sample_dag_5.py
[2023-08-23T07:26:03.777+0000] {processor.py:755} WARNING - No viable dags retrieved from /opt/airflow/dags/sample_dag_5.py
[2023-08-23T07:26:03.809+0000] {processor.py:175} INFO - Processing /opt/airflow/dags/sample_dag_5.py took 0.056 seconds
[2023-08-23T07:26:33.977+0000] {processor.py:153} INFO - Started process (PID=112) to work on /opt/airflow/dags/sample_dag_5.py
[2023-08-23T07:26:33.978+0000] {processor.py:743} INFO - Processing file /opt/airflow/dags/sample_dag_5.py for tasks to queue
[2023-08-23T07:26:33.979+0000] {logging_mixin.py:137} INFO - [2023-08-23T07:26:33.979+0000] {dagbag.py:532} INFO - Filling up the DagBag from /opt/airflow/dags/sample_dag_5.py
[2023-08-23T07:26:33.980+0000] {processor.py:755} WARNING - No viable dags retrieved from /opt/airflow/dags/sample_dag_5.py
[2023-08-23T07:26:34.000+0000] {processor.py:175} INFO - Processing /opt/airflow/dags/sample_dag_5.py took 0.027 seconds
[2023-08-23T07:27:04.233+0000] {processor.py:153} INFO - Started process (PID=153) to work on /opt/airflow/dags/sample_dag_5.py
[2023-08-23T07:27:04.236+0000] {processor.py:743} INFO - Processing file /opt/airflow/dags/sample_dag_5.py for tasks to queue
[2023-08-23T07:27:04.236+0000] {logging_mixin.py:137} INFO - [2023-08-23T07:27:04.236+0000] {dagbag.py:532} INFO - Filling up the DagBag from /opt/airflow/dags/sample_dag_5.py
[2023-08-23T07:27:04.237+0000] {processor.py:755} WARNING - No viable dags retrieved from /opt/airflow/dags/sample_dag_5.py
[2023-08-23T07:27:04.254+0000] {processor.py:175} INFO - Processing /opt/airflow/dags/sample_dag_5.py took 0.026 seconds
[2023-08-23T07:27:34.458+0000] {processor.py:153} INFO - Started process (PID=212) to work on /opt/airflow/dags/sample_dag_5.py
[2023-08-23T07:27:34.459+0000] {processor.py:743} INFO - Processing file /opt/airflow/dags/sample_dag_5.py for tasks to queue
[2023-08-23T07:27:34.460+0000] {logging_mixin.py:137} INFO - [2023-08-23T07:27:34.459+0000] {dagbag.py:532} INFO - Filling up the DagBag from /opt/airflow/dags/sample_dag_5.py
[2023-08-23T07:27:34.461+0000] {processor.py:755} WARNING - No viable dags retrieved from /opt/airflow/dags/sample_dag_5.py
[2023-08-23T07:27:34.491+0000] {processor.py:175} INFO - Processing /opt/airflow/dags/sample_dag_5.py took 0.038 seconds
[2023-08-23T07:28:04.681+0000] {processor.py:153} INFO - Started process (PID=253) to work on /opt/airflow/dags/sample_dag_5.py
[2023-08-23T07:28:04.683+0000] {processor.py:743} INFO - Processing file /opt/airflow/dags/sample_dag_5.py for tasks to queue
[2023-08-23T07:28:04.684+0000] {logging_mixin.py:137} INFO - [2023-08-23T07:28:04.684+0000] {dagbag.py:532} INFO - Filling up the DagBag from /opt/airflow/dags/sample_dag_5.py
[2023-08-23T07:28:04.685+0000] {processor.py:755} WARNING - No viable dags retrieved from /opt/airflow/dags/sample_dag_5.py
[2023-08-23T07:28:04.700+0000] {processor.py:175} INFO - Processing /opt/airflow/dags/sample_dag_5.py took 0.021 seconds
[2023-08-23T07:28:34.894+0000] {processor.py:153} INFO - Started process (PID=301) to work on /opt/airflow/dags/sample_dag_5.py
[2023-08-23T07:28:34.895+0000] {processor.py:743} INFO - Processing file /opt/airflow/dags/sample_dag_5.py for tasks to queue
[2023-08-23T07:28:34.896+0000] {logging_mixin.py:137} INFO - [2023-08-23T07:28:34.896+0000] {dagbag.py:532} INFO - Filling up the DagBag from /opt/airflow/dags/sample_dag_5.py
[2023-08-23T07:28:34.897+0000] {processor.py:755} WARNING - No viable dags retrieved from /opt/airflow/dags/sample_dag_5.py
[2023-08-23T07:28:34.919+0000] {processor.py:175} INFO - Processing /opt/airflow/dags/sample_dag_5.py took 0.029 seconds
[2023-08-23T07:29:05.200+0000] {processor.py:153} INFO - Started process (PID=353) to work on /opt/airflow/dags/sample_dag_5.py
[2023-08-23T07:29:05.203+0000] {processor.py:743} INFO - Processing file /opt/airflow/dags/sample_dag_5.py for tasks to queue
[2023-08-23T07:29:05.204+0000] {logging_mixin.py:137} INFO - [2023-08-23T07:29:05.204+0000] {dagbag.py:532} INFO - Filling up the DagBag from /opt/airflow/dags/sample_dag_5.py
[2023-08-23T07:29:05.206+0000] {processor.py:755} WARNING - No viable dags retrieved from /opt/airflow/dags/sample_dag_5.py
[2023-08-23T07:29:05.228+0000] {processor.py:175} INFO - Processing /opt/airflow/dags/sample_dag_5.py took 0.032 seconds
[2023-08-23T07:29:35.426+0000] {processor.py:153} INFO - Started process (PID=394) to work on /opt/airflow/dags/sample_dag_5.py
[2023-08-23T07:29:35.426+0000] {processor.py:743} INFO - Processing file /opt/airflow/dags/sample_dag_5.py for tasks to queue
[2023-08-23T07:29:35.427+0000] {logging_mixin.py:137} INFO - [2023-08-23T07:29:35.427+0000] {dagbag.py:532} INFO - Filling up the DagBag from /opt/airflow/dags/sample_dag_5.py
[2023-08-23T07:29:35.428+0000] {processor.py:755} WARNING - No viable dags retrieved from /opt/airflow/dags/sample_dag_5.py
[2023-08-23T07:29:35.442+0000] {processor.py:175} INFO - Processing /opt/airflow/dags/sample_dag_5.py took 0.020 seconds
[2023-08-23T07:30:05.648+0000] {processor.py:153} INFO - Started process (PID=453) to work on /opt/airflow/dags/sample_dag_5.py
[2023-08-23T07:30:05.650+0000] {processor.py:743} INFO - Processing file /opt/airflow/dags/sample_dag_5.py for tasks to queue
[2023-08-23T07:30:05.652+0000] {logging_mixin.py:137} INFO - [2023-08-23T07:30:05.651+0000] {dagbag.py:532} INFO - Filling up the DagBag from /opt/airflow/dags/sample_dag_5.py
[2023-08-23T07:30:05.653+0000] {processor.py:755} WARNING - No viable dags retrieved from /opt/airflow/dags/sample_dag_5.py
[2023-08-23T07:30:05.668+0000] {processor.py:175} INFO - Processing /opt/airflow/dags/sample_dag_5.py took 0.024 seconds
[2023-08-23T07:30:35.863+0000] {processor.py:153} INFO - Started process (PID=494) to work on /opt/airflow/dags/sample_dag_5.py
[2023-08-23T07:30:35.864+0000] {processor.py:743} INFO - Processing file /opt/airflow/dags/sample_dag_5.py for tasks to queue
[2023-08-23T07:30:35.864+0000] {logging_mixin.py:137} INFO - [2023-08-23T07:30:35.864+0000] {dagbag.py:532} INFO - Filling up the DagBag from /opt/airflow/dags/sample_dag_5.py
[2023-08-23T07:30:35.865+0000] {processor.py:755} WARNING - No viable dags retrieved from /opt/airflow/dags/sample_dag_5.py
[2023-08-23T07:30:35.880+0000] {processor.py:175} INFO - Processing /opt/airflow/dags/sample_dag_5.py took 0.020 seconds
[2023-08-23T07:31:06.081+0000] {processor.py:153} INFO - Started process (PID=553) to work on /opt/airflow/dags/sample_dag_5.py
[2023-08-23T07:31:06.084+0000] {processor.py:743} INFO - Processing file /opt/airflow/dags/sample_dag_5.py for tasks to queue
[2023-08-23T07:31:06.085+0000] {logging_mixin.py:137} INFO - [2023-08-23T07:31:06.085+0000] {dagbag.py:532} INFO - Filling up the DagBag from /opt/airflow/dags/sample_dag_5.py
[2023-08-23T07:31:06.086+0000] {processor.py:755} WARNING - No viable dags retrieved from /opt/airflow/dags/sample_dag_5.py
[2023-08-23T07:31:06.100+0000] {processor.py:175} INFO - Processing /opt/airflow/dags/sample_dag_5.py took 0.022 seconds
[2023-08-23T07:31:36.282+0000] {processor.py:153} INFO - Started process (PID=594) to work on /opt/airflow/dags/sample_dag_5.py
[2023-08-23T07:31:36.283+0000] {processor.py:743} INFO - Processing file /opt/airflow/dags/sample_dag_5.py for tasks to queue
[2023-08-23T07:31:36.284+0000] {logging_mixin.py:137} INFO - [2023-08-23T07:31:36.284+0000] {dagbag.py:532} INFO - Filling up the DagBag from /opt/airflow/dags/sample_dag_5.py
[2023-08-23T07:31:36.285+0000] {processor.py:755} WARNING - No viable dags retrieved from /opt/airflow/dags/sample_dag_5.py
[2023-08-23T07:31:36.300+0000] {processor.py:175} INFO - Processing /opt/airflow/dags/sample_dag_5.py took 0.022 seconds
[2023-08-23T07:32:06.501+0000] {processor.py:153} INFO - Started process (PID=653) to work on /opt/airflow/dags/sample_dag_5.py
[2023-08-23T07:32:06.504+0000] {processor.py:743} INFO - Processing file /opt/airflow/dags/sample_dag_5.py for tasks to queue
[2023-08-23T07:32:06.504+0000] {logging_mixin.py:137} INFO - [2023-08-23T07:32:06.504+0000] {dagbag.py:532} INFO - Filling up the DagBag from /opt/airflow/dags/sample_dag_5.py
[2023-08-23T07:32:06.505+0000] {processor.py:755} WARNING - No viable dags retrieved from /opt/airflow/dags/sample_dag_5.py
[2023-08-23T07:32:06.519+0000] {processor.py:175} INFO - Processing /opt/airflow/dags/sample_dag_5.py took 0.021 seconds
[2023-08-23T07:32:36.710+0000] {processor.py:153} INFO - Started process (PID=694) to work on /opt/airflow/dags/sample_dag_5.py
[2023-08-23T07:32:36.711+0000] {processor.py:743} INFO - Processing file /opt/airflow/dags/sample_dag_5.py for tasks to queue
[2023-08-23T07:32:36.712+0000] {logging_mixin.py:137} INFO - [2023-08-23T07:32:36.711+0000] {dagbag.py:532} INFO - Filling up the DagBag from /opt/airflow/dags/sample_dag_5.py
[2023-08-23T07:32:36.713+0000] {processor.py:755} WARNING - No viable dags retrieved from /opt/airflow/dags/sample_dag_5.py
[2023-08-23T07:32:36.727+0000] {processor.py:175} INFO - Processing /opt/airflow/dags/sample_dag_5.py took 0.020 seconds
[2023-08-23T07:33:06.944+0000] {processor.py:153} INFO - Started process (PID=752) to work on /opt/airflow/dags/sample_dag_5.py
[2023-08-23T07:33:06.946+0000] {processor.py:743} INFO - Processing file /opt/airflow/dags/sample_dag_5.py for tasks to queue
[2023-08-23T07:33:06.947+0000] {logging_mixin.py:137} INFO - [2023-08-23T07:33:06.946+0000] {dagbag.py:532} INFO - Filling up the DagBag from /opt/airflow/dags/sample_dag_5.py
[2023-08-23T07:33:06.948+0000] {processor.py:755} WARNING - No viable dags retrieved from /opt/airflow/dags/sample_dag_5.py
[2023-08-23T07:33:06.963+0000] {processor.py:175} INFO - Processing /opt/airflow/dags/sample_dag_5.py took 0.021 seconds
[2023-08-23T07:33:37.159+0000] {processor.py:153} INFO - Started process (PID=793) to work on /opt/airflow/dags/sample_dag_5.py
[2023-08-23T07:33:37.160+0000] {processor.py:743} INFO - Processing file /opt/airflow/dags/sample_dag_5.py for tasks to queue
[2023-08-23T07:33:37.160+0000] {logging_mixin.py:137} INFO - [2023-08-23T07:33:37.160+0000] {dagbag.py:532} INFO - Filling up the DagBag from /opt/airflow/dags/sample_dag_5.py
[2023-08-23T07:33:37.161+0000] {processor.py:755} WARNING - No viable dags retrieved from /opt/airflow/dags/sample_dag_5.py
[2023-08-23T07:33:37.179+0000] {processor.py:175} INFO - Processing /opt/airflow/dags/sample_dag_5.py took 0.024 seconds
[2023-08-23T07:34:07.445+0000] {processor.py:153} INFO - Started process (PID=852) to work on /opt/airflow/dags/sample_dag_5.py
[2023-08-23T07:34:07.448+0000] {processor.py:743} INFO - Processing file /opt/airflow/dags/sample_dag_5.py for tasks to queue
[2023-08-23T07:34:07.448+0000] {logging_mixin.py:137} INFO - [2023-08-23T07:34:07.448+0000] {dagbag.py:532} INFO - Filling up the DagBag from /opt/airflow/dags/sample_dag_5.py
[2023-08-23T07:34:07.450+0000] {processor.py:755} WARNING - No viable dags retrieved from /opt/airflow/dags/sample_dag_5.py
[2023-08-23T07:34:07.469+0000] {processor.py:175} INFO - Processing /opt/airflow/dags/sample_dag_5.py took 0.028 seconds
[2023-08-23T07:34:37.671+0000] {processor.py:153} INFO - Started process (PID=893) to work on /opt/airflow/dags/sample_dag_5.py
[2023-08-23T07:34:37.672+0000] {processor.py:743} INFO - Processing file /opt/airflow/dags/sample_dag_5.py for tasks to queue
[2023-08-23T07:34:37.673+0000] {logging_mixin.py:137} INFO - [2023-08-23T07:34:37.673+0000] {dagbag.py:532} INFO - Filling up the DagBag from /opt/airflow/dags/sample_dag_5.py
[2023-08-23T07:34:37.675+0000] {processor.py:755} WARNING - No viable dags retrieved from /opt/airflow/dags/sample_dag_5.py
[2023-08-23T07:34:37.693+0000] {processor.py:175} INFO - Processing /opt/airflow/dags/sample_dag_5.py took 0.026 seconds
[2023-08-23T07:35:07.929+0000] {processor.py:153} INFO - Started process (PID=953) to work on /opt/airflow/dags/sample_dag_5.py
[2023-08-23T07:35:07.930+0000] {processor.py:743} INFO - Processing file /opt/airflow/dags/sample_dag_5.py for tasks to queue
[2023-08-23T07:35:07.931+0000] {logging_mixin.py:137} INFO - [2023-08-23T07:35:07.931+0000] {dagbag.py:532} INFO - Filling up the DagBag from /opt/airflow/dags/sample_dag_5.py
[2023-08-23T07:35:07.932+0000] {processor.py:755} WARNING - No viable dags retrieved from /opt/airflow/dags/sample_dag_5.py
[2023-08-23T07:35:07.950+0000] {processor.py:175} INFO - Processing /opt/airflow/dags/sample_dag_5.py took 0.025 seconds
[2023-08-23T07:35:38.157+0000] {processor.py:153} INFO - Started process (PID=994) to work on /opt/airflow/dags/sample_dag_5.py
[2023-08-23T07:35:38.159+0000] {processor.py:743} INFO - Processing file /opt/airflow/dags/sample_dag_5.py for tasks to queue
[2023-08-23T07:35:38.160+0000] {logging_mixin.py:137} INFO - [2023-08-23T07:35:38.160+0000] {dagbag.py:532} INFO - Filling up the DagBag from /opt/airflow/dags/sample_dag_5.py
[2023-08-23T07:35:38.162+0000] {processor.py:755} WARNING - No viable dags retrieved from /opt/airflow/dags/sample_dag_5.py
[2023-08-23T07:35:38.181+0000] {processor.py:175} INFO - Processing /opt/airflow/dags/sample_dag_5.py took 0.031 seconds
[2023-08-23T07:36:08.398+0000] {processor.py:153} INFO - Started process (PID=1053) to work on /opt/airflow/dags/sample_dag_5.py
[2023-08-23T07:36:08.398+0000] {processor.py:743} INFO - Processing file /opt/airflow/dags/sample_dag_5.py for tasks to queue
[2023-08-23T07:36:08.399+0000] {logging_mixin.py:137} INFO - [2023-08-23T07:36:08.399+0000] {dagbag.py:532} INFO - Filling up the DagBag from /opt/airflow/dags/sample_dag_5.py
[2023-08-23T07:36:08.400+0000] {processor.py:755} WARNING - No viable dags retrieved from /opt/airflow/dags/sample_dag_5.py
[2023-08-23T07:36:08.417+0000] {processor.py:175} INFO - Processing /opt/airflow/dags/sample_dag_5.py took 0.022 seconds
[2023-08-23T07:36:38.642+0000] {processor.py:153} INFO - Started process (PID=1094) to work on /opt/airflow/dags/sample_dag_5.py
[2023-08-23T07:36:38.644+0000] {processor.py:743} INFO - Processing file /opt/airflow/dags/sample_dag_5.py for tasks to queue
[2023-08-23T07:36:38.644+0000] {logging_mixin.py:137} INFO - [2023-08-23T07:36:38.644+0000] {dagbag.py:532} INFO - Filling up the DagBag from /opt/airflow/dags/sample_dag_5.py
[2023-08-23T07:36:38.645+0000] {processor.py:755} WARNING - No viable dags retrieved from /opt/airflow/dags/sample_dag_5.py
[2023-08-23T07:36:38.663+0000] {processor.py:175} INFO - Processing /opt/airflow/dags/sample_dag_5.py took 0.024 seconds
[2023-08-23T07:37:08.887+0000] {processor.py:153} INFO - Started process (PID=1153) to work on /opt/airflow/dags/sample_dag_5.py
[2023-08-23T07:37:08.887+0000] {processor.py:743} INFO - Processing file /opt/airflow/dags/sample_dag_5.py for tasks to queue
[2023-08-23T07:37:08.888+0000] {logging_mixin.py:137} INFO - [2023-08-23T07:37:08.888+0000] {dagbag.py:532} INFO - Filling up the DagBag from /opt/airflow/dags/sample_dag_5.py
[2023-08-23T07:37:08.889+0000] {processor.py:755} WARNING - No viable dags retrieved from /opt/airflow/dags/sample_dag_5.py
[2023-08-23T07:37:08.905+0000] {processor.py:175} INFO - Processing /opt/airflow/dags/sample_dag_5.py took 0.021 seconds
[2023-08-23T07:37:39.094+0000] {processor.py:153} INFO - Started process (PID=1194) to work on /opt/airflow/dags/sample_dag_5.py
[2023-08-23T07:37:39.095+0000] {processor.py:743} INFO - Processing file /opt/airflow/dags/sample_dag_5.py for tasks to queue
[2023-08-23T07:37:39.096+0000] {logging_mixin.py:137} INFO - [2023-08-23T07:37:39.096+0000] {dagbag.py:532} INFO - Filling up the DagBag from /opt/airflow/dags/sample_dag_5.py
[2023-08-23T07:37:39.097+0000] {processor.py:755} WARNING - No viable dags retrieved from /opt/airflow/dags/sample_dag_5.py
[2023-08-23T07:37:39.167+0000] {processor.py:175} INFO - Processing /opt/airflow/dags/sample_dag_5.py took 0.078 seconds
[2023-08-23T07:38:09.306+0000] {processor.py:153} INFO - Started process (PID=1253) to work on /opt/airflow/dags/sample_dag_5.py
[2023-08-23T07:38:09.307+0000] {processor.py:743} INFO - Processing file /opt/airflow/dags/sample_dag_5.py for tasks to queue
[2023-08-23T07:38:09.307+0000] {logging_mixin.py:137} INFO - [2023-08-23T07:38:09.307+0000] {dagbag.py:532} INFO - Filling up the DagBag from /opt/airflow/dags/sample_dag_5.py
[2023-08-23T07:38:09.308+0000] {processor.py:755} WARNING - No viable dags retrieved from /opt/airflow/dags/sample_dag_5.py
[2023-08-23T07:38:09.324+0000] {processor.py:175} INFO - Processing /opt/airflow/dags/sample_dag_5.py took 0.022 seconds
[2023-08-23T07:38:39.514+0000] {processor.py:153} INFO - Started process (PID=1294) to work on /opt/airflow/dags/sample_dag_5.py
[2023-08-23T07:38:39.515+0000] {processor.py:743} INFO - Processing file /opt/airflow/dags/sample_dag_5.py for tasks to queue
[2023-08-23T07:38:39.516+0000] {logging_mixin.py:137} INFO - [2023-08-23T07:38:39.516+0000] {dagbag.py:532} INFO - Filling up the DagBag from /opt/airflow/dags/sample_dag_5.py
[2023-08-23T07:38:39.517+0000] {processor.py:755} WARNING - No viable dags retrieved from /opt/airflow/dags/sample_dag_5.py
[2023-08-23T07:38:39.532+0000] {processor.py:175} INFO - Processing /opt/airflow/dags/sample_dag_5.py took 0.021 seconds
[2023-08-23T07:39:09.733+0000] {processor.py:153} INFO - Started process (PID=1353) to work on /opt/airflow/dags/sample_dag_5.py
[2023-08-23T07:39:09.733+0000] {processor.py:743} INFO - Processing file /opt/airflow/dags/sample_dag_5.py for tasks to queue
[2023-08-23T07:39:09.734+0000] {logging_mixin.py:137} INFO - [2023-08-23T07:39:09.734+0000] {dagbag.py:532} INFO - Filling up the DagBag from /opt/airflow/dags/sample_dag_5.py
[2023-08-23T07:39:09.735+0000] {processor.py:755} WARNING - No viable dags retrieved from /opt/airflow/dags/sample_dag_5.py
[2023-08-23T07:39:09.749+0000] {processor.py:175} INFO - Processing /opt/airflow/dags/sample_dag_5.py took 0.020 seconds
[2023-08-23T07:39:39.944+0000] {processor.py:153} INFO - Started process (PID=1394) to work on /opt/airflow/dags/sample_dag_5.py
[2023-08-23T07:39:39.946+0000] {processor.py:743} INFO - Processing file /opt/airflow/dags/sample_dag_5.py for tasks to queue
[2023-08-23T07:39:39.947+0000] {logging_mixin.py:137} INFO - [2023-08-23T07:39:39.947+0000] {dagbag.py:532} INFO - Filling up the DagBag from /opt/airflow/dags/sample_dag_5.py
[2023-08-23T07:39:39.948+0000] {processor.py:755} WARNING - No viable dags retrieved from /opt/airflow/dags/sample_dag_5.py
[2023-08-23T07:39:39.963+0000] {processor.py:175} INFO - Processing /opt/airflow/dags/sample_dag_5.py took 0.022 seconds
[2023-08-23T07:40:10.173+0000] {processor.py:153} INFO - Started process (PID=1453) to work on /opt/airflow/dags/sample_dag_5.py
[2023-08-23T07:40:10.174+0000] {processor.py:743} INFO - Processing file /opt/airflow/dags/sample_dag_5.py for tasks to queue
[2023-08-23T07:40:10.174+0000] {logging_mixin.py:137} INFO - [2023-08-23T07:40:10.174+0000] {dagbag.py:532} INFO - Filling up the DagBag from /opt/airflow/dags/sample_dag_5.py
[2023-08-23T07:40:10.176+0000] {processor.py:755} WARNING - No viable dags retrieved from /opt/airflow/dags/sample_dag_5.py
[2023-08-23T07:40:10.194+0000] {processor.py:175} INFO - Processing /opt/airflow/dags/sample_dag_5.py took 0.025 seconds
[2023-08-23T07:40:40.381+0000] {processor.py:153} INFO - Started process (PID=1494) to work on /opt/airflow/dags/sample_dag_5.py
[2023-08-23T07:40:40.383+0000] {processor.py:743} INFO - Processing file /opt/airflow/dags/sample_dag_5.py for tasks to queue
[2023-08-23T07:40:40.384+0000] {logging_mixin.py:137} INFO - [2023-08-23T07:40:40.384+0000] {dagbag.py:532} INFO - Filling up the DagBag from /opt/airflow/dags/sample_dag_5.py
[2023-08-23T07:40:40.385+0000] {processor.py:755} WARNING - No viable dags retrieved from /opt/airflow/dags/sample_dag_5.py
[2023-08-23T07:40:40.400+0000] {processor.py:175} INFO - Processing /opt/airflow/dags/sample_dag_5.py took 0.023 seconds
[2023-08-23T07:41:10.616+0000] {processor.py:153} INFO - Started process (PID=1553) to work on /opt/airflow/dags/sample_dag_5.py
[2023-08-23T07:41:10.616+0000] {processor.py:743} INFO - Processing file /opt/airflow/dags/sample_dag_5.py for tasks to queue
[2023-08-23T07:41:10.617+0000] {logging_mixin.py:137} INFO - [2023-08-23T07:41:10.617+0000] {dagbag.py:532} INFO - Filling up the DagBag from /opt/airflow/dags/sample_dag_5.py
[2023-08-23T07:41:10.618+0000] {processor.py:755} WARNING - No viable dags retrieved from /opt/airflow/dags/sample_dag_5.py
[2023-08-23T07:41:10.634+0000] {processor.py:175} INFO - Processing /opt/airflow/dags/sample_dag_5.py took 0.022 seconds
[2023-08-23T07:41:40.825+0000] {processor.py:153} INFO - Started process (PID=1595) to work on /opt/airflow/dags/sample_dag_5.py
[2023-08-23T07:41:40.828+0000] {processor.py:743} INFO - Processing file /opt/airflow/dags/sample_dag_5.py for tasks to queue
[2023-08-23T07:41:40.829+0000] {logging_mixin.py:137} INFO - [2023-08-23T07:41:40.829+0000] {dagbag.py:532} INFO - Filling up the DagBag from /opt/airflow/dags/sample_dag_5.py
[2023-08-23T07:41:40.830+0000] {processor.py:755} WARNING - No viable dags retrieved from /opt/airflow/dags/sample_dag_5.py
[2023-08-23T07:41:40.847+0000] {processor.py:175} INFO - Processing /opt/airflow/dags/sample_dag_5.py took 0.026 seconds
[2023-08-23T07:42:11.085+0000] {processor.py:153} INFO - Started process (PID=1655) to work on /opt/airflow/dags/sample_dag_5.py
[2023-08-23T07:42:11.086+0000] {processor.py:743} INFO - Processing file /opt/airflow/dags/sample_dag_5.py for tasks to queue
[2023-08-23T07:42:11.086+0000] {logging_mixin.py:137} INFO - [2023-08-23T07:42:11.086+0000] {dagbag.py:532} INFO - Filling up the DagBag from /opt/airflow/dags/sample_dag_5.py
[2023-08-23T07:42:11.087+0000] {processor.py:755} WARNING - No viable dags retrieved from /opt/airflow/dags/sample_dag_5.py
[2023-08-23T07:42:11.104+0000] {processor.py:175} INFO - Processing /opt/airflow/dags/sample_dag_5.py took 0.023 seconds
[2023-08-23T07:42:41.287+0000] {processor.py:153} INFO - Started process (PID=1696) to work on /opt/airflow/dags/sample_dag_5.py
[2023-08-23T07:42:41.290+0000] {processor.py:743} INFO - Processing file /opt/airflow/dags/sample_dag_5.py for tasks to queue
[2023-08-23T07:42:41.290+0000] {logging_mixin.py:137} INFO - [2023-08-23T07:42:41.290+0000] {dagbag.py:532} INFO - Filling up the DagBag from /opt/airflow/dags/sample_dag_5.py
[2023-08-23T07:42:41.291+0000] {processor.py:755} WARNING - No viable dags retrieved from /opt/airflow/dags/sample_dag_5.py
[2023-08-23T07:42:41.306+0000] {processor.py:175} INFO - Processing /opt/airflow/dags/sample_dag_5.py took 0.022 seconds
[2023-08-23T07:43:11.508+0000] {processor.py:153} INFO - Started process (PID=1755) to work on /opt/airflow/dags/sample_dag_5.py
[2023-08-23T07:43:11.509+0000] {processor.py:743} INFO - Processing file /opt/airflow/dags/sample_dag_5.py for tasks to queue
[2023-08-23T07:43:11.509+0000] {logging_mixin.py:137} INFO - [2023-08-23T07:43:11.509+0000] {dagbag.py:532} INFO - Filling up the DagBag from /opt/airflow/dags/sample_dag_5.py
[2023-08-23T07:43:11.510+0000] {processor.py:755} WARNING - No viable dags retrieved from /opt/airflow/dags/sample_dag_5.py
[2023-08-23T07:43:11.528+0000] {processor.py:175} INFO - Processing /opt/airflow/dags/sample_dag_5.py took 0.023 seconds
[2023-08-23T07:43:41.716+0000] {processor.py:153} INFO - Started process (PID=1796) to work on /opt/airflow/dags/sample_dag_5.py
[2023-08-23T07:43:41.718+0000] {processor.py:743} INFO - Processing file /opt/airflow/dags/sample_dag_5.py for tasks to queue
[2023-08-23T07:43:41.718+0000] {logging_mixin.py:137} INFO - [2023-08-23T07:43:41.718+0000] {dagbag.py:532} INFO - Filling up the DagBag from /opt/airflow/dags/sample_dag_5.py
[2023-08-23T07:43:41.719+0000] {processor.py:755} WARNING - No viable dags retrieved from /opt/airflow/dags/sample_dag_5.py
[2023-08-23T07:43:41.735+0000] {processor.py:175} INFO - Processing /opt/airflow/dags/sample_dag_5.py took 0.022 seconds
[2023-08-23T07:44:11.935+0000] {processor.py:153} INFO - Started process (PID=1855) to work on /opt/airflow/dags/sample_dag_5.py
[2023-08-23T07:44:11.938+0000] {processor.py:743} INFO - Processing file /opt/airflow/dags/sample_dag_5.py for tasks to queue
[2023-08-23T07:44:11.938+0000] {logging_mixin.py:137} INFO - [2023-08-23T07:44:11.938+0000] {dagbag.py:532} INFO - Filling up the DagBag from /opt/airflow/dags/sample_dag_5.py
[2023-08-23T07:44:11.939+0000] {processor.py:755} WARNING - No viable dags retrieved from /opt/airflow/dags/sample_dag_5.py
[2023-08-23T07:44:11.956+0000] {processor.py:175} INFO - Processing /opt/airflow/dags/sample_dag_5.py took 0.026 seconds
[2023-08-23T07:44:42.155+0000] {processor.py:153} INFO - Started process (PID=1896) to work on /opt/airflow/dags/sample_dag_5.py
[2023-08-23T07:44:42.157+0000] {processor.py:743} INFO - Processing file /opt/airflow/dags/sample_dag_5.py for tasks to queue
[2023-08-23T07:44:42.159+0000] {logging_mixin.py:137} INFO - [2023-08-23T07:44:42.158+0000] {dagbag.py:532} INFO - Filling up the DagBag from /opt/airflow/dags/sample_dag_5.py
[2023-08-23T07:44:42.160+0000] {processor.py:755} WARNING - No viable dags retrieved from /opt/airflow/dags/sample_dag_5.py
[2023-08-23T07:44:42.180+0000] {processor.py:175} INFO - Processing /opt/airflow/dags/sample_dag_5.py took 0.030 seconds
[2023-08-23T07:45:12.381+0000] {processor.py:153} INFO - Started process (PID=1937) to work on /opt/airflow/dags/sample_dag_5.py
[2023-08-23T07:45:12.384+0000] {processor.py:743} INFO - Processing file /opt/airflow/dags/sample_dag_5.py for tasks to queue
[2023-08-23T07:45:12.385+0000] {logging_mixin.py:137} INFO - [2023-08-23T07:45:12.385+0000] {dagbag.py:532} INFO - Filling up the DagBag from /opt/airflow/dags/sample_dag_5.py
[2023-08-23T07:45:12.386+0000] {processor.py:755} WARNING - No viable dags retrieved from /opt/airflow/dags/sample_dag_5.py
[2023-08-23T07:45:12.401+0000] {processor.py:175} INFO - Processing /opt/airflow/dags/sample_dag_5.py took 0.022 seconds
[2023-08-23T07:45:42.582+0000] {processor.py:153} INFO - Started process (PID=1997) to work on /opt/airflow/dags/sample_dag_5.py
[2023-08-23T07:45:42.584+0000] {processor.py:743} INFO - Processing file /opt/airflow/dags/sample_dag_5.py for tasks to queue
[2023-08-23T07:45:42.585+0000] {logging_mixin.py:137} INFO - [2023-08-23T07:45:42.584+0000] {dagbag.py:532} INFO - Filling up the DagBag from /opt/airflow/dags/sample_dag_5.py
[2023-08-23T07:45:42.586+0000] {processor.py:755} WARNING - No viable dags retrieved from /opt/airflow/dags/sample_dag_5.py
[2023-08-23T07:45:42.602+0000] {processor.py:175} INFO - Processing /opt/airflow/dags/sample_dag_5.py took 0.023 seconds
[2023-08-23T07:46:12.803+0000] {processor.py:153} INFO - Started process (PID=2038) to work on /opt/airflow/dags/sample_dag_5.py
[2023-08-23T07:46:12.804+0000] {processor.py:743} INFO - Processing file /opt/airflow/dags/sample_dag_5.py for tasks to queue
[2023-08-23T07:46:12.805+0000] {logging_mixin.py:137} INFO - [2023-08-23T07:46:12.805+0000] {dagbag.py:532} INFO - Filling up the DagBag from /opt/airflow/dags/sample_dag_5.py
[2023-08-23T07:46:12.807+0000] {processor.py:755} WARNING - No viable dags retrieved from /opt/airflow/dags/sample_dag_5.py
[2023-08-23T07:46:12.824+0000] {processor.py:175} INFO - Processing /opt/airflow/dags/sample_dag_5.py took 0.024 seconds
[2023-08-23T07:46:43.037+0000] {processor.py:153} INFO - Started process (PID=2097) to work on /opt/airflow/dags/sample_dag_5.py
[2023-08-23T07:46:43.041+0000] {processor.py:743} INFO - Processing file /opt/airflow/dags/sample_dag_5.py for tasks to queue
[2023-08-23T07:46:43.043+0000] {logging_mixin.py:137} INFO - [2023-08-23T07:46:43.043+0000] {dagbag.py:532} INFO - Filling up the DagBag from /opt/airflow/dags/sample_dag_5.py
[2023-08-23T07:46:43.046+0000] {processor.py:755} WARNING - No viable dags retrieved from /opt/airflow/dags/sample_dag_5.py
[2023-08-23T07:46:43.074+0000] {processor.py:175} INFO - Processing /opt/airflow/dags/sample_dag_5.py took 0.046 seconds
[2023-08-23T07:47:13.284+0000] {processor.py:153} INFO - Started process (PID=2138) to work on /opt/airflow/dags/sample_dag_5.py
[2023-08-23T07:47:13.287+0000] {processor.py:743} INFO - Processing file /opt/airflow/dags/sample_dag_5.py for tasks to queue
[2023-08-23T07:47:13.288+0000] {logging_mixin.py:137} INFO - [2023-08-23T07:47:13.288+0000] {dagbag.py:532} INFO - Filling up the DagBag from /opt/airflow/dags/sample_dag_5.py
[2023-08-23T07:47:13.289+0000] {processor.py:755} WARNING - No viable dags retrieved from /opt/airflow/dags/sample_dag_5.py
[2023-08-23T07:47:13.305+0000] {processor.py:175} INFO - Processing /opt/airflow/dags/sample_dag_5.py took 0.024 seconds
[2023-08-23T07:47:43.496+0000] {processor.py:153} INFO - Started process (PID=2179) to work on /opt/airflow/dags/sample_dag_5.py
[2023-08-23T07:47:43.498+0000] {processor.py:743} INFO - Processing file /opt/airflow/dags/sample_dag_5.py for tasks to queue
[2023-08-23T07:47:43.498+0000] {logging_mixin.py:137} INFO - [2023-08-23T07:47:43.498+0000] {dagbag.py:532} INFO - Filling up the DagBag from /opt/airflow/dags/sample_dag_5.py
[2023-08-23T07:47:43.500+0000] {processor.py:755} WARNING - No viable dags retrieved from /opt/airflow/dags/sample_dag_5.py
[2023-08-23T07:47:43.515+0000] {processor.py:175} INFO - Processing /opt/airflow/dags/sample_dag_5.py took 0.022 seconds
[2023-08-23T07:48:13.719+0000] {processor.py:153} INFO - Started process (PID=2238) to work on /opt/airflow/dags/sample_dag_5.py
[2023-08-23T07:48:13.720+0000] {processor.py:743} INFO - Processing file /opt/airflow/dags/sample_dag_5.py for tasks to queue
[2023-08-23T07:48:13.721+0000] {logging_mixin.py:137} INFO - [2023-08-23T07:48:13.721+0000] {dagbag.py:532} INFO - Filling up the DagBag from /opt/airflow/dags/sample_dag_5.py
[2023-08-23T07:48:13.722+0000] {processor.py:755} WARNING - No viable dags retrieved from /opt/airflow/dags/sample_dag_5.py
[2023-08-23T07:48:13.737+0000] {processor.py:175} INFO - Processing /opt/airflow/dags/sample_dag_5.py took 0.021 seconds
[2023-08-23T07:48:43.945+0000] {processor.py:153} INFO - Started process (PID=2279) to work on /opt/airflow/dags/sample_dag_5.py
[2023-08-23T07:48:43.946+0000] {processor.py:743} INFO - Processing file /opt/airflow/dags/sample_dag_5.py for tasks to queue
[2023-08-23T07:48:43.947+0000] {logging_mixin.py:137} INFO - [2023-08-23T07:48:43.947+0000] {dagbag.py:532} INFO - Filling up the DagBag from /opt/airflow/dags/sample_dag_5.py
[2023-08-23T07:48:43.948+0000] {processor.py:755} WARNING - No viable dags retrieved from /opt/airflow/dags/sample_dag_5.py
[2023-08-23T07:48:43.964+0000] {processor.py:175} INFO - Processing /opt/airflow/dags/sample_dag_5.py took 0.023 seconds
[2023-08-23T07:49:14.169+0000] {processor.py:153} INFO - Started process (PID=2338) to work on /opt/airflow/dags/sample_dag_5.py
[2023-08-23T07:49:14.171+0000] {processor.py:743} INFO - Processing file /opt/airflow/dags/sample_dag_5.py for tasks to queue
[2023-08-23T07:49:14.172+0000] {logging_mixin.py:137} INFO - [2023-08-23T07:49:14.171+0000] {dagbag.py:532} INFO - Filling up the DagBag from /opt/airflow/dags/sample_dag_5.py
[2023-08-23T07:49:14.173+0000] {processor.py:755} WARNING - No viable dags retrieved from /opt/airflow/dags/sample_dag_5.py
[2023-08-23T07:49:14.195+0000] {processor.py:175} INFO - Processing /opt/airflow/dags/sample_dag_5.py took 0.029 seconds
[2023-08-23T07:49:44.431+0000] {processor.py:153} INFO - Started process (PID=2379) to work on /opt/airflow/dags/sample_dag_5.py
[2023-08-23T07:49:44.435+0000] {processor.py:743} INFO - Processing file /opt/airflow/dags/sample_dag_5.py for tasks to queue
[2023-08-23T07:49:44.436+0000] {logging_mixin.py:137} INFO - [2023-08-23T07:49:44.436+0000] {dagbag.py:532} INFO - Filling up the DagBag from /opt/airflow/dags/sample_dag_5.py
[2023-08-23T07:49:44.440+0000] {processor.py:755} WARNING - No viable dags retrieved from /opt/airflow/dags/sample_dag_5.py
[2023-08-23T07:49:44.471+0000] {processor.py:175} INFO - Processing /opt/airflow/dags/sample_dag_5.py took 0.047 seconds
[2023-08-23T07:50:14.758+0000] {processor.py:153} INFO - Started process (PID=2420) to work on /opt/airflow/dags/sample_dag_5.py
[2023-08-23T07:50:14.761+0000] {processor.py:743} INFO - Processing file /opt/airflow/dags/sample_dag_5.py for tasks to queue
[2023-08-23T07:50:14.762+0000] {logging_mixin.py:137} INFO - [2023-08-23T07:50:14.762+0000] {dagbag.py:532} INFO - Filling up the DagBag from /opt/airflow/dags/sample_dag_5.py
[2023-08-23T07:50:14.766+0000] {processor.py:755} WARNING - No viable dags retrieved from /opt/airflow/dags/sample_dag_5.py
[2023-08-23T07:50:14.785+0000] {processor.py:175} INFO - Processing /opt/airflow/dags/sample_dag_5.py took 0.035 seconds
[2023-08-23T07:50:44.979+0000] {processor.py:153} INFO - Started process (PID=2479) to work on /opt/airflow/dags/sample_dag_5.py
[2023-08-23T07:50:44.981+0000] {processor.py:743} INFO - Processing file /opt/airflow/dags/sample_dag_5.py for tasks to queue
[2023-08-23T07:50:44.981+0000] {logging_mixin.py:137} INFO - [2023-08-23T07:50:44.981+0000] {dagbag.py:532} INFO - Filling up the DagBag from /opt/airflow/dags/sample_dag_5.py
[2023-08-23T07:50:44.983+0000] {processor.py:755} WARNING - No viable dags retrieved from /opt/airflow/dags/sample_dag_5.py
[2023-08-23T07:50:44.998+0000] {processor.py:175} INFO - Processing /opt/airflow/dags/sample_dag_5.py took 0.023 seconds
[2023-08-23T07:51:15.213+0000] {processor.py:153} INFO - Started process (PID=2520) to work on /opt/airflow/dags/sample_dag_5.py
[2023-08-23T07:51:15.215+0000] {processor.py:743} INFO - Processing file /opt/airflow/dags/sample_dag_5.py for tasks to queue
[2023-08-23T07:51:15.217+0000] {logging_mixin.py:137} INFO - [2023-08-23T07:51:15.216+0000] {dagbag.py:532} INFO - Filling up the DagBag from /opt/airflow/dags/sample_dag_5.py
[2023-08-23T07:51:15.218+0000] {processor.py:755} WARNING - No viable dags retrieved from /opt/airflow/dags/sample_dag_5.py
[2023-08-23T07:51:15.238+0000] {processor.py:175} INFO - Processing /opt/airflow/dags/sample_dag_5.py took 0.028 seconds
[2023-08-23T07:51:45.421+0000] {processor.py:153} INFO - Started process (PID=2579) to work on /opt/airflow/dags/sample_dag_5.py
[2023-08-23T07:51:45.422+0000] {processor.py:743} INFO - Processing file /opt/airflow/dags/sample_dag_5.py for tasks to queue
[2023-08-23T07:51:45.423+0000] {logging_mixin.py:137} INFO - [2023-08-23T07:51:45.423+0000] {dagbag.py:532} INFO - Filling up the DagBag from /opt/airflow/dags/sample_dag_5.py
[2023-08-23T07:51:45.424+0000] {processor.py:755} WARNING - No viable dags retrieved from /opt/airflow/dags/sample_dag_5.py
[2023-08-23T07:51:45.439+0000] {processor.py:175} INFO - Processing /opt/airflow/dags/sample_dag_5.py took 0.021 seconds
[2023-08-23T07:52:15.657+0000] {processor.py:153} INFO - Started process (PID=2620) to work on /opt/airflow/dags/sample_dag_5.py
[2023-08-23T07:52:15.658+0000] {processor.py:743} INFO - Processing file /opt/airflow/dags/sample_dag_5.py for tasks to queue
[2023-08-23T07:52:15.658+0000] {logging_mixin.py:137} INFO - [2023-08-23T07:52:15.658+0000] {dagbag.py:532} INFO - Filling up the DagBag from /opt/airflow/dags/sample_dag_5.py
[2023-08-23T07:52:15.659+0000] {processor.py:755} WARNING - No viable dags retrieved from /opt/airflow/dags/sample_dag_5.py
[2023-08-23T07:52:15.673+0000] {processor.py:175} INFO - Processing /opt/airflow/dags/sample_dag_5.py took 0.020 seconds
[2023-08-23T07:52:45.878+0000] {processor.py:153} INFO - Started process (PID=2679) to work on /opt/airflow/dags/sample_dag_5.py
[2023-08-23T07:52:45.881+0000] {processor.py:743} INFO - Processing file /opt/airflow/dags/sample_dag_5.py for tasks to queue
[2023-08-23T07:52:45.882+0000] {logging_mixin.py:137} INFO - [2023-08-23T07:52:45.882+0000] {dagbag.py:532} INFO - Filling up the DagBag from /opt/airflow/dags/sample_dag_5.py
[2023-08-23T07:52:45.883+0000] {processor.py:755} WARNING - No viable dags retrieved from /opt/airflow/dags/sample_dag_5.py
[2023-08-23T07:52:45.897+0000] {processor.py:175} INFO - Processing /opt/airflow/dags/sample_dag_5.py took 0.022 seconds
[2023-08-23T07:53:16.090+0000] {processor.py:153} INFO - Started process (PID=2720) to work on /opt/airflow/dags/sample_dag_5.py
[2023-08-23T07:53:16.091+0000] {processor.py:743} INFO - Processing file /opt/airflow/dags/sample_dag_5.py for tasks to queue
[2023-08-23T07:53:16.091+0000] {logging_mixin.py:137} INFO - [2023-08-23T07:53:16.091+0000] {dagbag.py:532} INFO - Filling up the DagBag from /opt/airflow/dags/sample_dag_5.py
[2023-08-23T07:53:16.092+0000] {processor.py:755} WARNING - No viable dags retrieved from /opt/airflow/dags/sample_dag_5.py
[2023-08-23T07:53:16.111+0000] {processor.py:175} INFO - Processing /opt/airflow/dags/sample_dag_5.py took 0.024 seconds
[2023-08-23T07:53:46.334+0000] {processor.py:153} INFO - Started process (PID=2779) to work on /opt/airflow/dags/sample_dag_5.py
[2023-08-23T07:53:46.337+0000] {processor.py:743} INFO - Processing file /opt/airflow/dags/sample_dag_5.py for tasks to queue
[2023-08-23T07:53:46.339+0000] {logging_mixin.py:137} INFO - [2023-08-23T07:53:46.339+0000] {dagbag.py:532} INFO - Filling up the DagBag from /opt/airflow/dags/sample_dag_5.py
[2023-08-23T07:53:46.341+0000] {processor.py:755} WARNING - No viable dags retrieved from /opt/airflow/dags/sample_dag_5.py
[2023-08-23T07:53:46.356+0000] {processor.py:175} INFO - Processing /opt/airflow/dags/sample_dag_5.py took 0.027 seconds
[2023-08-23T07:54:16.562+0000] {processor.py:153} INFO - Started process (PID=2820) to work on /opt/airflow/dags/sample_dag_5.py
[2023-08-23T07:54:16.562+0000] {processor.py:743} INFO - Processing file /opt/airflow/dags/sample_dag_5.py for tasks to queue
[2023-08-23T07:54:16.563+0000] {logging_mixin.py:137} INFO - [2023-08-23T07:54:16.563+0000] {dagbag.py:532} INFO - Filling up the DagBag from /opt/airflow/dags/sample_dag_5.py
[2023-08-23T07:54:16.564+0000] {processor.py:755} WARNING - No viable dags retrieved from /opt/airflow/dags/sample_dag_5.py
[2023-08-23T07:54:16.579+0000] {processor.py:175} INFO - Processing /opt/airflow/dags/sample_dag_5.py took 0.020 seconds
[2023-08-23T07:54:46.769+0000] {processor.py:153} INFO - Started process (PID=2879) to work on /opt/airflow/dags/sample_dag_5.py
[2023-08-23T07:54:46.772+0000] {processor.py:743} INFO - Processing file /opt/airflow/dags/sample_dag_5.py for tasks to queue
[2023-08-23T07:54:46.773+0000] {logging_mixin.py:137} INFO - [2023-08-23T07:54:46.773+0000] {dagbag.py:532} INFO - Filling up the DagBag from /opt/airflow/dags/sample_dag_5.py
[2023-08-23T07:54:46.774+0000] {processor.py:755} WARNING - No viable dags retrieved from /opt/airflow/dags/sample_dag_5.py
[2023-08-23T07:54:46.789+0000] {processor.py:175} INFO - Processing /opt/airflow/dags/sample_dag_5.py took 0.023 seconds
[2023-08-23T07:55:16.990+0000] {processor.py:153} INFO - Started process (PID=2920) to work on /opt/airflow/dags/sample_dag_5.py
[2023-08-23T07:55:16.992+0000] {processor.py:743} INFO - Processing file /opt/airflow/dags/sample_dag_5.py for tasks to queue
[2023-08-23T07:55:16.993+0000] {logging_mixin.py:137} INFO - [2023-08-23T07:55:16.993+0000] {dagbag.py:532} INFO - Filling up the DagBag from /opt/airflow/dags/sample_dag_5.py
[2023-08-23T07:55:16.995+0000] {processor.py:755} WARNING - No viable dags retrieved from /opt/airflow/dags/sample_dag_5.py
[2023-08-23T07:55:17.012+0000] {processor.py:175} INFO - Processing /opt/airflow/dags/sample_dag_5.py took 0.026 seconds
[2023-08-23T07:55:47.208+0000] {processor.py:153} INFO - Started process (PID=2979) to work on /opt/airflow/dags/sample_dag_5.py
[2023-08-23T07:55:47.208+0000] {processor.py:743} INFO - Processing file /opt/airflow/dags/sample_dag_5.py for tasks to queue
[2023-08-23T07:55:47.209+0000] {logging_mixin.py:137} INFO - [2023-08-23T07:55:47.209+0000] {dagbag.py:532} INFO - Filling up the DagBag from /opt/airflow/dags/sample_dag_5.py
[2023-08-23T07:55:47.210+0000] {processor.py:755} WARNING - No viable dags retrieved from /opt/airflow/dags/sample_dag_5.py
[2023-08-23T07:55:47.227+0000] {processor.py:175} INFO - Processing /opt/airflow/dags/sample_dag_5.py took 0.023 seconds
[2023-08-23T07:56:17.461+0000] {processor.py:153} INFO - Started process (PID=3020) to work on /opt/airflow/dags/sample_dag_5.py
[2023-08-23T07:56:17.463+0000] {processor.py:743} INFO - Processing file /opt/airflow/dags/sample_dag_5.py for tasks to queue
[2023-08-23T07:56:17.464+0000] {logging_mixin.py:137} INFO - [2023-08-23T07:56:17.464+0000] {dagbag.py:532} INFO - Filling up the DagBag from /opt/airflow/dags/sample_dag_5.py
[2023-08-23T07:56:17.465+0000] {processor.py:755} WARNING - No viable dags retrieved from /opt/airflow/dags/sample_dag_5.py
[2023-08-23T07:56:17.481+0000] {processor.py:175} INFO - Processing /opt/airflow/dags/sample_dag_5.py took 0.024 seconds
[2023-08-23T07:56:47.690+0000] {processor.py:153} INFO - Started process (PID=3079) to work on /opt/airflow/dags/sample_dag_5.py
[2023-08-23T07:56:47.691+0000] {processor.py:743} INFO - Processing file /opt/airflow/dags/sample_dag_5.py for tasks to queue
[2023-08-23T07:56:47.691+0000] {logging_mixin.py:137} INFO - [2023-08-23T07:56:47.691+0000] {dagbag.py:532} INFO - Filling up the DagBag from /opt/airflow/dags/sample_dag_5.py
[2023-08-23T07:56:47.692+0000] {processor.py:755} WARNING - No viable dags retrieved from /opt/airflow/dags/sample_dag_5.py
[2023-08-23T07:56:47.707+0000] {processor.py:175} INFO - Processing /opt/airflow/dags/sample_dag_5.py took 0.020 seconds
[2023-08-23T07:57:18.103+0000] {processor.py:153} INFO - Started process (PID=3120) to work on /opt/airflow/dags/sample_dag_5.py
[2023-08-23T07:57:18.115+0000] {processor.py:743} INFO - Processing file /opt/airflow/dags/sample_dag_5.py for tasks to queue
[2023-08-23T07:57:18.121+0000] {logging_mixin.py:137} INFO - [2023-08-23T07:57:18.120+0000] {dagbag.py:532} INFO - Filling up the DagBag from /opt/airflow/dags/sample_dag_5.py
[2023-08-23T07:57:18.128+0000] {processor.py:755} WARNING - No viable dags retrieved from /opt/airflow/dags/sample_dag_5.py
[2023-08-23T07:57:18.227+0000] {processor.py:175} INFO - Processing /opt/airflow/dags/sample_dag_5.py took 0.156 seconds
[2023-08-23T07:57:48.746+0000] {processor.py:153} INFO - Started process (PID=3161) to work on /opt/airflow/dags/sample_dag_5.py
[2023-08-23T07:57:48.747+0000] {processor.py:743} INFO - Processing file /opt/airflow/dags/sample_dag_5.py for tasks to queue
[2023-08-23T07:57:48.748+0000] {logging_mixin.py:137} INFO - [2023-08-23T07:57:48.747+0000] {dagbag.py:532} INFO - Filling up the DagBag from /opt/airflow/dags/sample_dag_5.py
[2023-08-23T07:57:48.749+0000] {processor.py:755} WARNING - No viable dags retrieved from /opt/airflow/dags/sample_dag_5.py
[2023-08-23T07:57:48.775+0000] {processor.py:175} INFO - Processing /opt/airflow/dags/sample_dag_5.py took 0.034 seconds
[2023-08-23T07:58:19.033+0000] {processor.py:153} INFO - Started process (PID=3203) to work on /opt/airflow/dags/sample_dag_5.py
[2023-08-23T07:58:19.035+0000] {processor.py:743} INFO - Processing file /opt/airflow/dags/sample_dag_5.py for tasks to queue
[2023-08-23T07:58:19.036+0000] {logging_mixin.py:137} INFO - [2023-08-23T07:58:19.036+0000] {dagbag.py:532} INFO - Filling up the DagBag from /opt/airflow/dags/sample_dag_5.py
[2023-08-23T07:58:19.039+0000] {processor.py:755} WARNING - No viable dags retrieved from /opt/airflow/dags/sample_dag_5.py
[2023-08-23T07:58:19.068+0000] {processor.py:175} INFO - Processing /opt/airflow/dags/sample_dag_5.py took 0.042 seconds
[2023-08-23T07:58:49.330+0000] {processor.py:153} INFO - Started process (PID=3244) to work on /opt/airflow/dags/sample_dag_5.py
[2023-08-23T07:58:49.333+0000] {processor.py:743} INFO - Processing file /opt/airflow/dags/sample_dag_5.py for tasks to queue
[2023-08-23T07:58:49.335+0000] {logging_mixin.py:137} INFO - [2023-08-23T07:58:49.335+0000] {dagbag.py:532} INFO - Filling up the DagBag from /opt/airflow/dags/sample_dag_5.py
[2023-08-23T07:58:49.337+0000] {processor.py:755} WARNING - No viable dags retrieved from /opt/airflow/dags/sample_dag_5.py
[2023-08-23T07:58:49.359+0000] {processor.py:175} INFO - Processing /opt/airflow/dags/sample_dag_5.py took 0.033 seconds
[2023-08-23T07:59:19.704+0000] {processor.py:153} INFO - Started process (PID=3285) to work on /opt/airflow/dags/sample_dag_5.py
[2023-08-23T07:59:19.707+0000] {processor.py:743} INFO - Processing file /opt/airflow/dags/sample_dag_5.py for tasks to queue
[2023-08-23T07:59:19.709+0000] {logging_mixin.py:137} INFO - [2023-08-23T07:59:19.708+0000] {dagbag.py:532} INFO - Filling up the DagBag from /opt/airflow/dags/sample_dag_5.py
[2023-08-23T07:59:19.711+0000] {processor.py:755} WARNING - No viable dags retrieved from /opt/airflow/dags/sample_dag_5.py
[2023-08-23T07:59:19.735+0000] {processor.py:175} INFO - Processing /opt/airflow/dags/sample_dag_5.py took 0.035 seconds
[2023-08-23T07:59:50.009+0000] {processor.py:153} INFO - Started process (PID=3326) to work on /opt/airflow/dags/sample_dag_5.py
[2023-08-23T07:59:50.010+0000] {processor.py:743} INFO - Processing file /opt/airflow/dags/sample_dag_5.py for tasks to queue
[2023-08-23T07:59:50.011+0000] {logging_mixin.py:137} INFO - [2023-08-23T07:59:50.011+0000] {dagbag.py:532} INFO - Filling up the DagBag from /opt/airflow/dags/sample_dag_5.py
[2023-08-23T07:59:50.013+0000] {processor.py:755} WARNING - No viable dags retrieved from /opt/airflow/dags/sample_dag_5.py
[2023-08-23T07:59:50.036+0000] {processor.py:175} INFO - Processing /opt/airflow/dags/sample_dag_5.py took 0.032 seconds
[2023-08-23T08:00:20.342+0000] {processor.py:153} INFO - Started process (PID=3367) to work on /opt/airflow/dags/sample_dag_5.py
[2023-08-23T08:00:20.344+0000] {processor.py:743} INFO - Processing file /opt/airflow/dags/sample_dag_5.py for tasks to queue
[2023-08-23T08:00:20.344+0000] {logging_mixin.py:137} INFO - [2023-08-23T08:00:20.344+0000] {dagbag.py:532} INFO - Filling up the DagBag from /opt/airflow/dags/sample_dag_5.py
[2023-08-23T08:00:20.347+0000] {processor.py:755} WARNING - No viable dags retrieved from /opt/airflow/dags/sample_dag_5.py
[2023-08-23T08:00:20.381+0000] {processor.py:175} INFO - Processing /opt/airflow/dags/sample_dag_5.py took 0.045 seconds
[2023-08-23T08:00:50.650+0000] {processor.py:153} INFO - Started process (PID=3409) to work on /opt/airflow/dags/sample_dag_5.py
[2023-08-23T08:00:50.650+0000] {processor.py:743} INFO - Processing file /opt/airflow/dags/sample_dag_5.py for tasks to queue
[2023-08-23T08:00:50.652+0000] {logging_mixin.py:137} INFO - [2023-08-23T08:00:50.651+0000] {dagbag.py:532} INFO - Filling up the DagBag from /opt/airflow/dags/sample_dag_5.py
[2023-08-23T08:00:50.653+0000] {processor.py:755} WARNING - No viable dags retrieved from /opt/airflow/dags/sample_dag_5.py
[2023-08-23T08:00:50.679+0000] {processor.py:175} INFO - Processing /opt/airflow/dags/sample_dag_5.py took 0.036 seconds
[2023-08-23T08:01:20.912+0000] {processor.py:153} INFO - Started process (PID=3450) to work on /opt/airflow/dags/sample_dag_5.py
[2023-08-23T08:01:20.914+0000] {processor.py:743} INFO - Processing file /opt/airflow/dags/sample_dag_5.py for tasks to queue
[2023-08-23T08:01:20.915+0000] {logging_mixin.py:137} INFO - [2023-08-23T08:01:20.915+0000] {dagbag.py:532} INFO - Filling up the DagBag from /opt/airflow/dags/sample_dag_5.py
[2023-08-23T08:01:20.918+0000] {processor.py:755} WARNING - No viable dags retrieved from /opt/airflow/dags/sample_dag_5.py
[2023-08-23T08:01:20.945+0000] {processor.py:175} INFO - Processing /opt/airflow/dags/sample_dag_5.py took 0.038 seconds
[2023-08-23T08:01:51.184+0000] {processor.py:153} INFO - Started process (PID=3491) to work on /opt/airflow/dags/sample_dag_5.py
[2023-08-23T08:01:51.185+0000] {processor.py:743} INFO - Processing file /opt/airflow/dags/sample_dag_5.py for tasks to queue
[2023-08-23T08:01:51.186+0000] {logging_mixin.py:137} INFO - [2023-08-23T08:01:51.186+0000] {dagbag.py:532} INFO - Filling up the DagBag from /opt/airflow/dags/sample_dag_5.py
[2023-08-23T08:01:51.188+0000] {processor.py:755} WARNING - No viable dags retrieved from /opt/airflow/dags/sample_dag_5.py
[2023-08-23T08:01:51.209+0000] {processor.py:175} INFO - Processing /opt/airflow/dags/sample_dag_5.py took 0.031 seconds
[2023-08-23T08:02:21.482+0000] {processor.py:153} INFO - Started process (PID=3532) to work on /opt/airflow/dags/sample_dag_5.py
[2023-08-23T08:02:21.485+0000] {processor.py:743} INFO - Processing file /opt/airflow/dags/sample_dag_5.py for tasks to queue
[2023-08-23T08:02:21.486+0000] {logging_mixin.py:137} INFO - [2023-08-23T08:02:21.486+0000] {dagbag.py:532} INFO - Filling up the DagBag from /opt/airflow/dags/sample_dag_5.py
[2023-08-23T08:02:21.489+0000] {processor.py:755} WARNING - No viable dags retrieved from /opt/airflow/dags/sample_dag_5.py
[2023-08-23T08:02:21.511+0000] {processor.py:175} INFO - Processing /opt/airflow/dags/sample_dag_5.py took 0.033 seconds
[2023-08-23T08:02:51.846+0000] {processor.py:153} INFO - Started process (PID=3580) to work on /opt/airflow/dags/sample_dag_5.py
[2023-08-23T08:02:51.850+0000] {processor.py:743} INFO - Processing file /opt/airflow/dags/sample_dag_5.py for tasks to queue
[2023-08-23T08:02:51.854+0000] {logging_mixin.py:137} INFO - [2023-08-23T08:02:51.853+0000] {dagbag.py:532} INFO - Filling up the DagBag from /opt/airflow/dags/sample_dag_5.py
[2023-08-23T08:02:51.863+0000] {processor.py:755} WARNING - No viable dags retrieved from /opt/airflow/dags/sample_dag_5.py
[2023-08-23T08:02:51.973+0000] {processor.py:175} INFO - Processing /opt/airflow/dags/sample_dag_5.py took 0.149 seconds
[2023-08-23T08:03:22.580+0000] {processor.py:153} INFO - Started process (PID=3614) to work on /opt/airflow/dags/sample_dag_5.py
[2023-08-23T08:03:22.582+0000] {processor.py:743} INFO - Processing file /opt/airflow/dags/sample_dag_5.py for tasks to queue
[2023-08-23T08:03:22.584+0000] {logging_mixin.py:137} INFO - [2023-08-23T08:03:22.583+0000] {dagbag.py:532} INFO - Filling up the DagBag from /opt/airflow/dags/sample_dag_5.py
[2023-08-23T08:03:22.586+0000] {processor.py:755} WARNING - No viable dags retrieved from /opt/airflow/dags/sample_dag_5.py
[2023-08-23T08:03:22.617+0000] {processor.py:175} INFO - Processing /opt/airflow/dags/sample_dag_5.py took 0.045 seconds
[2023-08-23T08:03:52.889+0000] {processor.py:153} INFO - Started process (PID=3655) to work on /opt/airflow/dags/sample_dag_5.py
[2023-08-23T08:03:52.891+0000] {processor.py:743} INFO - Processing file /opt/airflow/dags/sample_dag_5.py for tasks to queue
[2023-08-23T08:03:52.892+0000] {logging_mixin.py:137} INFO - [2023-08-23T08:03:52.891+0000] {dagbag.py:532} INFO - Filling up the DagBag from /opt/airflow/dags/sample_dag_5.py
[2023-08-23T08:03:52.893+0000] {processor.py:755} WARNING - No viable dags retrieved from /opt/airflow/dags/sample_dag_5.py
[2023-08-23T08:03:52.915+0000] {processor.py:175} INFO - Processing /opt/airflow/dags/sample_dag_5.py took 0.031 seconds
[2023-08-23T08:04:23.205+0000] {processor.py:153} INFO - Started process (PID=3696) to work on /opt/airflow/dags/sample_dag_5.py
[2023-08-23T08:04:23.207+0000] {processor.py:743} INFO - Processing file /opt/airflow/dags/sample_dag_5.py for tasks to queue
[2023-08-23T08:04:23.208+0000] {logging_mixin.py:137} INFO - [2023-08-23T08:04:23.208+0000] {dagbag.py:532} INFO - Filling up the DagBag from /opt/airflow/dags/sample_dag_5.py
[2023-08-23T08:04:23.210+0000] {processor.py:755} WARNING - No viable dags retrieved from /opt/airflow/dags/sample_dag_5.py
[2023-08-23T08:04:23.232+0000] {processor.py:175} INFO - Processing /opt/airflow/dags/sample_dag_5.py took 0.033 seconds
[2023-08-23T08:04:53.545+0000] {processor.py:153} INFO - Started process (PID=3737) to work on /opt/airflow/dags/sample_dag_5.py
[2023-08-23T08:04:53.547+0000] {processor.py:743} INFO - Processing file /opt/airflow/dags/sample_dag_5.py for tasks to queue
[2023-08-23T08:04:53.548+0000] {logging_mixin.py:137} INFO - [2023-08-23T08:04:53.548+0000] {dagbag.py:532} INFO - Filling up the DagBag from /opt/airflow/dags/sample_dag_5.py
[2023-08-23T08:04:53.551+0000] {processor.py:755} WARNING - No viable dags retrieved from /opt/airflow/dags/sample_dag_5.py
[2023-08-23T08:04:53.582+0000] {processor.py:175} INFO - Processing /opt/airflow/dags/sample_dag_5.py took 0.043 seconds
[2023-08-23T08:05:23.894+0000] {processor.py:153} INFO - Started process (PID=3778) to work on /opt/airflow/dags/sample_dag_5.py
[2023-08-23T08:05:23.895+0000] {processor.py:743} INFO - Processing file /opt/airflow/dags/sample_dag_5.py for tasks to queue
[2023-08-23T08:05:23.896+0000] {logging_mixin.py:137} INFO - [2023-08-23T08:05:23.896+0000] {dagbag.py:532} INFO - Filling up the DagBag from /opt/airflow/dags/sample_dag_5.py
[2023-08-23T08:05:23.897+0000] {processor.py:755} WARNING - No viable dags retrieved from /opt/airflow/dags/sample_dag_5.py
[2023-08-23T08:05:23.923+0000] {processor.py:175} INFO - Processing /opt/airflow/dags/sample_dag_5.py took 0.033 seconds
[2023-08-23T08:05:54.203+0000] {processor.py:153} INFO - Started process (PID=3819) to work on /opt/airflow/dags/sample_dag_5.py
[2023-08-23T08:05:54.205+0000] {processor.py:743} INFO - Processing file /opt/airflow/dags/sample_dag_5.py for tasks to queue
[2023-08-23T08:05:54.207+0000] {logging_mixin.py:137} INFO - [2023-08-23T08:05:54.206+0000] {dagbag.py:532} INFO - Filling up the DagBag from /opt/airflow/dags/sample_dag_5.py
[2023-08-23T08:05:54.209+0000] {processor.py:755} WARNING - No viable dags retrieved from /opt/airflow/dags/sample_dag_5.py
[2023-08-23T08:05:54.234+0000] {processor.py:175} INFO - Processing /opt/airflow/dags/sample_dag_5.py took 0.036 seconds
[2023-08-23T08:06:24.561+0000] {processor.py:153} INFO - Started process (PID=3860) to work on /opt/airflow/dags/sample_dag_5.py
[2023-08-23T08:06:24.564+0000] {processor.py:743} INFO - Processing file /opt/airflow/dags/sample_dag_5.py for tasks to queue
[2023-08-23T08:06:24.567+0000] {logging_mixin.py:137} INFO - [2023-08-23T08:06:24.566+0000] {dagbag.py:532} INFO - Filling up the DagBag from /opt/airflow/dags/sample_dag_5.py
[2023-08-23T08:06:24.571+0000] {processor.py:755} WARNING - No viable dags retrieved from /opt/airflow/dags/sample_dag_5.py
[2023-08-23T08:06:24.605+0000] {processor.py:175} INFO - Processing /opt/airflow/dags/sample_dag_5.py took 0.053 seconds
[2023-08-23T08:06:55.040+0000] {processor.py:153} INFO - Started process (PID=3890) to work on /opt/airflow/dags/sample_dag_5.py
[2023-08-23T08:06:55.048+0000] {processor.py:743} INFO - Processing file /opt/airflow/dags/sample_dag_5.py for tasks to queue
[2023-08-23T08:06:55.053+0000] {logging_mixin.py:137} INFO - [2023-08-23T08:06:55.052+0000] {dagbag.py:532} INFO - Filling up the DagBag from /opt/airflow/dags/sample_dag_5.py
[2023-08-23T08:06:55.071+0000] {processor.py:755} WARNING - No viable dags retrieved from /opt/airflow/dags/sample_dag_5.py
[2023-08-23T08:06:55.159+0000] {processor.py:175} INFO - Processing /opt/airflow/dags/sample_dag_5.py took 0.160 seconds
[2023-08-23T08:07:25.741+0000] {processor.py:153} INFO - Started process (PID=3925) to work on /opt/airflow/dags/sample_dag_5.py
[2023-08-23T08:07:25.743+0000] {processor.py:743} INFO - Processing file /opt/airflow/dags/sample_dag_5.py for tasks to queue
[2023-08-23T08:07:25.744+0000] {logging_mixin.py:137} INFO - [2023-08-23T08:07:25.743+0000] {dagbag.py:532} INFO - Filling up the DagBag from /opt/airflow/dags/sample_dag_5.py
[2023-08-23T08:07:25.746+0000] {processor.py:755} WARNING - No viable dags retrieved from /opt/airflow/dags/sample_dag_5.py
[2023-08-23T08:07:25.769+0000] {processor.py:175} INFO - Processing /opt/airflow/dags/sample_dag_5.py took 0.034 seconds
[2023-08-23T08:07:56.035+0000] {processor.py:153} INFO - Started process (PID=3966) to work on /opt/airflow/dags/sample_dag_5.py
[2023-08-23T08:07:56.038+0000] {processor.py:743} INFO - Processing file /opt/airflow/dags/sample_dag_5.py for tasks to queue
[2023-08-23T08:07:56.039+0000] {logging_mixin.py:137} INFO - [2023-08-23T08:07:56.039+0000] {dagbag.py:532} INFO - Filling up the DagBag from /opt/airflow/dags/sample_dag_5.py
[2023-08-23T08:07:56.043+0000] {processor.py:755} WARNING - No viable dags retrieved from /opt/airflow/dags/sample_dag_5.py
[2023-08-23T08:07:56.067+0000] {processor.py:175} INFO - Processing /opt/airflow/dags/sample_dag_5.py took 0.037 seconds
[2023-08-23T08:08:26.352+0000] {processor.py:153} INFO - Started process (PID=4007) to work on /opt/airflow/dags/sample_dag_5.py
[2023-08-23T08:08:26.353+0000] {processor.py:743} INFO - Processing file /opt/airflow/dags/sample_dag_5.py for tasks to queue
[2023-08-23T08:08:26.354+0000] {logging_mixin.py:137} INFO - [2023-08-23T08:08:26.354+0000] {dagbag.py:532} INFO - Filling up the DagBag from /opt/airflow/dags/sample_dag_5.py
[2023-08-23T08:08:26.357+0000] {processor.py:755} WARNING - No viable dags retrieved from /opt/airflow/dags/sample_dag_5.py
[2023-08-23T08:08:26.386+0000] {processor.py:175} INFO - Processing /opt/airflow/dags/sample_dag_5.py took 0.040 seconds
[2023-08-23T08:08:56.652+0000] {processor.py:153} INFO - Started process (PID=4049) to work on /opt/airflow/dags/sample_dag_5.py
[2023-08-23T08:08:56.657+0000] {processor.py:743} INFO - Processing file /opt/airflow/dags/sample_dag_5.py for tasks to queue
[2023-08-23T08:08:56.658+0000] {logging_mixin.py:137} INFO - [2023-08-23T08:08:56.658+0000] {dagbag.py:532} INFO - Filling up the DagBag from /opt/airflow/dags/sample_dag_5.py
[2023-08-23T08:08:56.661+0000] {processor.py:755} WARNING - No viable dags retrieved from /opt/airflow/dags/sample_dag_5.py
[2023-08-23T08:08:56.688+0000] {processor.py:175} INFO - Processing /opt/airflow/dags/sample_dag_5.py took 0.043 seconds
[2023-08-23T08:09:27.160+0000] {processor.py:153} INFO - Started process (PID=4091) to work on /opt/airflow/dags/sample_dag_5.py
[2023-08-23T08:09:27.161+0000] {processor.py:743} INFO - Processing file /opt/airflow/dags/sample_dag_5.py for tasks to queue
[2023-08-23T08:09:27.162+0000] {logging_mixin.py:137} INFO - [2023-08-23T08:09:27.162+0000] {dagbag.py:532} INFO - Filling up the DagBag from /opt/airflow/dags/sample_dag_5.py
[2023-08-23T08:09:27.164+0000] {processor.py:755} WARNING - No viable dags retrieved from /opt/airflow/dags/sample_dag_5.py
[2023-08-23T08:09:27.194+0000] {processor.py:175} INFO - Processing /opt/airflow/dags/sample_dag_5.py took 0.039 seconds
[2023-08-23T08:09:57.495+0000] {processor.py:153} INFO - Started process (PID=4132) to work on /opt/airflow/dags/sample_dag_5.py
[2023-08-23T08:09:57.498+0000] {processor.py:743} INFO - Processing file /opt/airflow/dags/sample_dag_5.py for tasks to queue
[2023-08-23T08:09:57.499+0000] {logging_mixin.py:137} INFO - [2023-08-23T08:09:57.499+0000] {dagbag.py:532} INFO - Filling up the DagBag from /opt/airflow/dags/sample_dag_5.py
[2023-08-23T08:09:57.501+0000] {processor.py:755} WARNING - No viable dags retrieved from /opt/airflow/dags/sample_dag_5.py
[2023-08-23T08:09:57.525+0000] {processor.py:175} INFO - Processing /opt/airflow/dags/sample_dag_5.py took 0.034 seconds
[2023-08-23T08:10:27.800+0000] {processor.py:153} INFO - Started process (PID=4173) to work on /opt/airflow/dags/sample_dag_5.py
[2023-08-23T08:10:27.801+0000] {processor.py:743} INFO - Processing file /opt/airflow/dags/sample_dag_5.py for tasks to queue
[2023-08-23T08:10:27.802+0000] {logging_mixin.py:137} INFO - [2023-08-23T08:10:27.801+0000] {dagbag.py:532} INFO - Filling up the DagBag from /opt/airflow/dags/sample_dag_5.py
[2023-08-23T08:10:27.803+0000] {processor.py:755} WARNING - No viable dags retrieved from /opt/airflow/dags/sample_dag_5.py
[2023-08-23T08:10:27.826+0000] {processor.py:175} INFO - Processing /opt/airflow/dags/sample_dag_5.py took 0.031 seconds
[2023-08-23T08:10:58.201+0000] {processor.py:153} INFO - Started process (PID=4215) to work on /opt/airflow/dags/sample_dag_5.py
[2023-08-23T08:10:58.203+0000] {processor.py:743} INFO - Processing file /opt/airflow/dags/sample_dag_5.py for tasks to queue
[2023-08-23T08:10:58.204+0000] {logging_mixin.py:137} INFO - [2023-08-23T08:10:58.204+0000] {dagbag.py:532} INFO - Filling up the DagBag from /opt/airflow/dags/sample_dag_5.py
[2023-08-23T08:10:58.207+0000] {processor.py:755} WARNING - No viable dags retrieved from /opt/airflow/dags/sample_dag_5.py
[2023-08-23T08:10:58.234+0000] {processor.py:175} INFO - Processing /opt/airflow/dags/sample_dag_5.py took 0.039 seconds
[2023-08-23T08:11:29.170+0000] {processor.py:153} INFO - Started process (PID=4256) to work on /opt/airflow/dags/sample_dag_5.py
[2023-08-23T08:11:29.172+0000] {processor.py:743} INFO - Processing file /opt/airflow/dags/sample_dag_5.py for tasks to queue
[2023-08-23T08:11:29.173+0000] {logging_mixin.py:137} INFO - [2023-08-23T08:11:29.173+0000] {dagbag.py:532} INFO - Filling up the DagBag from /opt/airflow/dags/sample_dag_5.py
[2023-08-23T08:11:29.176+0000] {processor.py:755} WARNING - No viable dags retrieved from /opt/airflow/dags/sample_dag_5.py
[2023-08-23T08:11:29.201+0000] {processor.py:175} INFO - Processing /opt/airflow/dags/sample_dag_5.py took 0.037 seconds
[2023-08-23T08:11:59.479+0000] {processor.py:153} INFO - Started process (PID=4298) to work on /opt/airflow/dags/sample_dag_5.py
[2023-08-23T08:11:59.482+0000] {processor.py:743} INFO - Processing file /opt/airflow/dags/sample_dag_5.py for tasks to queue
[2023-08-23T08:11:59.483+0000] {logging_mixin.py:137} INFO - [2023-08-23T08:11:59.483+0000] {dagbag.py:532} INFO - Filling up the DagBag from /opt/airflow/dags/sample_dag_5.py
[2023-08-23T08:11:59.485+0000] {processor.py:755} WARNING - No viable dags retrieved from /opt/airflow/dags/sample_dag_5.py
[2023-08-23T08:11:59.506+0000] {processor.py:175} INFO - Processing /opt/airflow/dags/sample_dag_5.py took 0.032 seconds
[2023-08-23T08:14:18.026+0000] {processor.py:153} INFO - Started process (PID=70) to work on /opt/airflow/dags/sample_dag_5.py
[2023-08-23T08:14:18.032+0000] {processor.py:743} INFO - Processing file /opt/airflow/dags/sample_dag_5.py for tasks to queue
[2023-08-23T08:14:18.035+0000] {logging_mixin.py:137} INFO - [2023-08-23T08:14:18.034+0000] {dagbag.py:532} INFO - Filling up the DagBag from /opt/airflow/dags/sample_dag_5.py
[2023-08-23T08:14:18.066+0000] {processor.py:755} WARNING - No viable dags retrieved from /opt/airflow/dags/sample_dag_5.py
[2023-08-23T08:14:18.205+0000] {processor.py:175} INFO - Processing /opt/airflow/dags/sample_dag_5.py took 0.194 seconds
[2023-08-23T08:14:48.727+0000] {processor.py:153} INFO - Started process (PID=111) to work on /opt/airflow/dags/sample_dag_5.py
[2023-08-23T08:14:48.730+0000] {processor.py:743} INFO - Processing file /opt/airflow/dags/sample_dag_5.py for tasks to queue
[2023-08-23T08:14:48.731+0000] {logging_mixin.py:137} INFO - [2023-08-23T08:14:48.731+0000] {dagbag.py:532} INFO - Filling up the DagBag from /opt/airflow/dags/sample_dag_5.py
[2023-08-23T08:14:48.734+0000] {processor.py:755} WARNING - No viable dags retrieved from /opt/airflow/dags/sample_dag_5.py
[2023-08-23T08:14:48.763+0000] {processor.py:175} INFO - Processing /opt/airflow/dags/sample_dag_5.py took 0.044 seconds
[2023-08-23T08:15:19.148+0000] {processor.py:153} INFO - Started process (PID=152) to work on /opt/airflow/dags/sample_dag_5.py
[2023-08-23T08:15:19.152+0000] {processor.py:743} INFO - Processing file /opt/airflow/dags/sample_dag_5.py for tasks to queue
[2023-08-23T08:15:19.153+0000] {logging_mixin.py:137} INFO - [2023-08-23T08:15:19.152+0000] {dagbag.py:532} INFO - Filling up the DagBag from /opt/airflow/dags/sample_dag_5.py
[2023-08-23T08:15:19.154+0000] {processor.py:755} WARNING - No viable dags retrieved from /opt/airflow/dags/sample_dag_5.py
[2023-08-23T08:15:19.179+0000] {processor.py:175} INFO - Processing /opt/airflow/dags/sample_dag_5.py took 0.035 seconds
[2023-08-23T08:15:49.433+0000] {processor.py:153} INFO - Started process (PID=193) to work on /opt/airflow/dags/sample_dag_5.py
[2023-08-23T08:15:49.435+0000] {processor.py:743} INFO - Processing file /opt/airflow/dags/sample_dag_5.py for tasks to queue
[2023-08-23T08:15:49.436+0000] {logging_mixin.py:137} INFO - [2023-08-23T08:15:49.436+0000] {dagbag.py:532} INFO - Filling up the DagBag from /opt/airflow/dags/sample_dag_5.py
[2023-08-23T08:15:49.439+0000] {processor.py:755} WARNING - No viable dags retrieved from /opt/airflow/dags/sample_dag_5.py
[2023-08-23T08:15:49.468+0000] {processor.py:175} INFO - Processing /opt/airflow/dags/sample_dag_5.py took 0.040 seconds
[2023-08-23T08:16:19.833+0000] {processor.py:153} INFO - Started process (PID=234) to work on /opt/airflow/dags/sample_dag_5.py
[2023-08-23T08:16:19.835+0000] {processor.py:743} INFO - Processing file /opt/airflow/dags/sample_dag_5.py for tasks to queue
[2023-08-23T08:16:19.836+0000] {logging_mixin.py:137} INFO - [2023-08-23T08:16:19.836+0000] {dagbag.py:532} INFO - Filling up the DagBag from /opt/airflow/dags/sample_dag_5.py
[2023-08-23T08:16:19.838+0000] {processor.py:755} WARNING - No viable dags retrieved from /opt/airflow/dags/sample_dag_5.py
[2023-08-23T08:16:19.869+0000] {processor.py:175} INFO - Processing /opt/airflow/dags/sample_dag_5.py took 0.043 seconds
[2023-08-23T08:16:50.332+0000] {processor.py:153} INFO - Started process (PID=264) to work on /opt/airflow/dags/sample_dag_5.py
[2023-08-23T08:16:50.337+0000] {processor.py:743} INFO - Processing file /opt/airflow/dags/sample_dag_5.py for tasks to queue
[2023-08-23T08:16:50.350+0000] {logging_mixin.py:137} INFO - [2023-08-23T08:16:50.348+0000] {dagbag.py:532} INFO - Filling up the DagBag from /opt/airflow/dags/sample_dag_5.py
[2023-08-23T08:16:50.359+0000] {processor.py:755} WARNING - No viable dags retrieved from /opt/airflow/dags/sample_dag_5.py
[2023-08-23T08:16:50.426+0000] {processor.py:175} INFO - Processing /opt/airflow/dags/sample_dag_5.py took 0.143 seconds
[2023-08-23T08:17:20.745+0000] {processor.py:153} INFO - Started process (PID=298) to work on /opt/airflow/dags/sample_dag_5.py
[2023-08-23T08:17:20.746+0000] {processor.py:743} INFO - Processing file /opt/airflow/dags/sample_dag_5.py for tasks to queue
[2023-08-23T08:17:20.746+0000] {logging_mixin.py:137} INFO - [2023-08-23T08:17:20.746+0000] {dagbag.py:532} INFO - Filling up the DagBag from /opt/airflow/dags/sample_dag_5.py
[2023-08-23T08:17:20.748+0000] {processor.py:755} WARNING - No viable dags retrieved from /opt/airflow/dags/sample_dag_5.py
[2023-08-23T08:17:20.767+0000] {processor.py:175} INFO - Processing /opt/airflow/dags/sample_dag_5.py took 0.027 seconds
[2023-08-23T08:17:51.105+0000] {processor.py:153} INFO - Started process (PID=339) to work on /opt/airflow/dags/sample_dag_5.py
[2023-08-23T08:17:51.108+0000] {processor.py:743} INFO - Processing file /opt/airflow/dags/sample_dag_5.py for tasks to queue
[2023-08-23T08:17:51.109+0000] {logging_mixin.py:137} INFO - [2023-08-23T08:17:51.108+0000] {dagbag.py:532} INFO - Filling up the DagBag from /opt/airflow/dags/sample_dag_5.py
[2023-08-23T08:17:51.111+0000] {processor.py:755} WARNING - No viable dags retrieved from /opt/airflow/dags/sample_dag_5.py
[2023-08-23T08:17:51.142+0000] {processor.py:175} INFO - Processing /opt/airflow/dags/sample_dag_5.py took 0.044 seconds
[2023-08-23T08:18:21.657+0000] {processor.py:153} INFO - Started process (PID=380) to work on /opt/airflow/dags/sample_dag_5.py
[2023-08-23T08:18:21.662+0000] {processor.py:743} INFO - Processing file /opt/airflow/dags/sample_dag_5.py for tasks to queue
[2023-08-23T08:18:21.664+0000] {logging_mixin.py:137} INFO - [2023-08-23T08:18:21.664+0000] {dagbag.py:532} INFO - Filling up the DagBag from /opt/airflow/dags/sample_dag_5.py
[2023-08-23T08:18:21.668+0000] {processor.py:755} WARNING - No viable dags retrieved from /opt/airflow/dags/sample_dag_5.py
[2023-08-23T08:18:21.718+0000] {processor.py:175} INFO - Processing /opt/airflow/dags/sample_dag_5.py took 0.073 seconds
[2023-08-23T08:18:52.013+0000] {processor.py:153} INFO - Started process (PID=421) to work on /opt/airflow/dags/sample_dag_5.py
[2023-08-23T08:18:52.017+0000] {processor.py:743} INFO - Processing file /opt/airflow/dags/sample_dag_5.py for tasks to queue
[2023-08-23T08:18:52.020+0000] {logging_mixin.py:137} INFO - [2023-08-23T08:18:52.020+0000] {dagbag.py:532} INFO - Filling up the DagBag from /opt/airflow/dags/sample_dag_5.py
[2023-08-23T08:18:52.025+0000] {processor.py:755} WARNING - No viable dags retrieved from /opt/airflow/dags/sample_dag_5.py
[2023-08-23T08:18:52.077+0000] {processor.py:175} INFO - Processing /opt/airflow/dags/sample_dag_5.py took 0.075 seconds
[2023-08-23T08:19:22.626+0000] {processor.py:153} INFO - Started process (PID=463) to work on /opt/airflow/dags/sample_dag_5.py
[2023-08-23T08:19:22.628+0000] {processor.py:743} INFO - Processing file /opt/airflow/dags/sample_dag_5.py for tasks to queue
[2023-08-23T08:19:22.629+0000] {logging_mixin.py:137} INFO - [2023-08-23T08:19:22.629+0000] {dagbag.py:532} INFO - Filling up the DagBag from /opt/airflow/dags/sample_dag_5.py
[2023-08-23T08:19:22.633+0000] {processor.py:755} WARNING - No viable dags retrieved from /opt/airflow/dags/sample_dag_5.py
[2023-08-23T08:19:22.667+0000] {processor.py:175} INFO - Processing /opt/airflow/dags/sample_dag_5.py took 0.048 seconds
[2023-08-23T08:27:32.396+0000] {processor.py:153} INFO - Started process (PID=88) to work on /opt/airflow/dags/sample_dag_5.py
[2023-08-23T08:27:32.467+0000] {processor.py:743} INFO - Processing file /opt/airflow/dags/sample_dag_5.py for tasks to queue
[2023-08-23T08:27:32.484+0000] {logging_mixin.py:137} INFO - [2023-08-23T08:27:32.469+0000] {dagbag.py:532} INFO - Filling up the DagBag from /opt/airflow/dags/sample_dag_5.py
[2023-08-23T08:27:32.526+0000] {processor.py:755} WARNING - No viable dags retrieved from /opt/airflow/dags/sample_dag_5.py
[2023-08-23T08:27:32.642+0000] {processor.py:175} INFO - Processing /opt/airflow/dags/sample_dag_5.py took 0.353 seconds
[2023-08-23T08:28:03.531+0000] {processor.py:153} INFO - Started process (PID=129) to work on /opt/airflow/dags/sample_dag_5.py
[2023-08-23T08:28:03.535+0000] {processor.py:743} INFO - Processing file /opt/airflow/dags/sample_dag_5.py for tasks to queue
[2023-08-23T08:28:03.537+0000] {logging_mixin.py:137} INFO - [2023-08-23T08:28:03.537+0000] {dagbag.py:532} INFO - Filling up the DagBag from /opt/airflow/dags/sample_dag_5.py
[2023-08-23T08:28:03.543+0000] {processor.py:755} WARNING - No viable dags retrieved from /opt/airflow/dags/sample_dag_5.py
[2023-08-23T08:28:03.607+0000] {processor.py:175} INFO - Processing /opt/airflow/dags/sample_dag_5.py took 0.090 seconds
[2023-08-23T08:28:34.407+0000] {processor.py:153} INFO - Started process (PID=159) to work on /opt/airflow/dags/sample_dag_5.py
[2023-08-23T08:28:34.412+0000] {processor.py:743} INFO - Processing file /opt/airflow/dags/sample_dag_5.py for tasks to queue
[2023-08-23T08:28:34.414+0000] {logging_mixin.py:137} INFO - [2023-08-23T08:28:34.414+0000] {dagbag.py:532} INFO - Filling up the DagBag from /opt/airflow/dags/sample_dag_5.py
[2023-08-23T08:28:34.419+0000] {processor.py:755} WARNING - No viable dags retrieved from /opt/airflow/dags/sample_dag_5.py
[2023-08-23T08:28:34.473+0000] {processor.py:175} INFO - Processing /opt/airflow/dags/sample_dag_5.py took 0.078 seconds
[2023-08-23T08:29:05.052+0000] {processor.py:153} INFO - Started process (PID=193) to work on /opt/airflow/dags/sample_dag_5.py
[2023-08-23T08:29:05.062+0000] {processor.py:743} INFO - Processing file /opt/airflow/dags/sample_dag_5.py for tasks to queue
[2023-08-23T08:29:05.072+0000] {logging_mixin.py:137} INFO - [2023-08-23T08:29:05.071+0000] {dagbag.py:532} INFO - Filling up the DagBag from /opt/airflow/dags/sample_dag_5.py
[2023-08-23T08:29:05.086+0000] {processor.py:755} WARNING - No viable dags retrieved from /opt/airflow/dags/sample_dag_5.py
[2023-08-23T08:29:05.174+0000] {processor.py:175} INFO - Processing /opt/airflow/dags/sample_dag_5.py took 0.183 seconds
[2023-08-23T08:29:35.896+0000] {processor.py:153} INFO - Started process (PID=234) to work on /opt/airflow/dags/sample_dag_5.py
[2023-08-23T08:29:35.912+0000] {processor.py:743} INFO - Processing file /opt/airflow/dags/sample_dag_5.py for tasks to queue
[2023-08-23T08:29:35.922+0000] {logging_mixin.py:137} INFO - [2023-08-23T08:29:35.920+0000] {dagbag.py:532} INFO - Filling up the DagBag from /opt/airflow/dags/sample_dag_5.py
[2023-08-23T08:29:35.977+0000] {processor.py:755} WARNING - No viable dags retrieved from /opt/airflow/dags/sample_dag_5.py
[2023-08-23T08:29:36.338+0000] {processor.py:175} INFO - Processing /opt/airflow/dags/sample_dag_5.py took 0.485 seconds
[2023-08-23T08:30:07.054+0000] {processor.py:153} INFO - Started process (PID=275) to work on /opt/airflow/dags/sample_dag_5.py
[2023-08-23T08:30:07.058+0000] {processor.py:743} INFO - Processing file /opt/airflow/dags/sample_dag_5.py for tasks to queue
[2023-08-23T08:30:07.059+0000] {logging_mixin.py:137} INFO - [2023-08-23T08:30:07.059+0000] {dagbag.py:532} INFO - Filling up the DagBag from /opt/airflow/dags/sample_dag_5.py
[2023-08-23T08:30:07.062+0000] {processor.py:755} WARNING - No viable dags retrieved from /opt/airflow/dags/sample_dag_5.py
[2023-08-23T08:30:07.090+0000] {processor.py:175} INFO - Processing /opt/airflow/dags/sample_dag_5.py took 0.043 seconds
[2023-08-23T08:30:37.458+0000] {processor.py:153} INFO - Started process (PID=316) to work on /opt/airflow/dags/sample_dag_5.py
[2023-08-23T08:30:37.460+0000] {processor.py:743} INFO - Processing file /opt/airflow/dags/sample_dag_5.py for tasks to queue
[2023-08-23T08:30:37.462+0000] {logging_mixin.py:137} INFO - [2023-08-23T08:30:37.461+0000] {dagbag.py:532} INFO - Filling up the DagBag from /opt/airflow/dags/sample_dag_5.py
[2023-08-23T08:30:37.464+0000] {processor.py:755} WARNING - No viable dags retrieved from /opt/airflow/dags/sample_dag_5.py
[2023-08-23T08:30:37.490+0000] {processor.py:175} INFO - Processing /opt/airflow/dags/sample_dag_5.py took 0.039 seconds
[2023-08-23T08:31:08.037+0000] {processor.py:153} INFO - Started process (PID=358) to work on /opt/airflow/dags/sample_dag_5.py
[2023-08-23T08:31:08.049+0000] {processor.py:743} INFO - Processing file /opt/airflow/dags/sample_dag_5.py for tasks to queue
[2023-08-23T08:31:08.053+0000] {logging_mixin.py:137} INFO - [2023-08-23T08:31:08.052+0000] {dagbag.py:532} INFO - Filling up the DagBag from /opt/airflow/dags/sample_dag_5.py
[2023-08-23T08:31:08.059+0000] {processor.py:755} WARNING - No viable dags retrieved from /opt/airflow/dags/sample_dag_5.py
[2023-08-23T08:31:08.114+0000] {processor.py:175} INFO - Processing /opt/airflow/dags/sample_dag_5.py took 0.105 seconds
[2023-08-23T08:31:38.636+0000] {processor.py:153} INFO - Started process (PID=388) to work on /opt/airflow/dags/sample_dag_5.py
[2023-08-23T08:31:38.639+0000] {processor.py:743} INFO - Processing file /opt/airflow/dags/sample_dag_5.py for tasks to queue
[2023-08-23T08:31:38.641+0000] {logging_mixin.py:137} INFO - [2023-08-23T08:31:38.640+0000] {dagbag.py:532} INFO - Filling up the DagBag from /opt/airflow/dags/sample_dag_5.py
[2023-08-23T08:31:38.644+0000] {processor.py:755} WARNING - No viable dags retrieved from /opt/airflow/dags/sample_dag_5.py
[2023-08-23T08:31:38.685+0000] {processor.py:175} INFO - Processing /opt/airflow/dags/sample_dag_5.py took 0.057 seconds
[2023-08-23T08:32:09.193+0000] {processor.py:153} INFO - Started process (PID=422) to work on /opt/airflow/dags/sample_dag_5.py
[2023-08-23T08:32:09.197+0000] {processor.py:743} INFO - Processing file /opt/airflow/dags/sample_dag_5.py for tasks to queue
[2023-08-23T08:32:09.198+0000] {logging_mixin.py:137} INFO - [2023-08-23T08:32:09.198+0000] {dagbag.py:532} INFO - Filling up the DagBag from /opt/airflow/dags/sample_dag_5.py
[2023-08-23T08:32:09.201+0000] {processor.py:755} WARNING - No viable dags retrieved from /opt/airflow/dags/sample_dag_5.py
[2023-08-23T08:32:09.233+0000] {processor.py:175} INFO - Processing /opt/airflow/dags/sample_dag_5.py took 0.047 seconds
[2023-08-23T08:32:39.742+0000] {processor.py:153} INFO - Started process (PID=463) to work on /opt/airflow/dags/sample_dag_5.py
[2023-08-23T08:32:39.750+0000] {processor.py:743} INFO - Processing file /opt/airflow/dags/sample_dag_5.py for tasks to queue
[2023-08-23T08:32:39.767+0000] {logging_mixin.py:137} INFO - [2023-08-23T08:32:39.766+0000] {dagbag.py:532} INFO - Filling up the DagBag from /opt/airflow/dags/sample_dag_5.py
[2023-08-23T08:32:39.782+0000] {processor.py:755} WARNING - No viable dags retrieved from /opt/airflow/dags/sample_dag_5.py
[2023-08-23T08:32:39.905+0000] {processor.py:175} INFO - Processing /opt/airflow/dags/sample_dag_5.py took 0.194 seconds
[2023-08-23T08:33:10.693+0000] {processor.py:153} INFO - Started process (PID=504) to work on /opt/airflow/dags/sample_dag_5.py
[2023-08-23T08:33:10.695+0000] {processor.py:743} INFO - Processing file /opt/airflow/dags/sample_dag_5.py for tasks to queue
[2023-08-23T08:33:10.696+0000] {logging_mixin.py:137} INFO - [2023-08-23T08:33:10.696+0000] {dagbag.py:532} INFO - Filling up the DagBag from /opt/airflow/dags/sample_dag_5.py
[2023-08-23T08:33:10.699+0000] {processor.py:755} WARNING - No viable dags retrieved from /opt/airflow/dags/sample_dag_5.py
[2023-08-23T08:33:10.727+0000] {processor.py:175} INFO - Processing /opt/airflow/dags/sample_dag_5.py took 0.041 seconds
[2023-08-23T08:33:41.192+0000] {processor.py:153} INFO - Started process (PID=546) to work on /opt/airflow/dags/sample_dag_5.py
[2023-08-23T08:33:41.194+0000] {processor.py:743} INFO - Processing file /opt/airflow/dags/sample_dag_5.py for tasks to queue
[2023-08-23T08:33:41.196+0000] {logging_mixin.py:137} INFO - [2023-08-23T08:33:41.196+0000] {dagbag.py:532} INFO - Filling up the DagBag from /opt/airflow/dags/sample_dag_5.py
[2023-08-23T08:33:41.199+0000] {processor.py:755} WARNING - No viable dags retrieved from /opt/airflow/dags/sample_dag_5.py
[2023-08-23T08:33:41.234+0000] {processor.py:175} INFO - Processing /opt/airflow/dags/sample_dag_5.py took 0.048 seconds
[2023-08-23T08:34:11.794+0000] {processor.py:153} INFO - Started process (PID=576) to work on /opt/airflow/dags/sample_dag_5.py
[2023-08-23T08:34:11.798+0000] {processor.py:743} INFO - Processing file /opt/airflow/dags/sample_dag_5.py for tasks to queue
[2023-08-23T08:34:11.806+0000] {logging_mixin.py:137} INFO - [2023-08-23T08:34:11.802+0000] {dagbag.py:532} INFO - Filling up the DagBag from /opt/airflow/dags/sample_dag_5.py
[2023-08-23T08:34:11.814+0000] {processor.py:755} WARNING - No viable dags retrieved from /opt/airflow/dags/sample_dag_5.py
[2023-08-23T08:34:11.891+0000] {processor.py:175} INFO - Processing /opt/airflow/dags/sample_dag_5.py took 0.128 seconds
[2023-08-23T08:34:42.419+0000] {processor.py:153} INFO - Started process (PID=610) to work on /opt/airflow/dags/sample_dag_5.py
[2023-08-23T08:34:42.420+0000] {processor.py:743} INFO - Processing file /opt/airflow/dags/sample_dag_5.py for tasks to queue
[2023-08-23T08:34:42.422+0000] {logging_mixin.py:137} INFO - [2023-08-23T08:34:42.421+0000] {dagbag.py:532} INFO - Filling up the DagBag from /opt/airflow/dags/sample_dag_5.py
[2023-08-23T08:34:42.425+0000] {processor.py:755} WARNING - No viable dags retrieved from /opt/airflow/dags/sample_dag_5.py
[2023-08-23T08:34:42.460+0000] {processor.py:175} INFO - Processing /opt/airflow/dags/sample_dag_5.py took 0.052 seconds
[2023-08-23T08:35:12.890+0000] {processor.py:153} INFO - Started process (PID=651) to work on /opt/airflow/dags/sample_dag_5.py
[2023-08-23T08:35:12.899+0000] {processor.py:743} INFO - Processing file /opt/airflow/dags/sample_dag_5.py for tasks to queue
[2023-08-23T08:35:12.903+0000] {logging_mixin.py:137} INFO - [2023-08-23T08:35:12.903+0000] {dagbag.py:532} INFO - Filling up the DagBag from /opt/airflow/dags/sample_dag_5.py
[2023-08-23T08:35:12.910+0000] {processor.py:755} WARNING - No viable dags retrieved from /opt/airflow/dags/sample_dag_5.py
[2023-08-23T08:35:12.991+0000] {processor.py:175} INFO - Processing /opt/airflow/dags/sample_dag_5.py took 0.116 seconds
[2023-08-23T08:35:43.974+0000] {processor.py:153} INFO - Started process (PID=675) to work on /opt/airflow/dags/sample_dag_5.py
[2023-08-23T08:35:43.978+0000] {processor.py:743} INFO - Processing file /opt/airflow/dags/sample_dag_5.py for tasks to queue
[2023-08-23T08:35:43.982+0000] {logging_mixin.py:137} INFO - [2023-08-23T08:35:43.981+0000] {dagbag.py:532} INFO - Filling up the DagBag from /opt/airflow/dags/sample_dag_5.py
[2023-08-23T08:35:43.988+0000] {processor.py:755} WARNING - No viable dags retrieved from /opt/airflow/dags/sample_dag_5.py
[2023-08-23T08:35:44.080+0000] {processor.py:175} INFO - Processing /opt/airflow/dags/sample_dag_5.py took 0.129 seconds
[2023-08-23T08:36:14.866+0000] {processor.py:153} INFO - Started process (PID=705) to work on /opt/airflow/dags/sample_dag_5.py
[2023-08-23T08:36:14.877+0000] {processor.py:743} INFO - Processing file /opt/airflow/dags/sample_dag_5.py for tasks to queue
[2023-08-23T08:36:14.883+0000] {logging_mixin.py:137} INFO - [2023-08-23T08:36:14.881+0000] {dagbag.py:532} INFO - Filling up the DagBag from /opt/airflow/dags/sample_dag_5.py
[2023-08-23T08:36:14.894+0000] {processor.py:755} WARNING - No viable dags retrieved from /opt/airflow/dags/sample_dag_5.py
[2023-08-23T08:36:14.994+0000] {processor.py:175} INFO - Processing /opt/airflow/dags/sample_dag_5.py took 0.158 seconds
[2023-08-23T08:36:46.043+0000] {processor.py:153} INFO - Started process (PID=739) to work on /opt/airflow/dags/sample_dag_5.py
[2023-08-23T08:36:46.057+0000] {processor.py:743} INFO - Processing file /opt/airflow/dags/sample_dag_5.py for tasks to queue
[2023-08-23T08:36:46.060+0000] {logging_mixin.py:137} INFO - [2023-08-23T08:36:46.059+0000] {dagbag.py:532} INFO - Filling up the DagBag from /opt/airflow/dags/sample_dag_5.py
[2023-08-23T08:36:46.072+0000] {processor.py:755} WARNING - No viable dags retrieved from /opt/airflow/dags/sample_dag_5.py
[2023-08-23T08:36:46.212+0000] {processor.py:175} INFO - Processing /opt/airflow/dags/sample_dag_5.py took 0.216 seconds
[2023-08-23T08:37:16.814+0000] {processor.py:153} INFO - Started process (PID=780) to work on /opt/airflow/dags/sample_dag_5.py
[2023-08-23T08:37:16.815+0000] {processor.py:743} INFO - Processing file /opt/airflow/dags/sample_dag_5.py for tasks to queue
[2023-08-23T08:37:16.817+0000] {logging_mixin.py:137} INFO - [2023-08-23T08:37:16.817+0000] {dagbag.py:532} INFO - Filling up the DagBag from /opt/airflow/dags/sample_dag_5.py
[2023-08-23T08:37:16.821+0000] {processor.py:755} WARNING - No viable dags retrieved from /opt/airflow/dags/sample_dag_5.py
[2023-08-23T08:37:16.855+0000] {processor.py:175} INFO - Processing /opt/airflow/dags/sample_dag_5.py took 0.051 seconds
