[2023-08-23T07:26:03.772+0000] {processor.py:153} INFO - Started process (PID=72) to work on /opt/airflow/dags/sample_dag_4.py
[2023-08-23T07:26:03.774+0000] {processor.py:743} INFO - Processing file /opt/airflow/dags/sample_dag_4.py for tasks to queue
[2023-08-23T07:26:03.775+0000] {logging_mixin.py:137} INFO - [2023-08-23T07:26:03.775+0000] {dagbag.py:532} INFO - Filling up the DagBag from /opt/airflow/dags/sample_dag_4.py
[2023-08-23T07:26:03.777+0000] {processor.py:755} WARNING - No viable dags retrieved from /opt/airflow/dags/sample_dag_4.py
[2023-08-23T07:26:03.809+0000] {processor.py:175} INFO - Processing /opt/airflow/dags/sample_dag_4.py took 0.048 seconds
[2023-08-23T07:26:33.979+0000] {processor.py:153} INFO - Started process (PID=113) to work on /opt/airflow/dags/sample_dag_4.py
[2023-08-23T07:26:33.980+0000] {processor.py:743} INFO - Processing file /opt/airflow/dags/sample_dag_4.py for tasks to queue
[2023-08-23T07:26:33.981+0000] {logging_mixin.py:137} INFO - [2023-08-23T07:26:33.981+0000] {dagbag.py:532} INFO - Filling up the DagBag from /opt/airflow/dags/sample_dag_4.py
[2023-08-23T07:26:33.982+0000] {processor.py:755} WARNING - No viable dags retrieved from /opt/airflow/dags/sample_dag_4.py
[2023-08-23T07:26:34.000+0000] {processor.py:175} INFO - Processing /opt/airflow/dags/sample_dag_4.py took 0.024 seconds
[2023-08-23T07:27:04.236+0000] {processor.py:153} INFO - Started process (PID=154) to work on /opt/airflow/dags/sample_dag_4.py
[2023-08-23T07:27:04.237+0000] {processor.py:743} INFO - Processing file /opt/airflow/dags/sample_dag_4.py for tasks to queue
[2023-08-23T07:27:04.238+0000] {logging_mixin.py:137} INFO - [2023-08-23T07:27:04.238+0000] {dagbag.py:532} INFO - Filling up the DagBag from /opt/airflow/dags/sample_dag_4.py
[2023-08-23T07:27:04.239+0000] {processor.py:755} WARNING - No viable dags retrieved from /opt/airflow/dags/sample_dag_4.py
[2023-08-23T07:27:04.255+0000] {processor.py:175} INFO - Processing /opt/airflow/dags/sample_dag_4.py took 0.021 seconds
[2023-08-23T07:27:34.462+0000] {processor.py:153} INFO - Started process (PID=213) to work on /opt/airflow/dags/sample_dag_4.py
[2023-08-23T07:27:34.463+0000] {processor.py:743} INFO - Processing file /opt/airflow/dags/sample_dag_4.py for tasks to queue
[2023-08-23T07:27:34.464+0000] {logging_mixin.py:137} INFO - [2023-08-23T07:27:34.464+0000] {dagbag.py:532} INFO - Filling up the DagBag from /opt/airflow/dags/sample_dag_4.py
[2023-08-23T07:27:34.468+0000] {processor.py:755} WARNING - No viable dags retrieved from /opt/airflow/dags/sample_dag_4.py
[2023-08-23T07:27:34.491+0000] {processor.py:175} INFO - Processing /opt/airflow/dags/sample_dag_4.py took 0.033 seconds
[2023-08-23T07:28:04.685+0000] {processor.py:153} INFO - Started process (PID=254) to work on /opt/airflow/dags/sample_dag_4.py
[2023-08-23T07:28:04.686+0000] {processor.py:743} INFO - Processing file /opt/airflow/dags/sample_dag_4.py for tasks to queue
[2023-08-23T07:28:04.686+0000] {logging_mixin.py:137} INFO - [2023-08-23T07:28:04.686+0000] {dagbag.py:532} INFO - Filling up the DagBag from /opt/airflow/dags/sample_dag_4.py
[2023-08-23T07:28:04.688+0000] {processor.py:755} WARNING - No viable dags retrieved from /opt/airflow/dags/sample_dag_4.py
[2023-08-23T07:28:04.700+0000] {processor.py:175} INFO - Processing /opt/airflow/dags/sample_dag_4.py took 0.019 seconds
[2023-08-23T07:28:34.897+0000] {processor.py:153} INFO - Started process (PID=302) to work on /opt/airflow/dags/sample_dag_4.py
[2023-08-23T07:28:34.897+0000] {processor.py:743} INFO - Processing file /opt/airflow/dags/sample_dag_4.py for tasks to queue
[2023-08-23T07:28:34.898+0000] {logging_mixin.py:137} INFO - [2023-08-23T07:28:34.898+0000] {dagbag.py:532} INFO - Filling up the DagBag from /opt/airflow/dags/sample_dag_4.py
[2023-08-23T07:28:34.899+0000] {processor.py:755} WARNING - No viable dags retrieved from /opt/airflow/dags/sample_dag_4.py
[2023-08-23T07:28:34.919+0000] {processor.py:175} INFO - Processing /opt/airflow/dags/sample_dag_4.py took 0.026 seconds
[2023-08-23T07:29:05.203+0000] {processor.py:153} INFO - Started process (PID=354) to work on /opt/airflow/dags/sample_dag_4.py
[2023-08-23T07:29:05.204+0000] {processor.py:743} INFO - Processing file /opt/airflow/dags/sample_dag_4.py for tasks to queue
[2023-08-23T07:29:05.205+0000] {logging_mixin.py:137} INFO - [2023-08-23T07:29:05.205+0000] {dagbag.py:532} INFO - Filling up the DagBag from /opt/airflow/dags/sample_dag_4.py
[2023-08-23T07:29:05.207+0000] {processor.py:755} WARNING - No viable dags retrieved from /opt/airflow/dags/sample_dag_4.py
[2023-08-23T07:29:05.228+0000] {processor.py:175} INFO - Processing /opt/airflow/dags/sample_dag_4.py took 0.028 seconds
[2023-08-23T07:29:35.429+0000] {processor.py:153} INFO - Started process (PID=395) to work on /opt/airflow/dags/sample_dag_4.py
[2023-08-23T07:29:35.430+0000] {processor.py:743} INFO - Processing file /opt/airflow/dags/sample_dag_4.py for tasks to queue
[2023-08-23T07:29:35.430+0000] {logging_mixin.py:137} INFO - [2023-08-23T07:29:35.430+0000] {dagbag.py:532} INFO - Filling up the DagBag from /opt/airflow/dags/sample_dag_4.py
[2023-08-23T07:29:35.431+0000] {processor.py:755} WARNING - No viable dags retrieved from /opt/airflow/dags/sample_dag_4.py
[2023-08-23T07:29:35.444+0000] {processor.py:175} INFO - Processing /opt/airflow/dags/sample_dag_4.py took 0.017 seconds
[2023-08-23T07:30:05.652+0000] {processor.py:153} INFO - Started process (PID=454) to work on /opt/airflow/dags/sample_dag_4.py
[2023-08-23T07:30:05.653+0000] {processor.py:743} INFO - Processing file /opt/airflow/dags/sample_dag_4.py for tasks to queue
[2023-08-23T07:30:05.654+0000] {logging_mixin.py:137} INFO - [2023-08-23T07:30:05.654+0000] {dagbag.py:532} INFO - Filling up the DagBag from /opt/airflow/dags/sample_dag_4.py
[2023-08-23T07:30:05.655+0000] {processor.py:755} WARNING - No viable dags retrieved from /opt/airflow/dags/sample_dag_4.py
[2023-08-23T07:30:05.668+0000] {processor.py:175} INFO - Processing /opt/airflow/dags/sample_dag_4.py took 0.019 seconds
[2023-08-23T07:30:35.867+0000] {processor.py:153} INFO - Started process (PID=495) to work on /opt/airflow/dags/sample_dag_4.py
[2023-08-23T07:30:35.867+0000] {processor.py:743} INFO - Processing file /opt/airflow/dags/sample_dag_4.py for tasks to queue
[2023-08-23T07:30:35.868+0000] {logging_mixin.py:137} INFO - [2023-08-23T07:30:35.868+0000] {dagbag.py:532} INFO - Filling up the DagBag from /opt/airflow/dags/sample_dag_4.py
[2023-08-23T07:30:35.869+0000] {processor.py:755} WARNING - No viable dags retrieved from /opt/airflow/dags/sample_dag_4.py
[2023-08-23T07:30:35.882+0000] {processor.py:175} INFO - Processing /opt/airflow/dags/sample_dag_4.py took 0.018 seconds
[2023-08-23T07:31:06.085+0000] {processor.py:153} INFO - Started process (PID=554) to work on /opt/airflow/dags/sample_dag_4.py
[2023-08-23T07:31:06.086+0000] {processor.py:743} INFO - Processing file /opt/airflow/dags/sample_dag_4.py for tasks to queue
[2023-08-23T07:31:06.087+0000] {logging_mixin.py:137} INFO - [2023-08-23T07:31:06.086+0000] {dagbag.py:532} INFO - Filling up the DagBag from /opt/airflow/dags/sample_dag_4.py
[2023-08-23T07:31:06.087+0000] {processor.py:755} WARNING - No viable dags retrieved from /opt/airflow/dags/sample_dag_4.py
[2023-08-23T07:31:06.100+0000] {processor.py:175} INFO - Processing /opt/airflow/dags/sample_dag_4.py took 0.018 seconds
[2023-08-23T07:31:36.287+0000] {processor.py:153} INFO - Started process (PID=595) to work on /opt/airflow/dags/sample_dag_4.py
[2023-08-23T07:31:36.287+0000] {processor.py:743} INFO - Processing file /opt/airflow/dags/sample_dag_4.py for tasks to queue
[2023-08-23T07:31:36.288+0000] {logging_mixin.py:137} INFO - [2023-08-23T07:31:36.288+0000] {dagbag.py:532} INFO - Filling up the DagBag from /opt/airflow/dags/sample_dag_4.py
[2023-08-23T07:31:36.289+0000] {processor.py:755} WARNING - No viable dags retrieved from /opt/airflow/dags/sample_dag_4.py
[2023-08-23T07:31:36.302+0000] {processor.py:175} INFO - Processing /opt/airflow/dags/sample_dag_4.py took 0.018 seconds
[2023-08-23T07:32:06.505+0000] {processor.py:153} INFO - Started process (PID=654) to work on /opt/airflow/dags/sample_dag_4.py
[2023-08-23T07:32:06.506+0000] {processor.py:743} INFO - Processing file /opt/airflow/dags/sample_dag_4.py for tasks to queue
[2023-08-23T07:32:06.506+0000] {logging_mixin.py:137} INFO - [2023-08-23T07:32:06.506+0000] {dagbag.py:532} INFO - Filling up the DagBag from /opt/airflow/dags/sample_dag_4.py
[2023-08-23T07:32:06.507+0000] {processor.py:755} WARNING - No viable dags retrieved from /opt/airflow/dags/sample_dag_4.py
[2023-08-23T07:32:06.520+0000] {processor.py:175} INFO - Processing /opt/airflow/dags/sample_dag_4.py took 0.018 seconds
[2023-08-23T07:32:36.714+0000] {processor.py:153} INFO - Started process (PID=695) to work on /opt/airflow/dags/sample_dag_4.py
[2023-08-23T07:32:36.715+0000] {processor.py:743} INFO - Processing file /opt/airflow/dags/sample_dag_4.py for tasks to queue
[2023-08-23T07:32:36.715+0000] {logging_mixin.py:137} INFO - [2023-08-23T07:32:36.715+0000] {dagbag.py:532} INFO - Filling up the DagBag from /opt/airflow/dags/sample_dag_4.py
[2023-08-23T07:32:36.716+0000] {processor.py:755} WARNING - No viable dags retrieved from /opt/airflow/dags/sample_dag_4.py
[2023-08-23T07:32:36.730+0000] {processor.py:175} INFO - Processing /opt/airflow/dags/sample_dag_4.py took 0.019 seconds
[2023-08-23T07:33:06.948+0000] {processor.py:153} INFO - Started process (PID=753) to work on /opt/airflow/dags/sample_dag_4.py
[2023-08-23T07:33:06.949+0000] {processor.py:743} INFO - Processing file /opt/airflow/dags/sample_dag_4.py for tasks to queue
[2023-08-23T07:33:06.949+0000] {logging_mixin.py:137} INFO - [2023-08-23T07:33:06.949+0000] {dagbag.py:532} INFO - Filling up the DagBag from /opt/airflow/dags/sample_dag_4.py
[2023-08-23T07:33:06.950+0000] {processor.py:755} WARNING - No viable dags retrieved from /opt/airflow/dags/sample_dag_4.py
[2023-08-23T07:33:06.963+0000] {processor.py:175} INFO - Processing /opt/airflow/dags/sample_dag_4.py took 0.018 seconds
[2023-08-23T07:33:37.163+0000] {processor.py:153} INFO - Started process (PID=794) to work on /opt/airflow/dags/sample_dag_4.py
[2023-08-23T07:33:37.163+0000] {processor.py:743} INFO - Processing file /opt/airflow/dags/sample_dag_4.py for tasks to queue
[2023-08-23T07:33:37.164+0000] {logging_mixin.py:137} INFO - [2023-08-23T07:33:37.164+0000] {dagbag.py:532} INFO - Filling up the DagBag from /opt/airflow/dags/sample_dag_4.py
[2023-08-23T07:33:37.165+0000] {processor.py:755} WARNING - No viable dags retrieved from /opt/airflow/dags/sample_dag_4.py
[2023-08-23T07:33:37.179+0000] {processor.py:175} INFO - Processing /opt/airflow/dags/sample_dag_4.py took 0.020 seconds
[2023-08-23T07:34:07.449+0000] {processor.py:153} INFO - Started process (PID=853) to work on /opt/airflow/dags/sample_dag_4.py
[2023-08-23T07:34:07.450+0000] {processor.py:743} INFO - Processing file /opt/airflow/dags/sample_dag_4.py for tasks to queue
[2023-08-23T07:34:07.451+0000] {logging_mixin.py:137} INFO - [2023-08-23T07:34:07.451+0000] {dagbag.py:532} INFO - Filling up the DagBag from /opt/airflow/dags/sample_dag_4.py
[2023-08-23T07:34:07.452+0000] {processor.py:755} WARNING - No viable dags retrieved from /opt/airflow/dags/sample_dag_4.py
[2023-08-23T07:34:07.469+0000] {processor.py:175} INFO - Processing /opt/airflow/dags/sample_dag_4.py took 0.024 seconds
[2023-08-23T07:34:37.675+0000] {processor.py:153} INFO - Started process (PID=894) to work on /opt/airflow/dags/sample_dag_4.py
[2023-08-23T07:34:37.675+0000] {processor.py:743} INFO - Processing file /opt/airflow/dags/sample_dag_4.py for tasks to queue
[2023-08-23T07:34:37.676+0000] {logging_mixin.py:137} INFO - [2023-08-23T07:34:37.676+0000] {dagbag.py:532} INFO - Filling up the DagBag from /opt/airflow/dags/sample_dag_4.py
[2023-08-23T07:34:37.677+0000] {processor.py:755} WARNING - No viable dags retrieved from /opt/airflow/dags/sample_dag_4.py
[2023-08-23T07:34:37.695+0000] {processor.py:175} INFO - Processing /opt/airflow/dags/sample_dag_4.py took 0.023 seconds
[2023-08-23T07:35:07.933+0000] {processor.py:153} INFO - Started process (PID=954) to work on /opt/airflow/dags/sample_dag_4.py
[2023-08-23T07:35:07.934+0000] {processor.py:743} INFO - Processing file /opt/airflow/dags/sample_dag_4.py for tasks to queue
[2023-08-23T07:35:07.934+0000] {logging_mixin.py:137} INFO - [2023-08-23T07:35:07.934+0000] {dagbag.py:532} INFO - Filling up the DagBag from /opt/airflow/dags/sample_dag_4.py
[2023-08-23T07:35:07.935+0000] {processor.py:755} WARNING - No viable dags retrieved from /opt/airflow/dags/sample_dag_4.py
[2023-08-23T07:35:07.950+0000] {processor.py:175} INFO - Processing /opt/airflow/dags/sample_dag_4.py took 0.022 seconds
[2023-08-23T07:35:38.162+0000] {processor.py:153} INFO - Started process (PID=995) to work on /opt/airflow/dags/sample_dag_4.py
[2023-08-23T07:35:38.163+0000] {processor.py:743} INFO - Processing file /opt/airflow/dags/sample_dag_4.py for tasks to queue
[2023-08-23T07:35:38.164+0000] {logging_mixin.py:137} INFO - [2023-08-23T07:35:38.164+0000] {dagbag.py:532} INFO - Filling up the DagBag from /opt/airflow/dags/sample_dag_4.py
[2023-08-23T07:35:38.166+0000] {processor.py:755} WARNING - No viable dags retrieved from /opt/airflow/dags/sample_dag_4.py
[2023-08-23T07:35:38.184+0000] {processor.py:175} INFO - Processing /opt/airflow/dags/sample_dag_4.py took 0.026 seconds
[2023-08-23T07:36:08.403+0000] {processor.py:153} INFO - Started process (PID=1054) to work on /opt/airflow/dags/sample_dag_4.py
[2023-08-23T07:36:08.403+0000] {processor.py:743} INFO - Processing file /opt/airflow/dags/sample_dag_4.py for tasks to queue
[2023-08-23T07:36:08.404+0000] {logging_mixin.py:137} INFO - [2023-08-23T07:36:08.404+0000] {dagbag.py:532} INFO - Filling up the DagBag from /opt/airflow/dags/sample_dag_4.py
[2023-08-23T07:36:08.405+0000] {processor.py:755} WARNING - No viable dags retrieved from /opt/airflow/dags/sample_dag_4.py
[2023-08-23T07:36:08.421+0000] {processor.py:175} INFO - Processing /opt/airflow/dags/sample_dag_4.py took 0.022 seconds
[2023-08-23T07:36:38.646+0000] {processor.py:153} INFO - Started process (PID=1095) to work on /opt/airflow/dags/sample_dag_4.py
[2023-08-23T07:36:38.647+0000] {processor.py:743} INFO - Processing file /opt/airflow/dags/sample_dag_4.py for tasks to queue
[2023-08-23T07:36:38.648+0000] {logging_mixin.py:137} INFO - [2023-08-23T07:36:38.648+0000] {dagbag.py:532} INFO - Filling up the DagBag from /opt/airflow/dags/sample_dag_4.py
[2023-08-23T07:36:38.649+0000] {processor.py:755} WARNING - No viable dags retrieved from /opt/airflow/dags/sample_dag_4.py
[2023-08-23T07:36:38.663+0000] {processor.py:175} INFO - Processing /opt/airflow/dags/sample_dag_4.py took 0.020 seconds
[2023-08-23T07:37:08.891+0000] {processor.py:153} INFO - Started process (PID=1154) to work on /opt/airflow/dags/sample_dag_4.py
[2023-08-23T07:37:08.891+0000] {processor.py:743} INFO - Processing file /opt/airflow/dags/sample_dag_4.py for tasks to queue
[2023-08-23T07:37:08.892+0000] {logging_mixin.py:137} INFO - [2023-08-23T07:37:08.892+0000] {dagbag.py:532} INFO - Filling up the DagBag from /opt/airflow/dags/sample_dag_4.py
[2023-08-23T07:37:08.893+0000] {processor.py:755} WARNING - No viable dags retrieved from /opt/airflow/dags/sample_dag_4.py
[2023-08-23T07:37:08.907+0000] {processor.py:175} INFO - Processing /opt/airflow/dags/sample_dag_4.py took 0.019 seconds
[2023-08-23T07:37:39.097+0000] {processor.py:153} INFO - Started process (PID=1195) to work on /opt/airflow/dags/sample_dag_4.py
[2023-08-23T07:37:39.098+0000] {processor.py:743} INFO - Processing file /opt/airflow/dags/sample_dag_4.py for tasks to queue
[2023-08-23T07:37:39.099+0000] {logging_mixin.py:137} INFO - [2023-08-23T07:37:39.099+0000] {dagbag.py:532} INFO - Filling up the DagBag from /opt/airflow/dags/sample_dag_4.py
[2023-08-23T07:37:39.100+0000] {processor.py:755} WARNING - No viable dags retrieved from /opt/airflow/dags/sample_dag_4.py
[2023-08-23T07:37:39.169+0000] {processor.py:175} INFO - Processing /opt/airflow/dags/sample_dag_4.py took 0.075 seconds
[2023-08-23T07:38:09.310+0000] {processor.py:153} INFO - Started process (PID=1254) to work on /opt/airflow/dags/sample_dag_4.py
[2023-08-23T07:38:09.311+0000] {processor.py:743} INFO - Processing file /opt/airflow/dags/sample_dag_4.py for tasks to queue
[2023-08-23T07:38:09.311+0000] {logging_mixin.py:137} INFO - [2023-08-23T07:38:09.311+0000] {dagbag.py:532} INFO - Filling up the DagBag from /opt/airflow/dags/sample_dag_4.py
[2023-08-23T07:38:09.312+0000] {processor.py:755} WARNING - No viable dags retrieved from /opt/airflow/dags/sample_dag_4.py
[2023-08-23T07:38:09.327+0000] {processor.py:175} INFO - Processing /opt/airflow/dags/sample_dag_4.py took 0.020 seconds
[2023-08-23T07:38:39.517+0000] {processor.py:153} INFO - Started process (PID=1295) to work on /opt/airflow/dags/sample_dag_4.py
[2023-08-23T07:38:39.519+0000] {processor.py:743} INFO - Processing file /opt/airflow/dags/sample_dag_4.py for tasks to queue
[2023-08-23T07:38:39.519+0000] {logging_mixin.py:137} INFO - [2023-08-23T07:38:39.519+0000] {dagbag.py:532} INFO - Filling up the DagBag from /opt/airflow/dags/sample_dag_4.py
[2023-08-23T07:38:39.520+0000] {processor.py:755} WARNING - No viable dags retrieved from /opt/airflow/dags/sample_dag_4.py
[2023-08-23T07:38:39.534+0000] {processor.py:175} INFO - Processing /opt/airflow/dags/sample_dag_4.py took 0.019 seconds
[2023-08-23T07:39:09.737+0000] {processor.py:153} INFO - Started process (PID=1354) to work on /opt/airflow/dags/sample_dag_4.py
[2023-08-23T07:39:09.737+0000] {processor.py:743} INFO - Processing file /opt/airflow/dags/sample_dag_4.py for tasks to queue
[2023-08-23T07:39:09.737+0000] {logging_mixin.py:137} INFO - [2023-08-23T07:39:09.737+0000] {dagbag.py:532} INFO - Filling up the DagBag from /opt/airflow/dags/sample_dag_4.py
[2023-08-23T07:39:09.738+0000] {processor.py:755} WARNING - No viable dags retrieved from /opt/airflow/dags/sample_dag_4.py
[2023-08-23T07:39:09.752+0000] {processor.py:175} INFO - Processing /opt/airflow/dags/sample_dag_4.py took 0.019 seconds
[2023-08-23T07:39:39.947+0000] {processor.py:153} INFO - Started process (PID=1395) to work on /opt/airflow/dags/sample_dag_4.py
[2023-08-23T07:39:39.948+0000] {processor.py:743} INFO - Processing file /opt/airflow/dags/sample_dag_4.py for tasks to queue
[2023-08-23T07:39:39.948+0000] {logging_mixin.py:137} INFO - [2023-08-23T07:39:39.948+0000] {dagbag.py:532} INFO - Filling up the DagBag from /opt/airflow/dags/sample_dag_4.py
[2023-08-23T07:39:39.949+0000] {processor.py:755} WARNING - No viable dags retrieved from /opt/airflow/dags/sample_dag_4.py
[2023-08-23T07:39:39.963+0000] {processor.py:175} INFO - Processing /opt/airflow/dags/sample_dag_4.py took 0.018 seconds
[2023-08-23T07:40:10.177+0000] {processor.py:153} INFO - Started process (PID=1454) to work on /opt/airflow/dags/sample_dag_4.py
[2023-08-23T07:40:10.177+0000] {processor.py:743} INFO - Processing file /opt/airflow/dags/sample_dag_4.py for tasks to queue
[2023-08-23T07:40:10.178+0000] {logging_mixin.py:137} INFO - [2023-08-23T07:40:10.178+0000] {dagbag.py:532} INFO - Filling up the DagBag from /opt/airflow/dags/sample_dag_4.py
[2023-08-23T07:40:10.179+0000] {processor.py:755} WARNING - No viable dags retrieved from /opt/airflow/dags/sample_dag_4.py
[2023-08-23T07:40:10.194+0000] {processor.py:175} INFO - Processing /opt/airflow/dags/sample_dag_4.py took 0.020 seconds
[2023-08-23T07:40:40.386+0000] {processor.py:153} INFO - Started process (PID=1495) to work on /opt/airflow/dags/sample_dag_4.py
[2023-08-23T07:40:40.387+0000] {processor.py:743} INFO - Processing file /opt/airflow/dags/sample_dag_4.py for tasks to queue
[2023-08-23T07:40:40.387+0000] {logging_mixin.py:137} INFO - [2023-08-23T07:40:40.387+0000] {dagbag.py:532} INFO - Filling up the DagBag from /opt/airflow/dags/sample_dag_4.py
[2023-08-23T07:40:40.388+0000] {processor.py:755} WARNING - No viable dags retrieved from /opt/airflow/dags/sample_dag_4.py
[2023-08-23T07:40:40.402+0000] {processor.py:175} INFO - Processing /opt/airflow/dags/sample_dag_4.py took 0.019 seconds
[2023-08-23T07:41:10.620+0000] {processor.py:153} INFO - Started process (PID=1554) to work on /opt/airflow/dags/sample_dag_4.py
[2023-08-23T07:41:10.620+0000] {processor.py:743} INFO - Processing file /opt/airflow/dags/sample_dag_4.py for tasks to queue
[2023-08-23T07:41:10.621+0000] {logging_mixin.py:137} INFO - [2023-08-23T07:41:10.620+0000] {dagbag.py:532} INFO - Filling up the DagBag from /opt/airflow/dags/sample_dag_4.py
[2023-08-23T07:41:10.622+0000] {processor.py:755} WARNING - No viable dags retrieved from /opt/airflow/dags/sample_dag_4.py
[2023-08-23T07:41:10.634+0000] {processor.py:175} INFO - Processing /opt/airflow/dags/sample_dag_4.py took 0.018 seconds
[2023-08-23T07:41:40.830+0000] {processor.py:153} INFO - Started process (PID=1596) to work on /opt/airflow/dags/sample_dag_4.py
[2023-08-23T07:41:40.831+0000] {processor.py:743} INFO - Processing file /opt/airflow/dags/sample_dag_4.py for tasks to queue
[2023-08-23T07:41:40.832+0000] {logging_mixin.py:137} INFO - [2023-08-23T07:41:40.831+0000] {dagbag.py:532} INFO - Filling up the DagBag from /opt/airflow/dags/sample_dag_4.py
[2023-08-23T07:41:40.833+0000] {processor.py:755} WARNING - No viable dags retrieved from /opt/airflow/dags/sample_dag_4.py
[2023-08-23T07:41:40.852+0000] {processor.py:175} INFO - Processing /opt/airflow/dags/sample_dag_4.py took 0.027 seconds
[2023-08-23T07:42:11.089+0000] {processor.py:153} INFO - Started process (PID=1656) to work on /opt/airflow/dags/sample_dag_4.py
[2023-08-23T07:42:11.089+0000] {processor.py:743} INFO - Processing file /opt/airflow/dags/sample_dag_4.py for tasks to queue
[2023-08-23T07:42:11.090+0000] {logging_mixin.py:137} INFO - [2023-08-23T07:42:11.090+0000] {dagbag.py:532} INFO - Filling up the DagBag from /opt/airflow/dags/sample_dag_4.py
[2023-08-23T07:42:11.091+0000] {processor.py:755} WARNING - No viable dags retrieved from /opt/airflow/dags/sample_dag_4.py
[2023-08-23T07:42:11.105+0000] {processor.py:175} INFO - Processing /opt/airflow/dags/sample_dag_4.py took 0.019 seconds
[2023-08-23T07:42:41.290+0000] {processor.py:153} INFO - Started process (PID=1697) to work on /opt/airflow/dags/sample_dag_4.py
[2023-08-23T07:42:41.291+0000] {processor.py:743} INFO - Processing file /opt/airflow/dags/sample_dag_4.py for tasks to queue
[2023-08-23T07:42:41.292+0000] {logging_mixin.py:137} INFO - [2023-08-23T07:42:41.292+0000] {dagbag.py:532} INFO - Filling up the DagBag from /opt/airflow/dags/sample_dag_4.py
[2023-08-23T07:42:41.293+0000] {processor.py:755} WARNING - No viable dags retrieved from /opt/airflow/dags/sample_dag_4.py
[2023-08-23T07:42:41.306+0000] {processor.py:175} INFO - Processing /opt/airflow/dags/sample_dag_4.py took 0.018 seconds
[2023-08-23T07:43:11.513+0000] {processor.py:153} INFO - Started process (PID=1756) to work on /opt/airflow/dags/sample_dag_4.py
[2023-08-23T07:43:11.514+0000] {processor.py:743} INFO - Processing file /opt/airflow/dags/sample_dag_4.py for tasks to queue
[2023-08-23T07:43:11.514+0000] {logging_mixin.py:137} INFO - [2023-08-23T07:43:11.514+0000] {dagbag.py:532} INFO - Filling up the DagBag from /opt/airflow/dags/sample_dag_4.py
[2023-08-23T07:43:11.515+0000] {processor.py:755} WARNING - No viable dags retrieved from /opt/airflow/dags/sample_dag_4.py
[2023-08-23T07:43:11.530+0000] {processor.py:175} INFO - Processing /opt/airflow/dags/sample_dag_4.py took 0.021 seconds
[2023-08-23T07:43:41.719+0000] {processor.py:153} INFO - Started process (PID=1797) to work on /opt/airflow/dags/sample_dag_4.py
[2023-08-23T07:43:41.720+0000] {processor.py:743} INFO - Processing file /opt/airflow/dags/sample_dag_4.py for tasks to queue
[2023-08-23T07:43:41.721+0000] {logging_mixin.py:137} INFO - [2023-08-23T07:43:41.721+0000] {dagbag.py:532} INFO - Filling up the DagBag from /opt/airflow/dags/sample_dag_4.py
[2023-08-23T07:43:41.722+0000] {processor.py:755} WARNING - No viable dags retrieved from /opt/airflow/dags/sample_dag_4.py
[2023-08-23T07:43:41.735+0000] {processor.py:175} INFO - Processing /opt/airflow/dags/sample_dag_4.py took 0.019 seconds
[2023-08-23T07:44:11.939+0000] {processor.py:153} INFO - Started process (PID=1856) to work on /opt/airflow/dags/sample_dag_4.py
[2023-08-23T07:44:11.940+0000] {processor.py:743} INFO - Processing file /opt/airflow/dags/sample_dag_4.py for tasks to queue
[2023-08-23T07:44:11.940+0000] {logging_mixin.py:137} INFO - [2023-08-23T07:44:11.940+0000] {dagbag.py:532} INFO - Filling up the DagBag from /opt/airflow/dags/sample_dag_4.py
[2023-08-23T07:44:11.941+0000] {processor.py:755} WARNING - No viable dags retrieved from /opt/airflow/dags/sample_dag_4.py
[2023-08-23T07:44:11.957+0000] {processor.py:175} INFO - Processing /opt/airflow/dags/sample_dag_4.py took 0.020 seconds
[2023-08-23T07:44:42.160+0000] {processor.py:153} INFO - Started process (PID=1897) to work on /opt/airflow/dags/sample_dag_4.py
[2023-08-23T07:44:42.161+0000] {processor.py:743} INFO - Processing file /opt/airflow/dags/sample_dag_4.py for tasks to queue
[2023-08-23T07:44:42.162+0000] {logging_mixin.py:137} INFO - [2023-08-23T07:44:42.162+0000] {dagbag.py:532} INFO - Filling up the DagBag from /opt/airflow/dags/sample_dag_4.py
[2023-08-23T07:44:42.163+0000] {processor.py:755} WARNING - No viable dags retrieved from /opt/airflow/dags/sample_dag_4.py
[2023-08-23T07:44:42.182+0000] {processor.py:175} INFO - Processing /opt/airflow/dags/sample_dag_4.py took 0.025 seconds
[2023-08-23T07:45:12.385+0000] {processor.py:153} INFO - Started process (PID=1938) to work on /opt/airflow/dags/sample_dag_4.py
[2023-08-23T07:45:12.387+0000] {processor.py:743} INFO - Processing file /opt/airflow/dags/sample_dag_4.py for tasks to queue
[2023-08-23T07:45:12.387+0000] {logging_mixin.py:137} INFO - [2023-08-23T07:45:12.387+0000] {dagbag.py:532} INFO - Filling up the DagBag from /opt/airflow/dags/sample_dag_4.py
[2023-08-23T07:45:12.388+0000] {processor.py:755} WARNING - No viable dags retrieved from /opt/airflow/dags/sample_dag_4.py
[2023-08-23T07:45:12.402+0000] {processor.py:175} INFO - Processing /opt/airflow/dags/sample_dag_4.py took 0.019 seconds
[2023-08-23T07:45:42.586+0000] {processor.py:153} INFO - Started process (PID=1998) to work on /opt/airflow/dags/sample_dag_4.py
[2023-08-23T07:45:42.587+0000] {processor.py:743} INFO - Processing file /opt/airflow/dags/sample_dag_4.py for tasks to queue
[2023-08-23T07:45:42.588+0000] {logging_mixin.py:137} INFO - [2023-08-23T07:45:42.588+0000] {dagbag.py:532} INFO - Filling up the DagBag from /opt/airflow/dags/sample_dag_4.py
[2023-08-23T07:45:42.589+0000] {processor.py:755} WARNING - No viable dags retrieved from /opt/airflow/dags/sample_dag_4.py
[2023-08-23T07:45:42.602+0000] {processor.py:175} INFO - Processing /opt/airflow/dags/sample_dag_4.py took 0.019 seconds
[2023-08-23T07:46:12.807+0000] {processor.py:153} INFO - Started process (PID=2039) to work on /opt/airflow/dags/sample_dag_4.py
[2023-08-23T07:46:12.808+0000] {processor.py:743} INFO - Processing file /opt/airflow/dags/sample_dag_4.py for tasks to queue
[2023-08-23T07:46:12.809+0000] {logging_mixin.py:137} INFO - [2023-08-23T07:46:12.809+0000] {dagbag.py:532} INFO - Filling up the DagBag from /opt/airflow/dags/sample_dag_4.py
[2023-08-23T07:46:12.810+0000] {processor.py:755} WARNING - No viable dags retrieved from /opt/airflow/dags/sample_dag_4.py
[2023-08-23T07:46:12.824+0000] {processor.py:175} INFO - Processing /opt/airflow/dags/sample_dag_4.py took 0.020 seconds
[2023-08-23T07:46:43.042+0000] {processor.py:153} INFO - Started process (PID=2098) to work on /opt/airflow/dags/sample_dag_4.py
[2023-08-23T07:46:43.043+0000] {processor.py:743} INFO - Processing file /opt/airflow/dags/sample_dag_4.py for tasks to queue
[2023-08-23T07:46:43.045+0000] {logging_mixin.py:137} INFO - [2023-08-23T07:46:43.044+0000] {dagbag.py:532} INFO - Filling up the DagBag from /opt/airflow/dags/sample_dag_4.py
[2023-08-23T07:46:43.047+0000] {processor.py:755} WARNING - No viable dags retrieved from /opt/airflow/dags/sample_dag_4.py
[2023-08-23T07:46:43.076+0000] {processor.py:175} INFO - Processing /opt/airflow/dags/sample_dag_4.py took 0.040 seconds
[2023-08-23T07:47:13.288+0000] {processor.py:153} INFO - Started process (PID=2139) to work on /opt/airflow/dags/sample_dag_4.py
[2023-08-23T07:47:13.289+0000] {processor.py:743} INFO - Processing file /opt/airflow/dags/sample_dag_4.py for tasks to queue
[2023-08-23T07:47:13.290+0000] {logging_mixin.py:137} INFO - [2023-08-23T07:47:13.290+0000] {dagbag.py:532} INFO - Filling up the DagBag from /opt/airflow/dags/sample_dag_4.py
[2023-08-23T07:47:13.291+0000] {processor.py:755} WARNING - No viable dags retrieved from /opt/airflow/dags/sample_dag_4.py
[2023-08-23T07:47:13.305+0000] {processor.py:175} INFO - Processing /opt/airflow/dags/sample_dag_4.py took 0.019 seconds
[2023-08-23T07:47:43.500+0000] {processor.py:153} INFO - Started process (PID=2180) to work on /opt/airflow/dags/sample_dag_4.py
[2023-08-23T07:47:43.501+0000] {processor.py:743} INFO - Processing file /opt/airflow/dags/sample_dag_4.py for tasks to queue
[2023-08-23T07:47:43.502+0000] {logging_mixin.py:137} INFO - [2023-08-23T07:47:43.502+0000] {dagbag.py:532} INFO - Filling up the DagBag from /opt/airflow/dags/sample_dag_4.py
[2023-08-23T07:47:43.503+0000] {processor.py:755} WARNING - No viable dags retrieved from /opt/airflow/dags/sample_dag_4.py
[2023-08-23T07:47:43.517+0000] {processor.py:175} INFO - Processing /opt/airflow/dags/sample_dag_4.py took 0.019 seconds
[2023-08-23T07:48:13.722+0000] {processor.py:153} INFO - Started process (PID=2239) to work on /opt/airflow/dags/sample_dag_4.py
[2023-08-23T07:48:13.723+0000] {processor.py:743} INFO - Processing file /opt/airflow/dags/sample_dag_4.py for tasks to queue
[2023-08-23T07:48:13.724+0000] {logging_mixin.py:137} INFO - [2023-08-23T07:48:13.724+0000] {dagbag.py:532} INFO - Filling up the DagBag from /opt/airflow/dags/sample_dag_4.py
[2023-08-23T07:48:13.725+0000] {processor.py:755} WARNING - No viable dags retrieved from /opt/airflow/dags/sample_dag_4.py
[2023-08-23T07:48:13.738+0000] {processor.py:175} INFO - Processing /opt/airflow/dags/sample_dag_4.py took 0.018 seconds
[2023-08-23T07:48:43.948+0000] {processor.py:153} INFO - Started process (PID=2280) to work on /opt/airflow/dags/sample_dag_4.py
[2023-08-23T07:48:43.949+0000] {processor.py:743} INFO - Processing file /opt/airflow/dags/sample_dag_4.py for tasks to queue
[2023-08-23T07:48:43.950+0000] {logging_mixin.py:137} INFO - [2023-08-23T07:48:43.950+0000] {dagbag.py:532} INFO - Filling up the DagBag from /opt/airflow/dags/sample_dag_4.py
[2023-08-23T07:48:43.952+0000] {processor.py:755} WARNING - No viable dags retrieved from /opt/airflow/dags/sample_dag_4.py
[2023-08-23T07:48:43.965+0000] {processor.py:175} INFO - Processing /opt/airflow/dags/sample_dag_4.py took 0.020 seconds
[2023-08-23T07:49:14.174+0000] {processor.py:153} INFO - Started process (PID=2339) to work on /opt/airflow/dags/sample_dag_4.py
[2023-08-23T07:49:14.175+0000] {processor.py:743} INFO - Processing file /opt/airflow/dags/sample_dag_4.py for tasks to queue
[2023-08-23T07:49:14.176+0000] {logging_mixin.py:137} INFO - [2023-08-23T07:49:14.176+0000] {dagbag.py:532} INFO - Filling up the DagBag from /opt/airflow/dags/sample_dag_4.py
[2023-08-23T07:49:14.177+0000] {processor.py:755} WARNING - No viable dags retrieved from /opt/airflow/dags/sample_dag_4.py
[2023-08-23T07:49:14.197+0000] {processor.py:175} INFO - Processing /opt/airflow/dags/sample_dag_4.py took 0.027 seconds
[2023-08-23T07:49:44.439+0000] {processor.py:153} INFO - Started process (PID=2380) to work on /opt/airflow/dags/sample_dag_4.py
[2023-08-23T07:49:44.441+0000] {processor.py:743} INFO - Processing file /opt/airflow/dags/sample_dag_4.py for tasks to queue
[2023-08-23T07:49:44.442+0000] {logging_mixin.py:137} INFO - [2023-08-23T07:49:44.442+0000] {dagbag.py:532} INFO - Filling up the DagBag from /opt/airflow/dags/sample_dag_4.py
[2023-08-23T07:49:44.445+0000] {processor.py:755} WARNING - No viable dags retrieved from /opt/airflow/dags/sample_dag_4.py
[2023-08-23T07:49:44.474+0000] {processor.py:175} INFO - Processing /opt/airflow/dags/sample_dag_4.py took 0.042 seconds
[2023-08-23T07:50:14.763+0000] {processor.py:153} INFO - Started process (PID=2421) to work on /opt/airflow/dags/sample_dag_4.py
[2023-08-23T07:50:14.764+0000] {processor.py:743} INFO - Processing file /opt/airflow/dags/sample_dag_4.py for tasks to queue
[2023-08-23T07:50:14.765+0000] {logging_mixin.py:137} INFO - [2023-08-23T07:50:14.765+0000] {dagbag.py:532} INFO - Filling up the DagBag from /opt/airflow/dags/sample_dag_4.py
[2023-08-23T07:50:14.769+0000] {processor.py:755} WARNING - No viable dags retrieved from /opt/airflow/dags/sample_dag_4.py
[2023-08-23T07:50:14.788+0000] {processor.py:175} INFO - Processing /opt/airflow/dags/sample_dag_4.py took 0.031 seconds
[2023-08-23T07:50:44.983+0000] {processor.py:153} INFO - Started process (PID=2480) to work on /opt/airflow/dags/sample_dag_4.py
[2023-08-23T07:50:44.984+0000] {processor.py:743} INFO - Processing file /opt/airflow/dags/sample_dag_4.py for tasks to queue
[2023-08-23T07:50:44.985+0000] {logging_mixin.py:137} INFO - [2023-08-23T07:50:44.985+0000] {dagbag.py:532} INFO - Filling up the DagBag from /opt/airflow/dags/sample_dag_4.py
[2023-08-23T07:50:44.986+0000] {processor.py:755} WARNING - No viable dags retrieved from /opt/airflow/dags/sample_dag_4.py
[2023-08-23T07:50:45.000+0000] {processor.py:175} INFO - Processing /opt/airflow/dags/sample_dag_4.py took 0.019 seconds
[2023-08-23T07:51:15.218+0000] {processor.py:153} INFO - Started process (PID=2521) to work on /opt/airflow/dags/sample_dag_4.py
[2023-08-23T07:51:15.219+0000] {processor.py:743} INFO - Processing file /opt/airflow/dags/sample_dag_4.py for tasks to queue
[2023-08-23T07:51:15.220+0000] {logging_mixin.py:137} INFO - [2023-08-23T07:51:15.220+0000] {dagbag.py:532} INFO - Filling up the DagBag from /opt/airflow/dags/sample_dag_4.py
[2023-08-23T07:51:15.221+0000] {processor.py:755} WARNING - No viable dags retrieved from /opt/airflow/dags/sample_dag_4.py
[2023-08-23T07:51:15.238+0000] {processor.py:175} INFO - Processing /opt/airflow/dags/sample_dag_4.py took 0.024 seconds
[2023-08-23T07:51:45.424+0000] {processor.py:153} INFO - Started process (PID=2580) to work on /opt/airflow/dags/sample_dag_4.py
[2023-08-23T07:51:45.425+0000] {processor.py:743} INFO - Processing file /opt/airflow/dags/sample_dag_4.py for tasks to queue
[2023-08-23T07:51:45.426+0000] {logging_mixin.py:137} INFO - [2023-08-23T07:51:45.426+0000] {dagbag.py:532} INFO - Filling up the DagBag from /opt/airflow/dags/sample_dag_4.py
[2023-08-23T07:51:45.427+0000] {processor.py:755} WARNING - No viable dags retrieved from /opt/airflow/dags/sample_dag_4.py
[2023-08-23T07:51:45.440+0000] {processor.py:175} INFO - Processing /opt/airflow/dags/sample_dag_4.py took 0.018 seconds
[2023-08-23T07:52:15.661+0000] {processor.py:153} INFO - Started process (PID=2621) to work on /opt/airflow/dags/sample_dag_4.py
[2023-08-23T07:52:15.661+0000] {processor.py:743} INFO - Processing file /opt/airflow/dags/sample_dag_4.py for tasks to queue
[2023-08-23T07:52:15.661+0000] {logging_mixin.py:137} INFO - [2023-08-23T07:52:15.661+0000] {dagbag.py:532} INFO - Filling up the DagBag from /opt/airflow/dags/sample_dag_4.py
[2023-08-23T07:52:15.662+0000] {processor.py:755} WARNING - No viable dags retrieved from /opt/airflow/dags/sample_dag_4.py
[2023-08-23T07:52:15.675+0000] {processor.py:175} INFO - Processing /opt/airflow/dags/sample_dag_4.py took 0.017 seconds
[2023-08-23T07:52:45.882+0000] {processor.py:153} INFO - Started process (PID=2680) to work on /opt/airflow/dags/sample_dag_4.py
[2023-08-23T07:52:45.883+0000] {processor.py:743} INFO - Processing file /opt/airflow/dags/sample_dag_4.py for tasks to queue
[2023-08-23T07:52:45.883+0000] {logging_mixin.py:137} INFO - [2023-08-23T07:52:45.883+0000] {dagbag.py:532} INFO - Filling up the DagBag from /opt/airflow/dags/sample_dag_4.py
[2023-08-23T07:52:45.884+0000] {processor.py:755} WARNING - No viable dags retrieved from /opt/airflow/dags/sample_dag_4.py
[2023-08-23T07:52:45.897+0000] {processor.py:175} INFO - Processing /opt/airflow/dags/sample_dag_4.py took 0.018 seconds
[2023-08-23T07:53:16.095+0000] {processor.py:153} INFO - Started process (PID=2721) to work on /opt/airflow/dags/sample_dag_4.py
[2023-08-23T07:53:16.095+0000] {processor.py:743} INFO - Processing file /opt/airflow/dags/sample_dag_4.py for tasks to queue
[2023-08-23T07:53:16.095+0000] {logging_mixin.py:137} INFO - [2023-08-23T07:53:16.095+0000] {dagbag.py:532} INFO - Filling up the DagBag from /opt/airflow/dags/sample_dag_4.py
[2023-08-23T07:53:16.097+0000] {processor.py:755} WARNING - No viable dags retrieved from /opt/airflow/dags/sample_dag_4.py
[2023-08-23T07:53:16.114+0000] {processor.py:175} INFO - Processing /opt/airflow/dags/sample_dag_4.py took 0.022 seconds
[2023-08-23T07:53:46.340+0000] {processor.py:153} INFO - Started process (PID=2780) to work on /opt/airflow/dags/sample_dag_4.py
[2023-08-23T07:53:46.341+0000] {processor.py:743} INFO - Processing file /opt/airflow/dags/sample_dag_4.py for tasks to queue
[2023-08-23T07:53:46.342+0000] {logging_mixin.py:137} INFO - [2023-08-23T07:53:46.342+0000] {dagbag.py:532} INFO - Filling up the DagBag from /opt/airflow/dags/sample_dag_4.py
[2023-08-23T07:53:46.343+0000] {processor.py:755} WARNING - No viable dags retrieved from /opt/airflow/dags/sample_dag_4.py
[2023-08-23T07:53:46.360+0000] {processor.py:175} INFO - Processing /opt/airflow/dags/sample_dag_4.py took 0.024 seconds
[2023-08-23T07:54:16.566+0000] {processor.py:153} INFO - Started process (PID=2821) to work on /opt/airflow/dags/sample_dag_4.py
[2023-08-23T07:54:16.566+0000] {processor.py:743} INFO - Processing file /opt/airflow/dags/sample_dag_4.py for tasks to queue
[2023-08-23T07:54:16.566+0000] {logging_mixin.py:137} INFO - [2023-08-23T07:54:16.566+0000] {dagbag.py:532} INFO - Filling up the DagBag from /opt/airflow/dags/sample_dag_4.py
[2023-08-23T07:54:16.567+0000] {processor.py:755} WARNING - No viable dags retrieved from /opt/airflow/dags/sample_dag_4.py
[2023-08-23T07:54:16.581+0000] {processor.py:175} INFO - Processing /opt/airflow/dags/sample_dag_4.py took 0.019 seconds
[2023-08-23T07:54:46.773+0000] {processor.py:153} INFO - Started process (PID=2880) to work on /opt/airflow/dags/sample_dag_4.py
[2023-08-23T07:54:46.774+0000] {processor.py:743} INFO - Processing file /opt/airflow/dags/sample_dag_4.py for tasks to queue
[2023-08-23T07:54:46.775+0000] {logging_mixin.py:137} INFO - [2023-08-23T07:54:46.775+0000] {dagbag.py:532} INFO - Filling up the DagBag from /opt/airflow/dags/sample_dag_4.py
[2023-08-23T07:54:46.776+0000] {processor.py:755} WARNING - No viable dags retrieved from /opt/airflow/dags/sample_dag_4.py
[2023-08-23T07:54:46.789+0000] {processor.py:175} INFO - Processing /opt/airflow/dags/sample_dag_4.py took 0.018 seconds
[2023-08-23T07:55:16.994+0000] {processor.py:153} INFO - Started process (PID=2921) to work on /opt/airflow/dags/sample_dag_4.py
[2023-08-23T07:55:16.995+0000] {processor.py:743} INFO - Processing file /opt/airflow/dags/sample_dag_4.py for tasks to queue
[2023-08-23T07:55:16.996+0000] {logging_mixin.py:137} INFO - [2023-08-23T07:55:16.996+0000] {dagbag.py:532} INFO - Filling up the DagBag from /opt/airflow/dags/sample_dag_4.py
[2023-08-23T07:55:16.997+0000] {processor.py:755} WARNING - No viable dags retrieved from /opt/airflow/dags/sample_dag_4.py
[2023-08-23T07:55:17.012+0000] {processor.py:175} INFO - Processing /opt/airflow/dags/sample_dag_4.py took 0.022 seconds
[2023-08-23T07:55:47.213+0000] {processor.py:153} INFO - Started process (PID=2980) to work on /opt/airflow/dags/sample_dag_4.py
[2023-08-23T07:55:47.213+0000] {processor.py:743} INFO - Processing file /opt/airflow/dags/sample_dag_4.py for tasks to queue
[2023-08-23T07:55:47.214+0000] {logging_mixin.py:137} INFO - [2023-08-23T07:55:47.213+0000] {dagbag.py:532} INFO - Filling up the DagBag from /opt/airflow/dags/sample_dag_4.py
[2023-08-23T07:55:47.215+0000] {processor.py:755} WARNING - No viable dags retrieved from /opt/airflow/dags/sample_dag_4.py
[2023-08-23T07:55:47.231+0000] {processor.py:175} INFO - Processing /opt/airflow/dags/sample_dag_4.py took 0.021 seconds
[2023-08-23T07:56:17.465+0000] {processor.py:153} INFO - Started process (PID=3021) to work on /opt/airflow/dags/sample_dag_4.py
[2023-08-23T07:56:17.466+0000] {processor.py:743} INFO - Processing file /opt/airflow/dags/sample_dag_4.py for tasks to queue
[2023-08-23T07:56:17.466+0000] {logging_mixin.py:137} INFO - [2023-08-23T07:56:17.466+0000] {dagbag.py:532} INFO - Filling up the DagBag from /opt/airflow/dags/sample_dag_4.py
[2023-08-23T07:56:17.467+0000] {processor.py:755} WARNING - No viable dags retrieved from /opt/airflow/dags/sample_dag_4.py
[2023-08-23T07:56:17.481+0000] {processor.py:175} INFO - Processing /opt/airflow/dags/sample_dag_4.py took 0.019 seconds
[2023-08-23T07:56:47.694+0000] {processor.py:153} INFO - Started process (PID=3080) to work on /opt/airflow/dags/sample_dag_4.py
[2023-08-23T07:56:47.695+0000] {processor.py:743} INFO - Processing file /opt/airflow/dags/sample_dag_4.py for tasks to queue
[2023-08-23T07:56:47.695+0000] {logging_mixin.py:137} INFO - [2023-08-23T07:56:47.695+0000] {dagbag.py:532} INFO - Filling up the DagBag from /opt/airflow/dags/sample_dag_4.py
[2023-08-23T07:56:47.696+0000] {processor.py:755} WARNING - No viable dags retrieved from /opt/airflow/dags/sample_dag_4.py
[2023-08-23T07:56:47.710+0000] {processor.py:175} INFO - Processing /opt/airflow/dags/sample_dag_4.py took 0.019 seconds
[2023-08-23T07:57:18.120+0000] {processor.py:153} INFO - Started process (PID=3121) to work on /opt/airflow/dags/sample_dag_4.py
[2023-08-23T07:57:18.125+0000] {processor.py:743} INFO - Processing file /opt/airflow/dags/sample_dag_4.py for tasks to queue
[2023-08-23T07:57:18.130+0000] {logging_mixin.py:137} INFO - [2023-08-23T07:57:18.128+0000] {dagbag.py:532} INFO - Filling up the DagBag from /opt/airflow/dags/sample_dag_4.py
[2023-08-23T07:57:18.136+0000] {processor.py:755} WARNING - No viable dags retrieved from /opt/airflow/dags/sample_dag_4.py
[2023-08-23T07:57:18.251+0000] {processor.py:175} INFO - Processing /opt/airflow/dags/sample_dag_4.py took 0.146 seconds
[2023-08-23T07:57:48.752+0000] {processor.py:153} INFO - Started process (PID=3162) to work on /opt/airflow/dags/sample_dag_4.py
[2023-08-23T07:57:48.752+0000] {processor.py:743} INFO - Processing file /opt/airflow/dags/sample_dag_4.py for tasks to queue
[2023-08-23T07:57:48.753+0000] {logging_mixin.py:137} INFO - [2023-08-23T07:57:48.753+0000] {dagbag.py:532} INFO - Filling up the DagBag from /opt/airflow/dags/sample_dag_4.py
[2023-08-23T07:57:48.754+0000] {processor.py:755} WARNING - No viable dags retrieved from /opt/airflow/dags/sample_dag_4.py
[2023-08-23T07:57:48.778+0000] {processor.py:175} INFO - Processing /opt/airflow/dags/sample_dag_4.py took 0.030 seconds
[2023-08-23T07:58:19.040+0000] {processor.py:153} INFO - Started process (PID=3204) to work on /opt/airflow/dags/sample_dag_4.py
[2023-08-23T07:58:19.041+0000] {processor.py:743} INFO - Processing file /opt/airflow/dags/sample_dag_4.py for tasks to queue
[2023-08-23T07:58:19.043+0000] {logging_mixin.py:137} INFO - [2023-08-23T07:58:19.042+0000] {dagbag.py:532} INFO - Filling up the DagBag from /opt/airflow/dags/sample_dag_4.py
[2023-08-23T07:58:19.045+0000] {processor.py:755} WARNING - No viable dags retrieved from /opt/airflow/dags/sample_dag_4.py
[2023-08-23T07:58:19.072+0000] {processor.py:175} INFO - Processing /opt/airflow/dags/sample_dag_4.py took 0.038 seconds
[2023-08-23T07:58:49.337+0000] {processor.py:153} INFO - Started process (PID=3245) to work on /opt/airflow/dags/sample_dag_4.py
[2023-08-23T07:58:49.339+0000] {processor.py:743} INFO - Processing file /opt/airflow/dags/sample_dag_4.py for tasks to queue
[2023-08-23T07:58:49.339+0000] {logging_mixin.py:137} INFO - [2023-08-23T07:58:49.339+0000] {dagbag.py:532} INFO - Filling up the DagBag from /opt/airflow/dags/sample_dag_4.py
[2023-08-23T07:58:49.341+0000] {processor.py:755} WARNING - No viable dags retrieved from /opt/airflow/dags/sample_dag_4.py
[2023-08-23T07:58:49.360+0000] {processor.py:175} INFO - Processing /opt/airflow/dags/sample_dag_4.py took 0.028 seconds
[2023-08-23T07:59:19.709+0000] {processor.py:153} INFO - Started process (PID=3286) to work on /opt/airflow/dags/sample_dag_4.py
[2023-08-23T07:59:19.711+0000] {processor.py:743} INFO - Processing file /opt/airflow/dags/sample_dag_4.py for tasks to queue
[2023-08-23T07:59:19.712+0000] {logging_mixin.py:137} INFO - [2023-08-23T07:59:19.712+0000] {dagbag.py:532} INFO - Filling up the DagBag from /opt/airflow/dags/sample_dag_4.py
[2023-08-23T07:59:19.713+0000] {processor.py:755} WARNING - No viable dags retrieved from /opt/airflow/dags/sample_dag_4.py
[2023-08-23T07:59:19.736+0000] {processor.py:175} INFO - Processing /opt/airflow/dags/sample_dag_4.py took 0.030 seconds
[2023-08-23T07:59:50.014+0000] {processor.py:153} INFO - Started process (PID=3327) to work on /opt/airflow/dags/sample_dag_4.py
[2023-08-23T07:59:50.014+0000] {processor.py:743} INFO - Processing file /opt/airflow/dags/sample_dag_4.py for tasks to queue
[2023-08-23T07:59:50.015+0000] {logging_mixin.py:137} INFO - [2023-08-23T07:59:50.015+0000] {dagbag.py:532} INFO - Filling up the DagBag from /opt/airflow/dags/sample_dag_4.py
[2023-08-23T07:59:50.017+0000] {processor.py:755} WARNING - No viable dags retrieved from /opt/airflow/dags/sample_dag_4.py
[2023-08-23T07:59:50.037+0000] {processor.py:175} INFO - Processing /opt/airflow/dags/sample_dag_4.py took 0.028 seconds
[2023-08-23T08:00:20.347+0000] {processor.py:153} INFO - Started process (PID=3368) to work on /opt/airflow/dags/sample_dag_4.py
[2023-08-23T08:00:20.349+0000] {processor.py:743} INFO - Processing file /opt/airflow/dags/sample_dag_4.py for tasks to queue
[2023-08-23T08:00:20.350+0000] {logging_mixin.py:137} INFO - [2023-08-23T08:00:20.349+0000] {dagbag.py:532} INFO - Filling up the DagBag from /opt/airflow/dags/sample_dag_4.py
[2023-08-23T08:00:20.351+0000] {processor.py:755} WARNING - No viable dags retrieved from /opt/airflow/dags/sample_dag_4.py
[2023-08-23T08:00:20.384+0000] {processor.py:175} INFO - Processing /opt/airflow/dags/sample_dag_4.py took 0.041 seconds
[2023-08-23T08:00:50.654+0000] {processor.py:153} INFO - Started process (PID=3410) to work on /opt/airflow/dags/sample_dag_4.py
[2023-08-23T08:00:50.654+0000] {processor.py:743} INFO - Processing file /opt/airflow/dags/sample_dag_4.py for tasks to queue
[2023-08-23T08:00:50.655+0000] {logging_mixin.py:137} INFO - [2023-08-23T08:00:50.655+0000] {dagbag.py:532} INFO - Filling up the DagBag from /opt/airflow/dags/sample_dag_4.py
[2023-08-23T08:00:50.657+0000] {processor.py:755} WARNING - No viable dags retrieved from /opt/airflow/dags/sample_dag_4.py
[2023-08-23T08:00:50.678+0000] {processor.py:175} INFO - Processing /opt/airflow/dags/sample_dag_4.py took 0.029 seconds
[2023-08-23T08:01:20.919+0000] {processor.py:153} INFO - Started process (PID=3451) to work on /opt/airflow/dags/sample_dag_4.py
[2023-08-23T08:01:20.921+0000] {processor.py:743} INFO - Processing file /opt/airflow/dags/sample_dag_4.py for tasks to queue
[2023-08-23T08:01:20.924+0000] {logging_mixin.py:137} INFO - [2023-08-23T08:01:20.923+0000] {dagbag.py:532} INFO - Filling up the DagBag from /opt/airflow/dags/sample_dag_4.py
[2023-08-23T08:01:20.926+0000] {processor.py:755} WARNING - No viable dags retrieved from /opt/airflow/dags/sample_dag_4.py
[2023-08-23T08:01:20.949+0000] {processor.py:175} INFO - Processing /opt/airflow/dags/sample_dag_4.py took 0.036 seconds
[2023-08-23T08:01:51.188+0000] {processor.py:153} INFO - Started process (PID=3492) to work on /opt/airflow/dags/sample_dag_4.py
[2023-08-23T08:01:51.189+0000] {processor.py:743} INFO - Processing file /opt/airflow/dags/sample_dag_4.py for tasks to queue
[2023-08-23T08:01:51.189+0000] {logging_mixin.py:137} INFO - [2023-08-23T08:01:51.189+0000] {dagbag.py:532} INFO - Filling up the DagBag from /opt/airflow/dags/sample_dag_4.py
[2023-08-23T08:01:51.191+0000] {processor.py:755} WARNING - No viable dags retrieved from /opt/airflow/dags/sample_dag_4.py
[2023-08-23T08:01:51.209+0000] {processor.py:175} INFO - Processing /opt/airflow/dags/sample_dag_4.py took 0.025 seconds
[2023-08-23T08:02:21.487+0000] {processor.py:153} INFO - Started process (PID=3533) to work on /opt/airflow/dags/sample_dag_4.py
[2023-08-23T08:02:21.489+0000] {processor.py:743} INFO - Processing file /opt/airflow/dags/sample_dag_4.py for tasks to queue
[2023-08-23T08:02:21.490+0000] {logging_mixin.py:137} INFO - [2023-08-23T08:02:21.489+0000] {dagbag.py:532} INFO - Filling up the DagBag from /opt/airflow/dags/sample_dag_4.py
[2023-08-23T08:02:21.491+0000] {processor.py:755} WARNING - No viable dags retrieved from /opt/airflow/dags/sample_dag_4.py
[2023-08-23T08:02:21.511+0000] {processor.py:175} INFO - Processing /opt/airflow/dags/sample_dag_4.py took 0.027 seconds
[2023-08-23T08:02:51.854+0000] {processor.py:153} INFO - Started process (PID=3581) to work on /opt/airflow/dags/sample_dag_4.py
[2023-08-23T08:02:51.856+0000] {processor.py:743} INFO - Processing file /opt/airflow/dags/sample_dag_4.py for tasks to queue
[2023-08-23T08:02:51.859+0000] {logging_mixin.py:137} INFO - [2023-08-23T08:02:51.858+0000] {dagbag.py:532} INFO - Filling up the DagBag from /opt/airflow/dags/sample_dag_4.py
[2023-08-23T08:02:51.863+0000] {processor.py:755} WARNING - No viable dags retrieved from /opt/airflow/dags/sample_dag_4.py
[2023-08-23T08:02:51.961+0000] {processor.py:175} INFO - Processing /opt/airflow/dags/sample_dag_4.py took 0.121 seconds
[2023-08-23T08:03:22.585+0000] {processor.py:153} INFO - Started process (PID=3615) to work on /opt/airflow/dags/sample_dag_4.py
[2023-08-23T08:03:22.587+0000] {processor.py:743} INFO - Processing file /opt/airflow/dags/sample_dag_4.py for tasks to queue
[2023-08-23T08:03:22.589+0000] {logging_mixin.py:137} INFO - [2023-08-23T08:03:22.589+0000] {dagbag.py:532} INFO - Filling up the DagBag from /opt/airflow/dags/sample_dag_4.py
[2023-08-23T08:03:22.592+0000] {processor.py:755} WARNING - No viable dags retrieved from /opt/airflow/dags/sample_dag_4.py
[2023-08-23T08:03:22.620+0000] {processor.py:175} INFO - Processing /opt/airflow/dags/sample_dag_4.py took 0.040 seconds
[2023-08-23T08:03:52.894+0000] {processor.py:153} INFO - Started process (PID=3656) to work on /opt/airflow/dags/sample_dag_4.py
[2023-08-23T08:03:52.894+0000] {processor.py:743} INFO - Processing file /opt/airflow/dags/sample_dag_4.py for tasks to queue
[2023-08-23T08:03:52.895+0000] {logging_mixin.py:137} INFO - [2023-08-23T08:03:52.895+0000] {dagbag.py:532} INFO - Filling up the DagBag from /opt/airflow/dags/sample_dag_4.py
[2023-08-23T08:03:52.897+0000] {processor.py:755} WARNING - No viable dags retrieved from /opt/airflow/dags/sample_dag_4.py
[2023-08-23T08:03:52.915+0000] {processor.py:175} INFO - Processing /opt/airflow/dags/sample_dag_4.py took 0.026 seconds
[2023-08-23T08:04:23.208+0000] {processor.py:153} INFO - Started process (PID=3697) to work on /opt/airflow/dags/sample_dag_4.py
[2023-08-23T08:04:23.210+0000] {processor.py:743} INFO - Processing file /opt/airflow/dags/sample_dag_4.py for tasks to queue
[2023-08-23T08:04:23.211+0000] {logging_mixin.py:137} INFO - [2023-08-23T08:04:23.210+0000] {dagbag.py:532} INFO - Filling up the DagBag from /opt/airflow/dags/sample_dag_4.py
[2023-08-23T08:04:23.212+0000] {processor.py:755} WARNING - No viable dags retrieved from /opt/airflow/dags/sample_dag_4.py
[2023-08-23T08:04:23.232+0000] {processor.py:175} INFO - Processing /opt/airflow/dags/sample_dag_4.py took 0.028 seconds
[2023-08-23T08:04:53.552+0000] {processor.py:153} INFO - Started process (PID=3738) to work on /opt/airflow/dags/sample_dag_4.py
[2023-08-23T08:04:53.553+0000] {processor.py:743} INFO - Processing file /opt/airflow/dags/sample_dag_4.py for tasks to queue
[2023-08-23T08:04:53.554+0000] {logging_mixin.py:137} INFO - [2023-08-23T08:04:53.554+0000] {dagbag.py:532} INFO - Filling up the DagBag from /opt/airflow/dags/sample_dag_4.py
[2023-08-23T08:04:53.556+0000] {processor.py:755} WARNING - No viable dags retrieved from /opt/airflow/dags/sample_dag_4.py
[2023-08-23T08:04:53.582+0000] {processor.py:175} INFO - Processing /opt/airflow/dags/sample_dag_4.py took 0.036 seconds
[2023-08-23T08:05:23.901+0000] {processor.py:153} INFO - Started process (PID=3779) to work on /opt/airflow/dags/sample_dag_4.py
[2023-08-23T08:05:23.902+0000] {processor.py:743} INFO - Processing file /opt/airflow/dags/sample_dag_4.py for tasks to queue
[2023-08-23T08:05:23.903+0000] {logging_mixin.py:137} INFO - [2023-08-23T08:05:23.903+0000] {dagbag.py:532} INFO - Filling up the DagBag from /opt/airflow/dags/sample_dag_4.py
[2023-08-23T08:05:23.904+0000] {processor.py:755} WARNING - No viable dags retrieved from /opt/airflow/dags/sample_dag_4.py
[2023-08-23T08:05:23.926+0000] {processor.py:175} INFO - Processing /opt/airflow/dags/sample_dag_4.py took 0.030 seconds
[2023-08-23T08:05:54.210+0000] {processor.py:153} INFO - Started process (PID=3820) to work on /opt/airflow/dags/sample_dag_4.py
[2023-08-23T08:05:54.212+0000] {processor.py:743} INFO - Processing file /opt/airflow/dags/sample_dag_4.py for tasks to queue
[2023-08-23T08:05:54.213+0000] {logging_mixin.py:137} INFO - [2023-08-23T08:05:54.213+0000] {dagbag.py:532} INFO - Filling up the DagBag from /opt/airflow/dags/sample_dag_4.py
[2023-08-23T08:05:54.215+0000] {processor.py:755} WARNING - No viable dags retrieved from /opt/airflow/dags/sample_dag_4.py
[2023-08-23T08:05:54.238+0000] {processor.py:175} INFO - Processing /opt/airflow/dags/sample_dag_4.py took 0.033 seconds
[2023-08-23T08:06:24.571+0000] {processor.py:153} INFO - Started process (PID=3861) to work on /opt/airflow/dags/sample_dag_4.py
[2023-08-23T08:06:24.572+0000] {processor.py:743} INFO - Processing file /opt/airflow/dags/sample_dag_4.py for tasks to queue
[2023-08-23T08:06:24.573+0000] {logging_mixin.py:137} INFO - [2023-08-23T08:06:24.573+0000] {dagbag.py:532} INFO - Filling up the DagBag from /opt/airflow/dags/sample_dag_4.py
[2023-08-23T08:06:24.576+0000] {processor.py:755} WARNING - No viable dags retrieved from /opt/airflow/dags/sample_dag_4.py
[2023-08-23T08:06:24.605+0000] {processor.py:175} INFO - Processing /opt/airflow/dags/sample_dag_4.py took 0.044 seconds
[2023-08-23T08:06:55.085+0000] {processor.py:153} INFO - Started process (PID=3891) to work on /opt/airflow/dags/sample_dag_4.py
[2023-08-23T08:06:55.089+0000] {processor.py:743} INFO - Processing file /opt/airflow/dags/sample_dag_4.py for tasks to queue
[2023-08-23T08:06:55.092+0000] {logging_mixin.py:137} INFO - [2023-08-23T08:06:55.091+0000] {dagbag.py:532} INFO - Filling up the DagBag from /opt/airflow/dags/sample_dag_4.py
[2023-08-23T08:06:55.105+0000] {processor.py:755} WARNING - No viable dags retrieved from /opt/airflow/dags/sample_dag_4.py
[2023-08-23T08:06:55.166+0000] {processor.py:175} INFO - Processing /opt/airflow/dags/sample_dag_4.py took 0.133 seconds
[2023-08-23T08:07:25.745+0000] {processor.py:153} INFO - Started process (PID=3926) to work on /opt/airflow/dags/sample_dag_4.py
[2023-08-23T08:07:25.746+0000] {processor.py:743} INFO - Processing file /opt/airflow/dags/sample_dag_4.py for tasks to queue
[2023-08-23T08:07:25.747+0000] {logging_mixin.py:137} INFO - [2023-08-23T08:07:25.747+0000] {dagbag.py:532} INFO - Filling up the DagBag from /opt/airflow/dags/sample_dag_4.py
[2023-08-23T08:07:25.749+0000] {processor.py:755} WARNING - No viable dags retrieved from /opt/airflow/dags/sample_dag_4.py
[2023-08-23T08:07:25.771+0000] {processor.py:175} INFO - Processing /opt/airflow/dags/sample_dag_4.py took 0.030 seconds
[2023-08-23T08:07:56.041+0000] {processor.py:153} INFO - Started process (PID=3967) to work on /opt/airflow/dags/sample_dag_4.py
[2023-08-23T08:07:56.042+0000] {processor.py:743} INFO - Processing file /opt/airflow/dags/sample_dag_4.py for tasks to queue
[2023-08-23T08:07:56.044+0000] {logging_mixin.py:137} INFO - [2023-08-23T08:07:56.044+0000] {dagbag.py:532} INFO - Filling up the DagBag from /opt/airflow/dags/sample_dag_4.py
[2023-08-23T08:07:56.046+0000] {processor.py:755} WARNING - No viable dags retrieved from /opt/airflow/dags/sample_dag_4.py
[2023-08-23T08:07:56.068+0000] {processor.py:175} INFO - Processing /opt/airflow/dags/sample_dag_4.py took 0.032 seconds
[2023-08-23T08:08:26.358+0000] {processor.py:153} INFO - Started process (PID=4008) to work on /opt/airflow/dags/sample_dag_4.py
[2023-08-23T08:08:26.359+0000] {processor.py:743} INFO - Processing file /opt/airflow/dags/sample_dag_4.py for tasks to queue
[2023-08-23T08:08:26.360+0000] {logging_mixin.py:137} INFO - [2023-08-23T08:08:26.360+0000] {dagbag.py:532} INFO - Filling up the DagBag from /opt/airflow/dags/sample_dag_4.py
[2023-08-23T08:08:26.362+0000] {processor.py:755} WARNING - No viable dags retrieved from /opt/airflow/dags/sample_dag_4.py
[2023-08-23T08:08:26.388+0000] {processor.py:175} INFO - Processing /opt/airflow/dags/sample_dag_4.py took 0.035 seconds
[2023-08-23T08:08:56.659+0000] {processor.py:153} INFO - Started process (PID=4050) to work on /opt/airflow/dags/sample_dag_4.py
[2023-08-23T08:08:56.661+0000] {processor.py:743} INFO - Processing file /opt/airflow/dags/sample_dag_4.py for tasks to queue
[2023-08-23T08:08:56.662+0000] {logging_mixin.py:137} INFO - [2023-08-23T08:08:56.662+0000] {dagbag.py:532} INFO - Filling up the DagBag from /opt/airflow/dags/sample_dag_4.py
[2023-08-23T08:08:56.664+0000] {processor.py:755} WARNING - No viable dags retrieved from /opt/airflow/dags/sample_dag_4.py
[2023-08-23T08:08:56.689+0000] {processor.py:175} INFO - Processing /opt/airflow/dags/sample_dag_4.py took 0.038 seconds
[2023-08-23T08:09:27.166+0000] {processor.py:153} INFO - Started process (PID=4092) to work on /opt/airflow/dags/sample_dag_4.py
[2023-08-23T08:09:27.168+0000] {processor.py:743} INFO - Processing file /opt/airflow/dags/sample_dag_4.py for tasks to queue
[2023-08-23T08:09:27.169+0000] {logging_mixin.py:137} INFO - [2023-08-23T08:09:27.169+0000] {dagbag.py:532} INFO - Filling up the DagBag from /opt/airflow/dags/sample_dag_4.py
[2023-08-23T08:09:27.172+0000] {processor.py:755} WARNING - No viable dags retrieved from /opt/airflow/dags/sample_dag_4.py
[2023-08-23T08:09:27.198+0000] {processor.py:175} INFO - Processing /opt/airflow/dags/sample_dag_4.py took 0.038 seconds
[2023-08-23T08:09:57.501+0000] {processor.py:153} INFO - Started process (PID=4133) to work on /opt/airflow/dags/sample_dag_4.py
[2023-08-23T08:09:57.502+0000] {processor.py:743} INFO - Processing file /opt/airflow/dags/sample_dag_4.py for tasks to queue
[2023-08-23T08:09:57.504+0000] {logging_mixin.py:137} INFO - [2023-08-23T08:09:57.503+0000] {dagbag.py:532} INFO - Filling up the DagBag from /opt/airflow/dags/sample_dag_4.py
[2023-08-23T08:09:57.505+0000] {processor.py:755} WARNING - No viable dags retrieved from /opt/airflow/dags/sample_dag_4.py
[2023-08-23T08:09:57.525+0000] {processor.py:175} INFO - Processing /opt/airflow/dags/sample_dag_4.py took 0.029 seconds
[2023-08-23T08:10:27.807+0000] {processor.py:153} INFO - Started process (PID=4174) to work on /opt/airflow/dags/sample_dag_4.py
[2023-08-23T08:10:27.808+0000] {processor.py:743} INFO - Processing file /opt/airflow/dags/sample_dag_4.py for tasks to queue
[2023-08-23T08:10:27.809+0000] {logging_mixin.py:137} INFO - [2023-08-23T08:10:27.809+0000] {dagbag.py:532} INFO - Filling up the DagBag from /opt/airflow/dags/sample_dag_4.py
[2023-08-23T08:10:27.811+0000] {processor.py:755} WARNING - No viable dags retrieved from /opt/airflow/dags/sample_dag_4.py
[2023-08-23T08:10:27.830+0000] {processor.py:175} INFO - Processing /opt/airflow/dags/sample_dag_4.py took 0.029 seconds
[2023-08-23T08:10:58.207+0000] {processor.py:153} INFO - Started process (PID=4216) to work on /opt/airflow/dags/sample_dag_4.py
[2023-08-23T08:10:58.209+0000] {processor.py:743} INFO - Processing file /opt/airflow/dags/sample_dag_4.py for tasks to queue
[2023-08-23T08:10:58.210+0000] {logging_mixin.py:137} INFO - [2023-08-23T08:10:58.210+0000] {dagbag.py:532} INFO - Filling up the DagBag from /opt/airflow/dags/sample_dag_4.py
[2023-08-23T08:10:58.212+0000] {processor.py:755} WARNING - No viable dags retrieved from /opt/airflow/dags/sample_dag_4.py
[2023-08-23T08:10:58.236+0000] {processor.py:175} INFO - Processing /opt/airflow/dags/sample_dag_4.py took 0.035 seconds
[2023-08-23T08:11:29.178+0000] {processor.py:153} INFO - Started process (PID=4257) to work on /opt/airflow/dags/sample_dag_4.py
[2023-08-23T08:11:29.179+0000] {processor.py:743} INFO - Processing file /opt/airflow/dags/sample_dag_4.py for tasks to queue
[2023-08-23T08:11:29.180+0000] {logging_mixin.py:137} INFO - [2023-08-23T08:11:29.180+0000] {dagbag.py:532} INFO - Filling up the DagBag from /opt/airflow/dags/sample_dag_4.py
[2023-08-23T08:11:29.182+0000] {processor.py:755} WARNING - No viable dags retrieved from /opt/airflow/dags/sample_dag_4.py
[2023-08-23T08:11:29.206+0000] {processor.py:175} INFO - Processing /opt/airflow/dags/sample_dag_4.py took 0.034 seconds
[2023-08-23T08:11:59.485+0000] {processor.py:153} INFO - Started process (PID=4299) to work on /opt/airflow/dags/sample_dag_4.py
[2023-08-23T08:11:59.487+0000] {processor.py:743} INFO - Processing file /opt/airflow/dags/sample_dag_4.py for tasks to queue
[2023-08-23T08:11:59.487+0000] {logging_mixin.py:137} INFO - [2023-08-23T08:11:59.487+0000] {dagbag.py:532} INFO - Filling up the DagBag from /opt/airflow/dags/sample_dag_4.py
[2023-08-23T08:11:59.490+0000] {processor.py:755} WARNING - No viable dags retrieved from /opt/airflow/dags/sample_dag_4.py
[2023-08-23T08:11:59.508+0000] {processor.py:175} INFO - Processing /opt/airflow/dags/sample_dag_4.py took 0.027 seconds
[2023-08-23T08:14:18.113+0000] {processor.py:153} INFO - Started process (PID=77) to work on /opt/airflow/dags/sample_dag_4.py
[2023-08-23T08:14:18.117+0000] {processor.py:743} INFO - Processing file /opt/airflow/dags/sample_dag_4.py for tasks to queue
[2023-08-23T08:14:18.119+0000] {logging_mixin.py:137} INFO - [2023-08-23T08:14:18.119+0000] {dagbag.py:532} INFO - Filling up the DagBag from /opt/airflow/dags/sample_dag_4.py
[2023-08-23T08:14:18.134+0000] {processor.py:755} WARNING - No viable dags retrieved from /opt/airflow/dags/sample_dag_4.py
[2023-08-23T08:14:18.264+0000] {processor.py:175} INFO - Processing /opt/airflow/dags/sample_dag_4.py took 0.181 seconds
[2023-08-23T08:14:48.731+0000] {processor.py:153} INFO - Started process (PID=112) to work on /opt/airflow/dags/sample_dag_4.py
[2023-08-23T08:14:48.733+0000] {processor.py:743} INFO - Processing file /opt/airflow/dags/sample_dag_4.py for tasks to queue
[2023-08-23T08:14:48.736+0000] {logging_mixin.py:137} INFO - [2023-08-23T08:14:48.735+0000] {dagbag.py:532} INFO - Filling up the DagBag from /opt/airflow/dags/sample_dag_4.py
[2023-08-23T08:14:48.739+0000] {processor.py:755} WARNING - No viable dags retrieved from /opt/airflow/dags/sample_dag_4.py
[2023-08-23T08:14:48.766+0000] {processor.py:175} INFO - Processing /opt/airflow/dags/sample_dag_4.py took 0.042 seconds
[2023-08-23T08:15:19.154+0000] {processor.py:153} INFO - Started process (PID=153) to work on /opt/airflow/dags/sample_dag_4.py
[2023-08-23T08:15:19.155+0000] {processor.py:743} INFO - Processing file /opt/airflow/dags/sample_dag_4.py for tasks to queue
[2023-08-23T08:15:19.156+0000] {logging_mixin.py:137} INFO - [2023-08-23T08:15:19.156+0000] {dagbag.py:532} INFO - Filling up the DagBag from /opt/airflow/dags/sample_dag_4.py
[2023-08-23T08:15:19.157+0000] {processor.py:755} WARNING - No viable dags retrieved from /opt/airflow/dags/sample_dag_4.py
[2023-08-23T08:15:19.179+0000] {processor.py:175} INFO - Processing /opt/airflow/dags/sample_dag_4.py took 0.030 seconds
[2023-08-23T08:15:49.440+0000] {processor.py:153} INFO - Started process (PID=194) to work on /opt/airflow/dags/sample_dag_4.py
[2023-08-23T08:15:49.441+0000] {processor.py:743} INFO - Processing file /opt/airflow/dags/sample_dag_4.py for tasks to queue
[2023-08-23T08:15:49.442+0000] {logging_mixin.py:137} INFO - [2023-08-23T08:15:49.442+0000] {dagbag.py:532} INFO - Filling up the DagBag from /opt/airflow/dags/sample_dag_4.py
[2023-08-23T08:15:49.444+0000] {processor.py:755} WARNING - No viable dags retrieved from /opt/airflow/dags/sample_dag_4.py
[2023-08-23T08:15:49.471+0000] {processor.py:175} INFO - Processing /opt/airflow/dags/sample_dag_4.py took 0.036 seconds
[2023-08-23T08:16:19.842+0000] {processor.py:153} INFO - Started process (PID=235) to work on /opt/airflow/dags/sample_dag_4.py
[2023-08-23T08:16:19.843+0000] {processor.py:743} INFO - Processing file /opt/airflow/dags/sample_dag_4.py for tasks to queue
[2023-08-23T08:16:19.844+0000] {logging_mixin.py:137} INFO - [2023-08-23T08:16:19.843+0000] {dagbag.py:532} INFO - Filling up the DagBag from /opt/airflow/dags/sample_dag_4.py
[2023-08-23T08:16:19.846+0000] {processor.py:755} WARNING - No viable dags retrieved from /opt/airflow/dags/sample_dag_4.py
[2023-08-23T08:16:19.877+0000] {processor.py:175} INFO - Processing /opt/airflow/dags/sample_dag_4.py took 0.043 seconds
[2023-08-23T08:16:50.332+0000] {processor.py:153} INFO - Started process (PID=265) to work on /opt/airflow/dags/sample_dag_4.py
[2023-08-23T08:16:50.337+0000] {processor.py:743} INFO - Processing file /opt/airflow/dags/sample_dag_4.py for tasks to queue
[2023-08-23T08:16:50.339+0000] {logging_mixin.py:137} INFO - [2023-08-23T08:16:50.339+0000] {dagbag.py:532} INFO - Filling up the DagBag from /opt/airflow/dags/sample_dag_4.py
[2023-08-23T08:16:50.353+0000] {processor.py:755} WARNING - No viable dags retrieved from /opt/airflow/dags/sample_dag_4.py
[2023-08-23T08:16:50.427+0000] {processor.py:175} INFO - Processing /opt/airflow/dags/sample_dag_4.py took 0.118 seconds
[2023-08-23T08:17:20.752+0000] {processor.py:153} INFO - Started process (PID=299) to work on /opt/airflow/dags/sample_dag_4.py
[2023-08-23T08:17:20.753+0000] {processor.py:743} INFO - Processing file /opt/airflow/dags/sample_dag_4.py for tasks to queue
[2023-08-23T08:17:20.754+0000] {logging_mixin.py:137} INFO - [2023-08-23T08:17:20.753+0000] {dagbag.py:532} INFO - Filling up the DagBag from /opt/airflow/dags/sample_dag_4.py
[2023-08-23T08:17:20.755+0000] {processor.py:755} WARNING - No viable dags retrieved from /opt/airflow/dags/sample_dag_4.py
[2023-08-23T08:17:20.774+0000] {processor.py:175} INFO - Processing /opt/airflow/dags/sample_dag_4.py took 0.028 seconds
[2023-08-23T08:17:51.113+0000] {processor.py:153} INFO - Started process (PID=340) to work on /opt/airflow/dags/sample_dag_4.py
[2023-08-23T08:17:51.114+0000] {processor.py:743} INFO - Processing file /opt/airflow/dags/sample_dag_4.py for tasks to queue
[2023-08-23T08:17:51.116+0000] {logging_mixin.py:137} INFO - [2023-08-23T08:17:51.115+0000] {dagbag.py:532} INFO - Filling up the DagBag from /opt/airflow/dags/sample_dag_4.py
[2023-08-23T08:17:51.118+0000] {processor.py:755} WARNING - No viable dags retrieved from /opt/airflow/dags/sample_dag_4.py
[2023-08-23T08:17:51.147+0000] {processor.py:175} INFO - Processing /opt/airflow/dags/sample_dag_4.py took 0.040 seconds
[2023-08-23T08:18:21.671+0000] {processor.py:153} INFO - Started process (PID=381) to work on /opt/airflow/dags/sample_dag_4.py
[2023-08-23T08:18:21.672+0000] {processor.py:743} INFO - Processing file /opt/airflow/dags/sample_dag_4.py for tasks to queue
[2023-08-23T08:18:21.673+0000] {logging_mixin.py:137} INFO - [2023-08-23T08:18:21.673+0000] {dagbag.py:532} INFO - Filling up the DagBag from /opt/airflow/dags/sample_dag_4.py
[2023-08-23T08:18:21.677+0000] {processor.py:755} WARNING - No viable dags retrieved from /opt/airflow/dags/sample_dag_4.py
[2023-08-23T08:18:21.719+0000] {processor.py:175} INFO - Processing /opt/airflow/dags/sample_dag_4.py took 0.056 seconds
[2023-08-23T08:18:52.029+0000] {processor.py:153} INFO - Started process (PID=422) to work on /opt/airflow/dags/sample_dag_4.py
[2023-08-23T08:18:52.033+0000] {processor.py:743} INFO - Processing file /opt/airflow/dags/sample_dag_4.py for tasks to queue
[2023-08-23T08:18:52.040+0000] {logging_mixin.py:137} INFO - [2023-08-23T08:18:52.037+0000] {dagbag.py:532} INFO - Filling up the DagBag from /opt/airflow/dags/sample_dag_4.py
[2023-08-23T08:18:52.045+0000] {processor.py:755} WARNING - No viable dags retrieved from /opt/airflow/dags/sample_dag_4.py
[2023-08-23T08:18:52.089+0000] {processor.py:175} INFO - Processing /opt/airflow/dags/sample_dag_4.py took 0.074 seconds
[2023-08-23T08:19:22.634+0000] {processor.py:153} INFO - Started process (PID=464) to work on /opt/airflow/dags/sample_dag_4.py
[2023-08-23T08:19:22.635+0000] {processor.py:743} INFO - Processing file /opt/airflow/dags/sample_dag_4.py for tasks to queue
[2023-08-23T08:19:22.637+0000] {logging_mixin.py:137} INFO - [2023-08-23T08:19:22.637+0000] {dagbag.py:532} INFO - Filling up the DagBag from /opt/airflow/dags/sample_dag_4.py
[2023-08-23T08:19:22.640+0000] {processor.py:755} WARNING - No viable dags retrieved from /opt/airflow/dags/sample_dag_4.py
[2023-08-23T08:19:22.671+0000] {processor.py:175} INFO - Processing /opt/airflow/dags/sample_dag_4.py took 0.043 seconds
[2023-08-23T08:27:32.492+0000] {processor.py:153} INFO - Started process (PID=89) to work on /opt/airflow/dags/sample_dag_4.py
[2023-08-23T08:27:32.503+0000] {processor.py:743} INFO - Processing file /opt/airflow/dags/sample_dag_4.py for tasks to queue
[2023-08-23T08:27:32.508+0000] {logging_mixin.py:137} INFO - [2023-08-23T08:27:32.506+0000] {dagbag.py:532} INFO - Filling up the DagBag from /opt/airflow/dags/sample_dag_4.py
[2023-08-23T08:27:32.523+0000] {processor.py:755} WARNING - No viable dags retrieved from /opt/airflow/dags/sample_dag_4.py
[2023-08-23T08:27:32.651+0000] {processor.py:175} INFO - Processing /opt/airflow/dags/sample_dag_4.py took 0.287 seconds
[2023-08-23T08:28:03.536+0000] {processor.py:153} INFO - Started process (PID=130) to work on /opt/airflow/dags/sample_dag_4.py
[2023-08-23T08:28:03.539+0000] {processor.py:743} INFO - Processing file /opt/airflow/dags/sample_dag_4.py for tasks to queue
[2023-08-23T08:28:03.541+0000] {logging_mixin.py:137} INFO - [2023-08-23T08:28:03.541+0000] {dagbag.py:532} INFO - Filling up the DagBag from /opt/airflow/dags/sample_dag_4.py
[2023-08-23T08:28:03.544+0000] {processor.py:755} WARNING - No viable dags retrieved from /opt/airflow/dags/sample_dag_4.py
[2023-08-23T08:28:03.609+0000] {processor.py:175} INFO - Processing /opt/airflow/dags/sample_dag_4.py took 0.083 seconds
[2023-08-23T08:28:34.415+0000] {processor.py:153} INFO - Started process (PID=160) to work on /opt/airflow/dags/sample_dag_4.py
[2023-08-23T08:28:34.418+0000] {processor.py:743} INFO - Processing file /opt/airflow/dags/sample_dag_4.py for tasks to queue
[2023-08-23T08:28:34.421+0000] {logging_mixin.py:137} INFO - [2023-08-23T08:28:34.420+0000] {dagbag.py:532} INFO - Filling up the DagBag from /opt/airflow/dags/sample_dag_4.py
[2023-08-23T08:28:34.425+0000] {processor.py:755} WARNING - No viable dags retrieved from /opt/airflow/dags/sample_dag_4.py
[2023-08-23T08:28:34.473+0000] {processor.py:175} INFO - Processing /opt/airflow/dags/sample_dag_4.py took 0.066 seconds
[2023-08-23T08:29:05.074+0000] {processor.py:153} INFO - Started process (PID=194) to work on /opt/airflow/dags/sample_dag_4.py
[2023-08-23T08:29:05.081+0000] {processor.py:743} INFO - Processing file /opt/airflow/dags/sample_dag_4.py for tasks to queue
[2023-08-23T08:29:05.084+0000] {logging_mixin.py:137} INFO - [2023-08-23T08:29:05.083+0000] {dagbag.py:532} INFO - Filling up the DagBag from /opt/airflow/dags/sample_dag_4.py
[2023-08-23T08:29:05.092+0000] {processor.py:755} WARNING - No viable dags retrieved from /opt/airflow/dags/sample_dag_4.py
[2023-08-23T08:29:05.174+0000] {processor.py:175} INFO - Processing /opt/airflow/dags/sample_dag_4.py took 0.131 seconds
[2023-08-23T08:29:35.940+0000] {processor.py:153} INFO - Started process (PID=235) to work on /opt/airflow/dags/sample_dag_4.py
[2023-08-23T08:29:35.944+0000] {processor.py:743} INFO - Processing file /opt/airflow/dags/sample_dag_4.py for tasks to queue
[2023-08-23T08:29:35.950+0000] {logging_mixin.py:137} INFO - [2023-08-23T08:29:35.949+0000] {dagbag.py:532} INFO - Filling up the DagBag from /opt/airflow/dags/sample_dag_4.py
[2023-08-23T08:29:35.967+0000] {processor.py:755} WARNING - No viable dags retrieved from /opt/airflow/dags/sample_dag_4.py
[2023-08-23T08:29:36.164+0000] {processor.py:175} INFO - Processing /opt/airflow/dags/sample_dag_4.py took 0.277 seconds
[2023-08-23T08:30:07.061+0000] {processor.py:153} INFO - Started process (PID=276) to work on /opt/airflow/dags/sample_dag_4.py
[2023-08-23T08:30:07.063+0000] {processor.py:743} INFO - Processing file /opt/airflow/dags/sample_dag_4.py for tasks to queue
[2023-08-23T08:30:07.065+0000] {logging_mixin.py:137} INFO - [2023-08-23T08:30:07.064+0000] {dagbag.py:532} INFO - Filling up the DagBag from /opt/airflow/dags/sample_dag_4.py
[2023-08-23T08:30:07.066+0000] {processor.py:755} WARNING - No viable dags retrieved from /opt/airflow/dags/sample_dag_4.py
[2023-08-23T08:30:07.091+0000] {processor.py:175} INFO - Processing /opt/airflow/dags/sample_dag_4.py took 0.036 seconds
[2023-08-23T08:30:37.464+0000] {processor.py:153} INFO - Started process (PID=317) to work on /opt/airflow/dags/sample_dag_4.py
[2023-08-23T08:30:37.466+0000] {processor.py:743} INFO - Processing file /opt/airflow/dags/sample_dag_4.py for tasks to queue
[2023-08-23T08:30:37.467+0000] {logging_mixin.py:137} INFO - [2023-08-23T08:30:37.467+0000] {dagbag.py:532} INFO - Filling up the DagBag from /opt/airflow/dags/sample_dag_4.py
[2023-08-23T08:30:37.469+0000] {processor.py:755} WARNING - No viable dags retrieved from /opt/airflow/dags/sample_dag_4.py
[2023-08-23T08:30:37.493+0000] {processor.py:175} INFO - Processing /opt/airflow/dags/sample_dag_4.py took 0.033 seconds
[2023-08-23T08:31:08.068+0000] {processor.py:153} INFO - Started process (PID=359) to work on /opt/airflow/dags/sample_dag_4.py
[2023-08-23T08:31:08.070+0000] {processor.py:743} INFO - Processing file /opt/airflow/dags/sample_dag_4.py for tasks to queue
[2023-08-23T08:31:08.071+0000] {logging_mixin.py:137} INFO - [2023-08-23T08:31:08.071+0000] {dagbag.py:532} INFO - Filling up the DagBag from /opt/airflow/dags/sample_dag_4.py
[2023-08-23T08:31:08.077+0000] {processor.py:755} WARNING - No viable dags retrieved from /opt/airflow/dags/sample_dag_4.py
[2023-08-23T08:31:08.125+0000] {processor.py:175} INFO - Processing /opt/airflow/dags/sample_dag_4.py took 0.071 seconds
[2023-08-23T08:31:38.644+0000] {processor.py:153} INFO - Started process (PID=389) to work on /opt/airflow/dags/sample_dag_4.py
[2023-08-23T08:31:38.647+0000] {processor.py:743} INFO - Processing file /opt/airflow/dags/sample_dag_4.py for tasks to queue
[2023-08-23T08:31:38.651+0000] {logging_mixin.py:137} INFO - [2023-08-23T08:31:38.651+0000] {dagbag.py:532} INFO - Filling up the DagBag from /opt/airflow/dags/sample_dag_4.py
[2023-08-23T08:31:38.653+0000] {processor.py:755} WARNING - No viable dags retrieved from /opt/airflow/dags/sample_dag_4.py
[2023-08-23T08:31:38.687+0000] {processor.py:175} INFO - Processing /opt/airflow/dags/sample_dag_4.py took 0.052 seconds
[2023-08-23T08:32:09.200+0000] {processor.py:153} INFO - Started process (PID=423) to work on /opt/airflow/dags/sample_dag_4.py
[2023-08-23T08:32:09.202+0000] {processor.py:743} INFO - Processing file /opt/airflow/dags/sample_dag_4.py for tasks to queue
[2023-08-23T08:32:09.203+0000] {logging_mixin.py:137} INFO - [2023-08-23T08:32:09.202+0000] {dagbag.py:532} INFO - Filling up the DagBag from /opt/airflow/dags/sample_dag_4.py
[2023-08-23T08:32:09.204+0000] {processor.py:755} WARNING - No viable dags retrieved from /opt/airflow/dags/sample_dag_4.py
[2023-08-23T08:32:09.233+0000] {processor.py:175} INFO - Processing /opt/airflow/dags/sample_dag_4.py took 0.039 seconds
[2023-08-23T08:32:39.760+0000] {processor.py:153} INFO - Started process (PID=464) to work on /opt/airflow/dags/sample_dag_4.py
[2023-08-23T08:32:39.767+0000] {processor.py:743} INFO - Processing file /opt/airflow/dags/sample_dag_4.py for tasks to queue
[2023-08-23T08:32:39.771+0000] {logging_mixin.py:137} INFO - [2023-08-23T08:32:39.770+0000] {dagbag.py:532} INFO - Filling up the DagBag from /opt/airflow/dags/sample_dag_4.py
[2023-08-23T08:32:39.781+0000] {processor.py:755} WARNING - No viable dags retrieved from /opt/airflow/dags/sample_dag_4.py
[2023-08-23T08:32:39.901+0000] {processor.py:175} INFO - Processing /opt/airflow/dags/sample_dag_4.py took 0.161 seconds
[2023-08-23T08:33:10.697+0000] {processor.py:153} INFO - Started process (PID=505) to work on /opt/airflow/dags/sample_dag_4.py
[2023-08-23T08:33:10.699+0000] {processor.py:743} INFO - Processing file /opt/airflow/dags/sample_dag_4.py for tasks to queue
[2023-08-23T08:33:10.700+0000] {logging_mixin.py:137} INFO - [2023-08-23T08:33:10.700+0000] {dagbag.py:532} INFO - Filling up the DagBag from /opt/airflow/dags/sample_dag_4.py
[2023-08-23T08:33:10.702+0000] {processor.py:755} WARNING - No viable dags retrieved from /opt/airflow/dags/sample_dag_4.py
[2023-08-23T08:33:10.727+0000] {processor.py:175} INFO - Processing /opt/airflow/dags/sample_dag_4.py took 0.034 seconds
[2023-08-23T08:33:41.199+0000] {processor.py:153} INFO - Started process (PID=547) to work on /opt/airflow/dags/sample_dag_4.py
[2023-08-23T08:33:41.201+0000] {processor.py:743} INFO - Processing file /opt/airflow/dags/sample_dag_4.py for tasks to queue
[2023-08-23T08:33:41.202+0000] {logging_mixin.py:137} INFO - [2023-08-23T08:33:41.202+0000] {dagbag.py:532} INFO - Filling up the DagBag from /opt/airflow/dags/sample_dag_4.py
[2023-08-23T08:33:41.205+0000] {processor.py:755} WARNING - No viable dags retrieved from /opt/airflow/dags/sample_dag_4.py
[2023-08-23T08:33:41.234+0000] {processor.py:175} INFO - Processing /opt/airflow/dags/sample_dag_4.py took 0.041 seconds
[2023-08-23T08:34:11.815+0000] {processor.py:153} INFO - Started process (PID=577) to work on /opt/airflow/dags/sample_dag_4.py
[2023-08-23T08:34:11.824+0000] {processor.py:743} INFO - Processing file /opt/airflow/dags/sample_dag_4.py for tasks to queue
[2023-08-23T08:34:11.826+0000] {logging_mixin.py:137} INFO - [2023-08-23T08:34:11.825+0000] {dagbag.py:532} INFO - Filling up the DagBag from /opt/airflow/dags/sample_dag_4.py
[2023-08-23T08:34:11.835+0000] {processor.py:755} WARNING - No viable dags retrieved from /opt/airflow/dags/sample_dag_4.py
[2023-08-23T08:34:11.899+0000] {processor.py:175} INFO - Processing /opt/airflow/dags/sample_dag_4.py took 0.101 seconds
[2023-08-23T08:34:42.427+0000] {processor.py:153} INFO - Started process (PID=611) to work on /opt/airflow/dags/sample_dag_4.py
[2023-08-23T08:34:42.429+0000] {processor.py:743} INFO - Processing file /opt/airflow/dags/sample_dag_4.py for tasks to queue
[2023-08-23T08:34:42.431+0000] {logging_mixin.py:137} INFO - [2023-08-23T08:34:42.430+0000] {dagbag.py:532} INFO - Filling up the DagBag from /opt/airflow/dags/sample_dag_4.py
[2023-08-23T08:34:42.433+0000] {processor.py:755} WARNING - No viable dags retrieved from /opt/airflow/dags/sample_dag_4.py
[2023-08-23T08:34:42.467+0000] {processor.py:175} INFO - Processing /opt/airflow/dags/sample_dag_4.py took 0.048 seconds
[2023-08-23T08:35:12.901+0000] {processor.py:153} INFO - Started process (PID=652) to work on /opt/airflow/dags/sample_dag_4.py
[2023-08-23T08:35:12.906+0000] {processor.py:743} INFO - Processing file /opt/airflow/dags/sample_dag_4.py for tasks to queue
[2023-08-23T08:35:12.916+0000] {logging_mixin.py:137} INFO - [2023-08-23T08:35:12.914+0000] {dagbag.py:532} INFO - Filling up the DagBag from /opt/airflow/dags/sample_dag_4.py
[2023-08-23T08:35:12.921+0000] {processor.py:755} WARNING - No viable dags retrieved from /opt/airflow/dags/sample_dag_4.py
[2023-08-23T08:35:12.992+0000] {processor.py:175} INFO - Processing /opt/airflow/dags/sample_dag_4.py took 0.106 seconds
[2023-08-23T08:35:43.981+0000] {processor.py:153} INFO - Started process (PID=676) to work on /opt/airflow/dags/sample_dag_4.py
[2023-08-23T08:35:43.985+0000] {processor.py:743} INFO - Processing file /opt/airflow/dags/sample_dag_4.py for tasks to queue
[2023-08-23T08:35:43.989+0000] {logging_mixin.py:137} INFO - [2023-08-23T08:35:43.988+0000] {dagbag.py:532} INFO - Filling up the DagBag from /opt/airflow/dags/sample_dag_4.py
[2023-08-23T08:35:43.993+0000] {processor.py:755} WARNING - No viable dags retrieved from /opt/airflow/dags/sample_dag_4.py
[2023-08-23T08:35:44.073+0000] {processor.py:175} INFO - Processing /opt/airflow/dags/sample_dag_4.py took 0.105 seconds
[2023-08-23T08:36:14.885+0000] {processor.py:153} INFO - Started process (PID=706) to work on /opt/airflow/dags/sample_dag_4.py
[2023-08-23T08:36:14.890+0000] {processor.py:743} INFO - Processing file /opt/airflow/dags/sample_dag_4.py for tasks to queue
[2023-08-23T08:36:14.893+0000] {logging_mixin.py:137} INFO - [2023-08-23T08:36:14.892+0000] {dagbag.py:532} INFO - Filling up the DagBag from /opt/airflow/dags/sample_dag_4.py
[2023-08-23T08:36:14.899+0000] {processor.py:755} WARNING - No viable dags retrieved from /opt/airflow/dags/sample_dag_4.py
[2023-08-23T08:36:14.996+0000] {processor.py:175} INFO - Processing /opt/airflow/dags/sample_dag_4.py took 0.138 seconds
[2023-08-23T08:36:46.081+0000] {processor.py:153} INFO - Started process (PID=740) to work on /opt/airflow/dags/sample_dag_4.py
[2023-08-23T08:36:46.085+0000] {processor.py:743} INFO - Processing file /opt/airflow/dags/sample_dag_4.py for tasks to queue
[2023-08-23T08:36:46.098+0000] {logging_mixin.py:137} INFO - [2023-08-23T08:36:46.097+0000] {dagbag.py:532} INFO - Filling up the DagBag from /opt/airflow/dags/sample_dag_4.py
[2023-08-23T08:36:46.114+0000] {processor.py:755} WARNING - No viable dags retrieved from /opt/airflow/dags/sample_dag_4.py
[2023-08-23T08:36:46.243+0000] {processor.py:175} INFO - Processing /opt/airflow/dags/sample_dag_4.py took 0.199 seconds
[2023-08-23T08:37:16.824+0000] {processor.py:153} INFO - Started process (PID=781) to work on /opt/airflow/dags/sample_dag_4.py
[2023-08-23T08:37:16.825+0000] {processor.py:743} INFO - Processing file /opt/airflow/dags/sample_dag_4.py for tasks to queue
[2023-08-23T08:37:16.827+0000] {logging_mixin.py:137} INFO - [2023-08-23T08:37:16.826+0000] {dagbag.py:532} INFO - Filling up the DagBag from /opt/airflow/dags/sample_dag_4.py
[2023-08-23T08:37:16.830+0000] {processor.py:755} WARNING - No viable dags retrieved from /opt/airflow/dags/sample_dag_4.py
[2023-08-23T08:37:16.863+0000] {processor.py:175} INFO - Processing /opt/airflow/dags/sample_dag_4.py took 0.049 seconds
