[2023-08-23T07:26:04.773+0000] {processor.py:153} INFO - Started process (PID=74) to work on /opt/airflow/dags/sample_dag_2.py
[2023-08-23T07:26:04.773+0000] {processor.py:743} INFO - Processing file /opt/airflow/dags/sample_dag_2.py for tasks to queue
[2023-08-23T07:26:04.774+0000] {logging_mixin.py:137} INFO - [2023-08-23T07:26:04.774+0000] {dagbag.py:532} INFO - Filling up the DagBag from /opt/airflow/dags/sample_dag_2.py
[2023-08-23T07:26:04.775+0000] {processor.py:755} WARNING - No viable dags retrieved from /opt/airflow/dags/sample_dag_2.py
[2023-08-23T07:26:04.793+0000] {processor.py:175} INFO - Processing /opt/airflow/dags/sample_dag_2.py took 0.024 seconds
[2023-08-23T07:26:35.013+0000] {processor.py:153} INFO - Started process (PID=115) to work on /opt/airflow/dags/sample_dag_2.py
[2023-08-23T07:26:35.015+0000] {processor.py:743} INFO - Processing file /opt/airflow/dags/sample_dag_2.py for tasks to queue
[2023-08-23T07:26:35.016+0000] {logging_mixin.py:137} INFO - [2023-08-23T07:26:35.016+0000] {dagbag.py:532} INFO - Filling up the DagBag from /opt/airflow/dags/sample_dag_2.py
[2023-08-23T07:26:35.018+0000] {processor.py:755} WARNING - No viable dags retrieved from /opt/airflow/dags/sample_dag_2.py
[2023-08-23T07:26:35.035+0000] {processor.py:175} INFO - Processing /opt/airflow/dags/sample_dag_2.py took 0.026 seconds
[2023-08-23T07:27:05.261+0000] {processor.py:153} INFO - Started process (PID=156) to work on /opt/airflow/dags/sample_dag_2.py
[2023-08-23T07:27:05.263+0000] {processor.py:743} INFO - Processing file /opt/airflow/dags/sample_dag_2.py for tasks to queue
[2023-08-23T07:27:05.264+0000] {logging_mixin.py:137} INFO - [2023-08-23T07:27:05.264+0000] {dagbag.py:532} INFO - Filling up the DagBag from /opt/airflow/dags/sample_dag_2.py
[2023-08-23T07:27:05.266+0000] {processor.py:755} WARNING - No viable dags retrieved from /opt/airflow/dags/sample_dag_2.py
[2023-08-23T07:27:05.284+0000] {processor.py:175} INFO - Processing /opt/airflow/dags/sample_dag_2.py took 0.027 seconds
[2023-08-23T07:27:35.489+0000] {processor.py:153} INFO - Started process (PID=215) to work on /opt/airflow/dags/sample_dag_2.py
[2023-08-23T07:27:35.490+0000] {processor.py:743} INFO - Processing file /opt/airflow/dags/sample_dag_2.py for tasks to queue
[2023-08-23T07:27:35.490+0000] {logging_mixin.py:137} INFO - [2023-08-23T07:27:35.490+0000] {dagbag.py:532} INFO - Filling up the DagBag from /opt/airflow/dags/sample_dag_2.py
[2023-08-23T07:27:35.491+0000] {processor.py:755} WARNING - No viable dags retrieved from /opt/airflow/dags/sample_dag_2.py
[2023-08-23T07:27:35.512+0000] {processor.py:175} INFO - Processing /opt/airflow/dags/sample_dag_2.py took 0.027 seconds
[2023-08-23T07:28:05.702+0000] {processor.py:153} INFO - Started process (PID=256) to work on /opt/airflow/dags/sample_dag_2.py
[2023-08-23T07:28:05.704+0000] {processor.py:743} INFO - Processing file /opt/airflow/dags/sample_dag_2.py for tasks to queue
[2023-08-23T07:28:05.704+0000] {logging_mixin.py:137} INFO - [2023-08-23T07:28:05.704+0000] {dagbag.py:532} INFO - Filling up the DagBag from /opt/airflow/dags/sample_dag_2.py
[2023-08-23T07:28:05.705+0000] {processor.py:755} WARNING - No viable dags retrieved from /opt/airflow/dags/sample_dag_2.py
[2023-08-23T07:28:05.721+0000] {processor.py:175} INFO - Processing /opt/airflow/dags/sample_dag_2.py took 0.022 seconds
[2023-08-23T07:28:35.948+0000] {processor.py:153} INFO - Started process (PID=315) to work on /opt/airflow/dags/sample_dag_2.py
[2023-08-23T07:28:35.949+0000] {processor.py:743} INFO - Processing file /opt/airflow/dags/sample_dag_2.py for tasks to queue
[2023-08-23T07:28:35.950+0000] {logging_mixin.py:137} INFO - [2023-08-23T07:28:35.950+0000] {dagbag.py:532} INFO - Filling up the DagBag from /opt/airflow/dags/sample_dag_2.py
[2023-08-23T07:28:35.951+0000] {processor.py:755} WARNING - No viable dags retrieved from /opt/airflow/dags/sample_dag_2.py
[2023-08-23T07:28:35.969+0000] {processor.py:175} INFO - Processing /opt/airflow/dags/sample_dag_2.py took 0.025 seconds
[2023-08-23T07:29:06.226+0000] {processor.py:153} INFO - Started process (PID=356) to work on /opt/airflow/dags/sample_dag_2.py
[2023-08-23T07:29:06.228+0000] {processor.py:743} INFO - Processing file /opt/airflow/dags/sample_dag_2.py for tasks to queue
[2023-08-23T07:29:06.229+0000] {logging_mixin.py:137} INFO - [2023-08-23T07:29:06.229+0000] {dagbag.py:532} INFO - Filling up the DagBag from /opt/airflow/dags/sample_dag_2.py
[2023-08-23T07:29:06.230+0000] {processor.py:755} WARNING - No viable dags retrieved from /opt/airflow/dags/sample_dag_2.py
[2023-08-23T07:29:06.248+0000] {processor.py:175} INFO - Processing /opt/airflow/dags/sample_dag_2.py took 0.027 seconds
[2023-08-23T07:29:36.448+0000] {processor.py:153} INFO - Started process (PID=397) to work on /opt/airflow/dags/sample_dag_2.py
[2023-08-23T07:29:36.448+0000] {processor.py:743} INFO - Processing file /opt/airflow/dags/sample_dag_2.py for tasks to queue
[2023-08-23T07:29:36.449+0000] {logging_mixin.py:137} INFO - [2023-08-23T07:29:36.449+0000] {dagbag.py:532} INFO - Filling up the DagBag from /opt/airflow/dags/sample_dag_2.py
[2023-08-23T07:29:36.450+0000] {processor.py:755} WARNING - No viable dags retrieved from /opt/airflow/dags/sample_dag_2.py
[2023-08-23T07:29:36.464+0000] {processor.py:175} INFO - Processing /opt/airflow/dags/sample_dag_2.py took 0.019 seconds
[2023-08-23T07:30:06.671+0000] {processor.py:153} INFO - Started process (PID=456) to work on /opt/airflow/dags/sample_dag_2.py
[2023-08-23T07:30:06.672+0000] {processor.py:743} INFO - Processing file /opt/airflow/dags/sample_dag_2.py for tasks to queue
[2023-08-23T07:30:06.673+0000] {logging_mixin.py:137} INFO - [2023-08-23T07:30:06.673+0000] {dagbag.py:532} INFO - Filling up the DagBag from /opt/airflow/dags/sample_dag_2.py
[2023-08-23T07:30:06.674+0000] {processor.py:755} WARNING - No viable dags retrieved from /opt/airflow/dags/sample_dag_2.py
[2023-08-23T07:30:06.687+0000] {processor.py:175} INFO - Processing /opt/airflow/dags/sample_dag_2.py took 0.019 seconds
[2023-08-23T07:30:36.887+0000] {processor.py:153} INFO - Started process (PID=497) to work on /opt/airflow/dags/sample_dag_2.py
[2023-08-23T07:30:36.888+0000] {processor.py:743} INFO - Processing file /opt/airflow/dags/sample_dag_2.py for tasks to queue
[2023-08-23T07:30:36.888+0000] {logging_mixin.py:137} INFO - [2023-08-23T07:30:36.888+0000] {dagbag.py:532} INFO - Filling up the DagBag from /opt/airflow/dags/sample_dag_2.py
[2023-08-23T07:30:36.889+0000] {processor.py:755} WARNING - No viable dags retrieved from /opt/airflow/dags/sample_dag_2.py
[2023-08-23T07:30:36.902+0000] {processor.py:175} INFO - Processing /opt/airflow/dags/sample_dag_2.py took 0.017 seconds
[2023-08-23T07:31:07.105+0000] {processor.py:153} INFO - Started process (PID=556) to work on /opt/airflow/dags/sample_dag_2.py
[2023-08-23T07:31:07.106+0000] {processor.py:743} INFO - Processing file /opt/airflow/dags/sample_dag_2.py for tasks to queue
[2023-08-23T07:31:07.107+0000] {logging_mixin.py:137} INFO - [2023-08-23T07:31:07.107+0000] {dagbag.py:532} INFO - Filling up the DagBag from /opt/airflow/dags/sample_dag_2.py
[2023-08-23T07:31:07.108+0000] {processor.py:755} WARNING - No viable dags retrieved from /opt/airflow/dags/sample_dag_2.py
[2023-08-23T07:31:07.121+0000] {processor.py:175} INFO - Processing /opt/airflow/dags/sample_dag_2.py took 0.019 seconds
[2023-08-23T07:31:37.309+0000] {processor.py:153} INFO - Started process (PID=597) to work on /opt/airflow/dags/sample_dag_2.py
[2023-08-23T07:31:37.309+0000] {processor.py:743} INFO - Processing file /opt/airflow/dags/sample_dag_2.py for tasks to queue
[2023-08-23T07:31:37.310+0000] {logging_mixin.py:137} INFO - [2023-08-23T07:31:37.309+0000] {dagbag.py:532} INFO - Filling up the DagBag from /opt/airflow/dags/sample_dag_2.py
[2023-08-23T07:31:37.311+0000] {processor.py:755} WARNING - No viable dags retrieved from /opt/airflow/dags/sample_dag_2.py
[2023-08-23T07:31:37.324+0000] {processor.py:175} INFO - Processing /opt/airflow/dags/sample_dag_2.py took 0.018 seconds
[2023-08-23T07:32:07.524+0000] {processor.py:153} INFO - Started process (PID=656) to work on /opt/airflow/dags/sample_dag_2.py
[2023-08-23T07:32:07.526+0000] {processor.py:743} INFO - Processing file /opt/airflow/dags/sample_dag_2.py for tasks to queue
[2023-08-23T07:32:07.526+0000] {logging_mixin.py:137} INFO - [2023-08-23T07:32:07.526+0000] {dagbag.py:532} INFO - Filling up the DagBag from /opt/airflow/dags/sample_dag_2.py
[2023-08-23T07:32:07.528+0000] {processor.py:755} WARNING - No viable dags retrieved from /opt/airflow/dags/sample_dag_2.py
[2023-08-23T07:32:07.542+0000] {processor.py:175} INFO - Processing /opt/airflow/dags/sample_dag_2.py took 0.020 seconds
[2023-08-23T07:32:37.752+0000] {processor.py:153} INFO - Started process (PID=697) to work on /opt/airflow/dags/sample_dag_2.py
[2023-08-23T07:32:37.753+0000] {processor.py:743} INFO - Processing file /opt/airflow/dags/sample_dag_2.py for tasks to queue
[2023-08-23T07:32:37.753+0000] {logging_mixin.py:137} INFO - [2023-08-23T07:32:37.753+0000] {dagbag.py:532} INFO - Filling up the DagBag from /opt/airflow/dags/sample_dag_2.py
[2023-08-23T07:32:37.754+0000] {processor.py:755} WARNING - No viable dags retrieved from /opt/airflow/dags/sample_dag_2.py
[2023-08-23T07:32:37.767+0000] {processor.py:175} INFO - Processing /opt/airflow/dags/sample_dag_2.py took 0.018 seconds
[2023-08-23T07:33:07.971+0000] {processor.py:153} INFO - Started process (PID=755) to work on /opt/airflow/dags/sample_dag_2.py
[2023-08-23T07:33:07.972+0000] {processor.py:743} INFO - Processing file /opt/airflow/dags/sample_dag_2.py for tasks to queue
[2023-08-23T07:33:07.973+0000] {logging_mixin.py:137} INFO - [2023-08-23T07:33:07.973+0000] {dagbag.py:532} INFO - Filling up the DagBag from /opt/airflow/dags/sample_dag_2.py
[2023-08-23T07:33:07.974+0000] {processor.py:755} WARNING - No viable dags retrieved from /opt/airflow/dags/sample_dag_2.py
[2023-08-23T07:33:07.990+0000] {processor.py:175} INFO - Processing /opt/airflow/dags/sample_dag_2.py took 0.022 seconds
[2023-08-23T07:33:38.187+0000] {processor.py:153} INFO - Started process (PID=803) to work on /opt/airflow/dags/sample_dag_2.py
[2023-08-23T07:33:38.188+0000] {processor.py:743} INFO - Processing file /opt/airflow/dags/sample_dag_2.py for tasks to queue
[2023-08-23T07:33:38.188+0000] {logging_mixin.py:137} INFO - [2023-08-23T07:33:38.188+0000] {dagbag.py:532} INFO - Filling up the DagBag from /opt/airflow/dags/sample_dag_2.py
[2023-08-23T07:33:38.190+0000] {processor.py:755} WARNING - No viable dags retrieved from /opt/airflow/dags/sample_dag_2.py
[2023-08-23T07:33:38.205+0000] {processor.py:175} INFO - Processing /opt/airflow/dags/sample_dag_2.py took 0.022 seconds
[2023-08-23T07:34:08.470+0000] {processor.py:153} INFO - Started process (PID=855) to work on /opt/airflow/dags/sample_dag_2.py
[2023-08-23T07:34:08.472+0000] {processor.py:743} INFO - Processing file /opt/airflow/dags/sample_dag_2.py for tasks to queue
[2023-08-23T07:34:08.473+0000] {logging_mixin.py:137} INFO - [2023-08-23T07:34:08.473+0000] {dagbag.py:532} INFO - Filling up the DagBag from /opt/airflow/dags/sample_dag_2.py
[2023-08-23T07:34:08.474+0000] {processor.py:755} WARNING - No viable dags retrieved from /opt/airflow/dags/sample_dag_2.py
[2023-08-23T07:34:08.489+0000] {processor.py:175} INFO - Processing /opt/airflow/dags/sample_dag_2.py took 0.022 seconds
[2023-08-23T07:34:38.698+0000] {processor.py:153} INFO - Started process (PID=904) to work on /opt/airflow/dags/sample_dag_2.py
[2023-08-23T07:34:38.699+0000] {processor.py:743} INFO - Processing file /opt/airflow/dags/sample_dag_2.py for tasks to queue
[2023-08-23T07:34:38.700+0000] {logging_mixin.py:137} INFO - [2023-08-23T07:34:38.700+0000] {dagbag.py:532} INFO - Filling up the DagBag from /opt/airflow/dags/sample_dag_2.py
[2023-08-23T07:34:38.702+0000] {processor.py:755} WARNING - No viable dags retrieved from /opt/airflow/dags/sample_dag_2.py
[2023-08-23T07:34:38.720+0000] {processor.py:175} INFO - Processing /opt/airflow/dags/sample_dag_2.py took 0.024 seconds
[2023-08-23T07:35:08.957+0000] {processor.py:153} INFO - Started process (PID=956) to work on /opt/airflow/dags/sample_dag_2.py
[2023-08-23T07:35:08.958+0000] {processor.py:743} INFO - Processing file /opt/airflow/dags/sample_dag_2.py for tasks to queue
[2023-08-23T07:35:08.959+0000] {logging_mixin.py:137} INFO - [2023-08-23T07:35:08.959+0000] {dagbag.py:532} INFO - Filling up the DagBag from /opt/airflow/dags/sample_dag_2.py
[2023-08-23T07:35:08.960+0000] {processor.py:755} WARNING - No viable dags retrieved from /opt/airflow/dags/sample_dag_2.py
[2023-08-23T07:35:08.977+0000] {processor.py:175} INFO - Processing /opt/airflow/dags/sample_dag_2.py took 0.023 seconds
[2023-08-23T07:35:39.188+0000] {processor.py:153} INFO - Started process (PID=997) to work on /opt/airflow/dags/sample_dag_2.py
[2023-08-23T07:35:39.190+0000] {processor.py:743} INFO - Processing file /opt/airflow/dags/sample_dag_2.py for tasks to queue
[2023-08-23T07:35:39.191+0000] {logging_mixin.py:137} INFO - [2023-08-23T07:35:39.191+0000] {dagbag.py:532} INFO - Filling up the DagBag from /opt/airflow/dags/sample_dag_2.py
[2023-08-23T07:35:39.193+0000] {processor.py:755} WARNING - No viable dags retrieved from /opt/airflow/dags/sample_dag_2.py
[2023-08-23T07:35:39.209+0000] {processor.py:175} INFO - Processing /opt/airflow/dags/sample_dag_2.py took 0.024 seconds
[2023-08-23T07:36:09.443+0000] {processor.py:153} INFO - Started process (PID=1056) to work on /opt/airflow/dags/sample_dag_2.py
[2023-08-23T07:36:09.443+0000] {processor.py:743} INFO - Processing file /opt/airflow/dags/sample_dag_2.py for tasks to queue
[2023-08-23T07:36:09.444+0000] {logging_mixin.py:137} INFO - [2023-08-23T07:36:09.444+0000] {dagbag.py:532} INFO - Filling up the DagBag from /opt/airflow/dags/sample_dag_2.py
[2023-08-23T07:36:09.445+0000] {processor.py:755} WARNING - No viable dags retrieved from /opt/airflow/dags/sample_dag_2.py
[2023-08-23T07:36:09.459+0000] {processor.py:175} INFO - Processing /opt/airflow/dags/sample_dag_2.py took 0.019 seconds
[2023-08-23T07:36:39.677+0000] {processor.py:153} INFO - Started process (PID=1097) to work on /opt/airflow/dags/sample_dag_2.py
[2023-08-23T07:36:39.679+0000] {processor.py:743} INFO - Processing file /opt/airflow/dags/sample_dag_2.py for tasks to queue
[2023-08-23T07:36:39.680+0000] {logging_mixin.py:137} INFO - [2023-08-23T07:36:39.679+0000] {dagbag.py:532} INFO - Filling up the DagBag from /opt/airflow/dags/sample_dag_2.py
[2023-08-23T07:36:39.681+0000] {processor.py:755} WARNING - No viable dags retrieved from /opt/airflow/dags/sample_dag_2.py
[2023-08-23T07:36:39.698+0000] {processor.py:175} INFO - Processing /opt/airflow/dags/sample_dag_2.py took 0.024 seconds
[2023-08-23T07:37:09.911+0000] {processor.py:153} INFO - Started process (PID=1156) to work on /opt/airflow/dags/sample_dag_2.py
[2023-08-23T07:37:09.912+0000] {processor.py:743} INFO - Processing file /opt/airflow/dags/sample_dag_2.py for tasks to queue
[2023-08-23T07:37:09.912+0000] {logging_mixin.py:137} INFO - [2023-08-23T07:37:09.912+0000] {dagbag.py:532} INFO - Filling up the DagBag from /opt/airflow/dags/sample_dag_2.py
[2023-08-23T07:37:09.913+0000] {processor.py:755} WARNING - No viable dags retrieved from /opt/airflow/dags/sample_dag_2.py
[2023-08-23T07:37:09.927+0000] {processor.py:175} INFO - Processing /opt/airflow/dags/sample_dag_2.py took 0.019 seconds
[2023-08-23T07:37:40.118+0000] {processor.py:153} INFO - Started process (PID=1197) to work on /opt/airflow/dags/sample_dag_2.py
[2023-08-23T07:37:40.119+0000] {processor.py:743} INFO - Processing file /opt/airflow/dags/sample_dag_2.py for tasks to queue
[2023-08-23T07:37:40.120+0000] {logging_mixin.py:137} INFO - [2023-08-23T07:37:40.120+0000] {dagbag.py:532} INFO - Filling up the DagBag from /opt/airflow/dags/sample_dag_2.py
[2023-08-23T07:37:40.121+0000] {processor.py:755} WARNING - No viable dags retrieved from /opt/airflow/dags/sample_dag_2.py
[2023-08-23T07:37:40.136+0000] {processor.py:175} INFO - Processing /opt/airflow/dags/sample_dag_2.py took 0.021 seconds
[2023-08-23T07:38:10.330+0000] {processor.py:153} INFO - Started process (PID=1256) to work on /opt/airflow/dags/sample_dag_2.py
[2023-08-23T07:38:10.330+0000] {processor.py:743} INFO - Processing file /opt/airflow/dags/sample_dag_2.py for tasks to queue
[2023-08-23T07:38:10.331+0000] {logging_mixin.py:137} INFO - [2023-08-23T07:38:10.331+0000] {dagbag.py:532} INFO - Filling up the DagBag from /opt/airflow/dags/sample_dag_2.py
[2023-08-23T07:38:10.332+0000] {processor.py:755} WARNING - No viable dags retrieved from /opt/airflow/dags/sample_dag_2.py
[2023-08-23T07:38:10.346+0000] {processor.py:175} INFO - Processing /opt/airflow/dags/sample_dag_2.py took 0.019 seconds
[2023-08-23T07:38:40.540+0000] {processor.py:153} INFO - Started process (PID=1297) to work on /opt/airflow/dags/sample_dag_2.py
[2023-08-23T07:38:40.541+0000] {processor.py:743} INFO - Processing file /opt/airflow/dags/sample_dag_2.py for tasks to queue
[2023-08-23T07:38:40.542+0000] {logging_mixin.py:137} INFO - [2023-08-23T07:38:40.542+0000] {dagbag.py:532} INFO - Filling up the DagBag from /opt/airflow/dags/sample_dag_2.py
[2023-08-23T07:38:40.543+0000] {processor.py:755} WARNING - No viable dags retrieved from /opt/airflow/dags/sample_dag_2.py
[2023-08-23T07:38:40.559+0000] {processor.py:175} INFO - Processing /opt/airflow/dags/sample_dag_2.py took 0.025 seconds
[2023-08-23T07:39:10.755+0000] {processor.py:153} INFO - Started process (PID=1356) to work on /opt/airflow/dags/sample_dag_2.py
[2023-08-23T07:39:10.756+0000] {processor.py:743} INFO - Processing file /opt/airflow/dags/sample_dag_2.py for tasks to queue
[2023-08-23T07:39:10.756+0000] {logging_mixin.py:137} INFO - [2023-08-23T07:39:10.756+0000] {dagbag.py:532} INFO - Filling up the DagBag from /opt/airflow/dags/sample_dag_2.py
[2023-08-23T07:39:10.757+0000] {processor.py:755} WARNING - No viable dags retrieved from /opt/airflow/dags/sample_dag_2.py
[2023-08-23T07:39:10.774+0000] {processor.py:175} INFO - Processing /opt/airflow/dags/sample_dag_2.py took 0.021 seconds
[2023-08-23T07:39:40.966+0000] {processor.py:153} INFO - Started process (PID=1397) to work on /opt/airflow/dags/sample_dag_2.py
[2023-08-23T07:39:40.967+0000] {processor.py:743} INFO - Processing file /opt/airflow/dags/sample_dag_2.py for tasks to queue
[2023-08-23T07:39:40.968+0000] {logging_mixin.py:137} INFO - [2023-08-23T07:39:40.968+0000] {dagbag.py:532} INFO - Filling up the DagBag from /opt/airflow/dags/sample_dag_2.py
[2023-08-23T07:39:40.969+0000] {processor.py:755} WARNING - No viable dags retrieved from /opt/airflow/dags/sample_dag_2.py
[2023-08-23T07:39:40.984+0000] {processor.py:175} INFO - Processing /opt/airflow/dags/sample_dag_2.py took 0.021 seconds
[2023-08-23T07:40:11.197+0000] {processor.py:153} INFO - Started process (PID=1456) to work on /opt/airflow/dags/sample_dag_2.py
[2023-08-23T07:40:11.198+0000] {processor.py:743} INFO - Processing file /opt/airflow/dags/sample_dag_2.py for tasks to queue
[2023-08-23T07:40:11.198+0000] {logging_mixin.py:137} INFO - [2023-08-23T07:40:11.198+0000] {dagbag.py:532} INFO - Filling up the DagBag from /opt/airflow/dags/sample_dag_2.py
[2023-08-23T07:40:11.200+0000] {processor.py:755} WARNING - No viable dags retrieved from /opt/airflow/dags/sample_dag_2.py
[2023-08-23T07:40:11.214+0000] {processor.py:175} INFO - Processing /opt/airflow/dags/sample_dag_2.py took 0.019 seconds
[2023-08-23T07:40:41.405+0000] {processor.py:153} INFO - Started process (PID=1504) to work on /opt/airflow/dags/sample_dag_2.py
[2023-08-23T07:40:41.407+0000] {processor.py:743} INFO - Processing file /opt/airflow/dags/sample_dag_2.py for tasks to queue
[2023-08-23T07:40:41.407+0000] {logging_mixin.py:137} INFO - [2023-08-23T07:40:41.407+0000] {dagbag.py:532} INFO - Filling up the DagBag from /opt/airflow/dags/sample_dag_2.py
[2023-08-23T07:40:41.408+0000] {processor.py:755} WARNING - No viable dags retrieved from /opt/airflow/dags/sample_dag_2.py
[2023-08-23T07:40:41.424+0000] {processor.py:175} INFO - Processing /opt/airflow/dags/sample_dag_2.py took 0.022 seconds
[2023-08-23T07:41:11.639+0000] {processor.py:153} INFO - Started process (PID=1556) to work on /opt/airflow/dags/sample_dag_2.py
[2023-08-23T07:41:11.640+0000] {processor.py:743} INFO - Processing file /opt/airflow/dags/sample_dag_2.py for tasks to queue
[2023-08-23T07:41:11.640+0000] {logging_mixin.py:137} INFO - [2023-08-23T07:41:11.640+0000] {dagbag.py:532} INFO - Filling up the DagBag from /opt/airflow/dags/sample_dag_2.py
[2023-08-23T07:41:11.641+0000] {processor.py:755} WARNING - No viable dags retrieved from /opt/airflow/dags/sample_dag_2.py
[2023-08-23T07:41:11.655+0000] {processor.py:175} INFO - Processing /opt/airflow/dags/sample_dag_2.py took 0.018 seconds
[2023-08-23T07:41:41.877+0000] {processor.py:153} INFO - Started process (PID=1605) to work on /opt/airflow/dags/sample_dag_2.py
[2023-08-23T07:41:41.879+0000] {processor.py:743} INFO - Processing file /opt/airflow/dags/sample_dag_2.py for tasks to queue
[2023-08-23T07:41:41.879+0000] {logging_mixin.py:137} INFO - [2023-08-23T07:41:41.879+0000] {dagbag.py:532} INFO - Filling up the DagBag from /opt/airflow/dags/sample_dag_2.py
[2023-08-23T07:41:41.880+0000] {processor.py:755} WARNING - No viable dags retrieved from /opt/airflow/dags/sample_dag_2.py
[2023-08-23T07:41:41.898+0000] {processor.py:175} INFO - Processing /opt/airflow/dags/sample_dag_2.py took 0.024 seconds
[2023-08-23T07:42:12.107+0000] {processor.py:153} INFO - Started process (PID=1658) to work on /opt/airflow/dags/sample_dag_2.py
[2023-08-23T07:42:12.108+0000] {processor.py:743} INFO - Processing file /opt/airflow/dags/sample_dag_2.py for tasks to queue
[2023-08-23T07:42:12.108+0000] {logging_mixin.py:137} INFO - [2023-08-23T07:42:12.108+0000] {dagbag.py:532} INFO - Filling up the DagBag from /opt/airflow/dags/sample_dag_2.py
[2023-08-23T07:42:12.109+0000] {processor.py:755} WARNING - No viable dags retrieved from /opt/airflow/dags/sample_dag_2.py
[2023-08-23T07:42:12.125+0000] {processor.py:175} INFO - Processing /opt/airflow/dags/sample_dag_2.py took 0.020 seconds
[2023-08-23T07:42:42.310+0000] {processor.py:153} INFO - Started process (PID=1699) to work on /opt/airflow/dags/sample_dag_2.py
[2023-08-23T07:42:42.311+0000] {processor.py:743} INFO - Processing file /opt/airflow/dags/sample_dag_2.py for tasks to queue
[2023-08-23T07:42:42.312+0000] {logging_mixin.py:137} INFO - [2023-08-23T07:42:42.312+0000] {dagbag.py:532} INFO - Filling up the DagBag from /opt/airflow/dags/sample_dag_2.py
[2023-08-23T07:42:42.313+0000] {processor.py:755} WARNING - No viable dags retrieved from /opt/airflow/dags/sample_dag_2.py
[2023-08-23T07:42:42.327+0000] {processor.py:175} INFO - Processing /opt/airflow/dags/sample_dag_2.py took 0.019 seconds
[2023-08-23T07:43:12.532+0000] {processor.py:153} INFO - Started process (PID=1758) to work on /opt/airflow/dags/sample_dag_2.py
[2023-08-23T07:43:12.533+0000] {processor.py:743} INFO - Processing file /opt/airflow/dags/sample_dag_2.py for tasks to queue
[2023-08-23T07:43:12.534+0000] {logging_mixin.py:137} INFO - [2023-08-23T07:43:12.533+0000] {dagbag.py:532} INFO - Filling up the DagBag from /opt/airflow/dags/sample_dag_2.py
[2023-08-23T07:43:12.535+0000] {processor.py:755} WARNING - No viable dags retrieved from /opt/airflow/dags/sample_dag_2.py
[2023-08-23T07:43:12.548+0000] {processor.py:175} INFO - Processing /opt/airflow/dags/sample_dag_2.py took 0.019 seconds
[2023-08-23T07:43:42.739+0000] {processor.py:153} INFO - Started process (PID=1799) to work on /opt/airflow/dags/sample_dag_2.py
[2023-08-23T07:43:42.740+0000] {processor.py:743} INFO - Processing file /opt/airflow/dags/sample_dag_2.py for tasks to queue
[2023-08-23T07:43:42.741+0000] {logging_mixin.py:137} INFO - [2023-08-23T07:43:42.741+0000] {dagbag.py:532} INFO - Filling up the DagBag from /opt/airflow/dags/sample_dag_2.py
[2023-08-23T07:43:42.742+0000] {processor.py:755} WARNING - No viable dags retrieved from /opt/airflow/dags/sample_dag_2.py
[2023-08-23T07:43:42.757+0000] {processor.py:175} INFO - Processing /opt/airflow/dags/sample_dag_2.py took 0.020 seconds
[2023-08-23T07:44:12.960+0000] {processor.py:153} INFO - Started process (PID=1858) to work on /opt/airflow/dags/sample_dag_2.py
[2023-08-23T07:44:12.960+0000] {processor.py:743} INFO - Processing file /opt/airflow/dags/sample_dag_2.py for tasks to queue
[2023-08-23T07:44:12.961+0000] {logging_mixin.py:137} INFO - [2023-08-23T07:44:12.960+0000] {dagbag.py:532} INFO - Filling up the DagBag from /opt/airflow/dags/sample_dag_2.py
[2023-08-23T07:44:12.962+0000] {processor.py:755} WARNING - No viable dags retrieved from /opt/airflow/dags/sample_dag_2.py
[2023-08-23T07:44:12.977+0000] {processor.py:175} INFO - Processing /opt/airflow/dags/sample_dag_2.py took 0.021 seconds
[2023-08-23T07:44:43.186+0000] {processor.py:153} INFO - Started process (PID=1899) to work on /opt/airflow/dags/sample_dag_2.py
[2023-08-23T07:44:43.187+0000] {processor.py:743} INFO - Processing file /opt/airflow/dags/sample_dag_2.py for tasks to queue
[2023-08-23T07:44:43.188+0000] {logging_mixin.py:137} INFO - [2023-08-23T07:44:43.188+0000] {dagbag.py:532} INFO - Filling up the DagBag from /opt/airflow/dags/sample_dag_2.py
[2023-08-23T07:44:43.189+0000] {processor.py:755} WARNING - No viable dags retrieved from /opt/airflow/dags/sample_dag_2.py
[2023-08-23T07:44:43.210+0000] {processor.py:175} INFO - Processing /opt/airflow/dags/sample_dag_2.py took 0.027 seconds
[2023-08-23T07:45:13.409+0000] {processor.py:153} INFO - Started process (PID=1947) to work on /opt/airflow/dags/sample_dag_2.py
[2023-08-23T07:45:13.409+0000] {processor.py:743} INFO - Processing file /opt/airflow/dags/sample_dag_2.py for tasks to queue
[2023-08-23T07:45:13.410+0000] {logging_mixin.py:137} INFO - [2023-08-23T07:45:13.410+0000] {dagbag.py:532} INFO - Filling up the DagBag from /opt/airflow/dags/sample_dag_2.py
[2023-08-23T07:45:13.412+0000] {processor.py:755} WARNING - No viable dags retrieved from /opt/airflow/dags/sample_dag_2.py
[2023-08-23T07:45:13.428+0000] {processor.py:175} INFO - Processing /opt/airflow/dags/sample_dag_2.py took 0.025 seconds
[2023-08-23T07:45:43.604+0000] {processor.py:153} INFO - Started process (PID=2000) to work on /opt/airflow/dags/sample_dag_2.py
[2023-08-23T07:45:43.605+0000] {processor.py:743} INFO - Processing file /opt/airflow/dags/sample_dag_2.py for tasks to queue
[2023-08-23T07:45:43.606+0000] {logging_mixin.py:137} INFO - [2023-08-23T07:45:43.606+0000] {dagbag.py:532} INFO - Filling up the DagBag from /opt/airflow/dags/sample_dag_2.py
[2023-08-23T07:45:43.607+0000] {processor.py:755} WARNING - No viable dags retrieved from /opt/airflow/dags/sample_dag_2.py
[2023-08-23T07:45:43.621+0000] {processor.py:175} INFO - Processing /opt/airflow/dags/sample_dag_2.py took 0.020 seconds
[2023-08-23T07:46:13.829+0000] {processor.py:153} INFO - Started process (PID=2041) to work on /opt/airflow/dags/sample_dag_2.py
[2023-08-23T07:46:13.829+0000] {processor.py:743} INFO - Processing file /opt/airflow/dags/sample_dag_2.py for tasks to queue
[2023-08-23T07:46:13.830+0000] {logging_mixin.py:137} INFO - [2023-08-23T07:46:13.829+0000] {dagbag.py:532} INFO - Filling up the DagBag from /opt/airflow/dags/sample_dag_2.py
[2023-08-23T07:46:13.830+0000] {processor.py:755} WARNING - No viable dags retrieved from /opt/airflow/dags/sample_dag_2.py
[2023-08-23T07:46:13.845+0000] {processor.py:175} INFO - Processing /opt/airflow/dags/sample_dag_2.py took 0.019 seconds
[2023-08-23T07:46:44.076+0000] {processor.py:153} INFO - Started process (PID=2100) to work on /opt/airflow/dags/sample_dag_2.py
[2023-08-23T07:46:44.078+0000] {processor.py:743} INFO - Processing file /opt/airflow/dags/sample_dag_2.py for tasks to queue
[2023-08-23T07:46:44.079+0000] {logging_mixin.py:137} INFO - [2023-08-23T07:46:44.078+0000] {dagbag.py:532} INFO - Filling up the DagBag from /opt/airflow/dags/sample_dag_2.py
[2023-08-23T07:46:44.080+0000] {processor.py:755} WARNING - No viable dags retrieved from /opt/airflow/dags/sample_dag_2.py
[2023-08-23T07:46:44.101+0000] {processor.py:175} INFO - Processing /opt/airflow/dags/sample_dag_2.py took 0.029 seconds
[2023-08-23T07:47:14.309+0000] {processor.py:153} INFO - Started process (PID=2141) to work on /opt/airflow/dags/sample_dag_2.py
[2023-08-23T07:47:14.310+0000] {processor.py:743} INFO - Processing file /opt/airflow/dags/sample_dag_2.py for tasks to queue
[2023-08-23T07:47:14.311+0000] {logging_mixin.py:137} INFO - [2023-08-23T07:47:14.311+0000] {dagbag.py:532} INFO - Filling up the DagBag from /opt/airflow/dags/sample_dag_2.py
[2023-08-23T07:47:14.312+0000] {processor.py:755} WARNING - No viable dags retrieved from /opt/airflow/dags/sample_dag_2.py
[2023-08-23T07:47:14.328+0000] {processor.py:175} INFO - Processing /opt/airflow/dags/sample_dag_2.py took 0.022 seconds
[2023-08-23T07:47:44.520+0000] {processor.py:153} INFO - Started process (PID=2189) to work on /opt/airflow/dags/sample_dag_2.py
[2023-08-23T07:47:44.522+0000] {processor.py:743} INFO - Processing file /opt/airflow/dags/sample_dag_2.py for tasks to queue
[2023-08-23T07:47:44.522+0000] {logging_mixin.py:137} INFO - [2023-08-23T07:47:44.522+0000] {dagbag.py:532} INFO - Filling up the DagBag from /opt/airflow/dags/sample_dag_2.py
[2023-08-23T07:47:44.523+0000] {processor.py:755} WARNING - No viable dags retrieved from /opt/airflow/dags/sample_dag_2.py
[2023-08-23T07:47:44.538+0000] {processor.py:175} INFO - Processing /opt/airflow/dags/sample_dag_2.py took 0.020 seconds
[2023-08-23T07:48:14.743+0000] {processor.py:153} INFO - Started process (PID=2241) to work on /opt/airflow/dags/sample_dag_2.py
[2023-08-23T07:48:14.743+0000] {processor.py:743} INFO - Processing file /opt/airflow/dags/sample_dag_2.py for tasks to queue
[2023-08-23T07:48:14.744+0000] {logging_mixin.py:137} INFO - [2023-08-23T07:48:14.744+0000] {dagbag.py:532} INFO - Filling up the DagBag from /opt/airflow/dags/sample_dag_2.py
[2023-08-23T07:48:14.745+0000] {processor.py:755} WARNING - No viable dags retrieved from /opt/airflow/dags/sample_dag_2.py
[2023-08-23T07:48:14.759+0000] {processor.py:175} INFO - Processing /opt/airflow/dags/sample_dag_2.py took 0.019 seconds
[2023-08-23T07:48:44.967+0000] {processor.py:153} INFO - Started process (PID=2282) to work on /opt/airflow/dags/sample_dag_2.py
[2023-08-23T07:48:44.968+0000] {processor.py:743} INFO - Processing file /opt/airflow/dags/sample_dag_2.py for tasks to queue
[2023-08-23T07:48:44.969+0000] {logging_mixin.py:137} INFO - [2023-08-23T07:48:44.968+0000] {dagbag.py:532} INFO - Filling up the DagBag from /opt/airflow/dags/sample_dag_2.py
[2023-08-23T07:48:44.969+0000] {processor.py:755} WARNING - No viable dags retrieved from /opt/airflow/dags/sample_dag_2.py
[2023-08-23T07:48:44.986+0000] {processor.py:175} INFO - Processing /opt/airflow/dags/sample_dag_2.py took 0.022 seconds
[2023-08-23T07:49:15.200+0000] {processor.py:153} INFO - Started process (PID=2341) to work on /opt/airflow/dags/sample_dag_2.py
[2023-08-23T07:49:15.201+0000] {processor.py:743} INFO - Processing file /opt/airflow/dags/sample_dag_2.py for tasks to queue
[2023-08-23T07:49:15.201+0000] {logging_mixin.py:137} INFO - [2023-08-23T07:49:15.201+0000] {dagbag.py:532} INFO - Filling up the DagBag from /opt/airflow/dags/sample_dag_2.py
[2023-08-23T07:49:15.202+0000] {processor.py:755} WARNING - No viable dags retrieved from /opt/airflow/dags/sample_dag_2.py
[2023-08-23T07:49:15.220+0000] {processor.py:175} INFO - Processing /opt/airflow/dags/sample_dag_2.py took 0.024 seconds
[2023-08-23T07:49:45.494+0000] {processor.py:153} INFO - Started process (PID=2382) to work on /opt/airflow/dags/sample_dag_2.py
[2023-08-23T07:49:45.497+0000] {processor.py:743} INFO - Processing file /opt/airflow/dags/sample_dag_2.py for tasks to queue
[2023-08-23T07:49:45.498+0000] {logging_mixin.py:137} INFO - [2023-08-23T07:49:45.498+0000] {dagbag.py:532} INFO - Filling up the DagBag from /opt/airflow/dags/sample_dag_2.py
[2023-08-23T07:49:45.502+0000] {processor.py:755} WARNING - No viable dags retrieved from /opt/airflow/dags/sample_dag_2.py
[2023-08-23T07:49:45.537+0000] {processor.py:175} INFO - Processing /opt/airflow/dags/sample_dag_2.py took 0.054 seconds
[2023-08-23T07:50:15.793+0000] {processor.py:153} INFO - Started process (PID=2423) to work on /opt/airflow/dags/sample_dag_2.py
[2023-08-23T07:50:15.794+0000] {processor.py:743} INFO - Processing file /opt/airflow/dags/sample_dag_2.py for tasks to queue
[2023-08-23T07:50:15.795+0000] {logging_mixin.py:137} INFO - [2023-08-23T07:50:15.795+0000] {dagbag.py:532} INFO - Filling up the DagBag from /opt/airflow/dags/sample_dag_2.py
[2023-08-23T07:50:15.796+0000] {processor.py:755} WARNING - No viable dags retrieved from /opt/airflow/dags/sample_dag_2.py
[2023-08-23T07:50:15.811+0000] {processor.py:175} INFO - Processing /opt/airflow/dags/sample_dag_2.py took 0.021 seconds
[2023-08-23T07:50:46.002+0000] {processor.py:153} INFO - Started process (PID=2482) to work on /opt/airflow/dags/sample_dag_2.py
[2023-08-23T07:50:46.003+0000] {processor.py:743} INFO - Processing file /opt/airflow/dags/sample_dag_2.py for tasks to queue
[2023-08-23T07:50:46.003+0000] {logging_mixin.py:137} INFO - [2023-08-23T07:50:46.003+0000] {dagbag.py:532} INFO - Filling up the DagBag from /opt/airflow/dags/sample_dag_2.py
[2023-08-23T07:50:46.004+0000] {processor.py:755} WARNING - No viable dags retrieved from /opt/airflow/dags/sample_dag_2.py
[2023-08-23T07:50:46.020+0000] {processor.py:175} INFO - Processing /opt/airflow/dags/sample_dag_2.py took 0.021 seconds
[2023-08-23T07:51:16.240+0000] {processor.py:153} INFO - Started process (PID=2523) to work on /opt/airflow/dags/sample_dag_2.py
[2023-08-23T07:51:16.241+0000] {processor.py:743} INFO - Processing file /opt/airflow/dags/sample_dag_2.py for tasks to queue
[2023-08-23T07:51:16.242+0000] {logging_mixin.py:137} INFO - [2023-08-23T07:51:16.242+0000] {dagbag.py:532} INFO - Filling up the DagBag from /opt/airflow/dags/sample_dag_2.py
[2023-08-23T07:51:16.243+0000] {processor.py:755} WARNING - No viable dags retrieved from /opt/airflow/dags/sample_dag_2.py
[2023-08-23T07:51:16.263+0000] {processor.py:175} INFO - Processing /opt/airflow/dags/sample_dag_2.py took 0.026 seconds
[2023-08-23T07:51:46.444+0000] {processor.py:153} INFO - Started process (PID=2582) to work on /opt/airflow/dags/sample_dag_2.py
[2023-08-23T07:51:46.445+0000] {processor.py:743} INFO - Processing file /opt/airflow/dags/sample_dag_2.py for tasks to queue
[2023-08-23T07:51:46.446+0000] {logging_mixin.py:137} INFO - [2023-08-23T07:51:46.446+0000] {dagbag.py:532} INFO - Filling up the DagBag from /opt/airflow/dags/sample_dag_2.py
[2023-08-23T07:51:46.447+0000] {processor.py:755} WARNING - No viable dags retrieved from /opt/airflow/dags/sample_dag_2.py
[2023-08-23T07:51:46.461+0000] {processor.py:175} INFO - Processing /opt/airflow/dags/sample_dag_2.py took 0.020 seconds
[2023-08-23T07:52:16.684+0000] {processor.py:153} INFO - Started process (PID=2623) to work on /opt/airflow/dags/sample_dag_2.py
[2023-08-23T07:52:16.684+0000] {processor.py:743} INFO - Processing file /opt/airflow/dags/sample_dag_2.py for tasks to queue
[2023-08-23T07:52:16.685+0000] {logging_mixin.py:137} INFO - [2023-08-23T07:52:16.685+0000] {dagbag.py:532} INFO - Filling up the DagBag from /opt/airflow/dags/sample_dag_2.py
[2023-08-23T07:52:16.686+0000] {processor.py:755} WARNING - No viable dags retrieved from /opt/airflow/dags/sample_dag_2.py
[2023-08-23T07:52:16.700+0000] {processor.py:175} INFO - Processing /opt/airflow/dags/sample_dag_2.py took 0.019 seconds
[2023-08-23T07:52:46.900+0000] {processor.py:153} INFO - Started process (PID=2682) to work on /opt/airflow/dags/sample_dag_2.py
[2023-08-23T07:52:46.901+0000] {processor.py:743} INFO - Processing file /opt/airflow/dags/sample_dag_2.py for tasks to queue
[2023-08-23T07:52:46.902+0000] {logging_mixin.py:137} INFO - [2023-08-23T07:52:46.902+0000] {dagbag.py:532} INFO - Filling up the DagBag from /opt/airflow/dags/sample_dag_2.py
[2023-08-23T07:52:46.903+0000] {processor.py:755} WARNING - No viable dags retrieved from /opt/airflow/dags/sample_dag_2.py
[2023-08-23T07:52:46.917+0000] {processor.py:175} INFO - Processing /opt/airflow/dags/sample_dag_2.py took 0.020 seconds
[2023-08-23T07:53:17.121+0000] {processor.py:153} INFO - Started process (PID=2729) to work on /opt/airflow/dags/sample_dag_2.py
[2023-08-23T07:53:17.122+0000] {processor.py:743} INFO - Processing file /opt/airflow/dags/sample_dag_2.py for tasks to queue
[2023-08-23T07:53:17.122+0000] {logging_mixin.py:137} INFO - [2023-08-23T07:53:17.122+0000] {dagbag.py:532} INFO - Filling up the DagBag from /opt/airflow/dags/sample_dag_2.py
[2023-08-23T07:53:17.124+0000] {processor.py:755} WARNING - No viable dags retrieved from /opt/airflow/dags/sample_dag_2.py
[2023-08-23T07:53:17.142+0000] {processor.py:175} INFO - Processing /opt/airflow/dags/sample_dag_2.py took 0.026 seconds
[2023-08-23T07:53:47.361+0000] {processor.py:153} INFO - Started process (PID=2782) to work on /opt/airflow/dags/sample_dag_2.py
[2023-08-23T07:53:47.362+0000] {processor.py:743} INFO - Processing file /opt/airflow/dags/sample_dag_2.py for tasks to queue
[2023-08-23T07:53:47.363+0000] {logging_mixin.py:137} INFO - [2023-08-23T07:53:47.363+0000] {dagbag.py:532} INFO - Filling up the DagBag from /opt/airflow/dags/sample_dag_2.py
[2023-08-23T07:53:47.364+0000] {processor.py:755} WARNING - No viable dags retrieved from /opt/airflow/dags/sample_dag_2.py
[2023-08-23T07:53:47.379+0000] {processor.py:175} INFO - Processing /opt/airflow/dags/sample_dag_2.py took 0.021 seconds
[2023-08-23T07:54:17.585+0000] {processor.py:153} INFO - Started process (PID=2830) to work on /opt/airflow/dags/sample_dag_2.py
[2023-08-23T07:54:17.585+0000] {processor.py:743} INFO - Processing file /opt/airflow/dags/sample_dag_2.py for tasks to queue
[2023-08-23T07:54:17.586+0000] {logging_mixin.py:137} INFO - [2023-08-23T07:54:17.586+0000] {dagbag.py:532} INFO - Filling up the DagBag from /opt/airflow/dags/sample_dag_2.py
[2023-08-23T07:54:17.587+0000] {processor.py:755} WARNING - No viable dags retrieved from /opt/airflow/dags/sample_dag_2.py
[2023-08-23T07:54:17.601+0000] {processor.py:175} INFO - Processing /opt/airflow/dags/sample_dag_2.py took 0.020 seconds
[2023-08-23T07:54:47.793+0000] {processor.py:153} INFO - Started process (PID=2882) to work on /opt/airflow/dags/sample_dag_2.py
[2023-08-23T07:54:47.794+0000] {processor.py:743} INFO - Processing file /opt/airflow/dags/sample_dag_2.py for tasks to queue
[2023-08-23T07:54:47.795+0000] {logging_mixin.py:137} INFO - [2023-08-23T07:54:47.795+0000] {dagbag.py:532} INFO - Filling up the DagBag from /opt/airflow/dags/sample_dag_2.py
[2023-08-23T07:54:47.796+0000] {processor.py:755} WARNING - No viable dags retrieved from /opt/airflow/dags/sample_dag_2.py
[2023-08-23T07:54:47.810+0000] {processor.py:175} INFO - Processing /opt/airflow/dags/sample_dag_2.py took 0.020 seconds
[2023-08-23T07:55:18.018+0000] {processor.py:153} INFO - Started process (PID=2930) to work on /opt/airflow/dags/sample_dag_2.py
[2023-08-23T07:55:18.020+0000] {processor.py:743} INFO - Processing file /opt/airflow/dags/sample_dag_2.py for tasks to queue
[2023-08-23T07:55:18.021+0000] {logging_mixin.py:137} INFO - [2023-08-23T07:55:18.021+0000] {dagbag.py:532} INFO - Filling up the DagBag from /opt/airflow/dags/sample_dag_2.py
[2023-08-23T07:55:18.023+0000] {processor.py:755} WARNING - No viable dags retrieved from /opt/airflow/dags/sample_dag_2.py
[2023-08-23T07:55:18.042+0000] {processor.py:175} INFO - Processing /opt/airflow/dags/sample_dag_2.py took 0.028 seconds
[2023-08-23T07:55:48.255+0000] {processor.py:153} INFO - Started process (PID=2982) to work on /opt/airflow/dags/sample_dag_2.py
[2023-08-23T07:55:48.256+0000] {processor.py:743} INFO - Processing file /opt/airflow/dags/sample_dag_2.py for tasks to queue
[2023-08-23T07:55:48.257+0000] {logging_mixin.py:137} INFO - [2023-08-23T07:55:48.256+0000] {dagbag.py:532} INFO - Filling up the DagBag from /opt/airflow/dags/sample_dag_2.py
[2023-08-23T07:55:48.258+0000] {processor.py:755} WARNING - No viable dags retrieved from /opt/airflow/dags/sample_dag_2.py
[2023-08-23T07:55:48.273+0000] {processor.py:175} INFO - Processing /opt/airflow/dags/sample_dag_2.py took 0.020 seconds
[2023-08-23T07:56:18.488+0000] {processor.py:153} INFO - Started process (PID=3030) to work on /opt/airflow/dags/sample_dag_2.py
[2023-08-23T07:56:18.489+0000] {processor.py:743} INFO - Processing file /opt/airflow/dags/sample_dag_2.py for tasks to queue
[2023-08-23T07:56:18.490+0000] {logging_mixin.py:137} INFO - [2023-08-23T07:56:18.490+0000] {dagbag.py:532} INFO - Filling up the DagBag from /opt/airflow/dags/sample_dag_2.py
[2023-08-23T07:56:18.491+0000] {processor.py:755} WARNING - No viable dags retrieved from /opt/airflow/dags/sample_dag_2.py
[2023-08-23T07:56:18.509+0000] {processor.py:175} INFO - Processing /opt/airflow/dags/sample_dag_2.py took 0.025 seconds
[2023-08-23T07:56:48.733+0000] {processor.py:153} INFO - Started process (PID=3082) to work on /opt/airflow/dags/sample_dag_2.py
[2023-08-23T07:56:48.734+0000] {processor.py:743} INFO - Processing file /opt/airflow/dags/sample_dag_2.py for tasks to queue
[2023-08-23T07:56:48.734+0000] {logging_mixin.py:137} INFO - [2023-08-23T07:56:48.734+0000] {dagbag.py:532} INFO - Filling up the DagBag from /opt/airflow/dags/sample_dag_2.py
[2023-08-23T07:56:48.735+0000] {processor.py:755} WARNING - No viable dags retrieved from /opt/airflow/dags/sample_dag_2.py
[2023-08-23T07:56:48.748+0000] {processor.py:175} INFO - Processing /opt/airflow/dags/sample_dag_2.py took 0.017 seconds
[2023-08-23T07:57:19.333+0000] {processor.py:153} INFO - Started process (PID=3123) to work on /opt/airflow/dags/sample_dag_2.py
[2023-08-23T07:57:19.338+0000] {processor.py:743} INFO - Processing file /opt/airflow/dags/sample_dag_2.py for tasks to queue
[2023-08-23T07:57:19.340+0000] {logging_mixin.py:137} INFO - [2023-08-23T07:57:19.339+0000] {dagbag.py:532} INFO - Filling up the DagBag from /opt/airflow/dags/sample_dag_2.py
[2023-08-23T07:57:19.349+0000] {processor.py:755} WARNING - No viable dags retrieved from /opt/airflow/dags/sample_dag_2.py
[2023-08-23T07:57:19.439+0000] {processor.py:175} INFO - Processing /opt/airflow/dags/sample_dag_2.py took 0.125 seconds
[2023-08-23T07:57:49.777+0000] {processor.py:153} INFO - Started process (PID=3164) to work on /opt/airflow/dags/sample_dag_2.py
[2023-08-23T07:57:49.779+0000] {processor.py:743} INFO - Processing file /opt/airflow/dags/sample_dag_2.py for tasks to queue
[2023-08-23T07:57:49.780+0000] {logging_mixin.py:137} INFO - [2023-08-23T07:57:49.780+0000] {dagbag.py:532} INFO - Filling up the DagBag from /opt/airflow/dags/sample_dag_2.py
[2023-08-23T07:57:49.782+0000] {processor.py:755} WARNING - No viable dags retrieved from /opt/airflow/dags/sample_dag_2.py
[2023-08-23T07:57:49.805+0000] {processor.py:175} INFO - Processing /opt/airflow/dags/sample_dag_2.py took 0.033 seconds
[2023-08-23T07:58:20.069+0000] {processor.py:153} INFO - Started process (PID=3206) to work on /opt/airflow/dags/sample_dag_2.py
[2023-08-23T07:58:20.071+0000] {processor.py:743} INFO - Processing file /opt/airflow/dags/sample_dag_2.py for tasks to queue
[2023-08-23T07:58:20.072+0000] {logging_mixin.py:137} INFO - [2023-08-23T07:58:20.072+0000] {dagbag.py:532} INFO - Filling up the DagBag from /opt/airflow/dags/sample_dag_2.py
[2023-08-23T07:58:20.074+0000] {processor.py:755} WARNING - No viable dags retrieved from /opt/airflow/dags/sample_dag_2.py
[2023-08-23T07:58:20.101+0000] {processor.py:175} INFO - Processing /opt/airflow/dags/sample_dag_2.py took 0.037 seconds
[2023-08-23T07:58:50.365+0000] {processor.py:153} INFO - Started process (PID=3247) to work on /opt/airflow/dags/sample_dag_2.py
[2023-08-23T07:58:50.367+0000] {processor.py:743} INFO - Processing file /opt/airflow/dags/sample_dag_2.py for tasks to queue
[2023-08-23T07:58:50.368+0000] {logging_mixin.py:137} INFO - [2023-08-23T07:58:50.368+0000] {dagbag.py:532} INFO - Filling up the DagBag from /opt/airflow/dags/sample_dag_2.py
[2023-08-23T07:58:50.370+0000] {processor.py:755} WARNING - No viable dags retrieved from /opt/airflow/dags/sample_dag_2.py
[2023-08-23T07:58:50.398+0000] {processor.py:175} INFO - Processing /opt/airflow/dags/sample_dag_2.py took 0.037 seconds
[2023-08-23T07:59:20.737+0000] {processor.py:153} INFO - Started process (PID=3288) to work on /opt/airflow/dags/sample_dag_2.py
[2023-08-23T07:59:20.738+0000] {processor.py:743} INFO - Processing file /opt/airflow/dags/sample_dag_2.py for tasks to queue
[2023-08-23T07:59:20.739+0000] {logging_mixin.py:137} INFO - [2023-08-23T07:59:20.739+0000] {dagbag.py:532} INFO - Filling up the DagBag from /opt/airflow/dags/sample_dag_2.py
[2023-08-23T07:59:20.741+0000] {processor.py:755} WARNING - No viable dags retrieved from /opt/airflow/dags/sample_dag_2.py
[2023-08-23T07:59:20.763+0000] {processor.py:175} INFO - Processing /opt/airflow/dags/sample_dag_2.py took 0.030 seconds
[2023-08-23T07:59:51.054+0000] {processor.py:153} INFO - Started process (PID=3329) to work on /opt/airflow/dags/sample_dag_2.py
[2023-08-23T07:59:51.055+0000] {processor.py:743} INFO - Processing file /opt/airflow/dags/sample_dag_2.py for tasks to queue
[2023-08-23T07:59:51.056+0000] {logging_mixin.py:137} INFO - [2023-08-23T07:59:51.056+0000] {dagbag.py:532} INFO - Filling up the DagBag from /opt/airflow/dags/sample_dag_2.py
[2023-08-23T07:59:51.058+0000] {processor.py:755} WARNING - No viable dags retrieved from /opt/airflow/dags/sample_dag_2.py
[2023-08-23T07:59:51.085+0000] {processor.py:175} INFO - Processing /opt/airflow/dags/sample_dag_2.py took 0.036 seconds
[2023-08-23T08:00:21.374+0000] {processor.py:153} INFO - Started process (PID=3370) to work on /opt/airflow/dags/sample_dag_2.py
[2023-08-23T08:00:21.376+0000] {processor.py:743} INFO - Processing file /opt/airflow/dags/sample_dag_2.py for tasks to queue
[2023-08-23T08:00:21.377+0000] {logging_mixin.py:137} INFO - [2023-08-23T08:00:21.377+0000] {dagbag.py:532} INFO - Filling up the DagBag from /opt/airflow/dags/sample_dag_2.py
[2023-08-23T08:00:21.380+0000] {processor.py:755} WARNING - No viable dags retrieved from /opt/airflow/dags/sample_dag_2.py
[2023-08-23T08:00:21.409+0000] {processor.py:175} INFO - Processing /opt/airflow/dags/sample_dag_2.py took 0.039 seconds
[2023-08-23T08:00:51.683+0000] {processor.py:153} INFO - Started process (PID=3412) to work on /opt/airflow/dags/sample_dag_2.py
[2023-08-23T08:00:51.684+0000] {processor.py:743} INFO - Processing file /opt/airflow/dags/sample_dag_2.py for tasks to queue
[2023-08-23T08:00:51.684+0000] {logging_mixin.py:137} INFO - [2023-08-23T08:00:51.684+0000] {dagbag.py:532} INFO - Filling up the DagBag from /opt/airflow/dags/sample_dag_2.py
[2023-08-23T08:00:51.686+0000] {processor.py:755} WARNING - No viable dags retrieved from /opt/airflow/dags/sample_dag_2.py
[2023-08-23T08:00:51.704+0000] {processor.py:175} INFO - Processing /opt/airflow/dags/sample_dag_2.py took 0.026 seconds
[2023-08-23T08:01:21.946+0000] {processor.py:153} INFO - Started process (PID=3453) to work on /opt/airflow/dags/sample_dag_2.py
[2023-08-23T08:01:21.948+0000] {processor.py:743} INFO - Processing file /opt/airflow/dags/sample_dag_2.py for tasks to queue
[2023-08-23T08:01:21.950+0000] {logging_mixin.py:137} INFO - [2023-08-23T08:01:21.950+0000] {dagbag.py:532} INFO - Filling up the DagBag from /opt/airflow/dags/sample_dag_2.py
[2023-08-23T08:01:21.951+0000] {processor.py:755} WARNING - No viable dags retrieved from /opt/airflow/dags/sample_dag_2.py
[2023-08-23T08:01:21.971+0000] {processor.py:175} INFO - Processing /opt/airflow/dags/sample_dag_2.py took 0.029 seconds
[2023-08-23T08:01:52.217+0000] {processor.py:153} INFO - Started process (PID=3494) to work on /opt/airflow/dags/sample_dag_2.py
[2023-08-23T08:01:52.219+0000] {processor.py:743} INFO - Processing file /opt/airflow/dags/sample_dag_2.py for tasks to queue
[2023-08-23T08:01:52.220+0000] {logging_mixin.py:137} INFO - [2023-08-23T08:01:52.219+0000] {dagbag.py:532} INFO - Filling up the DagBag from /opt/airflow/dags/sample_dag_2.py
[2023-08-23T08:01:52.222+0000] {processor.py:755} WARNING - No viable dags retrieved from /opt/airflow/dags/sample_dag_2.py
[2023-08-23T08:01:52.250+0000] {processor.py:175} INFO - Processing /opt/airflow/dags/sample_dag_2.py took 0.037 seconds
[2023-08-23T08:02:22.517+0000] {processor.py:153} INFO - Started process (PID=3542) to work on /opt/airflow/dags/sample_dag_2.py
[2023-08-23T08:02:22.520+0000] {processor.py:743} INFO - Processing file /opt/airflow/dags/sample_dag_2.py for tasks to queue
[2023-08-23T08:02:22.521+0000] {logging_mixin.py:137} INFO - [2023-08-23T08:02:22.521+0000] {dagbag.py:532} INFO - Filling up the DagBag from /opt/airflow/dags/sample_dag_2.py
[2023-08-23T08:02:22.523+0000] {processor.py:755} WARNING - No viable dags retrieved from /opt/airflow/dags/sample_dag_2.py
[2023-08-23T08:02:22.552+0000] {processor.py:175} INFO - Processing /opt/airflow/dags/sample_dag_2.py took 0.041 seconds
[2023-08-23T08:02:53.107+0000] {processor.py:153} INFO - Started process (PID=3583) to work on /opt/airflow/dags/sample_dag_2.py
[2023-08-23T08:02:53.112+0000] {processor.py:743} INFO - Processing file /opt/airflow/dags/sample_dag_2.py for tasks to queue
[2023-08-23T08:02:53.115+0000] {logging_mixin.py:137} INFO - [2023-08-23T08:02:53.114+0000] {dagbag.py:532} INFO - Filling up the DagBag from /opt/airflow/dags/sample_dag_2.py
[2023-08-23T08:02:53.121+0000] {processor.py:755} WARNING - No viable dags retrieved from /opt/airflow/dags/sample_dag_2.py
[2023-08-23T08:02:53.244+0000] {processor.py:175} INFO - Processing /opt/airflow/dags/sample_dag_2.py took 0.159 seconds
[2023-08-23T08:03:23.603+0000] {processor.py:153} INFO - Started process (PID=3617) to work on /opt/airflow/dags/sample_dag_2.py
[2023-08-23T08:03:23.604+0000] {processor.py:743} INFO - Processing file /opt/airflow/dags/sample_dag_2.py for tasks to queue
[2023-08-23T08:03:23.605+0000] {logging_mixin.py:137} INFO - [2023-08-23T08:03:23.605+0000] {dagbag.py:532} INFO - Filling up the DagBag from /opt/airflow/dags/sample_dag_2.py
[2023-08-23T08:03:23.607+0000] {processor.py:755} WARNING - No viable dags retrieved from /opt/airflow/dags/sample_dag_2.py
[2023-08-23T08:03:23.632+0000] {processor.py:175} INFO - Processing /opt/airflow/dags/sample_dag_2.py took 0.034 seconds
[2023-08-23T08:03:53.917+0000] {processor.py:153} INFO - Started process (PID=3658) to work on /opt/airflow/dags/sample_dag_2.py
[2023-08-23T08:03:53.918+0000] {processor.py:743} INFO - Processing file /opt/airflow/dags/sample_dag_2.py for tasks to queue
[2023-08-23T08:03:53.919+0000] {logging_mixin.py:137} INFO - [2023-08-23T08:03:53.919+0000] {dagbag.py:532} INFO - Filling up the DagBag from /opt/airflow/dags/sample_dag_2.py
[2023-08-23T08:03:53.920+0000] {processor.py:755} WARNING - No viable dags retrieved from /opt/airflow/dags/sample_dag_2.py
[2023-08-23T08:03:53.940+0000] {processor.py:175} INFO - Processing /opt/airflow/dags/sample_dag_2.py took 0.026 seconds
[2023-08-23T08:04:24.253+0000] {processor.py:153} INFO - Started process (PID=3699) to work on /opt/airflow/dags/sample_dag_2.py
[2023-08-23T08:04:24.256+0000] {processor.py:743} INFO - Processing file /opt/airflow/dags/sample_dag_2.py for tasks to queue
[2023-08-23T08:04:24.257+0000] {logging_mixin.py:137} INFO - [2023-08-23T08:04:24.256+0000] {dagbag.py:532} INFO - Filling up the DagBag from /opt/airflow/dags/sample_dag_2.py
[2023-08-23T08:04:24.259+0000] {processor.py:755} WARNING - No viable dags retrieved from /opt/airflow/dags/sample_dag_2.py
[2023-08-23T08:04:24.292+0000] {processor.py:175} INFO - Processing /opt/airflow/dags/sample_dag_2.py took 0.049 seconds
[2023-08-23T08:04:54.586+0000] {processor.py:153} INFO - Started process (PID=3740) to work on /opt/airflow/dags/sample_dag_2.py
[2023-08-23T08:04:54.589+0000] {processor.py:743} INFO - Processing file /opt/airflow/dags/sample_dag_2.py for tasks to queue
[2023-08-23T08:04:54.592+0000] {logging_mixin.py:137} INFO - [2023-08-23T08:04:54.592+0000] {dagbag.py:532} INFO - Filling up the DagBag from /opt/airflow/dags/sample_dag_2.py
[2023-08-23T08:04:54.594+0000] {processor.py:755} WARNING - No viable dags retrieved from /opt/airflow/dags/sample_dag_2.py
[2023-08-23T08:04:54.624+0000] {processor.py:175} INFO - Processing /opt/airflow/dags/sample_dag_2.py took 0.044 seconds
[2023-08-23T08:05:24.938+0000] {processor.py:153} INFO - Started process (PID=3781) to work on /opt/airflow/dags/sample_dag_2.py
[2023-08-23T08:05:24.939+0000] {processor.py:743} INFO - Processing file /opt/airflow/dags/sample_dag_2.py for tasks to queue
[2023-08-23T08:05:24.940+0000] {logging_mixin.py:137} INFO - [2023-08-23T08:05:24.939+0000] {dagbag.py:532} INFO - Filling up the DagBag from /opt/airflow/dags/sample_dag_2.py
[2023-08-23T08:05:24.941+0000] {processor.py:755} WARNING - No viable dags retrieved from /opt/airflow/dags/sample_dag_2.py
[2023-08-23T08:05:24.961+0000] {processor.py:175} INFO - Processing /opt/airflow/dags/sample_dag_2.py took 0.027 seconds
[2023-08-23T08:05:55.244+0000] {processor.py:153} INFO - Started process (PID=3822) to work on /opt/airflow/dags/sample_dag_2.py
[2023-08-23T08:05:55.247+0000] {processor.py:743} INFO - Processing file /opt/airflow/dags/sample_dag_2.py for tasks to queue
[2023-08-23T08:05:55.248+0000] {logging_mixin.py:137} INFO - [2023-08-23T08:05:55.248+0000] {dagbag.py:532} INFO - Filling up the DagBag from /opt/airflow/dags/sample_dag_2.py
[2023-08-23T08:05:55.251+0000] {processor.py:755} WARNING - No viable dags retrieved from /opt/airflow/dags/sample_dag_2.py
[2023-08-23T08:05:55.281+0000] {processor.py:175} INFO - Processing /opt/airflow/dags/sample_dag_2.py took 0.046 seconds
[2023-08-23T08:06:25.613+0000] {processor.py:153} INFO - Started process (PID=3863) to work on /opt/airflow/dags/sample_dag_2.py
[2023-08-23T08:06:25.616+0000] {processor.py:743} INFO - Processing file /opt/airflow/dags/sample_dag_2.py for tasks to queue
[2023-08-23T08:06:25.618+0000] {logging_mixin.py:137} INFO - [2023-08-23T08:06:25.617+0000] {dagbag.py:532} INFO - Filling up the DagBag from /opt/airflow/dags/sample_dag_2.py
[2023-08-23T08:06:25.621+0000] {processor.py:755} WARNING - No viable dags retrieved from /opt/airflow/dags/sample_dag_2.py
[2023-08-23T08:06:25.659+0000] {processor.py:175} INFO - Processing /opt/airflow/dags/sample_dag_2.py took 0.053 seconds
[2023-08-23T08:06:56.196+0000] {processor.py:153} INFO - Started process (PID=3893) to work on /opt/airflow/dags/sample_dag_2.py
[2023-08-23T08:06:56.207+0000] {processor.py:743} INFO - Processing file /opt/airflow/dags/sample_dag_2.py for tasks to queue
[2023-08-23T08:06:56.210+0000] {logging_mixin.py:137} INFO - [2023-08-23T08:06:56.209+0000] {dagbag.py:532} INFO - Filling up the DagBag from /opt/airflow/dags/sample_dag_2.py
[2023-08-23T08:06:56.215+0000] {processor.py:755} WARNING - No viable dags retrieved from /opt/airflow/dags/sample_dag_2.py
[2023-08-23T08:06:56.328+0000] {processor.py:175} INFO - Processing /opt/airflow/dags/sample_dag_2.py took 0.148 seconds
[2023-08-23T08:07:26.771+0000] {processor.py:153} INFO - Started process (PID=3928) to work on /opt/airflow/dags/sample_dag_2.py
[2023-08-23T08:07:26.773+0000] {processor.py:743} INFO - Processing file /opt/airflow/dags/sample_dag_2.py for tasks to queue
[2023-08-23T08:07:26.774+0000] {logging_mixin.py:137} INFO - [2023-08-23T08:07:26.773+0000] {dagbag.py:532} INFO - Filling up the DagBag from /opt/airflow/dags/sample_dag_2.py
[2023-08-23T08:07:26.776+0000] {processor.py:755} WARNING - No viable dags retrieved from /opt/airflow/dags/sample_dag_2.py
[2023-08-23T08:07:26.800+0000] {processor.py:175} INFO - Processing /opt/airflow/dags/sample_dag_2.py took 0.036 seconds
[2023-08-23T08:07:57.078+0000] {processor.py:153} INFO - Started process (PID=3969) to work on /opt/airflow/dags/sample_dag_2.py
[2023-08-23T08:07:57.080+0000] {processor.py:743} INFO - Processing file /opt/airflow/dags/sample_dag_2.py for tasks to queue
[2023-08-23T08:07:57.081+0000] {logging_mixin.py:137} INFO - [2023-08-23T08:07:57.081+0000] {dagbag.py:532} INFO - Filling up the DagBag from /opt/airflow/dags/sample_dag_2.py
[2023-08-23T08:07:57.083+0000] {processor.py:755} WARNING - No viable dags retrieved from /opt/airflow/dags/sample_dag_2.py
[2023-08-23T08:07:57.105+0000] {processor.py:175} INFO - Processing /opt/airflow/dags/sample_dag_2.py took 0.032 seconds
[2023-08-23T08:08:27.393+0000] {processor.py:153} INFO - Started process (PID=4010) to work on /opt/airflow/dags/sample_dag_2.py
[2023-08-23T08:08:27.397+0000] {processor.py:743} INFO - Processing file /opt/airflow/dags/sample_dag_2.py for tasks to queue
[2023-08-23T08:08:27.399+0000] {logging_mixin.py:137} INFO - [2023-08-23T08:08:27.398+0000] {dagbag.py:532} INFO - Filling up the DagBag from /opt/airflow/dags/sample_dag_2.py
[2023-08-23T08:08:27.402+0000] {processor.py:755} WARNING - No viable dags retrieved from /opt/airflow/dags/sample_dag_2.py
[2023-08-23T08:08:27.433+0000] {processor.py:175} INFO - Processing /opt/airflow/dags/sample_dag_2.py took 0.049 seconds
[2023-08-23T08:08:57.717+0000] {processor.py:153} INFO - Started process (PID=4052) to work on /opt/airflow/dags/sample_dag_2.py
[2023-08-23T08:08:57.720+0000] {processor.py:743} INFO - Processing file /opt/airflow/dags/sample_dag_2.py for tasks to queue
[2023-08-23T08:08:57.723+0000] {logging_mixin.py:137} INFO - [2023-08-23T08:08:57.722+0000] {dagbag.py:532} INFO - Filling up the DagBag from /opt/airflow/dags/sample_dag_2.py
[2023-08-23T08:08:57.728+0000] {processor.py:755} WARNING - No viable dags retrieved from /opt/airflow/dags/sample_dag_2.py
[2023-08-23T08:08:57.822+0000] {processor.py:175} INFO - Processing /opt/airflow/dags/sample_dag_2.py took 0.117 seconds
[2023-08-23T08:09:28.188+0000] {processor.py:153} INFO - Started process (PID=4094) to work on /opt/airflow/dags/sample_dag_2.py
[2023-08-23T08:09:28.190+0000] {processor.py:743} INFO - Processing file /opt/airflow/dags/sample_dag_2.py for tasks to queue
[2023-08-23T08:09:28.190+0000] {logging_mixin.py:137} INFO - [2023-08-23T08:09:28.190+0000] {dagbag.py:532} INFO - Filling up the DagBag from /opt/airflow/dags/sample_dag_2.py
[2023-08-23T08:09:28.192+0000] {processor.py:755} WARNING - No viable dags retrieved from /opt/airflow/dags/sample_dag_2.py
[2023-08-23T08:09:28.222+0000] {processor.py:175} INFO - Processing /opt/airflow/dags/sample_dag_2.py took 0.039 seconds
[2023-08-23T08:09:58.531+0000] {processor.py:153} INFO - Started process (PID=4135) to work on /opt/airflow/dags/sample_dag_2.py
[2023-08-23T08:09:58.533+0000] {processor.py:743} INFO - Processing file /opt/airflow/dags/sample_dag_2.py for tasks to queue
[2023-08-23T08:09:58.534+0000] {logging_mixin.py:137} INFO - [2023-08-23T08:09:58.534+0000] {dagbag.py:532} INFO - Filling up the DagBag from /opt/airflow/dags/sample_dag_2.py
[2023-08-23T08:09:58.535+0000] {processor.py:755} WARNING - No viable dags retrieved from /opt/airflow/dags/sample_dag_2.py
[2023-08-23T08:09:58.557+0000] {processor.py:175} INFO - Processing /opt/airflow/dags/sample_dag_2.py took 0.030 seconds
[2023-08-23T08:10:28.839+0000] {processor.py:153} INFO - Started process (PID=4176) to work on /opt/airflow/dags/sample_dag_2.py
[2023-08-23T08:10:28.841+0000] {processor.py:743} INFO - Processing file /opt/airflow/dags/sample_dag_2.py for tasks to queue
[2023-08-23T08:10:28.841+0000] {logging_mixin.py:137} INFO - [2023-08-23T08:10:28.841+0000] {dagbag.py:532} INFO - Filling up the DagBag from /opt/airflow/dags/sample_dag_2.py
[2023-08-23T08:10:28.844+0000] {processor.py:755} WARNING - No viable dags retrieved from /opt/airflow/dags/sample_dag_2.py
[2023-08-23T08:10:28.867+0000] {processor.py:175} INFO - Processing /opt/airflow/dags/sample_dag_2.py took 0.034 seconds
[2023-08-23T08:10:59.231+0000] {processor.py:153} INFO - Started process (PID=4218) to work on /opt/airflow/dags/sample_dag_2.py
[2023-08-23T08:10:59.232+0000] {processor.py:743} INFO - Processing file /opt/airflow/dags/sample_dag_2.py for tasks to queue
[2023-08-23T08:10:59.233+0000] {logging_mixin.py:137} INFO - [2023-08-23T08:10:59.233+0000] {dagbag.py:532} INFO - Filling up the DagBag from /opt/airflow/dags/sample_dag_2.py
[2023-08-23T08:10:59.234+0000] {processor.py:755} WARNING - No viable dags retrieved from /opt/airflow/dags/sample_dag_2.py
[2023-08-23T08:10:59.254+0000] {processor.py:175} INFO - Processing /opt/airflow/dags/sample_dag_2.py took 0.027 seconds
[2023-08-23T08:11:30.203+0000] {processor.py:153} INFO - Started process (PID=4259) to work on /opt/airflow/dags/sample_dag_2.py
[2023-08-23T08:11:30.204+0000] {processor.py:743} INFO - Processing file /opt/airflow/dags/sample_dag_2.py for tasks to queue
[2023-08-23T08:11:30.205+0000] {logging_mixin.py:137} INFO - [2023-08-23T08:11:30.205+0000] {dagbag.py:532} INFO - Filling up the DagBag from /opt/airflow/dags/sample_dag_2.py
[2023-08-23T08:11:30.207+0000] {processor.py:755} WARNING - No viable dags retrieved from /opt/airflow/dags/sample_dag_2.py
[2023-08-23T08:11:30.225+0000] {processor.py:175} INFO - Processing /opt/airflow/dags/sample_dag_2.py took 0.026 seconds
[2023-08-23T08:12:00.517+0000] {processor.py:153} INFO - Started process (PID=4301) to work on /opt/airflow/dags/sample_dag_2.py
[2023-08-23T08:12:00.518+0000] {processor.py:743} INFO - Processing file /opt/airflow/dags/sample_dag_2.py for tasks to queue
[2023-08-23T08:12:00.519+0000] {logging_mixin.py:137} INFO - [2023-08-23T08:12:00.519+0000] {dagbag.py:532} INFO - Filling up the DagBag from /opt/airflow/dags/sample_dag_2.py
[2023-08-23T08:12:00.521+0000] {processor.py:755} WARNING - No viable dags retrieved from /opt/airflow/dags/sample_dag_2.py
[2023-08-23T08:12:00.547+0000] {processor.py:175} INFO - Processing /opt/airflow/dags/sample_dag_2.py took 0.034 seconds
[2023-08-23T08:14:19.171+0000] {processor.py:153} INFO - Started process (PID=80) to work on /opt/airflow/dags/sample_dag_2.py
[2023-08-23T08:14:19.182+0000] {processor.py:743} INFO - Processing file /opt/airflow/dags/sample_dag_2.py for tasks to queue
[2023-08-23T08:14:19.185+0000] {logging_mixin.py:137} INFO - [2023-08-23T08:14:19.184+0000] {dagbag.py:532} INFO - Filling up the DagBag from /opt/airflow/dags/sample_dag_2.py
[2023-08-23T08:14:19.189+0000] {processor.py:755} WARNING - No viable dags retrieved from /opt/airflow/dags/sample_dag_2.py
[2023-08-23T08:14:19.286+0000] {processor.py:175} INFO - Processing /opt/airflow/dags/sample_dag_2.py took 0.133 seconds
[2023-08-23T08:14:49.763+0000] {processor.py:153} INFO - Started process (PID=114) to work on /opt/airflow/dags/sample_dag_2.py
[2023-08-23T08:14:49.765+0000] {processor.py:743} INFO - Processing file /opt/airflow/dags/sample_dag_2.py for tasks to queue
[2023-08-23T08:14:49.767+0000] {logging_mixin.py:137} INFO - [2023-08-23T08:14:49.766+0000] {dagbag.py:532} INFO - Filling up the DagBag from /opt/airflow/dags/sample_dag_2.py
[2023-08-23T08:14:49.770+0000] {processor.py:755} WARNING - No viable dags retrieved from /opt/airflow/dags/sample_dag_2.py
[2023-08-23T08:14:49.805+0000] {processor.py:175} INFO - Processing /opt/airflow/dags/sample_dag_2.py took 0.049 seconds
[2023-08-23T08:15:20.182+0000] {processor.py:153} INFO - Started process (PID=155) to work on /opt/airflow/dags/sample_dag_2.py
[2023-08-23T08:15:20.184+0000] {processor.py:743} INFO - Processing file /opt/airflow/dags/sample_dag_2.py for tasks to queue
[2023-08-23T08:15:20.184+0000] {logging_mixin.py:137} INFO - [2023-08-23T08:15:20.184+0000] {dagbag.py:532} INFO - Filling up the DagBag from /opt/airflow/dags/sample_dag_2.py
[2023-08-23T08:15:20.186+0000] {processor.py:755} WARNING - No viable dags retrieved from /opt/airflow/dags/sample_dag_2.py
[2023-08-23T08:15:20.205+0000] {processor.py:175} INFO - Processing /opt/airflow/dags/sample_dag_2.py took 0.027 seconds
[2023-08-23T08:15:50.469+0000] {processor.py:153} INFO - Started process (PID=196) to work on /opt/airflow/dags/sample_dag_2.py
[2023-08-23T08:15:50.473+0000] {processor.py:743} INFO - Processing file /opt/airflow/dags/sample_dag_2.py for tasks to queue
[2023-08-23T08:15:50.474+0000] {logging_mixin.py:137} INFO - [2023-08-23T08:15:50.474+0000] {dagbag.py:532} INFO - Filling up the DagBag from /opt/airflow/dags/sample_dag_2.py
[2023-08-23T08:15:50.479+0000] {processor.py:755} WARNING - No viable dags retrieved from /opt/airflow/dags/sample_dag_2.py
[2023-08-23T08:15:50.508+0000] {processor.py:175} INFO - Processing /opt/airflow/dags/sample_dag_2.py took 0.043 seconds
[2023-08-23T08:16:20.917+0000] {processor.py:153} INFO - Started process (PID=237) to work on /opt/airflow/dags/sample_dag_2.py
[2023-08-23T08:16:20.918+0000] {processor.py:743} INFO - Processing file /opt/airflow/dags/sample_dag_2.py for tasks to queue
[2023-08-23T08:16:20.919+0000] {logging_mixin.py:137} INFO - [2023-08-23T08:16:20.919+0000] {dagbag.py:532} INFO - Filling up the DagBag from /opt/airflow/dags/sample_dag_2.py
[2023-08-23T08:16:20.922+0000] {processor.py:755} WARNING - No viable dags retrieved from /opt/airflow/dags/sample_dag_2.py
[2023-08-23T08:16:20.951+0000] {processor.py:175} INFO - Processing /opt/airflow/dags/sample_dag_2.py took 0.044 seconds
[2023-08-23T08:16:51.428+0000] {processor.py:153} INFO - Started process (PID=267) to work on /opt/airflow/dags/sample_dag_2.py
[2023-08-23T08:16:51.432+0000] {processor.py:743} INFO - Processing file /opt/airflow/dags/sample_dag_2.py for tasks to queue
[2023-08-23T08:16:51.435+0000] {logging_mixin.py:137} INFO - [2023-08-23T08:16:51.434+0000] {dagbag.py:532} INFO - Filling up the DagBag from /opt/airflow/dags/sample_dag_2.py
[2023-08-23T08:16:51.438+0000] {processor.py:755} WARNING - No viable dags retrieved from /opt/airflow/dags/sample_dag_2.py
[2023-08-23T08:16:51.475+0000] {processor.py:175} INFO - Processing /opt/airflow/dags/sample_dag_2.py took 0.057 seconds
[2023-08-23T08:17:21.800+0000] {processor.py:153} INFO - Started process (PID=301) to work on /opt/airflow/dags/sample_dag_2.py
[2023-08-23T08:17:21.801+0000] {processor.py:743} INFO - Processing file /opt/airflow/dags/sample_dag_2.py for tasks to queue
[2023-08-23T08:17:21.802+0000] {logging_mixin.py:137} INFO - [2023-08-23T08:17:21.802+0000] {dagbag.py:532} INFO - Filling up the DagBag from /opt/airflow/dags/sample_dag_2.py
[2023-08-23T08:17:21.803+0000] {processor.py:755} WARNING - No viable dags retrieved from /opt/airflow/dags/sample_dag_2.py
[2023-08-23T08:17:21.823+0000] {processor.py:175} INFO - Processing /opt/airflow/dags/sample_dag_2.py took 0.027 seconds
[2023-08-23T08:17:52.147+0000] {processor.py:153} INFO - Started process (PID=342) to work on /opt/airflow/dags/sample_dag_2.py
[2023-08-23T08:17:52.149+0000] {processor.py:743} INFO - Processing file /opt/airflow/dags/sample_dag_2.py for tasks to queue
[2023-08-23T08:17:52.151+0000] {logging_mixin.py:137} INFO - [2023-08-23T08:17:52.150+0000] {dagbag.py:532} INFO - Filling up the DagBag from /opt/airflow/dags/sample_dag_2.py
[2023-08-23T08:17:52.152+0000] {processor.py:755} WARNING - No viable dags retrieved from /opt/airflow/dags/sample_dag_2.py
[2023-08-23T08:17:52.181+0000] {processor.py:175} INFO - Processing /opt/airflow/dags/sample_dag_2.py took 0.039 seconds
[2023-08-23T08:18:22.727+0000] {processor.py:153} INFO - Started process (PID=383) to work on /opt/airflow/dags/sample_dag_2.py
[2023-08-23T08:18:22.728+0000] {processor.py:743} INFO - Processing file /opt/airflow/dags/sample_dag_2.py for tasks to queue
[2023-08-23T08:18:22.730+0000] {logging_mixin.py:137} INFO - [2023-08-23T08:18:22.730+0000] {dagbag.py:532} INFO - Filling up the DagBag from /opt/airflow/dags/sample_dag_2.py
[2023-08-23T08:18:22.734+0000] {processor.py:755} WARNING - No viable dags retrieved from /opt/airflow/dags/sample_dag_2.py
[2023-08-23T08:18:22.768+0000] {processor.py:175} INFO - Processing /opt/airflow/dags/sample_dag_2.py took 0.048 seconds
[2023-08-23T08:18:53.136+0000] {processor.py:153} INFO - Started process (PID=424) to work on /opt/airflow/dags/sample_dag_2.py
[2023-08-23T08:18:53.139+0000] {processor.py:743} INFO - Processing file /opt/airflow/dags/sample_dag_2.py for tasks to queue
[2023-08-23T08:18:53.142+0000] {logging_mixin.py:137} INFO - [2023-08-23T08:18:53.142+0000] {dagbag.py:532} INFO - Filling up the DagBag from /opt/airflow/dags/sample_dag_2.py
[2023-08-23T08:18:53.145+0000] {processor.py:755} WARNING - No viable dags retrieved from /opt/airflow/dags/sample_dag_2.py
[2023-08-23T08:18:53.172+0000] {processor.py:175} INFO - Processing /opt/airflow/dags/sample_dag_2.py took 0.041 seconds
[2023-08-23T08:19:23.666+0000] {processor.py:153} INFO - Started process (PID=466) to work on /opt/airflow/dags/sample_dag_2.py
[2023-08-23T08:19:23.667+0000] {processor.py:743} INFO - Processing file /opt/airflow/dags/sample_dag_2.py for tasks to queue
[2023-08-23T08:19:23.668+0000] {logging_mixin.py:137} INFO - [2023-08-23T08:19:23.668+0000] {dagbag.py:532} INFO - Filling up the DagBag from /opt/airflow/dags/sample_dag_2.py
[2023-08-23T08:19:23.670+0000] {processor.py:755} WARNING - No viable dags retrieved from /opt/airflow/dags/sample_dag_2.py
[2023-08-23T08:19:23.693+0000] {processor.py:175} INFO - Processing /opt/airflow/dags/sample_dag_2.py took 0.032 seconds
[2023-08-23T08:27:33.092+0000] {processor.py:153} INFO - Started process (PID=91) to work on /opt/airflow/dags/sample_dag_2.py
[2023-08-23T08:27:33.103+0000] {processor.py:743} INFO - Processing file /opt/airflow/dags/sample_dag_2.py for tasks to queue
[2023-08-23T08:27:33.107+0000] {logging_mixin.py:137} INFO - [2023-08-23T08:27:33.105+0000] {dagbag.py:532} INFO - Filling up the DagBag from /opt/airflow/dags/sample_dag_2.py
[2023-08-23T08:27:33.124+0000] {processor.py:755} WARNING - No viable dags retrieved from /opt/airflow/dags/sample_dag_2.py
[2023-08-23T08:27:33.203+0000] {processor.py:175} INFO - Processing /opt/airflow/dags/sample_dag_2.py took 0.157 seconds
[2023-08-23T08:28:03.913+0000] {processor.py:153} INFO - Started process (PID=132) to work on /opt/airflow/dags/sample_dag_2.py
[2023-08-23T08:28:03.918+0000] {processor.py:743} INFO - Processing file /opt/airflow/dags/sample_dag_2.py for tasks to queue
[2023-08-23T08:28:03.925+0000] {logging_mixin.py:137} INFO - [2023-08-23T08:28:03.920+0000] {dagbag.py:532} INFO - Filling up the DagBag from /opt/airflow/dags/sample_dag_2.py
[2023-08-23T08:28:03.933+0000] {processor.py:755} WARNING - No viable dags retrieved from /opt/airflow/dags/sample_dag_2.py
[2023-08-23T08:28:04.014+0000] {processor.py:175} INFO - Processing /opt/airflow/dags/sample_dag_2.py took 0.133 seconds
[2023-08-23T08:28:34.628+0000] {processor.py:153} INFO - Started process (PID=162) to work on /opt/airflow/dags/sample_dag_2.py
[2023-08-23T08:28:34.632+0000] {processor.py:743} INFO - Processing file /opt/airflow/dags/sample_dag_2.py for tasks to queue
[2023-08-23T08:28:34.634+0000] {logging_mixin.py:137} INFO - [2023-08-23T08:28:34.633+0000] {dagbag.py:532} INFO - Filling up the DagBag from /opt/airflow/dags/sample_dag_2.py
[2023-08-23T08:28:34.638+0000] {processor.py:755} WARNING - No viable dags retrieved from /opt/airflow/dags/sample_dag_2.py
[2023-08-23T08:28:34.691+0000] {processor.py:175} INFO - Processing /opt/airflow/dags/sample_dag_2.py took 0.076 seconds
[2023-08-23T08:29:05.433+0000] {processor.py:153} INFO - Started process (PID=196) to work on /opt/airflow/dags/sample_dag_2.py
[2023-08-23T08:29:05.437+0000] {processor.py:743} INFO - Processing file /opt/airflow/dags/sample_dag_2.py for tasks to queue
[2023-08-23T08:29:05.441+0000] {logging_mixin.py:137} INFO - [2023-08-23T08:29:05.440+0000] {dagbag.py:532} INFO - Filling up the DagBag from /opt/airflow/dags/sample_dag_2.py
[2023-08-23T08:29:05.446+0000] {processor.py:755} WARNING - No viable dags retrieved from /opt/airflow/dags/sample_dag_2.py
[2023-08-23T08:29:05.512+0000] {processor.py:175} INFO - Processing /opt/airflow/dags/sample_dag_2.py took 0.091 seconds
[2023-08-23T08:29:36.527+0000] {processor.py:153} INFO - Started process (PID=237) to work on /opt/airflow/dags/sample_dag_2.py
[2023-08-23T08:29:36.538+0000] {processor.py:743} INFO - Processing file /opt/airflow/dags/sample_dag_2.py for tasks to queue
[2023-08-23T08:29:36.551+0000] {logging_mixin.py:137} INFO - [2023-08-23T08:29:36.544+0000] {dagbag.py:532} INFO - Filling up the DagBag from /opt/airflow/dags/sample_dag_2.py
[2023-08-23T08:29:36.560+0000] {processor.py:755} WARNING - No viable dags retrieved from /opt/airflow/dags/sample_dag_2.py
[2023-08-23T08:29:36.679+0000] {processor.py:175} INFO - Processing /opt/airflow/dags/sample_dag_2.py took 0.189 seconds
[2023-08-23T08:30:07.134+0000] {processor.py:153} INFO - Started process (PID=278) to work on /opt/airflow/dags/sample_dag_2.py
[2023-08-23T08:30:07.136+0000] {processor.py:743} INFO - Processing file /opt/airflow/dags/sample_dag_2.py for tasks to queue
[2023-08-23T08:30:07.137+0000] {logging_mixin.py:137} INFO - [2023-08-23T08:30:07.137+0000] {dagbag.py:532} INFO - Filling up the DagBag from /opt/airflow/dags/sample_dag_2.py
[2023-08-23T08:30:07.139+0000] {processor.py:755} WARNING - No viable dags retrieved from /opt/airflow/dags/sample_dag_2.py
[2023-08-23T08:30:07.165+0000] {processor.py:175} INFO - Processing /opt/airflow/dags/sample_dag_2.py took 0.038 seconds
[2023-08-23T08:30:37.580+0000] {processor.py:153} INFO - Started process (PID=319) to work on /opt/airflow/dags/sample_dag_2.py
[2023-08-23T08:30:37.582+0000] {processor.py:743} INFO - Processing file /opt/airflow/dags/sample_dag_2.py for tasks to queue
[2023-08-23T08:30:37.583+0000] {logging_mixin.py:137} INFO - [2023-08-23T08:30:37.583+0000] {dagbag.py:532} INFO - Filling up the DagBag from /opt/airflow/dags/sample_dag_2.py
[2023-08-23T08:30:37.585+0000] {processor.py:755} WARNING - No viable dags retrieved from /opt/airflow/dags/sample_dag_2.py
[2023-08-23T08:30:37.612+0000] {processor.py:175} INFO - Processing /opt/airflow/dags/sample_dag_2.py took 0.038 seconds
[2023-08-23T08:31:08.264+0000] {processor.py:153} INFO - Started process (PID=361) to work on /opt/airflow/dags/sample_dag_2.py
[2023-08-23T08:31:08.266+0000] {processor.py:743} INFO - Processing file /opt/airflow/dags/sample_dag_2.py for tasks to queue
[2023-08-23T08:31:08.268+0000] {logging_mixin.py:137} INFO - [2023-08-23T08:31:08.267+0000] {dagbag.py:532} INFO - Filling up the DagBag from /opt/airflow/dags/sample_dag_2.py
[2023-08-23T08:31:08.271+0000] {processor.py:755} WARNING - No viable dags retrieved from /opt/airflow/dags/sample_dag_2.py
[2023-08-23T08:31:08.330+0000] {processor.py:175} INFO - Processing /opt/airflow/dags/sample_dag_2.py took 0.077 seconds
[2023-08-23T08:31:38.807+0000] {processor.py:153} INFO - Started process (PID=391) to work on /opt/airflow/dags/sample_dag_2.py
[2023-08-23T08:31:38.810+0000] {processor.py:743} INFO - Processing file /opt/airflow/dags/sample_dag_2.py for tasks to queue
[2023-08-23T08:31:38.811+0000] {logging_mixin.py:137} INFO - [2023-08-23T08:31:38.811+0000] {dagbag.py:532} INFO - Filling up the DagBag from /opt/airflow/dags/sample_dag_2.py
[2023-08-23T08:31:38.815+0000] {processor.py:755} WARNING - No viable dags retrieved from /opt/airflow/dags/sample_dag_2.py
[2023-08-23T08:31:38.866+0000] {processor.py:175} INFO - Processing /opt/airflow/dags/sample_dag_2.py took 0.068 seconds
[2023-08-23T08:32:09.315+0000] {processor.py:153} INFO - Started process (PID=425) to work on /opt/airflow/dags/sample_dag_2.py
[2023-08-23T08:32:09.318+0000] {processor.py:743} INFO - Processing file /opt/airflow/dags/sample_dag_2.py for tasks to queue
[2023-08-23T08:32:09.319+0000] {logging_mixin.py:137} INFO - [2023-08-23T08:32:09.319+0000] {dagbag.py:532} INFO - Filling up the DagBag from /opt/airflow/dags/sample_dag_2.py
[2023-08-23T08:32:09.321+0000] {processor.py:755} WARNING - No viable dags retrieved from /opt/airflow/dags/sample_dag_2.py
[2023-08-23T08:32:09.353+0000] {processor.py:175} INFO - Processing /opt/airflow/dags/sample_dag_2.py took 0.043 seconds
[2023-08-23T08:32:40.204+0000] {processor.py:153} INFO - Started process (PID=466) to work on /opt/airflow/dags/sample_dag_2.py
[2023-08-23T08:32:40.212+0000] {processor.py:743} INFO - Processing file /opt/airflow/dags/sample_dag_2.py for tasks to queue
[2023-08-23T08:32:40.220+0000] {logging_mixin.py:137} INFO - [2023-08-23T08:32:40.219+0000] {dagbag.py:532} INFO - Filling up the DagBag from /opt/airflow/dags/sample_dag_2.py
[2023-08-23T08:32:40.232+0000] {processor.py:755} WARNING - No viable dags retrieved from /opt/airflow/dags/sample_dag_2.py
[2023-08-23T08:32:40.348+0000] {processor.py:175} INFO - Processing /opt/airflow/dags/sample_dag_2.py took 0.183 seconds
[2023-08-23T08:33:10.759+0000] {processor.py:153} INFO - Started process (PID=507) to work on /opt/airflow/dags/sample_dag_2.py
[2023-08-23T08:33:10.761+0000] {processor.py:743} INFO - Processing file /opt/airflow/dags/sample_dag_2.py for tasks to queue
[2023-08-23T08:33:10.762+0000] {logging_mixin.py:137} INFO - [2023-08-23T08:33:10.761+0000] {dagbag.py:532} INFO - Filling up the DagBag from /opt/airflow/dags/sample_dag_2.py
[2023-08-23T08:33:10.764+0000] {processor.py:755} WARNING - No viable dags retrieved from /opt/airflow/dags/sample_dag_2.py
[2023-08-23T08:33:10.791+0000] {processor.py:175} INFO - Processing /opt/airflow/dags/sample_dag_2.py took 0.038 seconds
[2023-08-23T08:33:41.344+0000] {processor.py:153} INFO - Started process (PID=549) to work on /opt/airflow/dags/sample_dag_2.py
[2023-08-23T08:33:41.346+0000] {processor.py:743} INFO - Processing file /opt/airflow/dags/sample_dag_2.py for tasks to queue
[2023-08-23T08:33:41.348+0000] {logging_mixin.py:137} INFO - [2023-08-23T08:33:41.347+0000] {dagbag.py:532} INFO - Filling up the DagBag from /opt/airflow/dags/sample_dag_2.py
[2023-08-23T08:33:41.350+0000] {processor.py:755} WARNING - No viable dags retrieved from /opt/airflow/dags/sample_dag_2.py
[2023-08-23T08:33:41.391+0000] {processor.py:175} INFO - Processing /opt/airflow/dags/sample_dag_2.py took 0.059 seconds
[2023-08-23T08:34:12.070+0000] {processor.py:153} INFO - Started process (PID=579) to work on /opt/airflow/dags/sample_dag_2.py
[2023-08-23T08:34:12.080+0000] {processor.py:743} INFO - Processing file /opt/airflow/dags/sample_dag_2.py for tasks to queue
[2023-08-23T08:34:12.083+0000] {logging_mixin.py:137} INFO - [2023-08-23T08:34:12.082+0000] {dagbag.py:532} INFO - Filling up the DagBag from /opt/airflow/dags/sample_dag_2.py
[2023-08-23T08:34:12.088+0000] {processor.py:755} WARNING - No viable dags retrieved from /opt/airflow/dags/sample_dag_2.py
[2023-08-23T08:34:12.142+0000] {processor.py:175} INFO - Processing /opt/airflow/dags/sample_dag_2.py took 0.082 seconds
[2023-08-23T08:34:42.573+0000] {processor.py:153} INFO - Started process (PID=613) to work on /opt/airflow/dags/sample_dag_2.py
[2023-08-23T08:34:42.575+0000] {processor.py:743} INFO - Processing file /opt/airflow/dags/sample_dag_2.py for tasks to queue
[2023-08-23T08:34:42.576+0000] {logging_mixin.py:137} INFO - [2023-08-23T08:34:42.576+0000] {dagbag.py:532} INFO - Filling up the DagBag from /opt/airflow/dags/sample_dag_2.py
[2023-08-23T08:34:42.579+0000] {processor.py:755} WARNING - No viable dags retrieved from /opt/airflow/dags/sample_dag_2.py
[2023-08-23T08:34:42.617+0000] {processor.py:175} INFO - Processing /opt/airflow/dags/sample_dag_2.py took 0.052 seconds
[2023-08-23T08:35:13.235+0000] {processor.py:153} INFO - Started process (PID=654) to work on /opt/airflow/dags/sample_dag_2.py
[2023-08-23T08:35:13.241+0000] {processor.py:743} INFO - Processing file /opt/airflow/dags/sample_dag_2.py for tasks to queue
[2023-08-23T08:35:13.245+0000] {logging_mixin.py:137} INFO - [2023-08-23T08:35:13.244+0000] {dagbag.py:532} INFO - Filling up the DagBag from /opt/airflow/dags/sample_dag_2.py
[2023-08-23T08:35:13.251+0000] {processor.py:755} WARNING - No viable dags retrieved from /opt/airflow/dags/sample_dag_2.py
[2023-08-23T08:35:13.313+0000] {processor.py:175} INFO - Processing /opt/airflow/dags/sample_dag_2.py took 0.099 seconds
[2023-08-23T08:35:44.249+0000] {processor.py:153} INFO - Started process (PID=678) to work on /opt/airflow/dags/sample_dag_2.py
[2023-08-23T08:35:44.252+0000] {processor.py:743} INFO - Processing file /opt/airflow/dags/sample_dag_2.py for tasks to queue
[2023-08-23T08:35:44.255+0000] {logging_mixin.py:137} INFO - [2023-08-23T08:35:44.254+0000] {dagbag.py:532} INFO - Filling up the DagBag from /opt/airflow/dags/sample_dag_2.py
[2023-08-23T08:35:44.263+0000] {processor.py:755} WARNING - No viable dags retrieved from /opt/airflow/dags/sample_dag_2.py
[2023-08-23T08:35:44.309+0000] {processor.py:175} INFO - Processing /opt/airflow/dags/sample_dag_2.py took 0.071 seconds
[2023-08-23T08:36:15.301+0000] {processor.py:153} INFO - Started process (PID=708) to work on /opt/airflow/dags/sample_dag_2.py
[2023-08-23T08:36:15.304+0000] {processor.py:743} INFO - Processing file /opt/airflow/dags/sample_dag_2.py for tasks to queue
[2023-08-23T08:36:15.306+0000] {logging_mixin.py:137} INFO - [2023-08-23T08:36:15.306+0000] {dagbag.py:532} INFO - Filling up the DagBag from /opt/airflow/dags/sample_dag_2.py
[2023-08-23T08:36:15.314+0000] {processor.py:755} WARNING - No viable dags retrieved from /opt/airflow/dags/sample_dag_2.py
[2023-08-23T08:36:15.400+0000] {processor.py:175} INFO - Processing /opt/airflow/dags/sample_dag_2.py took 0.114 seconds
[2023-08-23T08:36:46.519+0000] {processor.py:153} INFO - Started process (PID=742) to work on /opt/airflow/dags/sample_dag_2.py
[2023-08-23T08:36:46.525+0000] {processor.py:743} INFO - Processing file /opt/airflow/dags/sample_dag_2.py for tasks to queue
[2023-08-23T08:36:46.532+0000] {logging_mixin.py:137} INFO - [2023-08-23T08:36:46.528+0000] {dagbag.py:532} INFO - Filling up the DagBag from /opt/airflow/dags/sample_dag_2.py
[2023-08-23T08:36:46.550+0000] {processor.py:755} WARNING - No viable dags retrieved from /opt/airflow/dags/sample_dag_2.py
[2023-08-23T08:36:46.615+0000] {processor.py:175} INFO - Processing /opt/airflow/dags/sample_dag_2.py took 0.113 seconds
[2023-08-23T08:37:16.995+0000] {processor.py:153} INFO - Started process (PID=783) to work on /opt/airflow/dags/sample_dag_2.py
[2023-08-23T08:37:16.997+0000] {processor.py:743} INFO - Processing file /opt/airflow/dags/sample_dag_2.py for tasks to queue
[2023-08-23T08:37:16.999+0000] {logging_mixin.py:137} INFO - [2023-08-23T08:37:16.998+0000] {dagbag.py:532} INFO - Filling up the DagBag from /opt/airflow/dags/sample_dag_2.py
[2023-08-23T08:37:17.001+0000] {processor.py:755} WARNING - No viable dags retrieved from /opt/airflow/dags/sample_dag_2.py
[2023-08-23T08:37:17.037+0000] {processor.py:175} INFO - Processing /opt/airflow/dags/sample_dag_2.py took 0.050 seconds
