[2023-08-23T07:26:04.769+0000] {processor.py:153} INFO - Started process (PID=73) to work on /opt/airflow/dags/sample_dag_3.py
[2023-08-23T07:26:04.770+0000] {processor.py:743} INFO - Processing file /opt/airflow/dags/sample_dag_3.py for tasks to queue
[2023-08-23T07:26:04.771+0000] {logging_mixin.py:137} INFO - [2023-08-23T07:26:04.770+0000] {dagbag.py:532} INFO - Filling up the DagBag from /opt/airflow/dags/sample_dag_3.py
[2023-08-23T07:26:04.772+0000] {processor.py:755} WARNING - No viable dags retrieved from /opt/airflow/dags/sample_dag_3.py
[2023-08-23T07:26:04.791+0000] {processor.py:175} INFO - Processing /opt/airflow/dags/sample_dag_3.py took 0.027 seconds
[2023-08-23T07:26:35.006+0000] {processor.py:153} INFO - Started process (PID=114) to work on /opt/airflow/dags/sample_dag_3.py
[2023-08-23T07:26:35.010+0000] {processor.py:743} INFO - Processing file /opt/airflow/dags/sample_dag_3.py for tasks to queue
[2023-08-23T07:26:35.010+0000] {logging_mixin.py:137} INFO - [2023-08-23T07:26:35.010+0000] {dagbag.py:532} INFO - Filling up the DagBag from /opt/airflow/dags/sample_dag_3.py
[2023-08-23T07:26:35.012+0000] {processor.py:755} WARNING - No viable dags retrieved from /opt/airflow/dags/sample_dag_3.py
[2023-08-23T07:26:35.032+0000] {processor.py:175} INFO - Processing /opt/airflow/dags/sample_dag_3.py took 0.034 seconds
[2023-08-23T07:27:05.257+0000] {processor.py:153} INFO - Started process (PID=155) to work on /opt/airflow/dags/sample_dag_3.py
[2023-08-23T07:27:05.260+0000] {processor.py:743} INFO - Processing file /opt/airflow/dags/sample_dag_3.py for tasks to queue
[2023-08-23T07:27:05.260+0000] {logging_mixin.py:137} INFO - [2023-08-23T07:27:05.260+0000] {dagbag.py:532} INFO - Filling up the DagBag from /opt/airflow/dags/sample_dag_3.py
[2023-08-23T07:27:05.262+0000] {processor.py:755} WARNING - No viable dags retrieved from /opt/airflow/dags/sample_dag_3.py
[2023-08-23T07:27:05.284+0000] {processor.py:175} INFO - Processing /opt/airflow/dags/sample_dag_3.py took 0.031 seconds
[2023-08-23T07:27:35.484+0000] {processor.py:153} INFO - Started process (PID=214) to work on /opt/airflow/dags/sample_dag_3.py
[2023-08-23T07:27:35.485+0000] {processor.py:743} INFO - Processing file /opt/airflow/dags/sample_dag_3.py for tasks to queue
[2023-08-23T07:27:35.486+0000] {logging_mixin.py:137} INFO - [2023-08-23T07:27:35.486+0000] {dagbag.py:532} INFO - Filling up the DagBag from /opt/airflow/dags/sample_dag_3.py
[2023-08-23T07:27:35.487+0000] {processor.py:755} WARNING - No viable dags retrieved from /opt/airflow/dags/sample_dag_3.py
[2023-08-23T07:27:35.508+0000] {processor.py:175} INFO - Processing /opt/airflow/dags/sample_dag_3.py took 0.027 seconds
[2023-08-23T07:28:05.699+0000] {processor.py:153} INFO - Started process (PID=255) to work on /opt/airflow/dags/sample_dag_3.py
[2023-08-23T07:28:05.700+0000] {processor.py:743} INFO - Processing file /opt/airflow/dags/sample_dag_3.py for tasks to queue
[2023-08-23T07:28:05.701+0000] {logging_mixin.py:137} INFO - [2023-08-23T07:28:05.701+0000] {dagbag.py:532} INFO - Filling up the DagBag from /opt/airflow/dags/sample_dag_3.py
[2023-08-23T07:28:05.702+0000] {processor.py:755} WARNING - No viable dags retrieved from /opt/airflow/dags/sample_dag_3.py
[2023-08-23T07:28:05.718+0000] {processor.py:175} INFO - Processing /opt/airflow/dags/sample_dag_3.py took 0.022 seconds
[2023-08-23T07:28:35.938+0000] {processor.py:153} INFO - Started process (PID=314) to work on /opt/airflow/dags/sample_dag_3.py
[2023-08-23T07:28:35.939+0000] {processor.py:743} INFO - Processing file /opt/airflow/dags/sample_dag_3.py for tasks to queue
[2023-08-23T07:28:35.940+0000] {logging_mixin.py:137} INFO - [2023-08-23T07:28:35.940+0000] {dagbag.py:532} INFO - Filling up the DagBag from /opt/airflow/dags/sample_dag_3.py
[2023-08-23T07:28:35.942+0000] {processor.py:755} WARNING - No viable dags retrieved from /opt/airflow/dags/sample_dag_3.py
[2023-08-23T07:28:35.963+0000] {processor.py:175} INFO - Processing /opt/airflow/dags/sample_dag_3.py took 0.029 seconds
[2023-08-23T07:29:06.221+0000] {processor.py:153} INFO - Started process (PID=355) to work on /opt/airflow/dags/sample_dag_3.py
[2023-08-23T07:29:06.224+0000] {processor.py:743} INFO - Processing file /opt/airflow/dags/sample_dag_3.py for tasks to queue
[2023-08-23T07:29:06.226+0000] {logging_mixin.py:137} INFO - [2023-08-23T07:29:06.226+0000] {dagbag.py:532} INFO - Filling up the DagBag from /opt/airflow/dags/sample_dag_3.py
[2023-08-23T07:29:06.227+0000] {processor.py:755} WARNING - No viable dags retrieved from /opt/airflow/dags/sample_dag_3.py
[2023-08-23T07:29:06.246+0000] {processor.py:175} INFO - Processing /opt/airflow/dags/sample_dag_3.py took 0.027 seconds
[2023-08-23T07:29:36.444+0000] {processor.py:153} INFO - Started process (PID=396) to work on /opt/airflow/dags/sample_dag_3.py
[2023-08-23T07:29:36.445+0000] {processor.py:743} INFO - Processing file /opt/airflow/dags/sample_dag_3.py for tasks to queue
[2023-08-23T07:29:36.446+0000] {logging_mixin.py:137} INFO - [2023-08-23T07:29:36.445+0000] {dagbag.py:532} INFO - Filling up the DagBag from /opt/airflow/dags/sample_dag_3.py
[2023-08-23T07:29:36.446+0000] {processor.py:755} WARNING - No viable dags retrieved from /opt/airflow/dags/sample_dag_3.py
[2023-08-23T07:29:36.462+0000] {processor.py:175} INFO - Processing /opt/airflow/dags/sample_dag_3.py took 0.021 seconds
[2023-08-23T07:30:06.667+0000] {processor.py:153} INFO - Started process (PID=455) to work on /opt/airflow/dags/sample_dag_3.py
[2023-08-23T07:30:06.670+0000] {processor.py:743} INFO - Processing file /opt/airflow/dags/sample_dag_3.py for tasks to queue
[2023-08-23T07:30:06.671+0000] {logging_mixin.py:137} INFO - [2023-08-23T07:30:06.671+0000] {dagbag.py:532} INFO - Filling up the DagBag from /opt/airflow/dags/sample_dag_3.py
[2023-08-23T07:30:06.672+0000] {processor.py:755} WARNING - No viable dags retrieved from /opt/airflow/dags/sample_dag_3.py
[2023-08-23T07:30:06.686+0000] {processor.py:175} INFO - Processing /opt/airflow/dags/sample_dag_3.py took 0.022 seconds
[2023-08-23T07:30:36.884+0000] {processor.py:153} INFO - Started process (PID=496) to work on /opt/airflow/dags/sample_dag_3.py
[2023-08-23T07:30:36.885+0000] {processor.py:743} INFO - Processing file /opt/airflow/dags/sample_dag_3.py for tasks to queue
[2023-08-23T07:30:36.885+0000] {logging_mixin.py:137} INFO - [2023-08-23T07:30:36.885+0000] {dagbag.py:532} INFO - Filling up the DagBag from /opt/airflow/dags/sample_dag_3.py
[2023-08-23T07:30:36.886+0000] {processor.py:755} WARNING - No viable dags retrieved from /opt/airflow/dags/sample_dag_3.py
[2023-08-23T07:30:36.901+0000] {processor.py:175} INFO - Processing /opt/airflow/dags/sample_dag_3.py took 0.020 seconds
[2023-08-23T07:31:07.102+0000] {processor.py:153} INFO - Started process (PID=555) to work on /opt/airflow/dags/sample_dag_3.py
[2023-08-23T07:31:07.104+0000] {processor.py:743} INFO - Processing file /opt/airflow/dags/sample_dag_3.py for tasks to queue
[2023-08-23T07:31:07.105+0000] {logging_mixin.py:137} INFO - [2023-08-23T07:31:07.105+0000] {dagbag.py:532} INFO - Filling up the DagBag from /opt/airflow/dags/sample_dag_3.py
[2023-08-23T07:31:07.106+0000] {processor.py:755} WARNING - No viable dags retrieved from /opt/airflow/dags/sample_dag_3.py
[2023-08-23T07:31:07.120+0000] {processor.py:175} INFO - Processing /opt/airflow/dags/sample_dag_3.py took 0.021 seconds
[2023-08-23T07:31:37.305+0000] {processor.py:153} INFO - Started process (PID=596) to work on /opt/airflow/dags/sample_dag_3.py
[2023-08-23T07:31:37.305+0000] {processor.py:743} INFO - Processing file /opt/airflow/dags/sample_dag_3.py for tasks to queue
[2023-08-23T07:31:37.306+0000] {logging_mixin.py:137} INFO - [2023-08-23T07:31:37.306+0000] {dagbag.py:532} INFO - Filling up the DagBag from /opt/airflow/dags/sample_dag_3.py
[2023-08-23T07:31:37.307+0000] {processor.py:755} WARNING - No viable dags retrieved from /opt/airflow/dags/sample_dag_3.py
[2023-08-23T07:31:37.322+0000] {processor.py:175} INFO - Processing /opt/airflow/dags/sample_dag_3.py took 0.020 seconds
[2023-08-23T07:32:07.521+0000] {processor.py:153} INFO - Started process (PID=655) to work on /opt/airflow/dags/sample_dag_3.py
[2023-08-23T07:32:07.524+0000] {processor.py:743} INFO - Processing file /opt/airflow/dags/sample_dag_3.py for tasks to queue
[2023-08-23T07:32:07.524+0000] {logging_mixin.py:137} INFO - [2023-08-23T07:32:07.524+0000] {dagbag.py:532} INFO - Filling up the DagBag from /opt/airflow/dags/sample_dag_3.py
[2023-08-23T07:32:07.525+0000] {processor.py:755} WARNING - No viable dags retrieved from /opt/airflow/dags/sample_dag_3.py
[2023-08-23T07:32:07.541+0000] {processor.py:175} INFO - Processing /opt/airflow/dags/sample_dag_3.py took 0.023 seconds
[2023-08-23T07:32:37.748+0000] {processor.py:153} INFO - Started process (PID=696) to work on /opt/airflow/dags/sample_dag_3.py
[2023-08-23T07:32:37.749+0000] {processor.py:743} INFO - Processing file /opt/airflow/dags/sample_dag_3.py for tasks to queue
[2023-08-23T07:32:37.750+0000] {logging_mixin.py:137} INFO - [2023-08-23T07:32:37.750+0000] {dagbag.py:532} INFO - Filling up the DagBag from /opt/airflow/dags/sample_dag_3.py
[2023-08-23T07:32:37.751+0000] {processor.py:755} WARNING - No viable dags retrieved from /opt/airflow/dags/sample_dag_3.py
[2023-08-23T07:32:37.766+0000] {processor.py:175} INFO - Processing /opt/airflow/dags/sample_dag_3.py took 0.020 seconds
[2023-08-23T07:33:07.967+0000] {processor.py:153} INFO - Started process (PID=754) to work on /opt/airflow/dags/sample_dag_3.py
[2023-08-23T07:33:07.969+0000] {processor.py:743} INFO - Processing file /opt/airflow/dags/sample_dag_3.py for tasks to queue
[2023-08-23T07:33:07.969+0000] {logging_mixin.py:137} INFO - [2023-08-23T07:33:07.969+0000] {dagbag.py:532} INFO - Filling up the DagBag from /opt/airflow/dags/sample_dag_3.py
[2023-08-23T07:33:07.970+0000] {processor.py:755} WARNING - No viable dags retrieved from /opt/airflow/dags/sample_dag_3.py
[2023-08-23T07:33:07.989+0000] {processor.py:175} INFO - Processing /opt/airflow/dags/sample_dag_3.py took 0.024 seconds
[2023-08-23T07:33:38.183+0000] {processor.py:153} INFO - Started process (PID=802) to work on /opt/airflow/dags/sample_dag_3.py
[2023-08-23T07:33:38.184+0000] {processor.py:743} INFO - Processing file /opt/airflow/dags/sample_dag_3.py for tasks to queue
[2023-08-23T07:33:38.184+0000] {logging_mixin.py:137} INFO - [2023-08-23T07:33:38.184+0000] {dagbag.py:532} INFO - Filling up the DagBag from /opt/airflow/dags/sample_dag_3.py
[2023-08-23T07:33:38.185+0000] {processor.py:755} WARNING - No viable dags retrieved from /opt/airflow/dags/sample_dag_3.py
[2023-08-23T07:33:38.202+0000] {processor.py:175} INFO - Processing /opt/airflow/dags/sample_dag_3.py took 0.023 seconds
[2023-08-23T07:34:08.467+0000] {processor.py:153} INFO - Started process (PID=854) to work on /opt/airflow/dags/sample_dag_3.py
[2023-08-23T07:34:08.469+0000] {processor.py:743} INFO - Processing file /opt/airflow/dags/sample_dag_3.py for tasks to queue
[2023-08-23T07:34:08.469+0000] {logging_mixin.py:137} INFO - [2023-08-23T07:34:08.469+0000] {dagbag.py:532} INFO - Filling up the DagBag from /opt/airflow/dags/sample_dag_3.py
[2023-08-23T07:34:08.471+0000] {processor.py:755} WARNING - No viable dags retrieved from /opt/airflow/dags/sample_dag_3.py
[2023-08-23T07:34:08.490+0000] {processor.py:175} INFO - Processing /opt/airflow/dags/sample_dag_3.py took 0.026 seconds
[2023-08-23T07:34:38.695+0000] {processor.py:153} INFO - Started process (PID=903) to work on /opt/airflow/dags/sample_dag_3.py
[2023-08-23T07:34:38.695+0000] {processor.py:743} INFO - Processing file /opt/airflow/dags/sample_dag_3.py for tasks to queue
[2023-08-23T07:34:38.696+0000] {logging_mixin.py:137} INFO - [2023-08-23T07:34:38.696+0000] {dagbag.py:532} INFO - Filling up the DagBag from /opt/airflow/dags/sample_dag_3.py
[2023-08-23T07:34:38.697+0000] {processor.py:755} WARNING - No viable dags retrieved from /opt/airflow/dags/sample_dag_3.py
[2023-08-23T07:34:38.715+0000] {processor.py:175} INFO - Processing /opt/airflow/dags/sample_dag_3.py took 0.024 seconds
[2023-08-23T07:35:08.953+0000] {processor.py:153} INFO - Started process (PID=955) to work on /opt/airflow/dags/sample_dag_3.py
[2023-08-23T07:35:08.954+0000] {processor.py:743} INFO - Processing file /opt/airflow/dags/sample_dag_3.py for tasks to queue
[2023-08-23T07:35:08.955+0000] {logging_mixin.py:137} INFO - [2023-08-23T07:35:08.955+0000] {dagbag.py:532} INFO - Filling up the DagBag from /opt/airflow/dags/sample_dag_3.py
[2023-08-23T07:35:08.956+0000] {processor.py:755} WARNING - No viable dags retrieved from /opt/airflow/dags/sample_dag_3.py
[2023-08-23T07:35:08.974+0000] {processor.py:175} INFO - Processing /opt/airflow/dags/sample_dag_3.py took 0.025 seconds
[2023-08-23T07:35:39.184+0000] {processor.py:153} INFO - Started process (PID=996) to work on /opt/airflow/dags/sample_dag_3.py
[2023-08-23T07:35:39.186+0000] {processor.py:743} INFO - Processing file /opt/airflow/dags/sample_dag_3.py for tasks to queue
[2023-08-23T07:35:39.186+0000] {logging_mixin.py:137} INFO - [2023-08-23T07:35:39.186+0000] {dagbag.py:532} INFO - Filling up the DagBag from /opt/airflow/dags/sample_dag_3.py
[2023-08-23T07:35:39.190+0000] {processor.py:755} WARNING - No viable dags retrieved from /opt/airflow/dags/sample_dag_3.py
[2023-08-23T07:35:39.208+0000] {processor.py:175} INFO - Processing /opt/airflow/dags/sample_dag_3.py took 0.028 seconds
[2023-08-23T07:36:09.439+0000] {processor.py:153} INFO - Started process (PID=1055) to work on /opt/airflow/dags/sample_dag_3.py
[2023-08-23T07:36:09.440+0000] {processor.py:743} INFO - Processing file /opt/airflow/dags/sample_dag_3.py for tasks to queue
[2023-08-23T07:36:09.441+0000] {logging_mixin.py:137} INFO - [2023-08-23T07:36:09.441+0000] {dagbag.py:532} INFO - Filling up the DagBag from /opt/airflow/dags/sample_dag_3.py
[2023-08-23T07:36:09.442+0000] {processor.py:755} WARNING - No viable dags retrieved from /opt/airflow/dags/sample_dag_3.py
[2023-08-23T07:36:09.458+0000] {processor.py:175} INFO - Processing /opt/airflow/dags/sample_dag_3.py took 0.023 seconds
[2023-08-23T07:36:39.672+0000] {processor.py:153} INFO - Started process (PID=1096) to work on /opt/airflow/dags/sample_dag_3.py
[2023-08-23T07:36:39.674+0000] {processor.py:743} INFO - Processing file /opt/airflow/dags/sample_dag_3.py for tasks to queue
[2023-08-23T07:36:39.675+0000] {logging_mixin.py:137} INFO - [2023-08-23T07:36:39.675+0000] {dagbag.py:532} INFO - Filling up the DagBag from /opt/airflow/dags/sample_dag_3.py
[2023-08-23T07:36:39.677+0000] {processor.py:755} WARNING - No viable dags retrieved from /opt/airflow/dags/sample_dag_3.py
[2023-08-23T07:36:39.692+0000] {processor.py:175} INFO - Processing /opt/airflow/dags/sample_dag_3.py took 0.025 seconds
[2023-08-23T07:37:09.907+0000] {processor.py:153} INFO - Started process (PID=1155) to work on /opt/airflow/dags/sample_dag_3.py
[2023-08-23T07:37:09.908+0000] {processor.py:743} INFO - Processing file /opt/airflow/dags/sample_dag_3.py for tasks to queue
[2023-08-23T07:37:09.908+0000] {logging_mixin.py:137} INFO - [2023-08-23T07:37:09.908+0000] {dagbag.py:532} INFO - Filling up the DagBag from /opt/airflow/dags/sample_dag_3.py
[2023-08-23T07:37:09.909+0000] {processor.py:755} WARNING - No viable dags retrieved from /opt/airflow/dags/sample_dag_3.py
[2023-08-23T07:37:09.924+0000] {processor.py:175} INFO - Processing /opt/airflow/dags/sample_dag_3.py took 0.020 seconds
[2023-08-23T07:37:40.114+0000] {processor.py:153} INFO - Started process (PID=1196) to work on /opt/airflow/dags/sample_dag_3.py
[2023-08-23T07:37:40.115+0000] {processor.py:743} INFO - Processing file /opt/airflow/dags/sample_dag_3.py for tasks to queue
[2023-08-23T07:37:40.116+0000] {logging_mixin.py:137} INFO - [2023-08-23T07:37:40.116+0000] {dagbag.py:532} INFO - Filling up the DagBag from /opt/airflow/dags/sample_dag_3.py
[2023-08-23T07:37:40.117+0000] {processor.py:755} WARNING - No viable dags retrieved from /opt/airflow/dags/sample_dag_3.py
[2023-08-23T07:37:40.133+0000] {processor.py:175} INFO - Processing /opt/airflow/dags/sample_dag_3.py took 0.023 seconds
[2023-08-23T07:38:10.326+0000] {processor.py:153} INFO - Started process (PID=1255) to work on /opt/airflow/dags/sample_dag_3.py
[2023-08-23T07:38:10.327+0000] {processor.py:743} INFO - Processing file /opt/airflow/dags/sample_dag_3.py for tasks to queue
[2023-08-23T07:38:10.328+0000] {logging_mixin.py:137} INFO - [2023-08-23T07:38:10.328+0000] {dagbag.py:532} INFO - Filling up the DagBag from /opt/airflow/dags/sample_dag_3.py
[2023-08-23T07:38:10.329+0000] {processor.py:755} WARNING - No viable dags retrieved from /opt/airflow/dags/sample_dag_3.py
[2023-08-23T07:38:10.344+0000] {processor.py:175} INFO - Processing /opt/airflow/dags/sample_dag_3.py took 0.020 seconds
[2023-08-23T07:38:40.534+0000] {processor.py:153} INFO - Started process (PID=1296) to work on /opt/airflow/dags/sample_dag_3.py
[2023-08-23T07:38:40.537+0000] {processor.py:743} INFO - Processing file /opt/airflow/dags/sample_dag_3.py for tasks to queue
[2023-08-23T07:38:40.537+0000] {logging_mixin.py:137} INFO - [2023-08-23T07:38:40.537+0000] {dagbag.py:532} INFO - Filling up the DagBag from /opt/airflow/dags/sample_dag_3.py
[2023-08-23T07:38:40.538+0000] {processor.py:755} WARNING - No viable dags retrieved from /opt/airflow/dags/sample_dag_3.py
[2023-08-23T07:38:40.556+0000] {processor.py:175} INFO - Processing /opt/airflow/dags/sample_dag_3.py took 0.025 seconds
[2023-08-23T07:39:10.751+0000] {processor.py:153} INFO - Started process (PID=1355) to work on /opt/airflow/dags/sample_dag_3.py
[2023-08-23T07:39:10.752+0000] {processor.py:743} INFO - Processing file /opt/airflow/dags/sample_dag_3.py for tasks to queue
[2023-08-23T07:39:10.753+0000] {logging_mixin.py:137} INFO - [2023-08-23T07:39:10.753+0000] {dagbag.py:532} INFO - Filling up the DagBag from /opt/airflow/dags/sample_dag_3.py
[2023-08-23T07:39:10.754+0000] {processor.py:755} WARNING - No viable dags retrieved from /opt/airflow/dags/sample_dag_3.py
[2023-08-23T07:39:10.770+0000] {processor.py:175} INFO - Processing /opt/airflow/dags/sample_dag_3.py took 0.022 seconds
[2023-08-23T07:39:40.963+0000] {processor.py:153} INFO - Started process (PID=1396) to work on /opt/airflow/dags/sample_dag_3.py
[2023-08-23T07:39:40.965+0000] {processor.py:743} INFO - Processing file /opt/airflow/dags/sample_dag_3.py for tasks to queue
[2023-08-23T07:39:40.966+0000] {logging_mixin.py:137} INFO - [2023-08-23T07:39:40.966+0000] {dagbag.py:532} INFO - Filling up the DagBag from /opt/airflow/dags/sample_dag_3.py
[2023-08-23T07:39:40.967+0000] {processor.py:755} WARNING - No viable dags retrieved from /opt/airflow/dags/sample_dag_3.py
[2023-08-23T07:39:40.983+0000] {processor.py:175} INFO - Processing /opt/airflow/dags/sample_dag_3.py took 0.023 seconds
[2023-08-23T07:40:11.194+0000] {processor.py:153} INFO - Started process (PID=1455) to work on /opt/airflow/dags/sample_dag_3.py
[2023-08-23T07:40:11.194+0000] {processor.py:743} INFO - Processing file /opt/airflow/dags/sample_dag_3.py for tasks to queue
[2023-08-23T07:40:11.195+0000] {logging_mixin.py:137} INFO - [2023-08-23T07:40:11.195+0000] {dagbag.py:532} INFO - Filling up the DagBag from /opt/airflow/dags/sample_dag_3.py
[2023-08-23T07:40:11.196+0000] {processor.py:755} WARNING - No viable dags retrieved from /opt/airflow/dags/sample_dag_3.py
[2023-08-23T07:40:11.212+0000] {processor.py:175} INFO - Processing /opt/airflow/dags/sample_dag_3.py took 0.022 seconds
[2023-08-23T07:40:41.403+0000] {processor.py:153} INFO - Started process (PID=1503) to work on /opt/airflow/dags/sample_dag_3.py
[2023-08-23T07:40:41.405+0000] {processor.py:743} INFO - Processing file /opt/airflow/dags/sample_dag_3.py for tasks to queue
[2023-08-23T07:40:41.406+0000] {logging_mixin.py:137} INFO - [2023-08-23T07:40:41.406+0000] {dagbag.py:532} INFO - Filling up the DagBag from /opt/airflow/dags/sample_dag_3.py
[2023-08-23T07:40:41.407+0000] {processor.py:755} WARNING - No viable dags retrieved from /opt/airflow/dags/sample_dag_3.py
[2023-08-23T07:40:41.424+0000] {processor.py:175} INFO - Processing /opt/airflow/dags/sample_dag_3.py took 0.025 seconds
[2023-08-23T07:41:11.636+0000] {processor.py:153} INFO - Started process (PID=1555) to work on /opt/airflow/dags/sample_dag_3.py
[2023-08-23T07:41:11.636+0000] {processor.py:743} INFO - Processing file /opt/airflow/dags/sample_dag_3.py for tasks to queue
[2023-08-23T07:41:11.637+0000] {logging_mixin.py:137} INFO - [2023-08-23T07:41:11.637+0000] {dagbag.py:532} INFO - Filling up the DagBag from /opt/airflow/dags/sample_dag_3.py
[2023-08-23T07:41:11.638+0000] {processor.py:755} WARNING - No viable dags retrieved from /opt/airflow/dags/sample_dag_3.py
[2023-08-23T07:41:11.653+0000] {processor.py:175} INFO - Processing /opt/airflow/dags/sample_dag_3.py took 0.021 seconds
[2023-08-23T07:41:41.874+0000] {processor.py:153} INFO - Started process (PID=1604) to work on /opt/airflow/dags/sample_dag_3.py
[2023-08-23T07:41:41.877+0000] {processor.py:743} INFO - Processing file /opt/airflow/dags/sample_dag_3.py for tasks to queue
[2023-08-23T07:41:41.878+0000] {logging_mixin.py:137} INFO - [2023-08-23T07:41:41.878+0000] {dagbag.py:532} INFO - Filling up the DagBag from /opt/airflow/dags/sample_dag_3.py
[2023-08-23T07:41:41.879+0000] {processor.py:755} WARNING - No viable dags retrieved from /opt/airflow/dags/sample_dag_3.py
[2023-08-23T07:41:41.898+0000] {processor.py:175} INFO - Processing /opt/airflow/dags/sample_dag_3.py took 0.029 seconds
[2023-08-23T07:42:12.104+0000] {processor.py:153} INFO - Started process (PID=1657) to work on /opt/airflow/dags/sample_dag_3.py
[2023-08-23T07:42:12.104+0000] {processor.py:743} INFO - Processing file /opt/airflow/dags/sample_dag_3.py for tasks to queue
[2023-08-23T07:42:12.105+0000] {logging_mixin.py:137} INFO - [2023-08-23T07:42:12.105+0000] {dagbag.py:532} INFO - Filling up the DagBag from /opt/airflow/dags/sample_dag_3.py
[2023-08-23T07:42:12.106+0000] {processor.py:755} WARNING - No viable dags retrieved from /opt/airflow/dags/sample_dag_3.py
[2023-08-23T07:42:12.122+0000] {processor.py:175} INFO - Processing /opt/airflow/dags/sample_dag_3.py took 0.021 seconds
[2023-08-23T07:42:42.307+0000] {processor.py:153} INFO - Started process (PID=1698) to work on /opt/airflow/dags/sample_dag_3.py
[2023-08-23T07:42:42.309+0000] {processor.py:743} INFO - Processing file /opt/airflow/dags/sample_dag_3.py for tasks to queue
[2023-08-23T07:42:42.310+0000] {logging_mixin.py:137} INFO - [2023-08-23T07:42:42.310+0000] {dagbag.py:532} INFO - Filling up the DagBag from /opt/airflow/dags/sample_dag_3.py
[2023-08-23T07:42:42.311+0000] {processor.py:755} WARNING - No viable dags retrieved from /opt/airflow/dags/sample_dag_3.py
[2023-08-23T07:42:42.326+0000] {processor.py:175} INFO - Processing /opt/airflow/dags/sample_dag_3.py took 0.022 seconds
[2023-08-23T07:43:12.529+0000] {processor.py:153} INFO - Started process (PID=1757) to work on /opt/airflow/dags/sample_dag_3.py
[2023-08-23T07:43:12.529+0000] {processor.py:743} INFO - Processing file /opt/airflow/dags/sample_dag_3.py for tasks to queue
[2023-08-23T07:43:12.530+0000] {logging_mixin.py:137} INFO - [2023-08-23T07:43:12.530+0000] {dagbag.py:532} INFO - Filling up the DagBag from /opt/airflow/dags/sample_dag_3.py
[2023-08-23T07:43:12.531+0000] {processor.py:755} WARNING - No viable dags retrieved from /opt/airflow/dags/sample_dag_3.py
[2023-08-23T07:43:12.547+0000] {processor.py:175} INFO - Processing /opt/airflow/dags/sample_dag_3.py took 0.021 seconds
[2023-08-23T07:43:42.735+0000] {processor.py:153} INFO - Started process (PID=1798) to work on /opt/airflow/dags/sample_dag_3.py
[2023-08-23T07:43:42.737+0000] {processor.py:743} INFO - Processing file /opt/airflow/dags/sample_dag_3.py for tasks to queue
[2023-08-23T07:43:42.737+0000] {logging_mixin.py:137} INFO - [2023-08-23T07:43:42.737+0000] {dagbag.py:532} INFO - Filling up the DagBag from /opt/airflow/dags/sample_dag_3.py
[2023-08-23T07:43:42.738+0000] {processor.py:755} WARNING - No viable dags retrieved from /opt/airflow/dags/sample_dag_3.py
[2023-08-23T07:43:42.754+0000] {processor.py:175} INFO - Processing /opt/airflow/dags/sample_dag_3.py took 0.022 seconds
[2023-08-23T07:44:12.956+0000] {processor.py:153} INFO - Started process (PID=1857) to work on /opt/airflow/dags/sample_dag_3.py
[2023-08-23T07:44:12.956+0000] {processor.py:743} INFO - Processing file /opt/airflow/dags/sample_dag_3.py for tasks to queue
[2023-08-23T07:44:12.957+0000] {logging_mixin.py:137} INFO - [2023-08-23T07:44:12.957+0000] {dagbag.py:532} INFO - Filling up the DagBag from /opt/airflow/dags/sample_dag_3.py
[2023-08-23T07:44:12.958+0000] {processor.py:755} WARNING - No viable dags retrieved from /opt/airflow/dags/sample_dag_3.py
[2023-08-23T07:44:12.975+0000] {processor.py:175} INFO - Processing /opt/airflow/dags/sample_dag_3.py took 0.022 seconds
[2023-08-23T07:44:43.182+0000] {processor.py:153} INFO - Started process (PID=1898) to work on /opt/airflow/dags/sample_dag_3.py
[2023-08-23T07:44:43.183+0000] {processor.py:743} INFO - Processing file /opt/airflow/dags/sample_dag_3.py for tasks to queue
[2023-08-23T07:44:43.184+0000] {logging_mixin.py:137} INFO - [2023-08-23T07:44:43.184+0000] {dagbag.py:532} INFO - Filling up the DagBag from /opt/airflow/dags/sample_dag_3.py
[2023-08-23T07:44:43.185+0000] {processor.py:755} WARNING - No viable dags retrieved from /opt/airflow/dags/sample_dag_3.py
[2023-08-23T07:44:43.205+0000] {processor.py:175} INFO - Processing /opt/airflow/dags/sample_dag_3.py took 0.027 seconds
[2023-08-23T07:45:13.404+0000] {processor.py:153} INFO - Started process (PID=1946) to work on /opt/airflow/dags/sample_dag_3.py
[2023-08-23T07:45:13.405+0000] {processor.py:743} INFO - Processing file /opt/airflow/dags/sample_dag_3.py for tasks to queue
[2023-08-23T07:45:13.406+0000] {logging_mixin.py:137} INFO - [2023-08-23T07:45:13.406+0000] {dagbag.py:532} INFO - Filling up the DagBag from /opt/airflow/dags/sample_dag_3.py
[2023-08-23T07:45:13.407+0000] {processor.py:755} WARNING - No viable dags retrieved from /opt/airflow/dags/sample_dag_3.py
[2023-08-23T07:45:13.425+0000] {processor.py:175} INFO - Processing /opt/airflow/dags/sample_dag_3.py took 0.025 seconds
[2023-08-23T07:45:43.600+0000] {processor.py:153} INFO - Started process (PID=1999) to work on /opt/airflow/dags/sample_dag_3.py
[2023-08-23T07:45:43.602+0000] {processor.py:743} INFO - Processing file /opt/airflow/dags/sample_dag_3.py for tasks to queue
[2023-08-23T07:45:43.603+0000] {logging_mixin.py:137} INFO - [2023-08-23T07:45:43.603+0000] {dagbag.py:532} INFO - Filling up the DagBag from /opt/airflow/dags/sample_dag_3.py
[2023-08-23T07:45:43.604+0000] {processor.py:755} WARNING - No viable dags retrieved from /opt/airflow/dags/sample_dag_3.py
[2023-08-23T07:45:43.619+0000] {processor.py:175} INFO - Processing /opt/airflow/dags/sample_dag_3.py took 0.021 seconds
[2023-08-23T07:46:13.826+0000] {processor.py:153} INFO - Started process (PID=2040) to work on /opt/airflow/dags/sample_dag_3.py
[2023-08-23T07:46:13.827+0000] {processor.py:743} INFO - Processing file /opt/airflow/dags/sample_dag_3.py for tasks to queue
[2023-08-23T07:46:13.827+0000] {logging_mixin.py:137} INFO - [2023-08-23T07:46:13.827+0000] {dagbag.py:532} INFO - Filling up the DagBag from /opt/airflow/dags/sample_dag_3.py
[2023-08-23T07:46:13.828+0000] {processor.py:755} WARNING - No viable dags retrieved from /opt/airflow/dags/sample_dag_3.py
[2023-08-23T07:46:13.844+0000] {processor.py:175} INFO - Processing /opt/airflow/dags/sample_dag_3.py took 0.021 seconds
[2023-08-23T07:46:44.071+0000] {processor.py:153} INFO - Started process (PID=2099) to work on /opt/airflow/dags/sample_dag_3.py
[2023-08-23T07:46:44.073+0000] {processor.py:743} INFO - Processing file /opt/airflow/dags/sample_dag_3.py for tasks to queue
[2023-08-23T07:46:44.074+0000] {logging_mixin.py:137} INFO - [2023-08-23T07:46:44.074+0000] {dagbag.py:532} INFO - Filling up the DagBag from /opt/airflow/dags/sample_dag_3.py
[2023-08-23T07:46:44.076+0000] {processor.py:755} WARNING - No viable dags retrieved from /opt/airflow/dags/sample_dag_3.py
[2023-08-23T07:46:44.100+0000] {processor.py:175} INFO - Processing /opt/airflow/dags/sample_dag_3.py took 0.033 seconds
[2023-08-23T07:47:14.306+0000] {processor.py:153} INFO - Started process (PID=2140) to work on /opt/airflow/dags/sample_dag_3.py
[2023-08-23T07:47:14.307+0000] {processor.py:743} INFO - Processing file /opt/airflow/dags/sample_dag_3.py for tasks to queue
[2023-08-23T07:47:14.307+0000] {logging_mixin.py:137} INFO - [2023-08-23T07:47:14.307+0000] {dagbag.py:532} INFO - Filling up the DagBag from /opt/airflow/dags/sample_dag_3.py
[2023-08-23T07:47:14.308+0000] {processor.py:755} WARNING - No viable dags retrieved from /opt/airflow/dags/sample_dag_3.py
[2023-08-23T07:47:14.325+0000] {processor.py:175} INFO - Processing /opt/airflow/dags/sample_dag_3.py took 0.023 seconds
[2023-08-23T07:47:44.517+0000] {processor.py:153} INFO - Started process (PID=2188) to work on /opt/airflow/dags/sample_dag_3.py
[2023-08-23T07:47:44.520+0000] {processor.py:743} INFO - Processing file /opt/airflow/dags/sample_dag_3.py for tasks to queue
[2023-08-23T07:47:44.521+0000] {logging_mixin.py:137} INFO - [2023-08-23T07:47:44.520+0000] {dagbag.py:532} INFO - Filling up the DagBag from /opt/airflow/dags/sample_dag_3.py
[2023-08-23T07:47:44.522+0000] {processor.py:755} WARNING - No viable dags retrieved from /opt/airflow/dags/sample_dag_3.py
[2023-08-23T07:47:44.538+0000] {processor.py:175} INFO - Processing /opt/airflow/dags/sample_dag_3.py took 0.024 seconds
[2023-08-23T07:48:14.739+0000] {processor.py:153} INFO - Started process (PID=2240) to work on /opt/airflow/dags/sample_dag_3.py
[2023-08-23T07:48:14.739+0000] {processor.py:743} INFO - Processing file /opt/airflow/dags/sample_dag_3.py for tasks to queue
[2023-08-23T07:48:14.740+0000] {logging_mixin.py:137} INFO - [2023-08-23T07:48:14.740+0000] {dagbag.py:532} INFO - Filling up the DagBag from /opt/airflow/dags/sample_dag_3.py
[2023-08-23T07:48:14.741+0000] {processor.py:755} WARNING - No viable dags retrieved from /opt/airflow/dags/sample_dag_3.py
[2023-08-23T07:48:14.757+0000] {processor.py:175} INFO - Processing /opt/airflow/dags/sample_dag_3.py took 0.021 seconds
[2023-08-23T07:48:44.963+0000] {processor.py:153} INFO - Started process (PID=2281) to work on /opt/airflow/dags/sample_dag_3.py
[2023-08-23T07:48:44.966+0000] {processor.py:743} INFO - Processing file /opt/airflow/dags/sample_dag_3.py for tasks to queue
[2023-08-23T07:48:44.966+0000] {logging_mixin.py:137} INFO - [2023-08-23T07:48:44.966+0000] {dagbag.py:532} INFO - Filling up the DagBag from /opt/airflow/dags/sample_dag_3.py
[2023-08-23T07:48:44.967+0000] {processor.py:755} WARNING - No viable dags retrieved from /opt/airflow/dags/sample_dag_3.py
[2023-08-23T07:48:44.985+0000] {processor.py:175} INFO - Processing /opt/airflow/dags/sample_dag_3.py took 0.025 seconds
[2023-08-23T07:49:15.196+0000] {processor.py:153} INFO - Started process (PID=2340) to work on /opt/airflow/dags/sample_dag_3.py
[2023-08-23T07:49:15.197+0000] {processor.py:743} INFO - Processing file /opt/airflow/dags/sample_dag_3.py for tasks to queue
[2023-08-23T07:49:15.197+0000] {logging_mixin.py:137} INFO - [2023-08-23T07:49:15.197+0000] {dagbag.py:532} INFO - Filling up the DagBag from /opt/airflow/dags/sample_dag_3.py
[2023-08-23T07:49:15.198+0000] {processor.py:755} WARNING - No viable dags retrieved from /opt/airflow/dags/sample_dag_3.py
[2023-08-23T07:49:15.217+0000] {processor.py:175} INFO - Processing /opt/airflow/dags/sample_dag_3.py took 0.026 seconds
[2023-08-23T07:49:45.484+0000] {processor.py:153} INFO - Started process (PID=2381) to work on /opt/airflow/dags/sample_dag_3.py
[2023-08-23T07:49:45.488+0000] {processor.py:743} INFO - Processing file /opt/airflow/dags/sample_dag_3.py for tasks to queue
[2023-08-23T07:49:45.490+0000] {logging_mixin.py:137} INFO - [2023-08-23T07:49:45.490+0000] {dagbag.py:532} INFO - Filling up the DagBag from /opt/airflow/dags/sample_dag_3.py
[2023-08-23T07:49:45.495+0000] {processor.py:755} WARNING - No viable dags retrieved from /opt/airflow/dags/sample_dag_3.py
[2023-08-23T07:49:45.534+0000] {processor.py:175} INFO - Processing /opt/airflow/dags/sample_dag_3.py took 0.063 seconds
[2023-08-23T07:50:15.789+0000] {processor.py:153} INFO - Started process (PID=2422) to work on /opt/airflow/dags/sample_dag_3.py
[2023-08-23T07:50:15.792+0000] {processor.py:743} INFO - Processing file /opt/airflow/dags/sample_dag_3.py for tasks to queue
[2023-08-23T07:50:15.792+0000] {logging_mixin.py:137} INFO - [2023-08-23T07:50:15.792+0000] {dagbag.py:532} INFO - Filling up the DagBag from /opt/airflow/dags/sample_dag_3.py
[2023-08-23T07:50:15.793+0000] {processor.py:755} WARNING - No viable dags retrieved from /opt/airflow/dags/sample_dag_3.py
[2023-08-23T07:50:15.808+0000] {processor.py:175} INFO - Processing /opt/airflow/dags/sample_dag_3.py took 0.023 seconds
[2023-08-23T07:50:45.998+0000] {processor.py:153} INFO - Started process (PID=2481) to work on /opt/airflow/dags/sample_dag_3.py
[2023-08-23T07:50:46.001+0000] {processor.py:743} INFO - Processing file /opt/airflow/dags/sample_dag_3.py for tasks to queue
[2023-08-23T07:50:46.002+0000] {logging_mixin.py:137} INFO - [2023-08-23T07:50:46.002+0000] {dagbag.py:532} INFO - Filling up the DagBag from /opt/airflow/dags/sample_dag_3.py
[2023-08-23T07:50:46.003+0000] {processor.py:755} WARNING - No viable dags retrieved from /opt/airflow/dags/sample_dag_3.py
[2023-08-23T07:50:46.019+0000] {processor.py:175} INFO - Processing /opt/airflow/dags/sample_dag_3.py took 0.023 seconds
[2023-08-23T07:51:16.235+0000] {processor.py:153} INFO - Started process (PID=2522) to work on /opt/airflow/dags/sample_dag_3.py
[2023-08-23T07:51:16.237+0000] {processor.py:743} INFO - Processing file /opt/airflow/dags/sample_dag_3.py for tasks to queue
[2023-08-23T07:51:16.238+0000] {logging_mixin.py:137} INFO - [2023-08-23T07:51:16.238+0000] {dagbag.py:532} INFO - Filling up the DagBag from /opt/airflow/dags/sample_dag_3.py
[2023-08-23T07:51:16.239+0000] {processor.py:755} WARNING - No viable dags retrieved from /opt/airflow/dags/sample_dag_3.py
[2023-08-23T07:51:16.256+0000] {processor.py:175} INFO - Processing /opt/airflow/dags/sample_dag_3.py took 0.024 seconds
[2023-08-23T07:51:46.441+0000] {processor.py:153} INFO - Started process (PID=2581) to work on /opt/airflow/dags/sample_dag_3.py
[2023-08-23T07:51:46.442+0000] {processor.py:743} INFO - Processing file /opt/airflow/dags/sample_dag_3.py for tasks to queue
[2023-08-23T07:51:46.442+0000] {logging_mixin.py:137} INFO - [2023-08-23T07:51:46.442+0000] {dagbag.py:532} INFO - Filling up the DagBag from /opt/airflow/dags/sample_dag_3.py
[2023-08-23T07:51:46.443+0000] {processor.py:755} WARNING - No viable dags retrieved from /opt/airflow/dags/sample_dag_3.py
[2023-08-23T07:51:46.459+0000] {processor.py:175} INFO - Processing /opt/airflow/dags/sample_dag_3.py took 0.022 seconds
[2023-08-23T07:52:16.679+0000] {processor.py:153} INFO - Started process (PID=2622) to work on /opt/airflow/dags/sample_dag_3.py
[2023-08-23T07:52:16.680+0000] {processor.py:743} INFO - Processing file /opt/airflow/dags/sample_dag_3.py for tasks to queue
[2023-08-23T07:52:16.680+0000] {logging_mixin.py:137} INFO - [2023-08-23T07:52:16.680+0000] {dagbag.py:532} INFO - Filling up the DagBag from /opt/airflow/dags/sample_dag_3.py
[2023-08-23T07:52:16.681+0000] {processor.py:755} WARNING - No viable dags retrieved from /opt/airflow/dags/sample_dag_3.py
[2023-08-23T07:52:16.697+0000] {processor.py:175} INFO - Processing /opt/airflow/dags/sample_dag_3.py took 0.021 seconds
[2023-08-23T07:52:46.896+0000] {processor.py:153} INFO - Started process (PID=2681) to work on /opt/airflow/dags/sample_dag_3.py
[2023-08-23T07:52:46.898+0000] {processor.py:743} INFO - Processing file /opt/airflow/dags/sample_dag_3.py for tasks to queue
[2023-08-23T07:52:46.898+0000] {logging_mixin.py:137} INFO - [2023-08-23T07:52:46.898+0000] {dagbag.py:532} INFO - Filling up the DagBag from /opt/airflow/dags/sample_dag_3.py
[2023-08-23T07:52:46.899+0000] {processor.py:755} WARNING - No viable dags retrieved from /opt/airflow/dags/sample_dag_3.py
[2023-08-23T07:52:46.913+0000] {processor.py:175} INFO - Processing /opt/airflow/dags/sample_dag_3.py took 0.020 seconds
[2023-08-23T07:53:17.116+0000] {processor.py:153} INFO - Started process (PID=2724) to work on /opt/airflow/dags/sample_dag_3.py
[2023-08-23T07:53:17.116+0000] {processor.py:743} INFO - Processing file /opt/airflow/dags/sample_dag_3.py for tasks to queue
[2023-08-23T07:53:17.117+0000] {logging_mixin.py:137} INFO - [2023-08-23T07:53:17.117+0000] {dagbag.py:532} INFO - Filling up the DagBag from /opt/airflow/dags/sample_dag_3.py
[2023-08-23T07:53:17.118+0000] {processor.py:755} WARNING - No viable dags retrieved from /opt/airflow/dags/sample_dag_3.py
[2023-08-23T07:53:17.141+0000] {processor.py:175} INFO - Processing /opt/airflow/dags/sample_dag_3.py took 0.029 seconds
[2023-08-23T07:53:47.357+0000] {processor.py:153} INFO - Started process (PID=2781) to work on /opt/airflow/dags/sample_dag_3.py
[2023-08-23T07:53:47.360+0000] {processor.py:743} INFO - Processing file /opt/airflow/dags/sample_dag_3.py for tasks to queue
[2023-08-23T07:53:47.360+0000] {logging_mixin.py:137} INFO - [2023-08-23T07:53:47.360+0000] {dagbag.py:532} INFO - Filling up the DagBag from /opt/airflow/dags/sample_dag_3.py
[2023-08-23T07:53:47.361+0000] {processor.py:755} WARNING - No viable dags retrieved from /opt/airflow/dags/sample_dag_3.py
[2023-08-23T07:53:47.376+0000] {processor.py:175} INFO - Processing /opt/airflow/dags/sample_dag_3.py took 0.023 seconds
[2023-08-23T07:54:17.581+0000] {processor.py:153} INFO - Started process (PID=2829) to work on /opt/airflow/dags/sample_dag_3.py
[2023-08-23T07:54:17.582+0000] {processor.py:743} INFO - Processing file /opt/airflow/dags/sample_dag_3.py for tasks to queue
[2023-08-23T07:54:17.582+0000] {logging_mixin.py:137} INFO - [2023-08-23T07:54:17.582+0000] {dagbag.py:532} INFO - Filling up the DagBag from /opt/airflow/dags/sample_dag_3.py
[2023-08-23T07:54:17.583+0000] {processor.py:755} WARNING - No viable dags retrieved from /opt/airflow/dags/sample_dag_3.py
[2023-08-23T07:54:17.599+0000] {processor.py:175} INFO - Processing /opt/airflow/dags/sample_dag_3.py took 0.021 seconds
[2023-08-23T07:54:47.789+0000] {processor.py:153} INFO - Started process (PID=2881) to work on /opt/airflow/dags/sample_dag_3.py
[2023-08-23T07:54:47.792+0000] {processor.py:743} INFO - Processing file /opt/airflow/dags/sample_dag_3.py for tasks to queue
[2023-08-23T07:54:47.792+0000] {logging_mixin.py:137} INFO - [2023-08-23T07:54:47.792+0000] {dagbag.py:532} INFO - Filling up the DagBag from /opt/airflow/dags/sample_dag_3.py
[2023-08-23T07:54:47.793+0000] {processor.py:755} WARNING - No viable dags retrieved from /opt/airflow/dags/sample_dag_3.py
[2023-08-23T07:54:47.809+0000] {processor.py:175} INFO - Processing /opt/airflow/dags/sample_dag_3.py took 0.023 seconds
[2023-08-23T07:55:18.013+0000] {processor.py:153} INFO - Started process (PID=2929) to work on /opt/airflow/dags/sample_dag_3.py
[2023-08-23T07:55:18.016+0000] {processor.py:743} INFO - Processing file /opt/airflow/dags/sample_dag_3.py for tasks to queue
[2023-08-23T07:55:18.017+0000] {logging_mixin.py:137} INFO - [2023-08-23T07:55:18.017+0000] {dagbag.py:532} INFO - Filling up the DagBag from /opt/airflow/dags/sample_dag_3.py
[2023-08-23T07:55:18.020+0000] {processor.py:755} WARNING - No viable dags retrieved from /opt/airflow/dags/sample_dag_3.py
[2023-08-23T07:55:18.041+0000] {processor.py:175} INFO - Processing /opt/airflow/dags/sample_dag_3.py took 0.033 seconds
[2023-08-23T07:55:48.251+0000] {processor.py:153} INFO - Started process (PID=2981) to work on /opt/airflow/dags/sample_dag_3.py
[2023-08-23T07:55:48.252+0000] {processor.py:743} INFO - Processing file /opt/airflow/dags/sample_dag_3.py for tasks to queue
[2023-08-23T07:55:48.253+0000] {logging_mixin.py:137} INFO - [2023-08-23T07:55:48.253+0000] {dagbag.py:532} INFO - Filling up the DagBag from /opt/airflow/dags/sample_dag_3.py
[2023-08-23T07:55:48.254+0000] {processor.py:755} WARNING - No viable dags retrieved from /opt/airflow/dags/sample_dag_3.py
[2023-08-23T07:55:48.270+0000] {processor.py:175} INFO - Processing /opt/airflow/dags/sample_dag_3.py took 0.022 seconds
[2023-08-23T07:56:18.484+0000] {processor.py:153} INFO - Started process (PID=3029) to work on /opt/airflow/dags/sample_dag_3.py
[2023-08-23T07:56:18.487+0000] {processor.py:743} INFO - Processing file /opt/airflow/dags/sample_dag_3.py for tasks to queue
[2023-08-23T07:56:18.488+0000] {logging_mixin.py:137} INFO - [2023-08-23T07:56:18.488+0000] {dagbag.py:532} INFO - Filling up the DagBag from /opt/airflow/dags/sample_dag_3.py
[2023-08-23T07:56:18.489+0000] {processor.py:755} WARNING - No viable dags retrieved from /opt/airflow/dags/sample_dag_3.py
[2023-08-23T07:56:18.509+0000] {processor.py:175} INFO - Processing /opt/airflow/dags/sample_dag_3.py took 0.029 seconds
[2023-08-23T07:56:48.729+0000] {processor.py:153} INFO - Started process (PID=3081) to work on /opt/airflow/dags/sample_dag_3.py
[2023-08-23T07:56:48.730+0000] {processor.py:743} INFO - Processing file /opt/airflow/dags/sample_dag_3.py for tasks to queue
[2023-08-23T07:56:48.731+0000] {logging_mixin.py:137} INFO - [2023-08-23T07:56:48.731+0000] {dagbag.py:532} INFO - Filling up the DagBag from /opt/airflow/dags/sample_dag_3.py
[2023-08-23T07:56:48.732+0000] {processor.py:755} WARNING - No viable dags retrieved from /opt/airflow/dags/sample_dag_3.py
[2023-08-23T07:56:48.747+0000] {processor.py:175} INFO - Processing /opt/airflow/dags/sample_dag_3.py took 0.021 seconds
[2023-08-23T07:57:19.305+0000] {processor.py:153} INFO - Started process (PID=3122) to work on /opt/airflow/dags/sample_dag_3.py
[2023-08-23T07:57:19.308+0000] {processor.py:743} INFO - Processing file /opt/airflow/dags/sample_dag_3.py for tasks to queue
[2023-08-23T07:57:19.311+0000] {logging_mixin.py:137} INFO - [2023-08-23T07:57:19.311+0000] {dagbag.py:532} INFO - Filling up the DagBag from /opt/airflow/dags/sample_dag_3.py
[2023-08-23T07:57:19.322+0000] {processor.py:755} WARNING - No viable dags retrieved from /opt/airflow/dags/sample_dag_3.py
[2023-08-23T07:57:19.396+0000] {processor.py:175} INFO - Processing /opt/airflow/dags/sample_dag_3.py took 0.107 seconds
[2023-08-23T07:57:49.771+0000] {processor.py:153} INFO - Started process (PID=3163) to work on /opt/airflow/dags/sample_dag_3.py
[2023-08-23T07:57:49.772+0000] {processor.py:743} INFO - Processing file /opt/airflow/dags/sample_dag_3.py for tasks to queue
[2023-08-23T07:57:49.773+0000] {logging_mixin.py:137} INFO - [2023-08-23T07:57:49.773+0000] {dagbag.py:532} INFO - Filling up the DagBag from /opt/airflow/dags/sample_dag_3.py
[2023-08-23T07:57:49.775+0000] {processor.py:755} WARNING - No viable dags retrieved from /opt/airflow/dags/sample_dag_3.py
[2023-08-23T07:57:49.801+0000] {processor.py:175} INFO - Processing /opt/airflow/dags/sample_dag_3.py took 0.035 seconds
[2023-08-23T07:58:20.064+0000] {processor.py:153} INFO - Started process (PID=3205) to work on /opt/airflow/dags/sample_dag_3.py
[2023-08-23T07:58:20.066+0000] {processor.py:743} INFO - Processing file /opt/airflow/dags/sample_dag_3.py for tasks to queue
[2023-08-23T07:58:20.067+0000] {logging_mixin.py:137} INFO - [2023-08-23T07:58:20.067+0000] {dagbag.py:532} INFO - Filling up the DagBag from /opt/airflow/dags/sample_dag_3.py
[2023-08-23T07:58:20.069+0000] {processor.py:755} WARNING - No viable dags retrieved from /opt/airflow/dags/sample_dag_3.py
[2023-08-23T07:58:20.094+0000] {processor.py:175} INFO - Processing /opt/airflow/dags/sample_dag_3.py took 0.035 seconds
[2023-08-23T07:58:50.360+0000] {processor.py:153} INFO - Started process (PID=3246) to work on /opt/airflow/dags/sample_dag_3.py
[2023-08-23T07:58:50.363+0000] {processor.py:743} INFO - Processing file /opt/airflow/dags/sample_dag_3.py for tasks to queue
[2023-08-23T07:58:50.364+0000] {logging_mixin.py:137} INFO - [2023-08-23T07:58:50.364+0000] {dagbag.py:532} INFO - Filling up the DagBag from /opt/airflow/dags/sample_dag_3.py
[2023-08-23T07:58:50.366+0000] {processor.py:755} WARNING - No viable dags retrieved from /opt/airflow/dags/sample_dag_3.py
[2023-08-23T07:58:50.393+0000] {processor.py:175} INFO - Processing /opt/airflow/dags/sample_dag_3.py took 0.039 seconds
[2023-08-23T07:59:20.731+0000] {processor.py:153} INFO - Started process (PID=3287) to work on /opt/airflow/dags/sample_dag_3.py
[2023-08-23T07:59:20.732+0000] {processor.py:743} INFO - Processing file /opt/airflow/dags/sample_dag_3.py for tasks to queue
[2023-08-23T07:59:20.733+0000] {logging_mixin.py:137} INFO - [2023-08-23T07:59:20.733+0000] {dagbag.py:532} INFO - Filling up the DagBag from /opt/airflow/dags/sample_dag_3.py
[2023-08-23T07:59:20.735+0000] {processor.py:755} WARNING - No viable dags retrieved from /opt/airflow/dags/sample_dag_3.py
[2023-08-23T07:59:20.756+0000] {processor.py:175} INFO - Processing /opt/airflow/dags/sample_dag_3.py took 0.029 seconds
[2023-08-23T07:59:51.044+0000] {processor.py:153} INFO - Started process (PID=3328) to work on /opt/airflow/dags/sample_dag_3.py
[2023-08-23T07:59:51.045+0000] {processor.py:743} INFO - Processing file /opt/airflow/dags/sample_dag_3.py for tasks to queue
[2023-08-23T07:59:51.049+0000] {logging_mixin.py:137} INFO - [2023-08-23T07:59:51.048+0000] {dagbag.py:532} INFO - Filling up the DagBag from /opt/airflow/dags/sample_dag_3.py
[2023-08-23T07:59:51.052+0000] {processor.py:755} WARNING - No viable dags retrieved from /opt/airflow/dags/sample_dag_3.py
[2023-08-23T07:59:51.079+0000] {processor.py:175} INFO - Processing /opt/airflow/dags/sample_dag_3.py took 0.040 seconds
[2023-08-23T08:00:21.369+0000] {processor.py:153} INFO - Started process (PID=3369) to work on /opt/airflow/dags/sample_dag_3.py
[2023-08-23T08:00:21.372+0000] {processor.py:743} INFO - Processing file /opt/airflow/dags/sample_dag_3.py for tasks to queue
[2023-08-23T08:00:21.372+0000] {logging_mixin.py:137} INFO - [2023-08-23T08:00:21.372+0000] {dagbag.py:532} INFO - Filling up the DagBag from /opt/airflow/dags/sample_dag_3.py
[2023-08-23T08:00:21.375+0000] {processor.py:755} WARNING - No viable dags retrieved from /opt/airflow/dags/sample_dag_3.py
[2023-08-23T08:00:21.403+0000] {processor.py:175} INFO - Processing /opt/airflow/dags/sample_dag_3.py took 0.039 seconds
[2023-08-23T08:00:51.676+0000] {processor.py:153} INFO - Started process (PID=3411) to work on /opt/airflow/dags/sample_dag_3.py
[2023-08-23T08:00:51.677+0000] {processor.py:743} INFO - Processing file /opt/airflow/dags/sample_dag_3.py for tasks to queue
[2023-08-23T08:00:51.679+0000] {logging_mixin.py:137} INFO - [2023-08-23T08:00:51.679+0000] {dagbag.py:532} INFO - Filling up the DagBag from /opt/airflow/dags/sample_dag_3.py
[2023-08-23T08:00:51.680+0000] {processor.py:755} WARNING - No viable dags retrieved from /opt/airflow/dags/sample_dag_3.py
[2023-08-23T08:00:51.701+0000] {processor.py:175} INFO - Processing /opt/airflow/dags/sample_dag_3.py took 0.029 seconds
[2023-08-23T08:01:21.941+0000] {processor.py:153} INFO - Started process (PID=3452) to work on /opt/airflow/dags/sample_dag_3.py
[2023-08-23T08:01:21.943+0000] {processor.py:743} INFO - Processing file /opt/airflow/dags/sample_dag_3.py for tasks to queue
[2023-08-23T08:01:21.943+0000] {logging_mixin.py:137} INFO - [2023-08-23T08:01:21.943+0000] {dagbag.py:532} INFO - Filling up the DagBag from /opt/airflow/dags/sample_dag_3.py
[2023-08-23T08:01:21.944+0000] {processor.py:755} WARNING - No viable dags retrieved from /opt/airflow/dags/sample_dag_3.py
[2023-08-23T08:01:21.966+0000] {processor.py:175} INFO - Processing /opt/airflow/dags/sample_dag_3.py took 0.029 seconds
[2023-08-23T08:01:52.212+0000] {processor.py:153} INFO - Started process (PID=3493) to work on /opt/airflow/dags/sample_dag_3.py
[2023-08-23T08:01:52.213+0000] {processor.py:743} INFO - Processing file /opt/airflow/dags/sample_dag_3.py for tasks to queue
[2023-08-23T08:01:52.214+0000] {logging_mixin.py:137} INFO - [2023-08-23T08:01:52.214+0000] {dagbag.py:532} INFO - Filling up the DagBag from /opt/airflow/dags/sample_dag_3.py
[2023-08-23T08:01:52.216+0000] {processor.py:755} WARNING - No viable dags retrieved from /opt/airflow/dags/sample_dag_3.py
[2023-08-23T08:01:52.250+0000] {processor.py:175} INFO - Processing /opt/airflow/dags/sample_dag_3.py took 0.043 seconds
[2023-08-23T08:02:22.511+0000] {processor.py:153} INFO - Started process (PID=3541) to work on /opt/airflow/dags/sample_dag_3.py
[2023-08-23T08:02:22.513+0000] {processor.py:743} INFO - Processing file /opt/airflow/dags/sample_dag_3.py for tasks to queue
[2023-08-23T08:02:22.514+0000] {logging_mixin.py:137} INFO - [2023-08-23T08:02:22.513+0000] {dagbag.py:532} INFO - Filling up the DagBag from /opt/airflow/dags/sample_dag_3.py
[2023-08-23T08:02:22.515+0000] {processor.py:755} WARNING - No viable dags retrieved from /opt/airflow/dags/sample_dag_3.py
[2023-08-23T08:02:22.549+0000] {processor.py:175} INFO - Processing /opt/airflow/dags/sample_dag_3.py took 0.044 seconds
[2023-08-23T08:02:53.086+0000] {processor.py:153} INFO - Started process (PID=3582) to work on /opt/airflow/dags/sample_dag_3.py
[2023-08-23T08:02:53.094+0000] {processor.py:743} INFO - Processing file /opt/airflow/dags/sample_dag_3.py for tasks to queue
[2023-08-23T08:02:53.101+0000] {logging_mixin.py:137} INFO - [2023-08-23T08:02:53.099+0000] {dagbag.py:532} INFO - Filling up the DagBag from /opt/airflow/dags/sample_dag_3.py
[2023-08-23T08:02:53.111+0000] {processor.py:755} WARNING - No viable dags retrieved from /opt/airflow/dags/sample_dag_3.py
[2023-08-23T08:02:53.254+0000] {processor.py:175} INFO - Processing /opt/airflow/dags/sample_dag_3.py took 0.196 seconds
[2023-08-23T08:03:23.598+0000] {processor.py:153} INFO - Started process (PID=3616) to work on /opt/airflow/dags/sample_dag_3.py
[2023-08-23T08:03:23.600+0000] {processor.py:743} INFO - Processing file /opt/airflow/dags/sample_dag_3.py for tasks to queue
[2023-08-23T08:03:23.601+0000] {logging_mixin.py:137} INFO - [2023-08-23T08:03:23.601+0000] {dagbag.py:532} INFO - Filling up the DagBag from /opt/airflow/dags/sample_dag_3.py
[2023-08-23T08:03:23.602+0000] {processor.py:755} WARNING - No viable dags retrieved from /opt/airflow/dags/sample_dag_3.py
[2023-08-23T08:03:23.629+0000] {processor.py:175} INFO - Processing /opt/airflow/dags/sample_dag_3.py took 0.036 seconds
[2023-08-23T08:03:53.912+0000] {processor.py:153} INFO - Started process (PID=3657) to work on /opt/airflow/dags/sample_dag_3.py
[2023-08-23T08:03:53.913+0000] {processor.py:743} INFO - Processing file /opt/airflow/dags/sample_dag_3.py for tasks to queue
[2023-08-23T08:03:53.914+0000] {logging_mixin.py:137} INFO - [2023-08-23T08:03:53.914+0000] {dagbag.py:532} INFO - Filling up the DagBag from /opt/airflow/dags/sample_dag_3.py
[2023-08-23T08:03:53.915+0000] {processor.py:755} WARNING - No viable dags retrieved from /opt/airflow/dags/sample_dag_3.py
[2023-08-23T08:03:53.934+0000] {processor.py:175} INFO - Processing /opt/airflow/dags/sample_dag_3.py took 0.026 seconds
[2023-08-23T08:04:24.242+0000] {processor.py:153} INFO - Started process (PID=3698) to work on /opt/airflow/dags/sample_dag_3.py
[2023-08-23T08:04:24.246+0000] {processor.py:743} INFO - Processing file /opt/airflow/dags/sample_dag_3.py for tasks to queue
[2023-08-23T08:04:24.249+0000] {logging_mixin.py:137} INFO - [2023-08-23T08:04:24.248+0000] {dagbag.py:532} INFO - Filling up the DagBag from /opt/airflow/dags/sample_dag_3.py
[2023-08-23T08:04:24.252+0000] {processor.py:755} WARNING - No viable dags retrieved from /opt/airflow/dags/sample_dag_3.py
[2023-08-23T08:04:24.287+0000] {processor.py:175} INFO - Processing /opt/airflow/dags/sample_dag_3.py took 0.057 seconds
[2023-08-23T08:04:54.579+0000] {processor.py:153} INFO - Started process (PID=3739) to work on /opt/airflow/dags/sample_dag_3.py
[2023-08-23T08:04:54.583+0000] {processor.py:743} INFO - Processing file /opt/airflow/dags/sample_dag_3.py for tasks to queue
[2023-08-23T08:04:54.584+0000] {logging_mixin.py:137} INFO - [2023-08-23T08:04:54.584+0000] {dagbag.py:532} INFO - Filling up the DagBag from /opt/airflow/dags/sample_dag_3.py
[2023-08-23T08:04:54.587+0000] {processor.py:755} WARNING - No viable dags retrieved from /opt/airflow/dags/sample_dag_3.py
[2023-08-23T08:04:54.619+0000] {processor.py:175} INFO - Processing /opt/airflow/dags/sample_dag_3.py took 0.046 seconds
[2023-08-23T08:05:24.933+0000] {processor.py:153} INFO - Started process (PID=3780) to work on /opt/airflow/dags/sample_dag_3.py
[2023-08-23T08:05:24.934+0000] {processor.py:743} INFO - Processing file /opt/airflow/dags/sample_dag_3.py for tasks to queue
[2023-08-23T08:05:24.934+0000] {logging_mixin.py:137} INFO - [2023-08-23T08:05:24.934+0000] {dagbag.py:532} INFO - Filling up the DagBag from /opt/airflow/dags/sample_dag_3.py
[2023-08-23T08:05:24.936+0000] {processor.py:755} WARNING - No viable dags retrieved from /opt/airflow/dags/sample_dag_3.py
[2023-08-23T08:05:24.958+0000] {processor.py:175} INFO - Processing /opt/airflow/dags/sample_dag_3.py took 0.030 seconds
[2023-08-23T08:05:55.235+0000] {processor.py:153} INFO - Started process (PID=3821) to work on /opt/airflow/dags/sample_dag_3.py
[2023-08-23T08:05:55.238+0000] {processor.py:743} INFO - Processing file /opt/airflow/dags/sample_dag_3.py for tasks to queue
[2023-08-23T08:05:55.239+0000] {logging_mixin.py:137} INFO - [2023-08-23T08:05:55.239+0000] {dagbag.py:532} INFO - Filling up the DagBag from /opt/airflow/dags/sample_dag_3.py
[2023-08-23T08:05:55.244+0000] {processor.py:755} WARNING - No viable dags retrieved from /opt/airflow/dags/sample_dag_3.py
[2023-08-23T08:05:55.280+0000] {processor.py:175} INFO - Processing /opt/airflow/dags/sample_dag_3.py took 0.049 seconds
[2023-08-23T08:06:25.605+0000] {processor.py:153} INFO - Started process (PID=3862) to work on /opt/airflow/dags/sample_dag_3.py
[2023-08-23T08:06:25.607+0000] {processor.py:743} INFO - Processing file /opt/airflow/dags/sample_dag_3.py for tasks to queue
[2023-08-23T08:06:25.608+0000] {logging_mixin.py:137} INFO - [2023-08-23T08:06:25.608+0000] {dagbag.py:532} INFO - Filling up the DagBag from /opt/airflow/dags/sample_dag_3.py
[2023-08-23T08:06:25.611+0000] {processor.py:755} WARNING - No viable dags retrieved from /opt/airflow/dags/sample_dag_3.py
[2023-08-23T08:06:25.652+0000] {processor.py:175} INFO - Processing /opt/airflow/dags/sample_dag_3.py took 0.054 seconds
[2023-08-23T08:06:56.183+0000] {processor.py:153} INFO - Started process (PID=3892) to work on /opt/airflow/dags/sample_dag_3.py
[2023-08-23T08:06:56.187+0000] {processor.py:743} INFO - Processing file /opt/airflow/dags/sample_dag_3.py for tasks to queue
[2023-08-23T08:06:56.198+0000] {logging_mixin.py:137} INFO - [2023-08-23T08:06:56.197+0000] {dagbag.py:532} INFO - Filling up the DagBag from /opt/airflow/dags/sample_dag_3.py
[2023-08-23T08:06:56.203+0000] {processor.py:755} WARNING - No viable dags retrieved from /opt/airflow/dags/sample_dag_3.py
[2023-08-23T08:06:56.326+0000] {processor.py:175} INFO - Processing /opt/airflow/dags/sample_dag_3.py took 0.163 seconds
[2023-08-23T08:07:26.764+0000] {processor.py:153} INFO - Started process (PID=3927) to work on /opt/airflow/dags/sample_dag_3.py
[2023-08-23T08:07:26.765+0000] {processor.py:743} INFO - Processing file /opt/airflow/dags/sample_dag_3.py for tasks to queue
[2023-08-23T08:07:26.767+0000] {logging_mixin.py:137} INFO - [2023-08-23T08:07:26.766+0000] {dagbag.py:532} INFO - Filling up the DagBag from /opt/airflow/dags/sample_dag_3.py
[2023-08-23T08:07:26.768+0000] {processor.py:755} WARNING - No viable dags retrieved from /opt/airflow/dags/sample_dag_3.py
[2023-08-23T08:07:26.793+0000] {processor.py:175} INFO - Processing /opt/airflow/dags/sample_dag_3.py took 0.038 seconds
[2023-08-23T08:07:57.073+0000] {processor.py:153} INFO - Started process (PID=3968) to work on /opt/airflow/dags/sample_dag_3.py
[2023-08-23T08:07:57.076+0000] {processor.py:743} INFO - Processing file /opt/airflow/dags/sample_dag_3.py for tasks to queue
[2023-08-23T08:07:57.077+0000] {logging_mixin.py:137} INFO - [2023-08-23T08:07:57.077+0000] {dagbag.py:532} INFO - Filling up the DagBag from /opt/airflow/dags/sample_dag_3.py
[2023-08-23T08:07:57.079+0000] {processor.py:755} WARNING - No viable dags retrieved from /opt/airflow/dags/sample_dag_3.py
[2023-08-23T08:07:57.100+0000] {processor.py:175} INFO - Processing /opt/airflow/dags/sample_dag_3.py took 0.033 seconds
[2023-08-23T08:08:27.384+0000] {processor.py:153} INFO - Started process (PID=4009) to work on /opt/airflow/dags/sample_dag_3.py
[2023-08-23T08:08:27.386+0000] {processor.py:743} INFO - Processing file /opt/airflow/dags/sample_dag_3.py for tasks to queue
[2023-08-23T08:08:27.387+0000] {logging_mixin.py:137} INFO - [2023-08-23T08:08:27.387+0000] {dagbag.py:532} INFO - Filling up the DagBag from /opt/airflow/dags/sample_dag_3.py
[2023-08-23T08:08:27.389+0000] {processor.py:755} WARNING - No viable dags retrieved from /opt/airflow/dags/sample_dag_3.py
[2023-08-23T08:08:27.424+0000] {processor.py:175} INFO - Processing /opt/airflow/dags/sample_dag_3.py took 0.046 seconds
[2023-08-23T08:08:57.712+0000] {processor.py:153} INFO - Started process (PID=4051) to work on /opt/airflow/dags/sample_dag_3.py
[2023-08-23T08:08:57.717+0000] {processor.py:743} INFO - Processing file /opt/airflow/dags/sample_dag_3.py for tasks to queue
[2023-08-23T08:08:57.721+0000] {logging_mixin.py:137} INFO - [2023-08-23T08:08:57.720+0000] {dagbag.py:532} INFO - Filling up the DagBag from /opt/airflow/dags/sample_dag_3.py
[2023-08-23T08:08:57.731+0000] {processor.py:755} WARNING - No viable dags retrieved from /opt/airflow/dags/sample_dag_3.py
[2023-08-23T08:08:57.798+0000] {processor.py:175} INFO - Processing /opt/airflow/dags/sample_dag_3.py took 0.103 seconds
[2023-08-23T08:09:28.182+0000] {processor.py:153} INFO - Started process (PID=4093) to work on /opt/airflow/dags/sample_dag_3.py
[2023-08-23T08:09:28.183+0000] {processor.py:743} INFO - Processing file /opt/airflow/dags/sample_dag_3.py for tasks to queue
[2023-08-23T08:09:28.184+0000] {logging_mixin.py:137} INFO - [2023-08-23T08:09:28.184+0000] {dagbag.py:532} INFO - Filling up the DagBag from /opt/airflow/dags/sample_dag_3.py
[2023-08-23T08:09:28.186+0000] {processor.py:755} WARNING - No viable dags retrieved from /opt/airflow/dags/sample_dag_3.py
[2023-08-23T08:09:28.210+0000] {processor.py:175} INFO - Processing /opt/airflow/dags/sample_dag_3.py took 0.034 seconds
[2023-08-23T08:09:58.527+0000] {processor.py:153} INFO - Started process (PID=4134) to work on /opt/airflow/dags/sample_dag_3.py
[2023-08-23T08:09:58.530+0000] {processor.py:743} INFO - Processing file /opt/airflow/dags/sample_dag_3.py for tasks to queue
[2023-08-23T08:09:58.531+0000] {logging_mixin.py:137} INFO - [2023-08-23T08:09:58.531+0000] {dagbag.py:532} INFO - Filling up the DagBag from /opt/airflow/dags/sample_dag_3.py
[2023-08-23T08:09:58.532+0000] {processor.py:755} WARNING - No viable dags retrieved from /opt/airflow/dags/sample_dag_3.py
[2023-08-23T08:09:58.553+0000] {processor.py:175} INFO - Processing /opt/airflow/dags/sample_dag_3.py took 0.032 seconds
[2023-08-23T08:10:28.830+0000] {processor.py:153} INFO - Started process (PID=4175) to work on /opt/airflow/dags/sample_dag_3.py
[2023-08-23T08:10:28.833+0000] {processor.py:743} INFO - Processing file /opt/airflow/dags/sample_dag_3.py for tasks to queue
[2023-08-23T08:10:28.834+0000] {logging_mixin.py:137} INFO - [2023-08-23T08:10:28.834+0000] {dagbag.py:532} INFO - Filling up the DagBag from /opt/airflow/dags/sample_dag_3.py
[2023-08-23T08:10:28.836+0000] {processor.py:755} WARNING - No viable dags retrieved from /opt/airflow/dags/sample_dag_3.py
[2023-08-23T08:10:28.862+0000] {processor.py:175} INFO - Processing /opt/airflow/dags/sample_dag_3.py took 0.037 seconds
[2023-08-23T08:10:59.226+0000] {processor.py:153} INFO - Started process (PID=4217) to work on /opt/airflow/dags/sample_dag_3.py
[2023-08-23T08:10:59.227+0000] {processor.py:743} INFO - Processing file /opt/airflow/dags/sample_dag_3.py for tasks to queue
[2023-08-23T08:10:59.228+0000] {logging_mixin.py:137} INFO - [2023-08-23T08:10:59.228+0000] {dagbag.py:532} INFO - Filling up the DagBag from /opt/airflow/dags/sample_dag_3.py
[2023-08-23T08:10:59.230+0000] {processor.py:755} WARNING - No viable dags retrieved from /opt/airflow/dags/sample_dag_3.py
[2023-08-23T08:10:59.251+0000] {processor.py:175} INFO - Processing /opt/airflow/dags/sample_dag_3.py took 0.030 seconds
[2023-08-23T08:11:30.199+0000] {processor.py:153} INFO - Started process (PID=4258) to work on /opt/airflow/dags/sample_dag_3.py
[2023-08-23T08:11:30.201+0000] {processor.py:743} INFO - Processing file /opt/airflow/dags/sample_dag_3.py for tasks to queue
[2023-08-23T08:11:30.202+0000] {logging_mixin.py:137} INFO - [2023-08-23T08:11:30.202+0000] {dagbag.py:532} INFO - Filling up the DagBag from /opt/airflow/dags/sample_dag_3.py
[2023-08-23T08:11:30.205+0000] {processor.py:755} WARNING - No viable dags retrieved from /opt/airflow/dags/sample_dag_3.py
[2023-08-23T08:11:30.225+0000] {processor.py:175} INFO - Processing /opt/airflow/dags/sample_dag_3.py took 0.032 seconds
[2023-08-23T08:12:00.512+0000] {processor.py:153} INFO - Started process (PID=4300) to work on /opt/airflow/dags/sample_dag_3.py
[2023-08-23T08:12:00.514+0000] {processor.py:743} INFO - Processing file /opt/airflow/dags/sample_dag_3.py for tasks to queue
[2023-08-23T08:12:00.515+0000] {logging_mixin.py:137} INFO - [2023-08-23T08:12:00.515+0000] {dagbag.py:532} INFO - Filling up the DagBag from /opt/airflow/dags/sample_dag_3.py
[2023-08-23T08:12:00.517+0000] {processor.py:755} WARNING - No viable dags retrieved from /opt/airflow/dags/sample_dag_3.py
[2023-08-23T08:12:00.542+0000] {processor.py:175} INFO - Processing /opt/airflow/dags/sample_dag_3.py took 0.038 seconds
[2023-08-23T08:14:19.148+0000] {processor.py:153} INFO - Started process (PID=79) to work on /opt/airflow/dags/sample_dag_3.py
[2023-08-23T08:14:19.158+0000] {processor.py:743} INFO - Processing file /opt/airflow/dags/sample_dag_3.py for tasks to queue
[2023-08-23T08:14:19.160+0000] {logging_mixin.py:137} INFO - [2023-08-23T08:14:19.160+0000] {dagbag.py:532} INFO - Filling up the DagBag from /opt/airflow/dags/sample_dag_3.py
[2023-08-23T08:14:19.168+0000] {processor.py:755} WARNING - No viable dags retrieved from /opt/airflow/dags/sample_dag_3.py
[2023-08-23T08:14:19.281+0000] {processor.py:175} INFO - Processing /opt/airflow/dags/sample_dag_3.py took 0.152 seconds
[2023-08-23T08:14:49.753+0000] {processor.py:153} INFO - Started process (PID=113) to work on /opt/airflow/dags/sample_dag_3.py
[2023-08-23T08:14:49.756+0000] {processor.py:743} INFO - Processing file /opt/airflow/dags/sample_dag_3.py for tasks to queue
[2023-08-23T08:14:49.758+0000] {logging_mixin.py:137} INFO - [2023-08-23T08:14:49.757+0000] {dagbag.py:532} INFO - Filling up the DagBag from /opt/airflow/dags/sample_dag_3.py
[2023-08-23T08:14:49.760+0000] {processor.py:755} WARNING - No viable dags retrieved from /opt/airflow/dags/sample_dag_3.py
[2023-08-23T08:14:49.795+0000] {processor.py:175} INFO - Processing /opt/airflow/dags/sample_dag_3.py took 0.050 seconds
[2023-08-23T08:15:20.178+0000] {processor.py:153} INFO - Started process (PID=154) to work on /opt/airflow/dags/sample_dag_3.py
[2023-08-23T08:15:20.180+0000] {processor.py:743} INFO - Processing file /opt/airflow/dags/sample_dag_3.py for tasks to queue
[2023-08-23T08:15:20.181+0000] {logging_mixin.py:137} INFO - [2023-08-23T08:15:20.181+0000] {dagbag.py:532} INFO - Filling up the DagBag from /opt/airflow/dags/sample_dag_3.py
[2023-08-23T08:15:20.182+0000] {processor.py:755} WARNING - No viable dags retrieved from /opt/airflow/dags/sample_dag_3.py
[2023-08-23T08:15:20.203+0000] {processor.py:175} INFO - Processing /opt/airflow/dags/sample_dag_3.py took 0.030 seconds
[2023-08-23T08:15:50.462+0000] {processor.py:153} INFO - Started process (PID=195) to work on /opt/airflow/dags/sample_dag_3.py
[2023-08-23T08:15:50.465+0000] {processor.py:743} INFO - Processing file /opt/airflow/dags/sample_dag_3.py for tasks to queue
[2023-08-23T08:15:50.466+0000] {logging_mixin.py:137} INFO - [2023-08-23T08:15:50.466+0000] {dagbag.py:532} INFO - Filling up the DagBag from /opt/airflow/dags/sample_dag_3.py
[2023-08-23T08:15:50.468+0000] {processor.py:755} WARNING - No viable dags retrieved from /opt/airflow/dags/sample_dag_3.py
[2023-08-23T08:15:50.500+0000] {processor.py:175} INFO - Processing /opt/airflow/dags/sample_dag_3.py took 0.043 seconds
[2023-08-23T08:16:20.906+0000] {processor.py:153} INFO - Started process (PID=236) to work on /opt/airflow/dags/sample_dag_3.py
[2023-08-23T08:16:20.907+0000] {processor.py:743} INFO - Processing file /opt/airflow/dags/sample_dag_3.py for tasks to queue
[2023-08-23T08:16:20.908+0000] {logging_mixin.py:137} INFO - [2023-08-23T08:16:20.908+0000] {dagbag.py:532} INFO - Filling up the DagBag from /opt/airflow/dags/sample_dag_3.py
[2023-08-23T08:16:20.911+0000] {processor.py:755} WARNING - No viable dags retrieved from /opt/airflow/dags/sample_dag_3.py
[2023-08-23T08:16:20.947+0000] {processor.py:175} INFO - Processing /opt/airflow/dags/sample_dag_3.py took 0.047 seconds
[2023-08-23T08:16:51.415+0000] {processor.py:153} INFO - Started process (PID=266) to work on /opt/airflow/dags/sample_dag_3.py
[2023-08-23T08:16:51.420+0000] {processor.py:743} INFO - Processing file /opt/airflow/dags/sample_dag_3.py for tasks to queue
[2023-08-23T08:16:51.423+0000] {logging_mixin.py:137} INFO - [2023-08-23T08:16:51.423+0000] {dagbag.py:532} INFO - Filling up the DagBag from /opt/airflow/dags/sample_dag_3.py
[2023-08-23T08:16:51.427+0000] {processor.py:755} WARNING - No viable dags retrieved from /opt/airflow/dags/sample_dag_3.py
[2023-08-23T08:16:51.466+0000] {processor.py:175} INFO - Processing /opt/airflow/dags/sample_dag_3.py took 0.063 seconds
[2023-08-23T08:17:21.795+0000] {processor.py:153} INFO - Started process (PID=300) to work on /opt/airflow/dags/sample_dag_3.py
[2023-08-23T08:17:21.796+0000] {processor.py:743} INFO - Processing file /opt/airflow/dags/sample_dag_3.py for tasks to queue
[2023-08-23T08:17:21.796+0000] {logging_mixin.py:137} INFO - [2023-08-23T08:17:21.796+0000] {dagbag.py:532} INFO - Filling up the DagBag from /opt/airflow/dags/sample_dag_3.py
[2023-08-23T08:17:21.798+0000] {processor.py:755} WARNING - No viable dags retrieved from /opt/airflow/dags/sample_dag_3.py
[2023-08-23T08:17:21.820+0000] {processor.py:175} INFO - Processing /opt/airflow/dags/sample_dag_3.py took 0.029 seconds
[2023-08-23T08:17:52.141+0000] {processor.py:153} INFO - Started process (PID=341) to work on /opt/airflow/dags/sample_dag_3.py
[2023-08-23T08:17:52.143+0000] {processor.py:743} INFO - Processing file /opt/airflow/dags/sample_dag_3.py for tasks to queue
[2023-08-23T08:17:52.144+0000] {logging_mixin.py:137} INFO - [2023-08-23T08:17:52.144+0000] {dagbag.py:532} INFO - Filling up the DagBag from /opt/airflow/dags/sample_dag_3.py
[2023-08-23T08:17:52.146+0000] {processor.py:755} WARNING - No viable dags retrieved from /opt/airflow/dags/sample_dag_3.py
[2023-08-23T08:17:52.176+0000] {processor.py:175} INFO - Processing /opt/airflow/dags/sample_dag_3.py took 0.040 seconds
[2023-08-23T08:18:22.718+0000] {processor.py:153} INFO - Started process (PID=382) to work on /opt/airflow/dags/sample_dag_3.py
[2023-08-23T08:18:22.720+0000] {processor.py:743} INFO - Processing file /opt/airflow/dags/sample_dag_3.py for tasks to queue
[2023-08-23T08:18:22.721+0000] {logging_mixin.py:137} INFO - [2023-08-23T08:18:22.721+0000] {dagbag.py:532} INFO - Filling up the DagBag from /opt/airflow/dags/sample_dag_3.py
[2023-08-23T08:18:22.724+0000] {processor.py:755} WARNING - No viable dags retrieved from /opt/airflow/dags/sample_dag_3.py
[2023-08-23T08:18:22.756+0000] {processor.py:175} INFO - Processing /opt/airflow/dags/sample_dag_3.py took 0.045 seconds
[2023-08-23T08:18:53.129+0000] {processor.py:153} INFO - Started process (PID=423) to work on /opt/airflow/dags/sample_dag_3.py
[2023-08-23T08:18:53.131+0000] {processor.py:743} INFO - Processing file /opt/airflow/dags/sample_dag_3.py for tasks to queue
[2023-08-23T08:18:53.132+0000] {logging_mixin.py:137} INFO - [2023-08-23T08:18:53.132+0000] {dagbag.py:532} INFO - Filling up the DagBag from /opt/airflow/dags/sample_dag_3.py
[2023-08-23T08:18:53.134+0000] {processor.py:755} WARNING - No viable dags retrieved from /opt/airflow/dags/sample_dag_3.py
[2023-08-23T08:18:53.166+0000] {processor.py:175} INFO - Processing /opt/airflow/dags/sample_dag_3.py took 0.043 seconds
[2023-08-23T08:19:23.659+0000] {processor.py:153} INFO - Started process (PID=465) to work on /opt/airflow/dags/sample_dag_3.py
[2023-08-23T08:19:23.660+0000] {processor.py:743} INFO - Processing file /opt/airflow/dags/sample_dag_3.py for tasks to queue
[2023-08-23T08:19:23.661+0000] {logging_mixin.py:137} INFO - [2023-08-23T08:19:23.661+0000] {dagbag.py:532} INFO - Filling up the DagBag from /opt/airflow/dags/sample_dag_3.py
[2023-08-23T08:19:23.663+0000] {processor.py:755} WARNING - No viable dags retrieved from /opt/airflow/dags/sample_dag_3.py
[2023-08-23T08:19:23.686+0000] {processor.py:175} INFO - Processing /opt/airflow/dags/sample_dag_3.py took 0.032 seconds
[2023-08-23T08:27:32.753+0000] {processor.py:153} INFO - Started process (PID=90) to work on /opt/airflow/dags/sample_dag_3.py
[2023-08-23T08:27:32.761+0000] {processor.py:743} INFO - Processing file /opt/airflow/dags/sample_dag_3.py for tasks to queue
[2023-08-23T08:27:32.764+0000] {logging_mixin.py:137} INFO - [2023-08-23T08:27:32.763+0000] {dagbag.py:532} INFO - Filling up the DagBag from /opt/airflow/dags/sample_dag_3.py
[2023-08-23T08:27:32.770+0000] {processor.py:755} WARNING - No viable dags retrieved from /opt/airflow/dags/sample_dag_3.py
[2023-08-23T08:27:32.916+0000] {processor.py:175} INFO - Processing /opt/airflow/dags/sample_dag_3.py took 0.188 seconds
[2023-08-23T08:28:03.694+0000] {processor.py:153} INFO - Started process (PID=131) to work on /opt/airflow/dags/sample_dag_3.py
[2023-08-23T08:28:03.707+0000] {processor.py:743} INFO - Processing file /opt/airflow/dags/sample_dag_3.py for tasks to queue
[2023-08-23T08:28:03.711+0000] {logging_mixin.py:137} INFO - [2023-08-23T08:28:03.709+0000] {dagbag.py:532} INFO - Filling up the DagBag from /opt/airflow/dags/sample_dag_3.py
[2023-08-23T08:28:03.717+0000] {processor.py:755} WARNING - No viable dags retrieved from /opt/airflow/dags/sample_dag_3.py
[2023-08-23T08:28:03.774+0000] {processor.py:175} INFO - Processing /opt/airflow/dags/sample_dag_3.py took 0.099 seconds
[2023-08-23T08:28:34.519+0000] {processor.py:153} INFO - Started process (PID=161) to work on /opt/airflow/dags/sample_dag_3.py
[2023-08-23T08:28:34.522+0000] {processor.py:743} INFO - Processing file /opt/airflow/dags/sample_dag_3.py for tasks to queue
[2023-08-23T08:28:34.524+0000] {logging_mixin.py:137} INFO - [2023-08-23T08:28:34.523+0000] {dagbag.py:532} INFO - Filling up the DagBag from /opt/airflow/dags/sample_dag_3.py
[2023-08-23T08:28:34.529+0000] {processor.py:755} WARNING - No viable dags retrieved from /opt/airflow/dags/sample_dag_3.py
[2023-08-23T08:28:34.576+0000] {processor.py:175} INFO - Processing /opt/airflow/dags/sample_dag_3.py took 0.067 seconds
[2023-08-23T08:29:05.241+0000] {processor.py:153} INFO - Started process (PID=195) to work on /opt/airflow/dags/sample_dag_3.py
[2023-08-23T08:29:05.247+0000] {processor.py:743} INFO - Processing file /opt/airflow/dags/sample_dag_3.py for tasks to queue
[2023-08-23T08:29:05.249+0000] {logging_mixin.py:137} INFO - [2023-08-23T08:29:05.249+0000] {dagbag.py:532} INFO - Filling up the DagBag from /opt/airflow/dags/sample_dag_3.py
[2023-08-23T08:29:05.253+0000] {processor.py:755} WARNING - No viable dags retrieved from /opt/airflow/dags/sample_dag_3.py
[2023-08-23T08:29:05.361+0000] {processor.py:175} INFO - Processing /opt/airflow/dags/sample_dag_3.py took 0.137 seconds
[2023-08-23T08:29:36.356+0000] {processor.py:153} INFO - Started process (PID=236) to work on /opt/airflow/dags/sample_dag_3.py
[2023-08-23T08:29:36.362+0000] {processor.py:743} INFO - Processing file /opt/airflow/dags/sample_dag_3.py for tasks to queue
[2023-08-23T08:29:36.370+0000] {logging_mixin.py:137} INFO - [2023-08-23T08:29:36.368+0000] {dagbag.py:532} INFO - Filling up the DagBag from /opt/airflow/dags/sample_dag_3.py
[2023-08-23T08:29:36.392+0000] {processor.py:755} WARNING - No viable dags retrieved from /opt/airflow/dags/sample_dag_3.py
[2023-08-23T08:29:36.522+0000] {processor.py:175} INFO - Processing /opt/airflow/dags/sample_dag_3.py took 0.188 seconds
[2023-08-23T08:30:07.123+0000] {processor.py:153} INFO - Started process (PID=277) to work on /opt/airflow/dags/sample_dag_3.py
[2023-08-23T08:30:07.127+0000] {processor.py:743} INFO - Processing file /opt/airflow/dags/sample_dag_3.py for tasks to queue
[2023-08-23T08:30:07.128+0000] {logging_mixin.py:137} INFO - [2023-08-23T08:30:07.128+0000] {dagbag.py:532} INFO - Filling up the DagBag from /opt/airflow/dags/sample_dag_3.py
[2023-08-23T08:30:07.130+0000] {processor.py:755} WARNING - No viable dags retrieved from /opt/airflow/dags/sample_dag_3.py
[2023-08-23T08:30:07.158+0000] {processor.py:175} INFO - Processing /opt/airflow/dags/sample_dag_3.py took 0.045 seconds
[2023-08-23T08:30:37.520+0000] {processor.py:153} INFO - Started process (PID=318) to work on /opt/airflow/dags/sample_dag_3.py
[2023-08-23T08:30:37.522+0000] {processor.py:743} INFO - Processing file /opt/airflow/dags/sample_dag_3.py for tasks to queue
[2023-08-23T08:30:37.524+0000] {logging_mixin.py:137} INFO - [2023-08-23T08:30:37.523+0000] {dagbag.py:532} INFO - Filling up the DagBag from /opt/airflow/dags/sample_dag_3.py
[2023-08-23T08:30:37.526+0000] {processor.py:755} WARNING - No viable dags retrieved from /opt/airflow/dags/sample_dag_3.py
[2023-08-23T08:30:37.555+0000] {processor.py:175} INFO - Processing /opt/airflow/dags/sample_dag_3.py took 0.042 seconds
[2023-08-23T08:31:08.161+0000] {processor.py:153} INFO - Started process (PID=360) to work on /opt/airflow/dags/sample_dag_3.py
[2023-08-23T08:31:08.163+0000] {processor.py:743} INFO - Processing file /opt/airflow/dags/sample_dag_3.py for tasks to queue
[2023-08-23T08:31:08.165+0000] {logging_mixin.py:137} INFO - [2023-08-23T08:31:08.164+0000] {dagbag.py:532} INFO - Filling up the DagBag from /opt/airflow/dags/sample_dag_3.py
[2023-08-23T08:31:08.168+0000] {processor.py:755} WARNING - No viable dags retrieved from /opt/airflow/dags/sample_dag_3.py
[2023-08-23T08:31:08.216+0000] {processor.py:175} INFO - Processing /opt/airflow/dags/sample_dag_3.py took 0.064 seconds
[2023-08-23T08:31:38.714+0000] {processor.py:153} INFO - Started process (PID=390) to work on /opt/airflow/dags/sample_dag_3.py
[2023-08-23T08:31:38.719+0000] {processor.py:743} INFO - Processing file /opt/airflow/dags/sample_dag_3.py for tasks to queue
[2023-08-23T08:31:38.721+0000] {logging_mixin.py:137} INFO - [2023-08-23T08:31:38.720+0000] {dagbag.py:532} INFO - Filling up the DagBag from /opt/airflow/dags/sample_dag_3.py
[2023-08-23T08:31:38.723+0000] {processor.py:755} WARNING - No viable dags retrieved from /opt/airflow/dags/sample_dag_3.py
[2023-08-23T08:31:38.764+0000] {processor.py:175} INFO - Processing /opt/airflow/dags/sample_dag_3.py took 0.056 seconds
[2023-08-23T08:32:09.259+0000] {processor.py:153} INFO - Started process (PID=424) to work on /opt/airflow/dags/sample_dag_3.py
[2023-08-23T08:32:09.260+0000] {processor.py:743} INFO - Processing file /opt/airflow/dags/sample_dag_3.py for tasks to queue
[2023-08-23T08:32:09.261+0000] {logging_mixin.py:137} INFO - [2023-08-23T08:32:09.261+0000] {dagbag.py:532} INFO - Filling up the DagBag from /opt/airflow/dags/sample_dag_3.py
[2023-08-23T08:32:09.263+0000] {processor.py:755} WARNING - No viable dags retrieved from /opt/airflow/dags/sample_dag_3.py
[2023-08-23T08:32:09.287+0000] {processor.py:175} INFO - Processing /opt/airflow/dags/sample_dag_3.py took 0.034 seconds
[2023-08-23T08:32:39.989+0000] {processor.py:153} INFO - Started process (PID=465) to work on /opt/airflow/dags/sample_dag_3.py
[2023-08-23T08:32:39.994+0000] {processor.py:743} INFO - Processing file /opt/airflow/dags/sample_dag_3.py for tasks to queue
[2023-08-23T08:32:39.998+0000] {logging_mixin.py:137} INFO - [2023-08-23T08:32:39.997+0000] {dagbag.py:532} INFO - Filling up the DagBag from /opt/airflow/dags/sample_dag_3.py
[2023-08-23T08:32:40.001+0000] {processor.py:755} WARNING - No viable dags retrieved from /opt/airflow/dags/sample_dag_3.py
[2023-08-23T08:32:40.055+0000] {processor.py:175} INFO - Processing /opt/airflow/dags/sample_dag_3.py took 0.091 seconds
[2023-08-23T08:33:10.752+0000] {processor.py:153} INFO - Started process (PID=506) to work on /opt/airflow/dags/sample_dag_3.py
[2023-08-23T08:33:10.754+0000] {processor.py:743} INFO - Processing file /opt/airflow/dags/sample_dag_3.py for tasks to queue
[2023-08-23T08:33:10.756+0000] {logging_mixin.py:137} INFO - [2023-08-23T08:33:10.755+0000] {dagbag.py:532} INFO - Filling up the DagBag from /opt/airflow/dags/sample_dag_3.py
[2023-08-23T08:33:10.757+0000] {processor.py:755} WARNING - No viable dags retrieved from /opt/airflow/dags/sample_dag_3.py
[2023-08-23T08:33:10.785+0000] {processor.py:175} INFO - Processing /opt/airflow/dags/sample_dag_3.py took 0.038 seconds
[2023-08-23T08:33:41.262+0000] {processor.py:153} INFO - Started process (PID=548) to work on /opt/airflow/dags/sample_dag_3.py
[2023-08-23T08:33:41.264+0000] {processor.py:743} INFO - Processing file /opt/airflow/dags/sample_dag_3.py for tasks to queue
[2023-08-23T08:33:41.265+0000] {logging_mixin.py:137} INFO - [2023-08-23T08:33:41.264+0000] {dagbag.py:532} INFO - Filling up the DagBag from /opt/airflow/dags/sample_dag_3.py
[2023-08-23T08:33:41.267+0000] {processor.py:755} WARNING - No viable dags retrieved from /opt/airflow/dags/sample_dag_3.py
[2023-08-23T08:33:41.298+0000] {processor.py:175} INFO - Processing /opt/airflow/dags/sample_dag_3.py took 0.042 seconds
[2023-08-23T08:34:11.945+0000] {processor.py:153} INFO - Started process (PID=578) to work on /opt/airflow/dags/sample_dag_3.py
[2023-08-23T08:34:11.948+0000] {processor.py:743} INFO - Processing file /opt/airflow/dags/sample_dag_3.py for tasks to queue
[2023-08-23T08:34:11.950+0000] {logging_mixin.py:137} INFO - [2023-08-23T08:34:11.950+0000] {dagbag.py:532} INFO - Filling up the DagBag from /opt/airflow/dags/sample_dag_3.py
[2023-08-23T08:34:11.954+0000] {processor.py:755} WARNING - No viable dags retrieved from /opt/airflow/dags/sample_dag_3.py
[2023-08-23T08:34:12.010+0000] {processor.py:175} INFO - Processing /opt/airflow/dags/sample_dag_3.py took 0.077 seconds
[2023-08-23T08:34:42.502+0000] {processor.py:153} INFO - Started process (PID=612) to work on /opt/airflow/dags/sample_dag_3.py
[2023-08-23T08:34:42.505+0000] {processor.py:743} INFO - Processing file /opt/airflow/dags/sample_dag_3.py for tasks to queue
[2023-08-23T08:34:42.507+0000] {logging_mixin.py:137} INFO - [2023-08-23T08:34:42.507+0000] {dagbag.py:532} INFO - Filling up the DagBag from /opt/airflow/dags/sample_dag_3.py
[2023-08-23T08:34:42.510+0000] {processor.py:755} WARNING - No viable dags retrieved from /opt/airflow/dags/sample_dag_3.py
[2023-08-23T08:34:42.539+0000] {processor.py:175} INFO - Processing /opt/airflow/dags/sample_dag_3.py took 0.046 seconds
[2023-08-23T08:35:13.087+0000] {processor.py:153} INFO - Started process (PID=653) to work on /opt/airflow/dags/sample_dag_3.py
[2023-08-23T08:35:13.094+0000] {processor.py:743} INFO - Processing file /opt/airflow/dags/sample_dag_3.py for tasks to queue
[2023-08-23T08:35:13.096+0000] {logging_mixin.py:137} INFO - [2023-08-23T08:35:13.096+0000] {dagbag.py:532} INFO - Filling up the DagBag from /opt/airflow/dags/sample_dag_3.py
[2023-08-23T08:35:13.101+0000] {processor.py:755} WARNING - No viable dags retrieved from /opt/airflow/dags/sample_dag_3.py
[2023-08-23T08:35:13.161+0000] {processor.py:175} INFO - Processing /opt/airflow/dags/sample_dag_3.py took 0.093 seconds
[2023-08-23T08:35:44.138+0000] {processor.py:153} INFO - Started process (PID=677) to work on /opt/airflow/dags/sample_dag_3.py
[2023-08-23T08:35:44.141+0000] {processor.py:743} INFO - Processing file /opt/airflow/dags/sample_dag_3.py for tasks to queue
[2023-08-23T08:35:44.143+0000] {logging_mixin.py:137} INFO - [2023-08-23T08:35:44.142+0000] {dagbag.py:532} INFO - Filling up the DagBag from /opt/airflow/dags/sample_dag_3.py
[2023-08-23T08:35:44.146+0000] {processor.py:755} WARNING - No viable dags retrieved from /opt/airflow/dags/sample_dag_3.py
[2023-08-23T08:35:44.193+0000] {processor.py:175} INFO - Processing /opt/airflow/dags/sample_dag_3.py took 0.068 seconds
[2023-08-23T08:36:15.119+0000] {processor.py:153} INFO - Started process (PID=707) to work on /opt/airflow/dags/sample_dag_3.py
[2023-08-23T08:36:15.125+0000] {processor.py:743} INFO - Processing file /opt/airflow/dags/sample_dag_3.py for tasks to queue
[2023-08-23T08:36:15.129+0000] {logging_mixin.py:137} INFO - [2023-08-23T08:36:15.128+0000] {dagbag.py:532} INFO - Filling up the DagBag from /opt/airflow/dags/sample_dag_3.py
[2023-08-23T08:36:15.137+0000] {processor.py:755} WARNING - No viable dags retrieved from /opt/airflow/dags/sample_dag_3.py
[2023-08-23T08:36:15.226+0000] {processor.py:175} INFO - Processing /opt/airflow/dags/sample_dag_3.py took 0.129 seconds
[2023-08-23T08:36:46.323+0000] {processor.py:153} INFO - Started process (PID=741) to work on /opt/airflow/dags/sample_dag_3.py
[2023-08-23T08:36:46.330+0000] {processor.py:743} INFO - Processing file /opt/airflow/dags/sample_dag_3.py for tasks to queue
[2023-08-23T08:36:46.335+0000] {logging_mixin.py:137} INFO - [2023-08-23T08:36:46.333+0000] {dagbag.py:532} INFO - Filling up the DagBag from /opt/airflow/dags/sample_dag_3.py
[2023-08-23T08:36:46.342+0000] {processor.py:755} WARNING - No viable dags retrieved from /opt/airflow/dags/sample_dag_3.py
[2023-08-23T08:36:46.428+0000] {processor.py:175} INFO - Processing /opt/airflow/dags/sample_dag_3.py took 0.124 seconds
[2023-08-23T08:37:16.902+0000] {processor.py:153} INFO - Started process (PID=782) to work on /opt/airflow/dags/sample_dag_3.py
[2023-08-23T08:37:16.904+0000] {processor.py:743} INFO - Processing file /opt/airflow/dags/sample_dag_3.py for tasks to queue
[2023-08-23T08:37:16.906+0000] {logging_mixin.py:137} INFO - [2023-08-23T08:37:16.906+0000] {dagbag.py:532} INFO - Filling up the DagBag from /opt/airflow/dags/sample_dag_3.py
[2023-08-23T08:37:16.912+0000] {processor.py:755} WARNING - No viable dags retrieved from /opt/airflow/dags/sample_dag_3.py
[2023-08-23T08:37:16.955+0000] {processor.py:175} INFO - Processing /opt/airflow/dags/sample_dag_3.py took 0.068 seconds
